#
# There is insufficient memory for the Java Runtime Environment to continue.
# Native memory allocation (malloc) failed to allocate 1926160 bytes. Error detail: Chunk::new
# Possible reasons:
#   The system is out of physical RAM or swap space
#   This process is running with CompressedOops enabled, and the Java Heap may be blocking the growth of the native heap
# Possible solutions:
#   Reduce memory load on the system
#   Increase physical memory or swap space
#   Check if swap backing store is full
#   Decrease Java heap size (-Xmx/-Xms)
#   Decrease number of Java threads
#   Decrease Java thread stack sizes (-Xss)
#   Set larger code cache with -XX:ReservedCodeCacheSize=
#   JVM is running with Unscaled Compressed Oops mode in which the Java heap is
#     placed in the first 4GB address space. The Java Heap base address is the
#     maximum limit for the native heap growth. Please use -XX:HeapBaseMinAddress
#     to set the Java Heap base and to place the Java Heap above 4GB virtual address.
# This output file may be truncated or incomplete.
#
#  Out of Memory Error (arena.cpp:168), pid=19012, tid=14020
#
# JRE version: OpenJDK Runtime Environment Temurin-21.0.9+10 (21.0.9+10) (build 21.0.9+10-LTS)
# Java VM: OpenJDK 64-Bit Server VM Temurin-21.0.9+10 (21.0.9+10-LTS, mixed mode, sharing, tiered, compressed oops, compressed class ptrs, parallel gc, windows-amd64)
# No core dump will be written. Minidumps are not enabled by default on client versions of Windows
#

---------------  S U M M A R Y ------------

Command Line: --add-modules=ALL-SYSTEM --add-opens=java.base/java.util=ALL-UNNAMED --add-opens=java.base/java.lang=ALL-UNNAMED --add-opens=java.base/sun.nio.fs=ALL-UNNAMED -Declipse.application=org.eclipse.jdt.ls.core.id1 -Dosgi.bundles.defaultStartLevel=4 -Declipse.product=org.eclipse.jdt.ls.core.product -Djava.import.generatesMetadataFilesAtProjectRoot=false -DDetectVMInstallationsJob.disabled=true -Dfile.encoding=utf8 -XX:+UseParallelGC -XX:GCTimeRatio=4 -XX:AdaptiveSizePolicyWeight=90 -Dsun.zip.disableMemoryMapping=true -Xmx2G -Xms100m -Xlog:disable -javaagent:c:\Users\Yohan\.vscode\extensions\redhat.java-1.49.0-win32-x64\lombok\lombok-1.18.39-4050.jar -XX:+HeapDumpOnOutOfMemoryError -XX:HeapDumpPath=c:\Users\Yohan\AppData\Roaming\Code\User\workspaceStorage\a26e054e6e5149c6cb18e9f8cb4f20ed\redhat.java -Daether.dependencyCollector.impl=bf c:\Users\Yohan\.vscode\extensions\redhat.java-1.49.0-win32-x64\server\plugins\org.eclipse.equinox.launcher_1.7.100.v20251111-0406.jar -configuration c:\Users\Yohan\AppData\Roaming\Code\User\globalStorage\redhat.java\1.49.0\config_win -data c:\Users\Yohan\AppData\Roaming\Code\User\workspaceStorage\a26e054e6e5149c6cb18e9f8cb4f20ed\redhat.java\jdt_ws --pipe=\\.\pipe\lsp-565edc93c713201f99db4b65005e761b-sock

Host: AMD Ryzen 7 8845HS w/ Radeon 780M Graphics, 16 cores, 15G,  Windows 11 , 64 bit Build 26100 (10.0.26100.7019)
Time: Mon Nov 24 20:43:42 2025 GMT Standard Time elapsed time: 4.175979 seconds (0d 0h 0m 4s)

---------------  T H R E A D  ---------------

Current thread (0x00000163e30a6b20):  JavaThread "C2 CompilerThread0" daemon [_thread_in_native, id=14020, stack(0x00000024a5f00000,0x00000024a6000000) (1024K)]


Current CompileTask:
C2:4176 7422   !   4       org.eclipse.osgi.internal.loader.classpath.ClasspathManager::defineClass (636 bytes)

Stack: [0x00000024a5f00000,0x00000024a6000000]
Native frames: (J=compiled Java code, j=interpreted, Vv=VM code, C=native code)
V  [jvm.dll+0x6d6e29]
V  [jvm.dll+0x8b4b76]
V  [jvm.dll+0x8b712e]
V  [jvm.dll+0x8b7813]
V  [jvm.dll+0x283d86]
V  [jvm.dll+0xc66ed]
V  [jvm.dll+0xc6c31]
V  [jvm.dll+0x3be53b]
V  [jvm.dll+0x38ab92]
V  [jvm.dll+0x389fda]
V  [jvm.dll+0x24bfa0]
V  [jvm.dll+0x24b580]
V  [jvm.dll+0x1cb13e]
V  [jvm.dll+0x25b29d]
V  [jvm.dll+0x25982a]
V  [jvm.dll+0x3f7ea6]
V  [jvm.dll+0x85e9ad]
V  [jvm.dll+0x6d565d]
C  [ucrtbase.dll+0x37b0]
C  [KERNEL32.DLL+0x2e8d7]
C  [ntdll.dll+0x8c53c]


---------------  P R O C E S S  ---------------

Threads class SMR info:
_java_thread_list=0x00000163eb398e90, length=56, elements={
0x000001638a221ee0, 0x000001638a2c6310, 0x000001638a2c7770, 0x000001638a2c9d70,
0x000001638a2cad70, 0x000001638a2ccfb0, 0x000001638a2da020, 0x00000163e30a6b20,
0x00000163e30b2f20, 0x00000163e316f9b0, 0x00000163e32067a0, 0x00000163e3209710,
0x00000163e33358c0, 0x00000163e337f9d0, 0x00000163e902a540, 0x00000163e908d7b0,
0x00000163e93679a0, 0x00000163e975d160, 0x00000163e9cee4d0, 0x00000163e9cccde0,
0x00000163e98d30b0, 0x00000163e9faff70, 0x00000163ea4805a0, 0x00000163e99edfd0,
0x00000163e99f00a0, 0x00000163e99ee660, 0x00000163e99eecf0, 0x00000163e99ef380,
0x00000163eb126da0, 0x00000163e99ed2b0, 0x00000163eafc77e0, 0x00000163eb6961d0,
0x00000163eafc4360, 0x00000163eafc49f0, 0x00000163eafc5710, 0x00000163eafc6430,
0x00000163eafc8500, 0x00000163eafc5da0, 0x00000163eafc7150, 0x00000163eafc5080,
0x00000163eafc9f40, 0x00000163eafc6ac0, 0x00000163eafcac60, 0x00000163eafc8b90,
0x00000163eafca5d0, 0x00000163eafcb2f0, 0x00000163eafc7e70, 0x00000163eafc9220,
0x00000163eafc98b0, 0x00000163eafcb980, 0x00000163ed665b70, 0x00000163ed6682d0,
0x00000163ed666f20, 0x00000163ed6654e0, 0x00000163ed668ff0, 0x00000163ed66c470
}

Java Threads: ( => current thread )
  0x000001638a221ee0 JavaThread "main"                              [_thread_blocked, id=18680, stack(0x00000024a5500000,0x00000024a5600000) (1024K)]
  0x000001638a2c6310 JavaThread "Reference Handler"          daemon [_thread_blocked, id=21320, stack(0x00000024a5900000,0x00000024a5a00000) (1024K)]
  0x000001638a2c7770 JavaThread "Finalizer"                  daemon [_thread_blocked, id=29348, stack(0x00000024a5a00000,0x00000024a5b00000) (1024K)]
  0x000001638a2c9d70 JavaThread "Signal Dispatcher"          daemon [_thread_blocked, id=13524, stack(0x00000024a5b00000,0x00000024a5c00000) (1024K)]
  0x000001638a2cad70 JavaThread "Attach Listener"            daemon [_thread_blocked, id=18696, stack(0x00000024a5c00000,0x00000024a5d00000) (1024K)]
  0x000001638a2ccfb0 JavaThread "Service Thread"             daemon [_thread_blocked, id=14672, stack(0x00000024a5d00000,0x00000024a5e00000) (1024K)]
  0x000001638a2da020 JavaThread "Monitor Deflation Thread"   daemon [_thread_blocked, id=28384, stack(0x00000024a5e00000,0x00000024a5f00000) (1024K)]
=>0x00000163e30a6b20 JavaThread "C2 CompilerThread0"         daemon [_thread_in_native, id=14020, stack(0x00000024a5f00000,0x00000024a6000000) (1024K)]
  0x00000163e30b2f20 JavaThread "C1 CompilerThread0"         daemon [_thread_blocked, id=28588, stack(0x00000024a6000000,0x00000024a6100000) (1024K)]
  0x00000163e316f9b0 JavaThread "C1 CompilerThread1"         daemon [_thread_blocked, id=31632, stack(0x00000024a6100000,0x00000024a6200000) (1024K)]
  0x00000163e32067a0 JavaThread "C1 CompilerThread2"         daemon [_thread_blocked, id=31696, stack(0x00000024a6200000,0x00000024a6300000) (1024K)]
  0x00000163e3209710 JavaThread "C2 CompilerThread1"         daemon [_thread_blocked, id=17592, stack(0x00000024a6300000,0x00000024a6400000) (1024K)]
  0x00000163e33358c0 JavaThread "Common-Cleaner"             daemon [_thread_blocked, id=15336, stack(0x00000024a6400000,0x00000024a6500000) (1024K)]
  0x00000163e337f9d0 JavaThread "C1 CompilerThread3"         daemon [_thread_blocked, id=5864, stack(0x00000024a6500000,0x00000024a6600000) (1024K)]
  0x00000163e902a540 JavaThread "Notification Thread"        daemon [_thread_blocked, id=3504, stack(0x00000024a6600000,0x00000024a6700000) (1024K)]
  0x00000163e908d7b0 JavaThread "C2 CompilerThread2"         daemon [_thread_in_vm, id=29740, stack(0x00000024a6700000,0x00000024a6800000) (1024K)]
  0x00000163e93679a0 JavaThread "C2 CompilerThread3"         daemon [_thread_in_native, id=27496, stack(0x00000024a6e00000,0x00000024a6f00000) (1024K)]
  0x00000163e975d160 JavaThread "Active Thread: Equinox Container: 9e30ca00-443e-45f4-94ff-f5881bed75cd"        [_thread_blocked, id=18220, stack(0x00000024a6f00000,0x00000024a7000000) (1024K)]
  0x00000163e9cee4d0 JavaThread "Refresh Thread: Equinox Container: 9e30ca00-443e-45f4-94ff-f5881bed75cd" daemon [_thread_blocked, id=28772, stack(0x00000024a7100000,0x00000024a7200000) (1024K)]
  0x00000163e9cccde0 JavaThread "Framework Event Dispatcher: Equinox Container: 9e30ca00-443e-45f4-94ff-f5881bed75cd" daemon [_thread_blocked, id=31096, stack(0x00000024a7200000,0x00000024a7300000) (1024K)]
  0x00000163e98d30b0 JavaThread "Start Level: Equinox Container: 9e30ca00-443e-45f4-94ff-f5881bed75cd" daemon [_thread_blocked, id=8624, stack(0x00000024a7300000,0x00000024a7400000) (1024K)]
  0x00000163e9faff70 JavaThread "Bundle File Closer"         daemon [_thread_blocked, id=28796, stack(0x00000024a7700000,0x00000024a7800000) (1024K)]
  0x00000163ea4805a0 JavaThread "SCR Component Actor"        daemon [_thread_blocked, id=31080, stack(0x00000024a7800000,0x00000024a7900000) (1024K)]
  0x00000163e99edfd0 JavaThread "Worker-JM"                         [_thread_blocked, id=10572, stack(0x00000024a7900000,0x00000024a7a00000) (1024K)]
  0x00000163e99f00a0 JavaThread "JNA Cleaner"                daemon [_thread_blocked, id=1188, stack(0x00000024a7c00000,0x00000024a7d00000) (1024K)]
  0x00000163e99ee660 JavaThread "Worker-0"                          [_thread_blocked, id=30676, stack(0x00000024a7d00000,0x00000024a7e00000) (1024K)]
  0x00000163e99eecf0 JavaThread "Worker-1"                          [_thread_blocked, id=32756, stack(0x00000024a7e00000,0x00000024a7f00000) (1024K)]
  0x00000163e99ef380 JavaThread "Worker-2"                          [_thread_blocked, id=27832, stack(0x00000024a7f00000,0x00000024a8000000) (1024K)]
  0x00000163eb126da0 JavaThread "C2 CompilerThread4"         daemon [_thread_in_native, id=20400, stack(0x00000024a8000000,0x00000024a8100000) (1024K)]
  0x00000163e99ed2b0 JavaThread "Java indexing"              daemon [_thread_blocked, id=32392, stack(0x00000024a8100000,0x00000024a8200000) (1024K)]
  0x00000163eafc77e0 JavaThread "Worker-3"                          [_thread_blocked, id=25824, stack(0x00000024a8400000,0x00000024a8500000) (1024K)]
  0x00000163eb6961d0 JavaThread "C2 CompilerThread5"         daemon [_thread_in_native, id=22740, stack(0x00000024a8500000,0x00000024a8600000) (1024K)]
  0x00000163eafc4360 JavaThread "Worker-4"                          [_thread_blocked, id=31348, stack(0x00000024a8600000,0x00000024a8700000) (1024K)]
  0x00000163eafc49f0 JavaThread "Thread-1"                   daemon [_thread_in_native, id=30540, stack(0x00000024a8700000,0x00000024a8800000) (1024K)]
  0x00000163eafc5710 JavaThread "Thread-2"                   daemon [_thread_in_native, id=28720, stack(0x00000024a8800000,0x00000024a8900000) (1024K)]
  0x00000163eafc6430 JavaThread "Thread-3"                   daemon [_thread_in_native, id=27084, stack(0x00000024a8900000,0x00000024a8a00000) (1024K)]
  0x00000163eafc8500 JavaThread "Thread-4"                   daemon [_thread_in_native, id=29420, stack(0x00000024a8a00000,0x00000024a8b00000) (1024K)]
  0x00000163eafc5da0 JavaThread "Thread-5"                   daemon [_thread_in_native, id=27276, stack(0x00000024a8b00000,0x00000024a8c00000) (1024K)]
  0x00000163eafc7150 JavaThread "Thread-6"                   daemon [_thread_in_native, id=18080, stack(0x00000024a8c00000,0x00000024a8d00000) (1024K)]
  0x00000163eafc5080 JavaThread "Thread-7"                   daemon [_thread_in_native, id=28980, stack(0x00000024a8d00000,0x00000024a8e00000) (1024K)]
  0x00000163eafc9f40 JavaThread "Thread-8"                   daemon [_thread_in_native, id=29180, stack(0x00000024a8e00000,0x00000024a8f00000) (1024K)]
  0x00000163eafc6ac0 JavaThread "Thread-9"                   daemon [_thread_in_native, id=26728, stack(0x00000024a8f00000,0x00000024a9000000) (1024K)]
  0x00000163eafcac60 JavaThread "Thread-10"                  daemon [_thread_in_native, id=28160, stack(0x00000024a9000000,0x00000024a9100000) (1024K)]
  0x00000163eafc8b90 JavaThread "Thread-11"                  daemon [_thread_in_native, id=24048, stack(0x00000024a9100000,0x00000024a9200000) (1024K)]
  0x00000163eafca5d0 JavaThread "Thread-12"                  daemon [_thread_in_native, id=29108, stack(0x00000024a9200000,0x00000024a9300000) (1024K)]
  0x00000163eafcb2f0 JavaThread "Thread-13"                  daemon [_thread_in_native, id=27132, stack(0x00000024a9300000,0x00000024a9400000) (1024K)]
  0x00000163eafc7e70 JavaThread "Thread-14"                  daemon [_thread_in_native, id=23924, stack(0x00000024a9400000,0x00000024a9500000) (1024K)]
  0x00000163eafc9220 JavaThread "Thread-15"                  daemon [_thread_in_native, id=11088, stack(0x00000024a9500000,0x00000024a9600000) (1024K)]
  0x00000163eafc98b0 JavaThread "Thread-16"                  daemon [_thread_in_native, id=28616, stack(0x00000024a9600000,0x00000024a9700000) (1024K)]
  0x00000163eafcb980 JavaThread "Thread-17"                  daemon [_thread_in_native, id=28948, stack(0x00000024a9700000,0x00000024a9800000) (1024K)]
  0x00000163ed665b70 JavaThread "pool-2-thread-1"                   [_thread_blocked, id=26736, stack(0x00000024a9800000,0x00000024a9900000) (1024K)]
  0x00000163ed6682d0 JavaThread "WorkspaceEventsHandler"            [_thread_blocked, id=30456, stack(0x00000024a9900000,0x00000024a9a00000) (1024K)]
  0x00000163ed666f20 JavaThread "pool-1-thread-1"                   [_thread_blocked, id=31684, stack(0x00000024a9a00000,0x00000024a9b00000) (1024K)]
  0x00000163ed6654e0 JavaThread "ForkJoinPool.commonPool-worker-1" daemon [_thread_blocked, id=30668, stack(0x00000024a9b00000,0x00000024a9c00000) (1024K)]
  0x00000163ed668ff0 JavaThread "ForkJoinPool.commonPool-worker-2" daemon [_thread_blocked, id=30352, stack(0x00000024a9c00000,0x00000024a9d00000) (1024K)]
  0x00000163ed66c470 JavaThread "ForkJoinPool.commonPool-worker-3" daemon [_thread_blocked, id=32124, stack(0x00000024a9d00000,0x00000024a9e00000) (1024K)]
Total: 56

Other Threads:
  0x000001638a1b3dc0 VMThread "VM Thread"                           [id=31048, stack(0x00000024a5800000,0x00000024a5900000) (1024K)]
  0x000001638a291360 WatcherThread "VM Periodic Task Thread"        [id=30188, stack(0x00000024a5700000,0x00000024a5800000) (1024K)]
  0x000001638a2406f0 WorkerThread "GC Thread#0"                     [id=4692, stack(0x00000024a5600000,0x00000024a5700000) (1024K)]
  0x00000163e987c870 WorkerThread "GC Thread#1"                     [id=24512, stack(0x00000024a6800000,0x00000024a6900000) (1024K)]
  0x00000163e9424300 WorkerThread "GC Thread#2"                     [id=4508, stack(0x00000024a6900000,0x00000024a6a00000) (1024K)]
  0x00000163e94246a0 WorkerThread "GC Thread#3"                     [id=32376, stack(0x00000024a6a00000,0x00000024a6b00000) (1024K)]
  0x00000163e987cc10 WorkerThread "GC Thread#4"                     [id=3576, stack(0x00000024a6b00000,0x00000024a6c00000) (1024K)]
  0x00000163e987cfb0 WorkerThread "GC Thread#5"                     [id=26616, stack(0x00000024a6c00000,0x00000024a6d00000) (1024K)]
  0x00000163e98786f0 WorkerThread "GC Thread#6"                     [id=30488, stack(0x00000024a6d00000,0x00000024a6e00000) (1024K)]
  0x00000163e9932d10 WorkerThread "GC Thread#7"                     [id=31824, stack(0x00000024a7000000,0x00000024a7100000) (1024K)]
  0x00000163e9ce74b0 WorkerThread "GC Thread#8"                     [id=28096, stack(0x00000024a7400000,0x00000024a7500000) (1024K)]
  0x00000163e9ce7850 WorkerThread "GC Thread#9"                     [id=30692, stack(0x00000024a7500000,0x00000024a7600000) (1024K)]
  0x00000163e9ce7bf0 WorkerThread "GC Thread#10"                    [id=16532, stack(0x00000024a7600000,0x00000024a7700000) (1024K)]
  0x00000163e9ce6d70 WorkerThread "GC Thread#11"                    [id=30972, stack(0x00000024a7a00000,0x00000024a7b00000) (1024K)]
  0x00000163e9ce7f90 WorkerThread "GC Thread#12"                    [id=16120, stack(0x00000024a7b00000,0x00000024a7c00000) (1024K)]
Total: 15

Threads with active compile tasks:
C2 CompilerThread0  4194 7422   !   4       org.eclipse.osgi.internal.loader.classpath.ClasspathManager::defineClass (636 bytes)
C2 CompilerThread2  4194 7554   !   4       java.lang.ClassLoader::addClass (27 bytes)
C2 CompilerThread3  4194 7514   !   4       lombok.patcher.ScriptManager$OurClassFileTransformer::transform (473 bytes)
C2 CompilerThread4  4194 7552   !   4       org.eclipse.osgi.internal.hooks.EclipseLazyStarter::postFindLocalClass (394 bytes)
C2 CompilerThread5  4194 7464       4       org.eclipse.osgi.internal.loader.BundleLoader::addExportedProvidersFor (167 bytes)
Total: 5

VM state: not at safepoint (normal execution)

VM Mutex/Monitor currently owned by a thread: None

Heap address: 0x0000000080000000, size: 2048 MB, Compressed Oops mode: 32-bit

CDS archive(s) mapped at: [0x00000163a1000000-0x00000163a1ba0000-0x00000163a1ba0000), size 12189696, SharedBaseAddress: 0x00000163a1000000, ArchiveRelocationMode: 1.
Compressed class space mapped at: 0x00000163a2000000-0x00000163e2000000, reserved size: 1073741824
Narrow klass base: 0x00000163a1000000, Narrow klass shift: 0, Narrow klass range: 0x100000000

GC Precious Log:
 CardTable entry size: 512
 CPUs: 16 total, 16 available
 Memory: 15631M
 Large Page Support: Disabled
 NUMA Support: Disabled
 Compressed Oops: Enabled (32-bit)
 Alignments: Space 512K, Generation 512K, Heap 2M
 Heap Min Capacity: 100M
 Heap Initial Capacity: 100M
 Heap Max Capacity: 2G
 Pre-touch: Disabled
 Parallel Workers: 13

Heap:
 PSYoungGen      total 20992K, used 1076K [0x00000000d5580000, 0x00000000d6b80000, 0x0000000100000000)
  eden space 19456K, 0% used [0x00000000d5580000,0x00000000d5586a68,0x00000000d6880000)
  from space 1536K, 68% used [0x00000000d6880000,0x00000000d69865e0,0x00000000d6a00000)
  to   space 1536K, 0% used [0x00000000d6a00000,0x00000000d6a00000,0x00000000d6b80000)
 ParOldGen       total 68608K, used 30301K [0x0000000080000000, 0x0000000084300000, 0x00000000d5580000)
  object space 68608K, 44% used [0x0000000080000000,0x0000000081d974c0,0x0000000084300000)
 Metaspace       used 46430K, committed 47616K, reserved 1114112K
  class space    used 4993K, committed 5504K, reserved 1048576K

Card table byte_map: [0x0000016389bc0000,0x0000016389fd0000] _byte_map_base: 0x00000163897c0000

Marking Bits: (ParMarkBitMap*) 0x00007ff9200e2460
 Begin Bits: [0x000001639c6d0000, 0x000001639e6d0000)
 End Bits:   [0x000001639e6d0000, 0x00000163a06d0000)

Polling page: 0x0000016388070000

Metaspace:

Usage:
  Non-class:     40.47 MB used.
      Class:      4.88 MB used.
       Both:     45.34 MB used.

Virtual space:
  Non-class space:       64.00 MB reserved,      41.12 MB ( 64%) committed,  1 nodes.
      Class space:        1.00 GB reserved,       5.38 MB ( <1%) committed,  1 nodes.
             Both:        1.06 GB reserved,      46.50 MB (  4%) committed. 

Chunk freelists:
   Non-Class:  6.73 MB
       Class:  10.66 MB
        Both:  17.39 MB

MaxMetaspaceSize: unlimited
CompressedClassSpaceSize: 1.00 GB
Initial GC threshold: 21.00 MB
Current GC threshold: 58.38 MB
CDS: on
 - commit_granule_bytes: 65536.
 - commit_granule_words: 8192.
 - virtual_space_node_default_size: 8388608.
 - enlarge_chunks_in_place: 1.
 - use_allocation_guard: 0.


Internal statistics:

num_allocs_failed_limit: 6.
num_arena_births: 808.
num_arena_deaths: 14.
num_vsnodes_births: 2.
num_vsnodes_deaths: 0.
num_space_committed: 744.
num_space_uncommitted: 0.
num_chunks_returned_to_freelist: 20.
num_chunks_taken_from_freelist: 2817.
num_chunk_merges: 5.
num_chunk_splits: 1769.
num_chunks_enlarged: 1072.
num_inconsistent_stats: 0.

CodeHeap 'non-profiled nmethods': size=119168Kb used=4212Kb max_used=4212Kb free=114955Kb
 bounds [0x0000016394fc0000, 0x00000163953e0000, 0x000001639c420000]
CodeHeap 'profiled nmethods': size=119104Kb used=14412Kb max_used=14412Kb free=104691Kb
 bounds [0x000001638d420000, 0x000001638e240000, 0x0000016394870000]
CodeHeap 'non-nmethods': size=7488Kb used=3070Kb max_used=3144Kb free=4417Kb
 bounds [0x0000016394870000, 0x0000016394b90000, 0x0000016394fc0000]
CodeCache: size=245760Kb, used=21694Kb, max_used=21768Kb, free=224063Kb
 total_blobs=7542, nmethods=6871, adapters=574, full_count=0
Compilation: enabled, stopped_count=0, restarted_count=0

Compilation events (20 events):
Event: 4.097 Thread 0x00000163e316f9b0 7519       3       org.eclipse.jdt.core.compiler.CharOperation::hashCode (11 bytes)
Event: 4.097 Thread 0x00000163e30b2f20 7520       3       java.util.Arrays::hashCode (59 bytes)
Event: 4.097 Thread 0x00000163e316f9b0 nmethod 7519 0x000001638e221b10 code [0x000001638e221cc0, 0x000001638e221dd8]
Event: 4.097 Thread 0x00000163e30b2f20 nmethod 7520 0x000001638e221e90 code [0x000001638e222060, 0x000001638e2222e8]
Event: 4.097 Thread 0x00000163e316f9b0 7521       3       org.eclipse.jdt.internal.compiler.util.HashtableOfObject::putUnsafely (78 bytes)
Event: 4.097 Thread 0x00000163e32067a0 nmethod 7518 0x000001638e222410 code [0x000001638e2226a0, 0x000001638e223560]
Event: 4.097 Thread 0x00000163e316f9b0 nmethod 7521 0x000001638e223b10 code [0x000001638e223d00, 0x000001638e224318]
Event: 4.097 Thread 0x00000163eb126da0 7522       4       jdk.internal.util.ArraysSupport::hashCode (33 bytes)
Event: 4.097 Thread 0x00000163e908d7b0 7523       4       org.eclipse.jdt.internal.core.index.DiskIndex::readStreamChars (529 bytes)
Event: 4.099 Thread 0x00000163eb126da0 nmethod 7522 0x00000163953d6790 code [0x00000163953d6920, 0x00000163953d6aa0]
Event: 4.099 Thread 0x00000163eb126da0 7524       4       org.eclipse.jdt.internal.core.index.DiskIndex::readStreamInt (117 bytes)
Event: 4.101 Thread 0x00000163eb126da0 nmethod 7524 0x00000163953d6b90 code [0x00000163953d6d20, 0x00000163953d6eb0]
Event: 4.101 Thread 0x00000163eb126da0 7526       4       org.eclipse.jdt.internal.compiler.util.HashtableOfObject::putUnsafely (78 bytes)
Event: 4.101 Thread 0x00000163e3209710 nmethod 7517 0x00000163953d7010 code [0x00000163953d7200, 0x00000163953d76f8]
Event: 4.101 Thread 0x00000163e3209710 7525       4       java.util.Arrays::hashCode (59 bytes)
Event: 4.102 Thread 0x00000163e316f9b0 7527       3       org.eclipse.jdt.internal.core.index.DiskIndex::readStreamBuffer (76 bytes)
Event: 4.102 Thread 0x00000163e3209710 nmethod 7525 0x00000163953d7a10 code [0x00000163953d7bc0, 0x00000163953d7e48]
Event: 4.102 Thread 0x00000163e316f9b0 nmethod 7527 0x000001638e224590 code [0x000001638e224780, 0x000001638e224c10]
Event: 4.104 Thread 0x00000163e32067a0 7528       3       org.eclipse.jdt.internal.core.index.DiskIndex::readStreamDocumentArray (267 bytes)
Event: 4.108 Thread 0x00000163e316f9b0 7529       3       java.lang.Thread::onSpinWait (1 bytes)

GC Heap History (20 events):
Event: 2.832 GC heap before
{Heap before GC invocations=19 (full 1):
 PSYoungGen      total 20480K, used 20378K [0x00000000d5580000, 0x00000000d6c00000, 0x0000000100000000)
  eden space 19456K, 100% used [0x00000000d5580000,0x00000000d6880000,0x00000000d6880000)
  from space 1024K, 90% used [0x00000000d6880000,0x00000000d6966980,0x00000000d6980000)
  to   space 1536K, 0% used [0x00000000d6a80000,0x00000000d6a80000,0x00000000d6c00000)
 ParOldGen       total 68608K, used 25687K [0x0000000080000000, 0x0000000084300000, 0x00000000d5580000)
  object space 68608K, 37% used [0x0000000080000000,0x0000000081915ec8,0x0000000084300000)
 Metaspace       used 33631K, committed 34688K, reserved 1114112K
  class space    used 3325K, committed 3776K, reserved 1048576K
}
Event: 2.833 GC heap after
{Heap after GC invocations=19 (full 1):
 PSYoungGen      total 20480K, used 576K [0x00000000d5580000, 0x00000000d6b80000, 0x0000000100000000)
  eden space 19456K, 0% used [0x00000000d5580000,0x00000000d5580000,0x00000000d6880000)
  from space 1024K, 56% used [0x00000000d6a80000,0x00000000d6b10000,0x00000000d6b80000)
  to   space 1024K, 0% used [0x00000000d6880000,0x00000000d6880000,0x00000000d6980000)
 ParOldGen       total 68608K, used 26301K [0x0000000080000000, 0x0000000084300000, 0x00000000d5580000)
  object space 68608K, 38% used [0x0000000080000000,0x00000000819af7e0,0x0000000084300000)
 Metaspace       used 33631K, committed 34688K, reserved 1114112K
  class space    used 3325K, committed 3776K, reserved 1048576K
}
Event: 2.914 GC heap before
{Heap before GC invocations=20 (full 1):
 PSYoungGen      total 20480K, used 20032K [0x00000000d5580000, 0x00000000d6b80000, 0x0000000100000000)
  eden space 19456K, 100% used [0x00000000d5580000,0x00000000d6880000,0x00000000d6880000)
  from space 1024K, 56% used [0x00000000d6a80000,0x00000000d6b10000,0x00000000d6b80000)
  to   space 1024K, 0% used [0x00000000d6880000,0x00000000d6880000,0x00000000d6980000)
 ParOldGen       total 68608K, used 26301K [0x0000000080000000, 0x0000000084300000, 0x00000000d5580000)
  object space 68608K, 38% used [0x0000000080000000,0x00000000819af7e0,0x0000000084300000)
 Metaspace       used 34725K, committed 35776K, reserved 1114112K
  class space    used 3461K, committed 3904K, reserved 1048576K
}
Event: 2.915 GC heap after
{Heap after GC invocations=20 (full 1):
 PSYoungGen      total 20480K, used 1024K [0x00000000d5580000, 0x00000000d6d80000, 0x0000000100000000)
  eden space 19456K, 0% used [0x00000000d5580000,0x00000000d5580000,0x00000000d6880000)
  from space 1024K, 100% used [0x00000000d6880000,0x00000000d6980000,0x00000000d6980000)
  to   space 2560K, 0% used [0x00000000d6b00000,0x00000000d6b00000,0x00000000d6d80000)
 ParOldGen       total 68608K, used 27134K [0x0000000080000000, 0x0000000084300000, 0x00000000d5580000)
  object space 68608K, 39% used [0x0000000080000000,0x0000000081a7f820,0x0000000084300000)
 Metaspace       used 34725K, committed 35776K, reserved 1114112K
  class space    used 3461K, committed 3904K, reserved 1048576K
}
Event: 2.920 GC heap before
{Heap before GC invocations=21 (full 1):
 PSYoungGen      total 20480K, used 2290K [0x00000000d5580000, 0x00000000d6d80000, 0x0000000100000000)
  eden space 19456K, 6% used [0x00000000d5580000,0x00000000d56bc9b0,0x00000000d6880000)
  from space 1024K, 100% used [0x00000000d6880000,0x00000000d6980000,0x00000000d6980000)
  to   space 2560K, 0% used [0x00000000d6b00000,0x00000000d6b00000,0x00000000d6d80000)
 ParOldGen       total 68608K, used 27134K [0x0000000080000000, 0x0000000084300000, 0x00000000d5580000)
  object space 68608K, 39% used [0x0000000080000000,0x0000000081a7f820,0x0000000084300000)
 Metaspace       used 34780K, committed 35840K, reserved 1114112K
  class space    used 3469K, committed 3904K, reserved 1048576K
}
Event: 2.921 GC heap after
{Heap after GC invocations=21 (full 1):
 PSYoungGen      total 19968K, used 352K [0x00000000d5580000, 0x00000000d6b80000, 0x0000000100000000)
  eden space 19456K, 0% used [0x00000000d5580000,0x00000000d5580000,0x00000000d6880000)
  from space 512K, 68% used [0x00000000d6b00000,0x00000000d6b58000,0x00000000d6b80000)
  to   space 1024K, 0% used [0x00000000d6980000,0x00000000d6980000,0x00000000d6a80000)
 ParOldGen       total 68608K, used 28116K [0x0000000080000000, 0x0000000084300000, 0x00000000d5580000)
  object space 68608K, 40% used [0x0000000080000000,0x0000000081b750b8,0x0000000084300000)
 Metaspace       used 34780K, committed 35840K, reserved 1114112K
  class space    used 3469K, committed 3904K, reserved 1048576K
}
Event: 2.921 GC heap before
{Heap before GC invocations=22 (full 2):
 PSYoungGen      total 19968K, used 352K [0x00000000d5580000, 0x00000000d6b80000, 0x0000000100000000)
  eden space 19456K, 0% used [0x00000000d5580000,0x00000000d5580000,0x00000000d6880000)
  from space 512K, 68% used [0x00000000d6b00000,0x00000000d6b58000,0x00000000d6b80000)
  to   space 1024K, 0% used [0x00000000d6980000,0x00000000d6980000,0x00000000d6a80000)
 ParOldGen       total 68608K, used 28116K [0x0000000080000000, 0x0000000084300000, 0x00000000d5580000)
  object space 68608K, 40% used [0x0000000080000000,0x0000000081b750b8,0x0000000084300000)
 Metaspace       used 34780K, committed 35840K, reserved 1114112K
  class space    used 3469K, committed 3904K, reserved 1048576K
}
Event: 2.945 GC heap after
{Heap after GC invocations=22 (full 2):
 PSYoungGen      total 19968K, used 0K [0x00000000d5580000, 0x00000000d6b80000, 0x0000000100000000)
  eden space 19456K, 0% used [0x00000000d5580000,0x00000000d5580000,0x00000000d6880000)
  from space 512K, 0% used [0x00000000d6b00000,0x00000000d6b00000,0x00000000d6b80000)
  to   space 1024K, 0% used [0x00000000d6980000,0x00000000d6980000,0x00000000d6a80000)
 ParOldGen       total 68608K, used 26334K [0x0000000080000000, 0x0000000084300000, 0x00000000d5580000)
  object space 68608K, 38% used [0x0000000080000000,0x00000000819b7b90,0x0000000084300000)
 Metaspace       used 34780K, committed 35840K, reserved 1114112K
  class space    used 3469K, committed 3904K, reserved 1048576K
}
Event: 3.010 GC heap before
{Heap before GC invocations=23 (full 2):
 PSYoungGen      total 19968K, used 19456K [0x00000000d5580000, 0x00000000d6b80000, 0x0000000100000000)
  eden space 19456K, 100% used [0x00000000d5580000,0x00000000d6880000,0x00000000d6880000)
  from space 512K, 0% used [0x00000000d6b00000,0x00000000d6b00000,0x00000000d6b80000)
  to   space 1024K, 0% used [0x00000000d6980000,0x00000000d6980000,0x00000000d6a80000)
 ParOldGen       total 68608K, used 26334K [0x0000000080000000, 0x0000000084300000, 0x00000000d5580000)
  object space 68608K, 38% used [0x0000000080000000,0x00000000819b7b90,0x0000000084300000)
 Metaspace       used 35835K, committed 36928K, reserved 1114112K
  class space    used 3629K, committed 4096K, reserved 1048576K
}
Event: 3.011 GC heap after
{Heap after GC invocations=23 (full 2):
 PSYoungGen      total 20480K, used 672K [0x00000000d5580000, 0x00000000d6b80000, 0x0000000100000000)
  eden space 19456K, 0% used [0x00000000d5580000,0x00000000d5580000,0x00000000d6880000)
  from space 1024K, 65% used [0x00000000d6980000,0x00000000d6a28000,0x00000000d6a80000)
  to   space 1024K, 0% used [0x00000000d6a80000,0x00000000d6a80000,0x00000000d6b80000)
 ParOldGen       total 68608K, used 26342K [0x0000000080000000, 0x0000000084300000, 0x00000000d5580000)
  object space 68608K, 38% used [0x0000000080000000,0x00000000819b9b90,0x0000000084300000)
 Metaspace       used 35835K, committed 36928K, reserved 1114112K
  class space    used 3629K, committed 4096K, reserved 1048576K
}
Event: 3.087 GC heap before
{Heap before GC invocations=24 (full 2):
 PSYoungGen      total 20480K, used 20128K [0x00000000d5580000, 0x00000000d6b80000, 0x0000000100000000)
  eden space 19456K, 100% used [0x00000000d5580000,0x00000000d6880000,0x00000000d6880000)
  from space 1024K, 65% used [0x00000000d6980000,0x00000000d6a28000,0x00000000d6a80000)
  to   space 1024K, 0% used [0x00000000d6a80000,0x00000000d6a80000,0x00000000d6b80000)
 ParOldGen       total 68608K, used 26344K [0x0000000080000000, 0x0000000084300000, 0x00000000d5580000)
  object space 68608K, 38% used [0x0000000080000000,0x00000000819ba130,0x0000000084300000)
 Metaspace       used 37250K, committed 38400K, reserved 1114112K
  class space    used 3809K, committed 4352K, reserved 1048576K
}
Event: 3.087 GC heap after
{Heap after GC invocations=24 (full 2):
 PSYoungGen      total 20480K, used 608K [0x00000000d5580000, 0x00000000d6b80000, 0x0000000100000000)
  eden space 19456K, 0% used [0x00000000d5580000,0x00000000d5580000,0x00000000d6880000)
  from space 1024K, 59% used [0x00000000d6a80000,0x00000000d6b18000,0x00000000d6b80000)
  to   space 1024K, 0% used [0x00000000d6980000,0x00000000d6980000,0x00000000d6a80000)
 ParOldGen       total 68608K, used 26744K [0x0000000080000000, 0x0000000084300000, 0x00000000d5580000)
  object space 68608K, 38% used [0x0000000080000000,0x0000000081a1e130,0x0000000084300000)
 Metaspace       used 37250K, committed 38400K, reserved 1114112K
  class space    used 3809K, committed 4352K, reserved 1048576K
}
Event: 3.261 GC heap before
{Heap before GC invocations=25 (full 2):
 PSYoungGen      total 20480K, used 20064K [0x00000000d5580000, 0x00000000d6b80000, 0x0000000100000000)
  eden space 19456K, 100% used [0x00000000d5580000,0x00000000d6880000,0x00000000d6880000)
  from space 1024K, 59% used [0x00000000d6a80000,0x00000000d6b18000,0x00000000d6b80000)
  to   space 1024K, 0% used [0x00000000d6980000,0x00000000d6980000,0x00000000d6a80000)
 ParOldGen       total 68608K, used 26745K [0x0000000080000000, 0x0000000084300000, 0x00000000d5580000)
  object space 68608K, 38% used [0x0000000080000000,0x0000000081a1e780,0x0000000084300000)
 Metaspace       used 38523K, committed 39680K, reserved 1114112K
  class space    used 3985K, committed 4480K, reserved 1048576K
}
Event: 3.262 GC heap after
{Heap after GC invocations=25 (full 2):
 PSYoungGen      total 20480K, used 960K [0x00000000d5580000, 0x00000000d6b00000, 0x0000000100000000)
  eden space 19456K, 0% used [0x00000000d5580000,0x00000000d5580000,0x00000000d6880000)
  from space 1024K, 93% used [0x00000000d6980000,0x00000000d6a70000,0x00000000d6a80000)
  to   space 512K, 0% used [0x00000000d6a80000,0x00000000d6a80000,0x00000000d6b00000)
 ParOldGen       total 68608K, used 27057K [0x0000000080000000, 0x0000000084300000, 0x00000000d5580000)
  object space 68608K, 39% used [0x0000000080000000,0x0000000081a6c790,0x0000000084300000)
 Metaspace       used 38523K, committed 39680K, reserved 1114112K
  class space    used 3985K, committed 4480K, reserved 1048576K
}
Event: 3.460 GC heap before
{Heap before GC invocations=26 (full 2):
 PSYoungGen      total 20480K, used 20412K [0x00000000d5580000, 0x00000000d6b00000, 0x0000000100000000)
  eden space 19456K, 99% used [0x00000000d5580000,0x00000000d687f0b0,0x00000000d6880000)
  from space 1024K, 93% used [0x00000000d6980000,0x00000000d6a70000,0x00000000d6a80000)
  to   space 512K, 0% used [0x00000000d6a80000,0x00000000d6a80000,0x00000000d6b00000)
 ParOldGen       total 68608K, used 27057K [0x0000000080000000, 0x0000000084300000, 0x00000000d5580000)
  object space 68608K, 39% used [0x0000000080000000,0x0000000081a6c790,0x0000000084300000)
 Metaspace       used 40227K, committed 41344K, reserved 1114112K
  class space    used 4196K, committed 4672K, reserved 1048576K
}
Event: 3.460 GC heap after
{Heap after GC invocations=26 (full 2):
 PSYoungGen      total 19968K, used 512K [0x00000000d5580000, 0x00000000d6b80000, 0x0000000100000000)
  eden space 19456K, 0% used [0x00000000d5580000,0x00000000d5580000,0x00000000d6880000)
  from space 512K, 100% used [0x00000000d6a80000,0x00000000d6b00000,0x00000000d6b00000)
  to   space 1536K, 0% used [0x00000000d6880000,0x00000000d6880000,0x00000000d6a00000)
 ParOldGen       total 68608K, used 27801K [0x0000000080000000, 0x0000000084300000, 0x00000000d5580000)
  object space 68608K, 40% used [0x0000000080000000,0x0000000081b26790,0x0000000084300000)
 Metaspace       used 40227K, committed 41344K, reserved 1114112K
  class space    used 4196K, committed 4672K, reserved 1048576K
}
Event: 3.695 GC heap before
{Heap before GC invocations=27 (full 2):
 PSYoungGen      total 19968K, used 19968K [0x00000000d5580000, 0x00000000d6b80000, 0x0000000100000000)
  eden space 19456K, 100% used [0x00000000d5580000,0x00000000d6880000,0x00000000d6880000)
  from space 512K, 100% used [0x00000000d6a80000,0x00000000d6b00000,0x00000000d6b00000)
  to   space 1536K, 0% used [0x00000000d6880000,0x00000000d6880000,0x00000000d6a00000)
 ParOldGen       total 68608K, used 27801K [0x0000000080000000, 0x0000000084300000, 0x00000000d5580000)
  object space 68608K, 40% used [0x0000000080000000,0x0000000081b26790,0x0000000084300000)
 Metaspace       used 42296K, committed 43520K, reserved 1114112K
  class space    used 4473K, committed 4992K, reserved 1048576K
}
Event: 3.695 GC heap after
{Heap after GC invocations=27 (full 2):
 PSYoungGen      total 20992K, used 1120K [0x00000000d5580000, 0x00000000d6b80000, 0x0000000100000000)
  eden space 19456K, 0% used [0x00000000d5580000,0x00000000d5580000,0x00000000d6880000)
  from space 1536K, 72% used [0x00000000d6880000,0x00000000d6998000,0x00000000d6a00000)
  to   space 1536K, 0% used [0x00000000d6a00000,0x00000000d6a00000,0x00000000d6b80000)
 ParOldGen       total 68608K, used 28225K [0x0000000080000000, 0x0000000084300000, 0x00000000d5580000)
  object space 68608K, 41% used [0x0000000080000000,0x0000000081b90790,0x0000000084300000)
 Metaspace       used 42296K, committed 43520K, reserved 1114112K
  class space    used 4473K, committed 4992K, reserved 1048576K
}
Event: 3.930 GC heap before
{Heap before GC invocations=28 (full 2):
 PSYoungGen      total 20992K, used 20576K [0x00000000d5580000, 0x00000000d6b80000, 0x0000000100000000)
  eden space 19456K, 100% used [0x00000000d5580000,0x00000000d6880000,0x00000000d6880000)
  from space 1536K, 72% used [0x00000000d6880000,0x00000000d6998000,0x00000000d6a00000)
  to   space 1536K, 0% used [0x00000000d6a00000,0x00000000d6a00000,0x00000000d6b80000)
 ParOldGen       total 68608K, used 28225K [0x0000000080000000, 0x0000000084300000, 0x00000000d5580000)
  object space 68608K, 41% used [0x0000000080000000,0x0000000081b90790,0x0000000084300000)
 Metaspace       used 44656K, committed 45824K, reserved 1114112K
  class space    used 4792K, committed 5312K, reserved 1048576K
}
Event: 3.932 GC heap after
{Heap after GC invocations=28 (full 2):
 PSYoungGen      total 20992K, used 1376K [0x00000000d5580000, 0x00000000d6b80000, 0x0000000100000000)
  eden space 19456K, 0% used [0x00000000d5580000,0x00000000d5580000,0x00000000d6880000)
  from space 1536K, 89% used [0x00000000d6a00000,0x00000000d6b58000,0x00000000d6b80000)
  to   space 1536K, 0% used [0x00000000d6880000,0x00000000d6880000,0x00000000d6a00000)
 ParOldGen       total 68608K, used 29149K [0x0000000080000000, 0x0000000084300000, 0x00000000d5580000)
  object space 68608K, 42% used [0x0000000080000000,0x0000000081c774a0,0x0000000084300000)
 Metaspace       used 44656K, committed 45824K, reserved 1114112K
  class space    used 4792K, committed 5312K, reserved 1048576K
}

Dll operation events (10 events):
Event: 0.005 Loaded shared library c:\Users\Yohan\.vscode\extensions\redhat.java-1.49.0-win32-x64\jre\21.0.9-win32-x86_64\bin\java.dll
Event: 0.043 Loaded shared library c:\Users\Yohan\.vscode\extensions\redhat.java-1.49.0-win32-x64\jre\21.0.9-win32-x86_64\bin\zip.dll
Event: 0.056 Loaded shared library C:\Users\Yohan\.vscode\extensions\redhat.java-1.49.0-win32-x64\jre\21.0.9-win32-x86_64\bin\instrument.dll
Event: 0.059 Loaded shared library C:\Users\Yohan\.vscode\extensions\redhat.java-1.49.0-win32-x64\jre\21.0.9-win32-x86_64\bin\net.dll
Event: 0.060 Loaded shared library C:\Users\Yohan\.vscode\extensions\redhat.java-1.49.0-win32-x64\jre\21.0.9-win32-x86_64\bin\nio.dll
Event: 0.063 Loaded shared library C:\Users\Yohan\.vscode\extensions\redhat.java-1.49.0-win32-x64\jre\21.0.9-win32-x86_64\bin\zip.dll
Event: 0.072 Loaded shared library C:\Users\Yohan\.vscode\extensions\redhat.java-1.49.0-win32-x64\jre\21.0.9-win32-x86_64\bin\jimage.dll
Event: 0.111 Loaded shared library c:\Users\Yohan\.vscode\extensions\redhat.java-1.49.0-win32-x64\jre\21.0.9-win32-x86_64\bin\verify.dll
Event: 0.749 Loaded shared library C:\Users\Yohan\AppData\Roaming\Code\User\globalStorage\redhat.java\1.49.0\config_win\org.eclipse.equinox.launcher\org.eclipse.equinox.launcher.win32.win32.x86_64_1.2.1400.v20250801-0854\eclipse_11916.dll
Event: 1.714 Loaded shared library C:\Users\Yohan\AppData\Local\Temp\jna-85603231\jna802895266171356059.dll

Deoptimization events (20 events):
Event: 4.041 Thread 0x00000163e99ef380 DEOPT PACKING pc=0x00000163953925fc sp=0x00000024a7fff0d0
Event: 4.041 Thread 0x00000163e99ef380 DEOPT UNPACKING pc=0x00000163948c6da2 sp=0x00000024a7ffefd8 mode 2
Event: 4.046 Thread 0x00000163e99ef380 Uncommon trap: trap_request=0xffffffde fr.pc=0x000001639526a538 relative=0x0000000000000778
Event: 4.046 Thread 0x00000163e99ef380 Uncommon trap: reason=class_check action=maybe_recompile pc=0x000001639526a538 method=java.util.Hashtable.put(Ljava/lang/Object;Ljava/lang/Object;)Ljava/lang/Object; @ 60 c2
Event: 4.046 Thread 0x00000163e99ef380 DEOPT PACKING pc=0x000001639526a538 sp=0x00000024a7fff440
Event: 4.046 Thread 0x00000163e99ef380 DEOPT UNPACKING pc=0x00000163948c6da2 sp=0x00000024a7fff400 mode 2
Event: 4.047 Thread 0x00000163e99ef380 Uncommon trap: trap_request=0xffffffc6 fr.pc=0x0000016395212824 relative=0x00000000000008a4
Event: 4.047 Thread 0x00000163e99ef380 Uncommon trap: reason=bimorphic_or_optimized_type_check action=maybe_recompile pc=0x0000016395212824 method=java.util.concurrent.ConcurrentHashMap.replaceNode(Ljava/lang/Object;Ljava/lang/Object;Ljava/lang/Object;)Ljava/lang/Object; @ 147 c2
Event: 4.047 Thread 0x00000163e99ef380 DEOPT PACKING pc=0x0000016395212824 sp=0x00000024a7fff140
Event: 4.047 Thread 0x00000163e99ef380 DEOPT UNPACKING pc=0x00000163948c6da2 sp=0x00000024a7fff0a8 mode 2
Event: 4.073 Thread 0x00000163e99ef380 Uncommon trap: trap_request=0xffffff45 fr.pc=0x00000163951ee488 relative=0x00000000000012a8
Event: 4.073 Thread 0x00000163e99ef380 Uncommon trap: reason=unstable_if action=reinterpret pc=0x00000163951ee488 method=org.eclipse.core.runtime.Path.toOSString()Ljava/lang/String; @ 28 c2
Event: 4.073 Thread 0x00000163e99ef380 DEOPT PACKING pc=0x00000163951ee488 sp=0x00000024a7ffecd0
Event: 4.073 Thread 0x00000163e99ef380 DEOPT UNPACKING pc=0x00000163948c6da2 sp=0x00000024a7ffec90 mode 2
Event: 4.076 Thread 0x00000163e99ef380 Uncommon trap: trap_request=0xffffff45 fr.pc=0x0000016395154e74 relative=0x00000000000002f4
Event: 4.076 Thread 0x00000163e99ef380 Uncommon trap: reason=unstable_if action=reinterpret pc=0x0000016395154e74 method=java.nio.charset.CharsetDecoder.decode(Ljava/nio/ByteBuffer;Ljava/nio/CharBuffer;Z)Ljava/nio/charset/CoderResult; @ 1 c2
Event: 4.076 Thread 0x00000163e99ef380 DEOPT PACKING pc=0x0000016395154e74 sp=0x00000024a7ffe950
Event: 4.076 Thread 0x00000163e99ef380 DEOPT UNPACKING pc=0x00000163948c6da2 sp=0x00000024a7ffe8f8 mode 2
Event: 4.094 Thread 0x00000163e99ef380 DEOPT PACKING pc=0x000001638e0b68bc sp=0x00000024a7ffbe40
Event: 4.094 Thread 0x00000163e99ef380 DEOPT UNPACKING pc=0x00000163948c78e2 sp=0x00000024a7ffb360 mode 0

Classes loaded (20 events):
Event: 4.017 Loading class sun/nio/fs/WindowsException
Event: 4.017 Loading class sun/nio/fs/WindowsException done
Event: 4.021 Loading class sun/net/www/protocol/https/Handler
Event: 4.021 Loading class sun/net/www/protocol/http/Handler
Event: 4.021 Loading class sun/net/www/protocol/http/Handler done
Event: 4.021 Loading class sun/net/www/protocol/https/Handler done
Event: 4.046 Loading class java/io/DataOutputStream
Event: 4.046 Loading class java/io/DataOutputStream done
Event: 4.076 Loading class sun/nio/cs/ThreadLocalCoders
Event: 4.076 Loading class sun/nio/cs/ThreadLocalCoders done
Event: 4.076 Loading class sun/nio/cs/ThreadLocalCoders$1
Event: 4.076 Loading class sun/nio/cs/ThreadLocalCoders$Cache
Event: 4.076 Loading class sun/nio/cs/ThreadLocalCoders$Cache done
Event: 4.076 Loading class sun/nio/cs/ThreadLocalCoders$1 done
Event: 4.076 Loading class sun/nio/cs/ThreadLocalCoders$2
Event: 4.076 Loading class sun/nio/cs/ThreadLocalCoders$2 done
Event: 4.088 Loading class java/io/UTFDataFormatException
Event: 4.088 Loading class java/io/UTFDataFormatException done
Event: 4.095 Loading class java/util/concurrent/ForkJoinTask$AdaptedCallable
Event: 4.095 Loading class java/util/concurrent/ForkJoinTask$AdaptedCallable done

Classes unloaded (7 events):
Event: 2.059 Thread 0x000001638a1b3dc0 Unloading class 0x00000163a21b1000 'java/lang/invoke/LambdaForm$MH+0x00000163a21b1000'
Event: 2.059 Thread 0x000001638a1b3dc0 Unloading class 0x00000163a21b0c00 'java/lang/invoke/LambdaForm$MH+0x00000163a21b0c00'
Event: 2.059 Thread 0x000001638a1b3dc0 Unloading class 0x00000163a21b0800 'java/lang/invoke/LambdaForm$MH+0x00000163a21b0800'
Event: 2.059 Thread 0x000001638a1b3dc0 Unloading class 0x00000163a21b0400 'java/lang/invoke/LambdaForm$MH+0x00000163a21b0400'
Event: 2.059 Thread 0x000001638a1b3dc0 Unloading class 0x00000163a21b0000 'java/lang/invoke/LambdaForm$BMH+0x00000163a21b0000'
Event: 2.059 Thread 0x000001638a1b3dc0 Unloading class 0x00000163a21afc00 'java/lang/invoke/LambdaForm$DMH+0x00000163a21afc00'
Event: 2.059 Thread 0x000001638a1b3dc0 Unloading class 0x00000163a21ae800 'java/lang/invoke/LambdaForm$DMH+0x00000163a21ae800'

Classes redefined (0 events):
No events

Internal exceptions (20 events):
Event: 4.017 Thread 0x00000163e99ef380 Exception <a 'sun/nio/fs/WindowsException'{0x00000000d5d766a8}> (0x00000000d5d766a8) 
thrown [s\src\hotspot\share\prims\jni.cpp, line 520]
Event: 4.017 Thread 0x00000163e99ef380 Exception <a 'sun/nio/fs/WindowsException'{0x00000000d5d771f0}> (0x00000000d5d771f0) 
thrown [s\src\hotspot\share\prims\jni.cpp, line 520]
Event: 4.017 Thread 0x00000163e99ef380 Exception <a 'sun/nio/fs/WindowsException'{0x00000000d5d77b08}> (0x00000000d5d77b08) 
thrown [s\src\hotspot\share\prims\jni.cpp, line 520]
Event: 4.018 Thread 0x00000163e99ef380 Exception <a 'sun/nio/fs/WindowsException'{0x00000000d5d8f520}> (0x00000000d5d8f520) 
thrown [s\src\hotspot\share\prims\jni.cpp, line 520]
Event: 4.018 Thread 0x00000163e99ef380 Exception <a 'sun/nio/fs/WindowsException'{0x00000000d5d8fe38}> (0x00000000d5d8fe38) 
thrown [s\src\hotspot\share\prims\jni.cpp, line 520]
Event: 4.022 Thread 0x00000163e99ef380 Exception <a 'sun/nio/fs/WindowsException'{0x00000000d5dd3558}> (0x00000000d5dd3558) 
thrown [s\src\hotspot\share\prims\jni.cpp, line 520]
Event: 4.022 Thread 0x00000163e99ef380 Exception <a 'sun/nio/fs/WindowsException'{0x00000000d5dd3e78}> (0x00000000d5dd3e78) 
thrown [s\src\hotspot\share\prims\jni.cpp, line 520]
Event: 4.024 Thread 0x00000163e99ef380 Exception <a 'java/lang/NoSuchMethodError'{0x00000000d5deb3f0}: 'void java.lang.invoke.DirectMethodHandle$Holder.invokeVirtual(java.lang.Object, java.lang.Object, java.lang.Object, java.lang.Object)'> (0x00000000d5deb3f0) 
thrown [s\src\hotspot\share\interpreter\linkResolver.cpp, line 773]
Event: 4.039 Thread 0x00000163e99ef380 Exception <a 'sun/nio/fs/WindowsException'{0x00000000d5f8d480}> (0x00000000d5f8d480) 
thrown [s\src\hotspot\share\prims\jni.cpp, line 520]
Event: 4.040 Thread 0x00000163e99ef380 Exception <a 'sun/nio/fs/WindowsException'{0x00000000d5f8db58}> (0x00000000d5f8db58) 
thrown [s\src\hotspot\share\prims\jni.cpp, line 520]
Event: 4.044 Thread 0x00000163e99ef380 Exception <a 'sun/nio/fs/WindowsException'{0x00000000d5ffe718}> (0x00000000d5ffe718) 
thrown [s\src\hotspot\share\prims\jni.cpp, line 520]
Event: 4.044 Thread 0x00000163e99ef380 Exception <a 'sun/nio/fs/WindowsException'{0x00000000d5ffedf0}> (0x00000000d5ffedf0) 
thrown [s\src\hotspot\share\prims\jni.cpp, line 520]
Event: 4.073 Thread 0x00000163e99ef380 Implicit null exception at 0x00000163951ed4b4 to 0x00000163951ee46c
Event: 4.083 Thread 0x00000163e99ef380 Exception <a 'java/io/FileNotFoundException'{0x00000000d63577f0}> (0x00000000d63577f0) 
thrown [s\src\hotspot\share\prims\jni.cpp, line 520]
Event: 4.083 Thread 0x00000163e99ef380 Exception <a 'java/io/FileNotFoundException'{0x00000000d6358cd0}> (0x00000000d6358cd0) 
thrown [s\src\hotspot\share\prims\jni.cpp, line 520]
Event: 4.084 Thread 0x00000163e99ef380 Exception <a 'java/lang/NoSuchMethodError'{0x00000000d6368638}: 'java.lang.Object java.lang.invoke.DirectMethodHandle$Holder.newInvokeSpecial(java.lang.Object, java.lang.Object, java.lang.Object, int)'> (0x00000000d6368638) 
thrown [s\src\hotspot\share\interpreter\linkResolver.cpp, line 773]
Event: 4.084 Thread 0x00000163e99ef380 Exception <a 'java/lang/NoSuchMethodError'{0x00000000d636cb48}: 'java.lang.Object java.lang.invoke.DirectMethodHandle$Holder.invokeSpecial(java.lang.Object, java.lang.Object, java.lang.Object, java.lang.Object, int)'> (0x00000000d636cb48) 
thrown [s\src\hotspot\share\interpreter\linkResolver.cpp, line 773]
Event: 4.084 Thread 0x00000163e99ef380 Exception <a 'java/lang/NoSuchMethodError'{0x00000000d63706c8}: 'java.lang.Object java.lang.invoke.Invokers$Holder.linkToTargetMethod(java.lang.Object, java.lang.Object, int, java.lang.Object)'> (0x00000000d63706c8) 
thrown [s\src\hotspot\share\interpreter\linkResolver.cpp, line 773]
Event: 4.094 Thread 0x00000163e99ef380 Exception <a 'java/io/FileNotFoundException'{0x00000000d63eed60}> (0x00000000d63eed60) 
thrown [s\src\hotspot\share\prims\jni.cpp, line 520]
Event: 4.094 Thread 0x00000163e99ef380 Exception <a 'java/io/FileNotFoundException'{0x00000000d63efce8}> (0x00000000d63efce8) 
thrown [s\src\hotspot\share\prims\jni.cpp, line 520]

ZGC Phase Switch (0 events):
No events

VM Operations (20 events):
Event: 3.423 Executing VM operation: HandshakeAllThreads (Deoptimize)
Event: 3.423 Executing VM operation: HandshakeAllThreads (Deoptimize) done
Event: 3.460 Executing VM operation: ParallelGCFailedAllocation (Allocation Failure)
Event: 3.460 Executing VM operation: ParallelGCFailedAllocation (Allocation Failure) done
Event: 3.559 Executing VM operation: HandshakeAllThreads (Deoptimize)
Event: 3.559 Executing VM operation: HandshakeAllThreads (Deoptimize) done
Event: 3.695 Executing VM operation: ParallelGCFailedAllocation (Allocation Failure)
Event: 3.695 Executing VM operation: ParallelGCFailedAllocation (Allocation Failure) done
Event: 3.758 Executing VM operation: HandshakeAllThreads (Deoptimize)
Event: 3.758 Executing VM operation: HandshakeAllThreads (Deoptimize) done
Event: 3.866 Executing VM operation: ICBufferFull
Event: 3.866 Executing VM operation: ICBufferFull done
Event: 3.928 Executing VM operation: HandshakeAllThreads (Deoptimize)
Event: 3.928 Executing VM operation: HandshakeAllThreads (Deoptimize) done
Event: 3.929 Executing VM operation: HandshakeAllThreads (Deoptimize)
Event: 3.929 Executing VM operation: HandshakeAllThreads (Deoptimize) done
Event: 3.930 Executing VM operation: ParallelGCFailedAllocation (Allocation Failure)
Event: 3.932 Executing VM operation: ParallelGCFailedAllocation (Allocation Failure) done
Event: 4.009 Executing VM operation: HandshakeAllThreads (Deoptimize)
Event: 4.009 Executing VM operation: HandshakeAllThreads (Deoptimize) done

Memory protections (0 events):
No events

Nmethod flushes (20 events):
Event: 2.935 Thread 0x000001638a1b3dc0 flushing  nmethod 0x000001638db93190
Event: 2.935 Thread 0x000001638a1b3dc0 flushing  nmethod 0x000001638dbc4510
Event: 2.935 Thread 0x000001638a1b3dc0 flushing  nmethod 0x000001638dbd8b90
Event: 2.935 Thread 0x000001638a1b3dc0 flushing  nmethod 0x000001638dc03210
Event: 2.935 Thread 0x000001638a1b3dc0 flushing  nmethod 0x000001638dc04c90
Event: 2.935 Thread 0x000001638a1b3dc0 flushing  nmethod 0x000001638dc05590
Event: 2.935 Thread 0x000001638a1b3dc0 flushing  nmethod 0x000001638dc06790
Event: 2.935 Thread 0x000001638a1b3dc0 flushing  nmethod 0x000001638dc06f90
Event: 2.935 Thread 0x000001638a1b3dc0 flushing  nmethod 0x000001638dc07490
Event: 2.935 Thread 0x000001638a1b3dc0 flushing  nmethod 0x000001638dc08090
Event: 2.935 Thread 0x000001638a1b3dc0 flushing  nmethod 0x000001638dc08590
Event: 2.935 Thread 0x000001638a1b3dc0 flushing  nmethod 0x000001638dc09a90
Event: 2.935 Thread 0x000001638a1b3dc0 flushing  nmethod 0x000001638dc0ae90
Event: 2.935 Thread 0x000001638a1b3dc0 flushing  nmethod 0x000001638dc0c910
Event: 2.935 Thread 0x000001638a1b3dc0 flushing  nmethod 0x000001638dc0e390
Event: 2.935 Thread 0x000001638a1b3dc0 flushing  nmethod 0x000001638dc51590
Event: 2.935 Thread 0x000001638a1b3dc0 flushing  nmethod 0x000001638dc52090
Event: 2.935 Thread 0x000001638a1b3dc0 flushing  nmethod 0x000001638dc57310
Event: 2.935 Thread 0x000001638a1b3dc0 flushing  nmethod 0x000001638dc79790
Event: 2.935 Thread 0x000001638a1b3dc0 flushing  nmethod 0x000001638dc79b90

Events (20 events):
Event: 2.771 Thread 0x000001638a221ee0 Thread added: 0x00000163eafc8500
Event: 2.771 Thread 0x000001638a221ee0 Thread added: 0x00000163eafc5da0
Event: 2.771 Thread 0x000001638a221ee0 Thread added: 0x00000163eafc7150
Event: 2.772 Thread 0x000001638a221ee0 Thread added: 0x00000163eafc5080
Event: 2.772 Thread 0x000001638a221ee0 Thread added: 0x00000163eafc9f40
Event: 2.772 Thread 0x000001638a221ee0 Thread added: 0x00000163eafc6ac0
Event: 2.772 Thread 0x000001638a221ee0 Thread added: 0x00000163eafcac60
Event: 2.772 Thread 0x000001638a221ee0 Thread added: 0x00000163eafc8b90
Event: 2.772 Thread 0x000001638a221ee0 Thread added: 0x00000163eafca5d0
Event: 2.773 Thread 0x000001638a221ee0 Thread added: 0x00000163eafcb2f0
Event: 2.773 Thread 0x000001638a221ee0 Thread added: 0x00000163eafc7e70
Event: 2.773 Thread 0x000001638a221ee0 Thread added: 0x00000163eafc9220
Event: 2.773 Thread 0x000001638a221ee0 Thread added: 0x00000163eafc98b0
Event: 2.773 Thread 0x000001638a221ee0 Thread added: 0x00000163eafcb980
Event: 2.799 Thread 0x000001638a221ee0 Thread added: 0x00000163ed665b70
Event: 3.012 Thread 0x000001638a221ee0 Thread added: 0x00000163ed6682d0
Event: 3.012 Thread 0x000001638a221ee0 Thread added: 0x00000163ed666f20
Event: 4.095 Thread 0x00000163e99ef380 Thread added: 0x00000163ed6654e0
Event: 4.095 Thread 0x00000163ed6654e0 Thread added: 0x00000163ed668ff0
Event: 4.096 Thread 0x00000163ed668ff0 Thread added: 0x00000163ed66c470


Dynamic libraries:
0x00007ff75d990000 - 0x00007ff75d99e000 	c:\Users\Yohan\.vscode\extensions\redhat.java-1.49.0-win32-x64\jre\21.0.9-win32-x86_64\bin\java.exe
0x00007ff9a7a20000 - 0x00007ff9a7c88000 	C:\WINDOWS\SYSTEM32\ntdll.dll
0x00007ff9a68d0000 - 0x00007ff9a6999000 	C:\WINDOWS\System32\KERNEL32.DLL
0x00007ff9a4fc0000 - 0x00007ff9a53b8000 	C:\WINDOWS\System32\KERNELBASE.dll
0x00007ff9a4d90000 - 0x00007ff9a4edb000 	C:\WINDOWS\System32\ucrtbase.dll
0x00007ff96d760000 - 0x00007ff96d778000 	c:\Users\Yohan\.vscode\extensions\redhat.java-1.49.0-win32-x64\jre\21.0.9-win32-x86_64\bin\jli.dll
0x00007ff987720000 - 0x00007ff98773e000 	c:\Users\Yohan\.vscode\extensions\redhat.java-1.49.0-win32-x64\jre\21.0.9-win32-x86_64\bin\VCRUNTIME140.dll
0x00007ff9a6290000 - 0x00007ff9a6457000 	C:\WINDOWS\System32\USER32.dll
0x00007ff9a4ee0000 - 0x00007ff9a4f07000 	C:\WINDOWS\System32\win32u.dll
0x00007ff9a57c0000 - 0x00007ff9a57eb000 	C:\WINDOWS\System32\GDI32.dll
0x00007ff9882e0000 - 0x00007ff988574000 	C:\WINDOWS\WinSxS\amd64_microsoft.windows.common-controls_6595b64144ccf1df_6.0.26100.7019_none_3e06ffa0e335b8a8\COMCTL32.dll
0x00007ff9a5510000 - 0x00007ff9a563c000 	C:\WINDOWS\System32\gdi32full.dll
0x00007ff9a5940000 - 0x00007ff9a59e9000 	C:\WINDOWS\System32\msvcrt.dll
0x00007ff9a4f10000 - 0x00007ff9a4fb3000 	C:\WINDOWS\System32\msvcp_win.dll
0x00007ff9a7180000 - 0x00007ff9a71b1000 	C:\WINDOWS\System32\IMM32.DLL
0x00007ff98d830000 - 0x00007ff98d83c000 	c:\Users\Yohan\.vscode\extensions\redhat.java-1.49.0-win32-x64\jre\21.0.9-win32-x86_64\bin\vcruntime140_1.dll
0x00007ff93d7c0000 - 0x00007ff93d84d000 	c:\Users\Yohan\.vscode\extensions\redhat.java-1.49.0-win32-x64\jre\21.0.9-win32-x86_64\bin\msvcp140.dll
0x00007ff91f420000 - 0x00007ff9201c0000 	c:\Users\Yohan\.vscode\extensions\redhat.java-1.49.0-win32-x64\jre\21.0.9-win32-x86_64\bin\server\jvm.dll
0x00007ff9a71c0000 - 0x00007ff9a7274000 	C:\WINDOWS\System32\ADVAPI32.dll
0x00007ff9a7380000 - 0x00007ff9a7426000 	C:\WINDOWS\System32\sechost.dll
0x00007ff9a7430000 - 0x00007ff9a7548000 	C:\WINDOWS\System32\RPCRT4.dll
0x00007ff9a7100000 - 0x00007ff9a7174000 	C:\WINDOWS\System32\WS2_32.dll
0x00007ff9a3b00000 - 0x00007ff9a3b5e000 	C:\WINDOWS\SYSTEM32\POWRPROF.dll
0x00007ff998f50000 - 0x00007ff998f85000 	C:\WINDOWS\SYSTEM32\WINMM.dll
0x00007ff998b20000 - 0x00007ff998b2b000 	C:\WINDOWS\SYSTEM32\VERSION.dll
0x00007ff9a39c0000 - 0x00007ff9a39d4000 	C:\WINDOWS\SYSTEM32\UMPDC.dll
0x00007ff9a39e0000 - 0x00007ff9a39fb000 	C:\WINDOWS\SYSTEM32\kernel.appcore.dll
0x00007ff98d7a0000 - 0x00007ff98d7aa000 	c:\Users\Yohan\.vscode\extensions\redhat.java-1.49.0-win32-x64\jre\21.0.9-win32-x86_64\bin\jimage.dll
0x00007ff995a30000 - 0x00007ff995c72000 	C:\WINDOWS\SYSTEM32\DBGHELP.DLL
0x00007ff9a6540000 - 0x00007ff9a68cb000 	C:\WINDOWS\System32\combase.dll
0x00007ff9a6460000 - 0x00007ff9a6537000 	C:\WINDOWS\System32\OLEAUT32.dll
0x00007ff9839a0000 - 0x00007ff9839dc000 	C:\WINDOWS\SYSTEM32\dbgcore.DLL
0x00007ff9a4b70000 - 0x00007ff9a4c15000 	C:\WINDOWS\System32\bcryptPrimitives.dll
0x00007ff98d570000 - 0x00007ff98d57f000 	c:\Users\Yohan\.vscode\extensions\redhat.java-1.49.0-win32-x64\jre\21.0.9-win32-x86_64\bin\instrument.dll
0x00007ff963320000 - 0x00007ff963340000 	c:\Users\Yohan\.vscode\extensions\redhat.java-1.49.0-win32-x64\jre\21.0.9-win32-x86_64\bin\java.dll
0x00007ff9a69a0000 - 0x00007ff9a70ef000 	C:\WINDOWS\System32\SHELL32.dll
0x00007ff9a4c20000 - 0x00007ff9a4d8b000 	C:\WINDOWS\System32\wintypes.dll
0x00007ff9a2790000 - 0x00007ff9a2fed000 	C:\WINDOWS\SYSTEM32\windows.storage.dll
0x00007ff9a7280000 - 0x00007ff9a7372000 	C:\WINDOWS\System32\SHCORE.dll
0x00007ff9a6140000 - 0x00007ff9a61a7000 	C:\WINDOWS\System32\shlwapi.dll
0x00007ff9a4a90000 - 0x00007ff9a4ab9000 	C:\WINDOWS\SYSTEM32\profapi.dll
0x00007ff963d60000 - 0x00007ff963d78000 	c:\Users\Yohan\.vscode\extensions\redhat.java-1.49.0-win32-x64\jre\21.0.9-win32-x86_64\bin\zip.dll
0x00007ff98bd80000 - 0x00007ff98bd90000 	C:\Users\Yohan\.vscode\extensions\redhat.java-1.49.0-win32-x64\jre\21.0.9-win32-x86_64\bin\net.dll
0x00007ff9990a0000 - 0x00007ff9991c8000 	C:\WINDOWS\SYSTEM32\WINHTTP.dll
0x00007ff9a3fc0000 - 0x00007ff9a402b000 	C:\WINDOWS\system32\mswsock.dll
0x00007ff962ca0000 - 0x00007ff962cb6000 	C:\Users\Yohan\.vscode\extensions\redhat.java-1.49.0-win32-x64\jre\21.0.9-win32-x86_64\bin\nio.dll
0x00007ff98cda0000 - 0x00007ff98cdb0000 	c:\Users\Yohan\.vscode\extensions\redhat.java-1.49.0-win32-x64\jre\21.0.9-win32-x86_64\bin\verify.dll
0x00007ff93eb10000 - 0x00007ff93eb54000 	C:\Users\Yohan\AppData\Roaming\Code\User\globalStorage\redhat.java\1.49.0\config_win\org.eclipse.equinox.launcher\org.eclipse.equinox.launcher.win32.win32.x86_64_1.2.1400.v20250801-0854\eclipse_11916.dll
0x00007ff9a7610000 - 0x00007ff9a77a7000 	C:\WINDOWS\System32\ole32.dll
0x00007ff9a4280000 - 0x00007ff9a429b000 	C:\WINDOWS\SYSTEM32\CRYPTSP.dll
0x00007ff9a3920000 - 0x00007ff9a395a000 	C:\WINDOWS\system32\rsaenh.dll
0x00007ff9a4070000 - 0x00007ff9a409b000 	C:\WINDOWS\SYSTEM32\USERENV.dll
0x00007ff9a4a60000 - 0x00007ff9a4a8a000 	C:\WINDOWS\SYSTEM32\bcrypt.dll
0x00007ff9a42a0000 - 0x00007ff9a42ac000 	C:\WINDOWS\SYSTEM32\CRYPTBASE.dll
0x00007ff9a3320000 - 0x00007ff9a3354000 	C:\WINDOWS\SYSTEM32\IPHLPAPI.DLL
0x00007ff9a7580000 - 0x00007ff9a758a000 	C:\WINDOWS\System32\NSI.dll
0x00007ff93a5d0000 - 0x00007ff93a619000 	C:\Users\Yohan\AppData\Local\Temp\jna-85603231\jna802895266171356059.dll
0x00007ff9a59f0000 - 0x00007ff9a59f8000 	C:\WINDOWS\System32\PSAPI.DLL
0x00007ff99e920000 - 0x00007ff99e93e000 	C:\WINDOWS\SYSTEM32\dhcpcsvc6.DLL
0x00007ff99e510000 - 0x00007ff99e533000 	C:\WINDOWS\SYSTEM32\dhcpcsvc.DLL

JVMTI agents:
c:\Users\Yohan\.vscode\extensions\redhat.java-1.49.0-win32-x64\lombok\lombok-1.18.39-4050.jar path:c:\Users\Yohan\.vscode\extensions\redhat.java-1.49.0-win32-x64\jre\21.0.9-win32-x86_64\bin\instrument.dll, loaded, initialized, instrumentlib options:none

dbghelp: loaded successfully - version: 4.0.5 - missing functions: none
symbol engine: initialized successfully - sym options: 0x614 - pdb path: .;c:\Users\Yohan\.vscode\extensions\redhat.java-1.49.0-win32-x64\jre\21.0.9-win32-x86_64\bin;C:\WINDOWS\SYSTEM32;C:\WINDOWS\WinSxS\amd64_microsoft.windows.common-controls_6595b64144ccf1df_6.0.26100.7019_none_3e06ffa0e335b8a8;c:\Users\Yohan\.vscode\extensions\redhat.java-1.49.0-win32-x64\jre\21.0.9-win32-x86_64\bin\server;C:\Users\Yohan\AppData\Roaming\Code\User\globalStorage\redhat.java\1.49.0\config_win\org.eclipse.equinox.launcher\org.eclipse.equinox.launcher.win32.win32.x86_64_1.2.1400.v20250801-0854;C:\Users\Yohan\AppData\Local\Temp\jna-85603231

VM Arguments:
jvm_args: --add-modules=ALL-SYSTEM --add-opens=java.base/java.util=ALL-UNNAMED --add-opens=java.base/java.lang=ALL-UNNAMED --add-opens=java.base/sun.nio.fs=ALL-UNNAMED -Declipse.application=org.eclipse.jdt.ls.core.id1 -Dosgi.bundles.defaultStartLevel=4 -Declipse.product=org.eclipse.jdt.ls.core.product -Djava.import.generatesMetadataFilesAtProjectRoot=false -DDetectVMInstallationsJob.disabled=true -Dfile.encoding=utf8 -XX:+UseParallelGC -XX:GCTimeRatio=4 -XX:AdaptiveSizePolicyWeight=90 -Dsun.zip.disableMemoryMapping=true -Xmx2G -Xms100m -Xlog:disable -javaagent:c:\Users\Yohan\.vscode\extensions\redhat.java-1.49.0-win32-x64\lombok\lombok-1.18.39-4050.jar -XX:+HeapDumpOnOutOfMemoryError -XX:HeapDumpPath=c:\Users\Yohan\AppData\Roaming\Code\User\workspaceStorage\a26e054e6e5149c6cb18e9f8cb4f20ed\redhat.java -Daether.dependencyCollector.impl=bf 
java_command: c:\Users\Yohan\.vscode\extensions\redhat.java-1.49.0-win32-x64\server\plugins\org.eclipse.equinox.launcher_1.7.100.v20251111-0406.jar -configuration c:\Users\Yohan\AppData\Roaming\Code\User\globalStorage\redhat.java\1.49.0\config_win -data c:\Users\Yohan\AppData\Roaming\Code\User\workspaceStorage\a26e054e6e5149c6cb18e9f8cb4f20ed\redhat.java\jdt_ws --pipe=\\.\pipe\lsp-565edc93c713201f99db4b65005e761b-sock
java_class_path (initial): c:\Users\Yohan\.vscode\extensions\redhat.java-1.49.0-win32-x64\server\plugins\org.eclipse.equinox.launcher_1.7.100.v20251111-0406.jar
Launcher Type: SUN_STANDARD

[Global flags]
    uintx AdaptiveSizePolicyWeight                 = 90                                        {product} {command line}
     intx CICompilerCount                          = 12                                        {product} {ergonomic}
    uintx GCTimeRatio                              = 4                                         {product} {command line}
     bool HeapDumpOnOutOfMemoryError               = true                                   {manageable} {command line}
    ccstr HeapDumpPath                             = c:\Users\Yohan\AppData\Roaming\Code\User\workspaceStorage\a26e054e6e5149c6cb18e9f8cb4f20ed\redhat.java         {manageable} {command line}
   size_t InitialHeapSize                          = 104857600                                 {product} {command line}
   size_t MaxHeapSize                              = 2147483648                                {product} {command line}
   size_t MaxNewSize                               = 715653120                                 {product} {ergonomic}
   size_t MinHeapDeltaBytes                        = 524288                                    {product} {ergonomic}
   size_t MinHeapSize                              = 104857600                                 {product} {command line}
   size_t NewSize                                  = 34603008                                  {product} {ergonomic}
    uintx NonNMethodCodeHeapSize                   = 7602480                                {pd product} {ergonomic}
    uintx NonProfiledCodeHeapSize                  = 122027880                              {pd product} {ergonomic}
   size_t OldSize                                  = 70254592                                  {product} {ergonomic}
    uintx ProfiledCodeHeapSize                     = 122027880                              {pd product} {ergonomic}
    uintx ReservedCodeCacheSize                    = 251658240                              {pd product} {ergonomic}
     bool SegmentedCodeCache                       = true                                      {product} {ergonomic}
   size_t SoftMaxHeapSize                          = 2147483648                             {manageable} {ergonomic}
     bool UseCompressedOops                        = true                           {product lp64_product} {ergonomic}
     bool UseLargePagesIndividualAllocation        = false                                  {pd product} {ergonomic}
     bool UseParallelGC                            = true                                      {product} {command line}

Logging:
Log output configuration:
 #0: stdout all=off uptime,level,tags foldmultilines=false
 #1: stderr all=off uptime,level,tags foldmultilines=false

Release file:
JAVA_VERSION="21.0.9" 
MODULES="java.base java.compiler java.datatransfer java.xml java.prefs java.desktop java.instrument java.logging java.management java.security.sasl java.naming java.rmi java.management.rmi java.net.http java.scripting java.security.jgss java.transaction.xa java.sql java.sql.rowset java.xml.crypto java.se java.smartcardio jdk.accessibility jdk.internal.jvmstat jdk.attach jdk.charsets jdk.internal.opt jdk.zipfs jdk.compiler jdk.crypto.ec jdk.crypto.cryptoki jdk.crypto.mscapi jdk.dynalink jdk.internal.ed jdk.editpad jdk.hotspot.agent jdk.httpserver jdk.internal.le jdk.internal.vm.ci jdk.internal.vm.compiler jdk.internal.vm.compiler.management jdk.jartool jdk.javadoc jdk.jcmd jdk.management jdk.management.agent jdk.jconsole jdk.jdeps jdk.jdwp.agent jdk.jdi jdk.jfr jdk.jshell jdk.jsobject jdk.jstatd jdk.localedata jdk.management.jfr jdk.naming.dns jdk.naming.rmi jdk.net jdk.nio.mapmode jdk.random jdk.sctp jdk.security.auth jdk.security.jgss jdk.unsupported jdk.unsupported.desktop jdk.xml.dom" 

Environment Variables:
JAVA_HOME=C:\Program Files\Microsoft\jdk-17.0.14.7-hotspot\
PATH=C:\Program Files\Microsoft\jdk-17.0.14.7-hotspot\bin;C:\WINDOWS\system32;C:\WINDOWS;C:\WINDOWS\System32\Wbem;C:\WINDOWS\System32\WindowsPowerShell\v1.0\;C:\WINDOWS\System32\OpenSSH\;C:\Program Files (x86)\NVIDIA Corporation\PhysX\Common;C:\Program Files\NVIDIA Corporation\NVIDIA NvDLISR;C:\ProgramData\chocolatey\bin;C:\Program Files\Git\cmd;C:\Users\Yohan\AppData\Local\Android\Sdk;C:\Users\Yohan\AppData\Local\Android\Sdk\build-tools;C:\Users\Yohan\AppData\Local\Android\Sdk\platform-tools;C:\Users\Yohan\AppData\Local\Android\Sdk\platforms;C:\Users\Yohan\AppData\Local\Programs\Python\Python313;C:\Users\Yohan\AppData\Local\Programs\Python\Python313\Scripts;C:\Users\Yohan\AppData\Local\nvm;C:\nvm4w\nodejs;C:\Users\Yohan\AppData\Local\Pub\Cache\bin;C:\Program Files\MongoDB\Server\8.2\bin;C:\Program Files\Microsoft SQL Server\170\Tools\Binn\;C:\Program Files\Microsoft SQL Server\Client SDK\ODBC\170\Tools\Binn\;C:\Program Files\dotnet\;C:\Users\Yohan\.config\herd-lite\bin;C:\Users\Yohan\AppData\Local\Microsoft\WindowsApps;C:\Users\Yohan\AppData\Local\Programs\Microsoft VS Code\bin;C:\Users\Yohan\AppData\Roaming\npm;C:\Program Files\JetBrains\CLion 2024.3.4\bin;C:\Program Files\JetBrains\PyCharm 2023.1.3\bin;C:\Users\Yohan\AppData\Local\Android\Sdk;C:\Users\Yohan\AppData\Local\Android\Sdk\build-tools;C:\Users\Yohan\AppData\Local\Android\Sdk\platform-tools;C:\Users\Yohan\AppData\Local\Android\Sdk\platforms;C:\Users\Yohan\AppData\Local\Android\Sdk\platform-tools;C:\Users\Yohan\AppData\Local\Programs\Python\Python313;C:\Users\Yohan\AppData\Local\Programs\Python\Python313\Scripts;C:\Program Files\JetBrains\IntelliJ IDEA 2025.1.3\bin;C:\Users\Yohan\AppData\Local\GitHubDesktop\bin;C:\dev\flutter\bin;C:\Users\Yohan\AppData\Local\Programs\Swift\Runtimes\6.1.2\usr\bin\;C:\Users\Yohan\AppData\Local\Programs\Swift\Toolchains\6.1.2+Asserts\usr\bin\;C:\Program Files\JetBrains\JetBrains Rider 2025.1.4\bin;C:\Program Files\JetBrains\WebStorm 2025.1.3\bin;C:\Users\Yohan\AppData\Local\nvm;C:\nvm4w\nodejs;C:\Users\Yohan\AppData\Local\Programs\mongosh\;C:\Users\Yohan\.dotnet\tools
USERNAME=Yohan
OS=Windows_NT
PROCESSOR_IDENTIFIER=AMD64 Family 25 Model 117 Stepping 2, AuthenticAMD
TMP=C:\Users\Yohan\AppData\Local\Temp
TEMP=C:\Users\Yohan\AppData\Local\Temp




Periodic native trim disabled

---------------  S Y S T E M  ---------------

OS:
 Windows 11 , 64 bit Build 26100 (10.0.26100.7019)
OS uptime: 1 days 4:59 hours
Hyper-V role detected

CPU: total 16 (initial active 16) (16 cores per cpu, 2 threads per core) family 25 model 117 stepping 2 microcode 0xa70520a, cx8, cmov, fxsr, ht, mmx, 3dnowpref, sse, sse2, sse3, ssse3, sse4a, sse4.1, sse4.2, popcnt, lzcnt, tsc, tscinvbit, avx, avx2, aes, erms, clmul, bmi1, bmi2, adx, avx512f, avx512dq, avx512cd, avx512bw, avx512vl, sha, fma, vzeroupper, avx512_vpopcntdq, avx512_vpclmulqdq, avx512_vaes, avx512_vnni, clflush, clflushopt, avx512_vbmi2, avx512_vbmi, hv, rdtscp, rdpid, fsrm, gfni, avx512_bitalg, f16c, cet_ss, avx512_ifma
Processor Information for processor 0
  Max Mhz: 3801, Current Mhz: 3040, Mhz Limit: 3801
Processor Information for processor 1
  Max Mhz: 3801, Current Mhz: 3801, Mhz Limit: 3801
Processor Information for processor 2
  Max Mhz: 3801, Current Mhz: 3801, Mhz Limit: 3801
Processor Information for processor 3
  Max Mhz: 3801, Current Mhz: 3801, Mhz Limit: 3801
Processor Information for processor 4
  Max Mhz: 3801, Current Mhz: 3801, Mhz Limit: 3801
Processor Information for processor 5
  Max Mhz: 3801, Current Mhz: 3801, Mhz Limit: 3801
Processor Information for processor 6
  Max Mhz: 3801, Current Mhz: 3801, Mhz Limit: 3801
Processor Information for processor 7
  Max Mhz: 3801, Current Mhz: 3801, Mhz Limit: 3801
Processor Information for processor 8
  Max Mhz: 3801, Current Mhz: 3040, Mhz Limit: 3801
Processor Information for processor 9
  Max Mhz: 3801, Current Mhz: 3801, Mhz Limit: 3801
Processor Information for processor 10
  Max Mhz: 3801, Current Mhz: 3801, Mhz Limit: 3801
Processor Information for processor 11
  Max Mhz: 3801, Current Mhz: 3801, Mhz Limit: 3801
Processor Information for processor 12
  Max Mhz: 3801, Current Mhz: 3801, Mhz Limit: 3801
Processor Information for processor 13
  Max Mhz: 3801, Current Mhz: 3040, Mhz Limit: 3801
Processor Information for processor 14
  Max Mhz: 3801, Current Mhz: 3801, Mhz Limit: 3801
Processor Information for processor 15
  Max Mhz: 3801, Current Mhz: 3801, Mhz Limit: 3801

Memory: 4k page, system-wide physical 15631M (1199M free)
TotalPageFile size 62735M (AvailPageFile size 16M)
current process WorkingSet (physical memory assigned to process): 276M, peak: 276M
current process commit charge ("private bytes"): 405M, peak: 407M

vm_info: OpenJDK 64-Bit Server VM (21.0.9+10-LTS) for windows-amd64 JRE (21.0.9+10-LTS), built on 2025-10-21T00:00:00Z by "admin" with unknown MS VC++:1942

END.
