#
# There is insufficient memory for the Java Runtime Environment to continue.
# Native memory allocation (malloc) failed to allocate 1048576 bytes. Error detail: AllocateHeap
# Possible reasons:
#   The system is out of physical RAM or swap space
#   This process is running with CompressedOops enabled, and the Java Heap may be blocking the growth of the native heap
# Possible solutions:
#   Reduce memory load on the system
#   Increase physical memory or swap space
#   Check if swap backing store is full
#   Decrease Java heap size (-Xmx/-Xms)
#   Decrease number of Java threads
#   Decrease Java thread stack sizes (-Xss)
#   Set larger code cache with -XX:ReservedCodeCacheSize=
#   JVM is running with Unscaled Compressed Oops mode in which the Java heap is
#     placed in the first 4GB address space. The Java Heap base address is the
#     maximum limit for the native heap growth. Please use -XX:HeapBaseMinAddress
#     to set the Java Heap base and to place the Java Heap above 4GB virtual address.
# This output file may be truncated or incomplete.
#
#  Out of Memory Error (allocation.cpp:44), pid=12492, tid=20104
#
# JRE version: OpenJDK Runtime Environment Temurin-21.0.9+10 (21.0.9+10) (build 21.0.9+10-LTS)
# Java VM: OpenJDK 64-Bit Server VM Temurin-21.0.9+10 (21.0.9+10-LTS, mixed mode, sharing, tiered, compressed oops, compressed class ptrs, parallel gc, windows-amd64)
# No core dump will be written. Minidumps are not enabled by default on client versions of Windows
#

---------------  S U M M A R Y ------------

Command Line: --add-modules=ALL-SYSTEM --add-opens=java.base/java.util=ALL-UNNAMED --add-opens=java.base/java.lang=ALL-UNNAMED --add-opens=java.base/sun.nio.fs=ALL-UNNAMED -Declipse.application=org.eclipse.jdt.ls.core.id1 -Dosgi.bundles.defaultStartLevel=4 -Declipse.product=org.eclipse.jdt.ls.core.product -Djava.import.generatesMetadataFilesAtProjectRoot=false -DDetectVMInstallationsJob.disabled=true -Dfile.encoding=utf8 -XX:+UseParallelGC -XX:GCTimeRatio=4 -XX:AdaptiveSizePolicyWeight=90 -Dsun.zip.disableMemoryMapping=true -Xmx2G -Xms100m -Xlog:disable -javaagent:c:\Users\Yohan\.vscode\extensions\redhat.java-1.49.0-win32-x64\lombok\lombok-1.18.39-4050.jar -XX:+HeapDumpOnOutOfMemoryError -XX:HeapDumpPath=c:\Users\Yohan\AppData\Roaming\Code\User\workspaceStorage\a26e054e6e5149c6cb18e9f8cb4f20ed\redhat.java -Daether.dependencyCollector.impl=bf c:\Users\Yohan\.vscode\extensions\redhat.java-1.49.0-win32-x64\server\plugins\org.eclipse.equinox.launcher_1.7.100.v20251111-0406.jar -configuration c:\Users\Yohan\AppData\Roaming\Code\User\globalStorage\redhat.java\1.49.0\config_win -data c:\Users\Yohan\AppData\Roaming\Code\User\workspaceStorage\a26e054e6e5149c6cb18e9f8cb4f20ed\redhat.java\jdt_ws --pipe=\\.\pipe\lsp-fb0a484450655d36a3715fce3a58564d-sock

Host: AMD Ryzen 7 8845HS w/ Radeon 780M Graphics, 16 cores, 15G,  Windows 11 , 64 bit Build 26100 (10.0.26100.7019)
Time: Mon Nov 24 20:28:53 2025 GMT Standard Time elapsed time: 26778.430606 seconds (0d 7h 26m 18s)

---------------  T H R E A D  ---------------

Current thread (0x0000018d8d88aa90):  JavaThread "Attach Listener" daemon [_thread_in_vm, id=20104, stack(0x0000001894400000,0x0000001894500000) (1024K)]

Stack: [0x0000001894400000,0x0000001894500000]
Native frames: (J=compiled Java code, j=interpreted, Vv=VM code, C=native code)
V  [jvm.dll+0x6d6e29]
V  [jvm.dll+0x8b4b76]
V  [jvm.dll+0x8b712e]
V  [jvm.dll+0x8b7813]
V  [jvm.dll+0x283d86]
V  [jvm.dll+0xc1277]
V  [jvm.dll+0x6d76d9]
V  [jvm.dll+0x133466]
V  [jvm.dll+0x3f7ea6]
V  [jvm.dll+0x85e9ad]
V  [jvm.dll+0x6d565d]
C  [ucrtbase.dll+0x37b0]
C  [KERNEL32.DLL+0x2e8d7]
C  [ntdll.dll+0x8c53c]


---------------  P R O C E S S  ---------------

Threads class SMR info:
_java_thread_list=0x0000018dec0ab650, length=43, elements={
0x0000018d8d7e1d70, 0x0000018d8d8873b0, 0x0000018da428d360, 0x0000018d8d889f40,
0x0000018d8d88aa90, 0x0000018d8d88ebb0, 0x0000018d8d893a20, 0x0000018d8d8947a0,
0x0000018de66ee350, 0x0000018de68d71f0, 0x0000018dec0387c0, 0x0000018decb77160,
0x0000018decc95010, 0x0000018dec9e2020, 0x0000018de6808cd0, 0x0000018decdebdf0,
0x0000018dece68f60, 0x0000018dec2233e0, 0x0000018dec222d50, 0x0000018dec2226c0,
0x0000018dec223a70, 0x0000018defb21ce0, 0x0000018defb22370, 0x0000018defb24440,
0x0000018defb24ad0, 0x0000018defb23090, 0x0000018defb25e80, 0x0000018defb22a00,
0x0000018defb257f0, 0x0000018defb25160, 0x0000018defb26510, 0x0000018defb26ba0,
0x0000018defb23720, 0x0000018defb27230, 0x0000018defb23db0, 0x0000018defb27f50,
0x0000018defb278c0, 0x0000018defb28c70, 0x0000018defb285e0, 0x0000018defb29300,
0x0000018ded2ff0b0, 0x0000018df0a21600, 0x0000018df0a1c740
}

Java Threads: ( => current thread )
  0x0000018d8d7e1d70 JavaThread "main"                              [_thread_blocked, id=16460, stack(0x0000001893d00000,0x0000001893e00000) (1024K)]
  0x0000018d8d8873b0 JavaThread "Reference Handler"          daemon [_thread_blocked, id=10416, stack(0x0000001894100000,0x0000001894200000) (1024K)]
  0x0000018da428d360 JavaThread "Finalizer"                  daemon [_thread_blocked, id=26292, stack(0x0000001894200000,0x0000001894300000) (1024K)]
  0x0000018d8d889f40 JavaThread "Signal Dispatcher"          daemon [_thread_blocked, id=10736, stack(0x0000001894300000,0x0000001894400000) (1024K)]
=>0x0000018d8d88aa90 JavaThread "Attach Listener"            daemon [_thread_in_vm, id=20104, stack(0x0000001894400000,0x0000001894500000) (1024K)]
  0x0000018d8d88ebb0 JavaThread "Service Thread"             daemon [_thread_blocked, id=9912, stack(0x0000001894500000,0x0000001894600000) (1024K)]
  0x0000018d8d893a20 JavaThread "Monitor Deflation Thread"   daemon [_thread_blocked, id=5864, stack(0x0000001894600000,0x0000001894700000) (1024K)]
  0x0000018d8d8947a0 JavaThread "C2 CompilerThread0"         daemon [_thread_blocked, id=23928, stack(0x0000001894700000,0x0000001894800000) (1024K)]
  0x0000018de66ee350 JavaThread "C1 CompilerThread0"         daemon [_thread_blocked, id=20704, stack(0x0000001894800000,0x0000001894900000) (1024K)]
  0x0000018de68d71f0 JavaThread "Common-Cleaner"             daemon [_thread_blocked, id=20740, stack(0x0000001894c00000,0x0000001894d00000) (1024K)]
  0x0000018dec0387c0 JavaThread "Notification Thread"        daemon [_thread_blocked, id=11764, stack(0x0000001894d00000,0x0000001894e00000) (1024K)]
  0x0000018decb77160 JavaThread "Active Thread: Equinox Container: fc0247bc-bb08-4d18-a90a-3e5998c70016"        [_thread_blocked, id=17028, stack(0x0000001895600000,0x0000001895700000) (1024K)]
  0x0000018decc95010 JavaThread "Refresh Thread: Equinox Container: fc0247bc-bb08-4d18-a90a-3e5998c70016" daemon [_thread_blocked, id=14020, stack(0x0000001894900000,0x0000001894a00000) (1024K)]
  0x0000018dec9e2020 JavaThread "Framework Event Dispatcher: Equinox Container: fc0247bc-bb08-4d18-a90a-3e5998c70016" daemon [_thread_blocked, id=22428, stack(0x0000001894a00000,0x0000001894b00000) (1024K)]
  0x0000018de6808cd0 JavaThread "Start Level: Equinox Container: fc0247bc-bb08-4d18-a90a-3e5998c70016" daemon [_thread_blocked, id=26336, stack(0x0000001894e00000,0x0000001894f00000) (1024K)]
  0x0000018decdebdf0 JavaThread "Bundle File Closer"         daemon [_thread_blocked, id=24620, stack(0x0000001895a00000,0x0000001895b00000) (1024K)]
  0x0000018dece68f60 JavaThread "SCR Component Actor"        daemon [_thread_blocked, id=13428, stack(0x0000001895b00000,0x0000001895c00000) (1024K)]
  0x0000018dec2233e0 JavaThread "Worker-JM"                         [_thread_blocked, id=9888, stack(0x0000001895f00000,0x0000001896000000) (1024K)]
  0x0000018dec222d50 JavaThread "JNA Cleaner"                daemon [_thread_blocked, id=20376, stack(0x0000001896200000,0x0000001896300000) (1024K)]
  0x0000018dec2226c0 JavaThread "Java indexing"              daemon [_thread_blocked, id=9916, stack(0x0000001895e00000,0x0000001895f00000) (1024K)]
  0x0000018dec223a70 JavaThread "Thread-1"                   daemon [_thread_in_native, id=7100, stack(0x0000001896a00000,0x0000001896b00000) (1024K)]
  0x0000018defb21ce0 JavaThread "Thread-2"                   daemon [_thread_in_native, id=9700, stack(0x0000001896b00000,0x0000001896c00000) (1024K)]
  0x0000018defb22370 JavaThread "Thread-3"                   daemon [_thread_in_native, id=15500, stack(0x0000001896c00000,0x0000001896d00000) (1024K)]
  0x0000018defb24440 JavaThread "Thread-4"                   daemon [_thread_in_native, id=24544, stack(0x0000001896d00000,0x0000001896e00000) (1024K)]
  0x0000018defb24ad0 JavaThread "Thread-5"                   daemon [_thread_in_native, id=21380, stack(0x0000001896e00000,0x0000001896f00000) (1024K)]
  0x0000018defb23090 JavaThread "Thread-6"                   daemon [_thread_in_native, id=7484, stack(0x0000001896f00000,0x0000001897000000) (1024K)]
  0x0000018defb25e80 JavaThread "Thread-7"                   daemon [_thread_in_native, id=20404, stack(0x0000001897000000,0x0000001897100000) (1024K)]
  0x0000018defb22a00 JavaThread "Thread-8"                   daemon [_thread_in_native, id=3516, stack(0x0000001897100000,0x0000001897200000) (1024K)]
  0x0000018defb257f0 JavaThread "Thread-9"                   daemon [_thread_in_native, id=20156, stack(0x0000001897200000,0x0000001897300000) (1024K)]
  0x0000018defb25160 JavaThread "Thread-10"                  daemon [_thread_in_native, id=5776, stack(0x0000001897300000,0x0000001897400000) (1024K)]
  0x0000018defb26510 JavaThread "Thread-11"                  daemon [_thread_in_native, id=19452, stack(0x0000001897400000,0x0000001897500000) (1024K)]
  0x0000018defb26ba0 JavaThread "Thread-12"                  daemon [_thread_in_native, id=8112, stack(0x0000001897500000,0x0000001897600000) (1024K)]
  0x0000018defb23720 JavaThread "Thread-13"                  daemon [_thread_in_native, id=20456, stack(0x0000001897600000,0x0000001897700000) (1024K)]
  0x0000018defb27230 JavaThread "Thread-14"                  daemon [_thread_in_native, id=25272, stack(0x0000001897700000,0x0000001897800000) (1024K)]
  0x0000018defb23db0 JavaThread "Thread-15"                  daemon [_thread_in_native, id=17820, stack(0x0000001897800000,0x0000001897900000) (1024K)]
  0x0000018defb27f50 JavaThread "Thread-16"                  daemon [_thread_in_native, id=14208, stack(0x0000001897900000,0x0000001897a00000) (1024K)]
  0x0000018defb278c0 JavaThread "Thread-17"                  daemon [_thread_in_native, id=23072, stack(0x0000001897a00000,0x0000001897b00000) (1024K)]
  0x0000018defb28c70 JavaThread "pool-2-thread-1"                   [_thread_blocked, id=5760, stack(0x0000001897b00000,0x0000001897c00000) (1024K)]
  0x0000018defb285e0 JavaThread "WorkspaceEventsHandler"            [_thread_blocked, id=25532, stack(0x0000001897c00000,0x0000001897d00000) (1024K)]
  0x0000018defb29300 JavaThread "pool-1-thread-1"                   [_thread_blocked, id=4052, stack(0x0000001897d00000,0x0000001897e00000) (1024K)]
  0x0000018ded2ff0b0 JavaThread "Worker-4"                          [_thread_blocked, id=24884, stack(0x0000001897f00000,0x0000001898000000) (1024K)]
  0x0000018df0a21600 JavaThread "Timer-0"                           [_thread_blocked, id=14928, stack(0x0000001899400000,0x0000001899500000) (1024K)]
  0x0000018df0a1c740 JavaThread "Worker-6"                          [_thread_blocked, id=11748, stack(0x0000001893b00000,0x0000001893c00000) (1024K)]
Total: 43

Other Threads:
  0x0000018d8d882980 VMThread "VM Thread"                           [id=8652, stack(0x0000001894000000,0x0000001894100000) (1024K)]
  0x0000018d8d850f00 WatcherThread "VM Periodic Task Thread"        [id=7108, stack(0x0000001893f00000,0x0000001894000000) (1024K)]
  0x0000018d8d800190 WorkerThread "GC Thread#0"                     [id=24784, stack(0x0000001893e00000,0x0000001893f00000) (1024K)]
  0x0000018dec25c6b0 WorkerThread "GC Thread#1"                     [id=23924, stack(0x0000001894f00000,0x0000001895000000) (1024K)]
  0x0000018dec091cf0 WorkerThread "GC Thread#2"                     [id=16152, stack(0x0000001895000000,0x0000001895100000) (1024K)]
  0x0000018dec33c3d0 WorkerThread "GC Thread#3"                     [id=15336, stack(0x0000001895100000,0x0000001895200000) (1024K)]
  0x0000018dec33c770 WorkerThread "GC Thread#4"                     [id=24896, stack(0x0000001895200000,0x0000001895300000) (1024K)]
  0x0000018decb7d100 WorkerThread "GC Thread#5"                     [id=9520, stack(0x0000001895300000,0x0000001895400000) (1024K)]
  0x0000018decb7d8a0 WorkerThread "GC Thread#6"                     [id=17688, stack(0x0000001895400000,0x0000001895500000) (1024K)]
  0x0000018decab4090 WorkerThread "GC Thread#7"                     [id=20720, stack(0x0000001894b00000,0x0000001894c00000) (1024K)]
  0x0000018dec932510 WorkerThread "GC Thread#8"                     [id=23436, stack(0x0000001895700000,0x0000001895800000) (1024K)]
  0x0000018dec954510 WorkerThread "GC Thread#9"                     [id=8116, stack(0x0000001895800000,0x0000001895900000) (1024K)]
  0x0000018dec954170 WorkerThread "GC Thread#10"                    [id=11080, stack(0x0000001895900000,0x0000001895a00000) (1024K)]
  0x0000018dec954ff0 WorkerThread "GC Thread#11"                    [id=4940, stack(0x0000001895c00000,0x0000001895d00000) (1024K)]
  0x0000018dec9548b0 WorkerThread "GC Thread#12"                    [id=22136, stack(0x0000001896100000,0x0000001896200000) (1024K)]
Total: 15

Threads with active compile tasks:
Total: 0

VM state: not at safepoint (normal execution)

VM Mutex/Monitor currently owned by a thread: None

Heap address: 0x0000000080000000, size: 2048 MB, Compressed Oops mode: 32-bit

CDS archive(s) mapped at: [0x0000018da5000000-0x0000018da5ba0000-0x0000018da5ba0000), size 12189696, SharedBaseAddress: 0x0000018da5000000, ArchiveRelocationMode: 1.
Compressed class space mapped at: 0x0000018da6000000-0x0000018de6000000, reserved size: 1073741824
Narrow klass base: 0x0000018da5000000, Narrow klass shift: 0, Narrow klass range: 0x100000000

GC Precious Log:
 CardTable entry size: 512
 CPUs: 16 total, 16 available
 Memory: 15631M
 Large Page Support: Disabled
 NUMA Support: Disabled
 Compressed Oops: Enabled (32-bit)
 Alignments: Space 512K, Generation 512K, Heap 2M
 Heap Min Capacity: 100M
 Heap Initial Capacity: 100M
 Heap Max Capacity: 2G
 Pre-touch: Disabled
 Parallel Workers: 13

Heap:
 PSYoungGen      total 17408K, used 9298K [0x00000000d5580000, 0x00000000d6880000, 0x0000000100000000)
  eden space 16896K, 52% used [0x00000000d5580000,0x00000000d5e2cb38,0x00000000d6600000)
  from space 512K, 81% used [0x00000000d6780000,0x00000000d67e8000,0x00000000d6800000)
  to   space 512K, 0% used [0x00000000d6800000,0x00000000d6800000,0x00000000d6880000)
 ParOldGen       total 68608K, used 62193K [0x0000000080000000, 0x0000000084300000, 0x00000000d5580000)
  object space 68608K, 90% used [0x0000000080000000,0x0000000083cbc540,0x0000000084300000)
 Metaspace       used 64901K, committed 66368K, reserved 1114112K
  class space    used 7530K, committed 8192K, reserved 1048576K

Card table byte_map: [0x0000018d8d1b0000,0x0000018d8d5c0000] _byte_map_base: 0x0000018d8cdb0000

Marking Bits: (ParMarkBitMap*) 0x00007ff9200e2460
 Begin Bits: [0x0000018d9fc90000, 0x0000018da1c90000)
 End Bits:   [0x0000018da1c90000, 0x0000018da3c90000)

Polling page: 0x0000018d8cfa0000

Metaspace:

Usage:
  Non-class:     56.03 MB used.
      Class:      7.35 MB used.
       Both:     63.38 MB used.

Virtual space:
  Non-class space:       64.00 MB reserved,      56.81 MB ( 89%) committed,  1 nodes.
      Class space:        1.00 GB reserved,       8.00 MB ( <1%) committed,  1 nodes.
             Both:        1.06 GB reserved,      64.81 MB (  6%) committed. 

Chunk freelists:
   Non-Class:  6.25 MB
       Class:  8.04 MB
        Both:  14.29 MB

MaxMetaspaceSize: unlimited
CompressedClassSpaceSize: 1.00 GB
Initial GC threshold: 21.00 MB
Current GC threshold: 97.31 MB
CDS: on
 - commit_granule_bytes: 65536.
 - commit_granule_words: 8192.
 - virtual_space_node_default_size: 8388608.
 - enlarge_chunks_in_place: 1.
 - use_allocation_guard: 0.


Internal statistics:

num_allocs_failed_limit: 9.
num_arena_births: 1088.
num_arena_deaths: 14.
num_vsnodes_births: 2.
num_vsnodes_deaths: 0.
num_space_committed: 1037.
num_space_uncommitted: 0.
num_chunks_returned_to_freelist: 23.
num_chunks_taken_from_freelist: 3758.
num_chunk_merges: 14.
num_chunk_splits: 2412.
num_chunks_enlarged: 1510.
num_inconsistent_stats: 0.

CodeHeap 'non-profiled nmethods': size=119168Kb used=6061Kb max_used=6061Kb free=113106Kb
 bounds [0x0000018d98580000, 0x0000018d98b70000, 0x0000018d9f9e0000]
CodeHeap 'profiled nmethods': size=119104Kb used=19917Kb max_used=19917Kb free=99186Kb
 bounds [0x0000018d909e0000, 0x0000018d91d60000, 0x0000018d97e30000]
CodeHeap 'non-nmethods': size=7488Kb used=1437Kb max_used=3193Kb free=6050Kb
 bounds [0x0000018d97e30000, 0x0000018d981a0000, 0x0000018d98580000]
CodeCache: size=245760Kb, used=27415Kb, max_used=29171Kb, free=218342Kb
 total_blobs=10243, nmethods=9509, adapters=640, full_count=0
Compilation: enabled, stopped_count=0, restarted_count=0

Compilation events (20 events):
Event: 21416.580 Thread 0x0000018de66ee350 10319   !   3       org.eclipse.lsp4j.jsonrpc.json.StreamMessageProducer::handleMessage (137 bytes)
Event: 21416.595 Thread 0x0000018de66ee350 nmethod 10319 0x0000018d91d4e010 code [0x0000018d91d4e3a0, 0x0000018d91d4fa40]
Event: 21422.171 Thread 0x0000018de66ee350 10325       3       org.eclipse.lsp4j.jsonrpc.json.adapters.MessageTypeAdapter::fromJson (23 bytes)
Event: 21422.174 Thread 0x0000018de66ee350 nmethod 10325 0x0000018d91d50710 code [0x0000018d91d50900, 0x0000018d91d50d48]
Event: 21422.174 Thread 0x0000018de66ee350 10326       3       org.eclipse.lsp4j.jsonrpc.json.adapters.MessageTypeAdapter::isNullOrVoidType (16 bytes)
Event: 21422.174 Thread 0x0000018de66ee350 nmethod 10326 0x0000018d91d50f10 code [0x0000018d91d510c0, 0x0000018d91d51258]
Event: 21429.851 Thread 0x0000018d8d8947a0 10327 % !   4       java.io.InputStream::read @ 37 (81 bytes)
Event: 21429.892 Thread 0x0000018d8d8947a0 nmethod 10327% 0x0000018d98b66b90 code [0x0000018d98b66e00, 0x0000018d98b67668]
Event: 21433.839 Thread 0x0000018d8d8947a0 10328       4       java.net.URI::equalIgnoringCase (68 bytes)
Event: 21433.841 Thread 0x0000018d8d8947a0 nmethod 10328 0x0000018d98b67c90 code [0x0000018d98b67e60, 0x0000018d98b68260]
Event: 21542.138 Thread 0x0000018d8d8947a0 10329       4       org.eclipse.core.internal.resources.Container::findMember (43 bytes)
Event: 21542.185 Thread 0x0000018d8d8947a0 nmethod 10329 0x0000018d98b68610 code [0x0000018d98b688a0, 0x0000018d98b69180]
Event: 21554.015 Thread 0x0000018d8d8947a0 10330       4       org.eclipse.core.resources.ResourcesPlugin::getWorkspace (44 bytes)
Event: 21554.021 Thread 0x0000018d8d8947a0 nmethod 10330 0x0000018d98b69a10 code [0x0000018d98b69ba0, 0x0000018d98b69c68]
Event: 22816.692 Thread 0x0000018de66ee350 10331       3       org.eclipse.core.runtime.jobs.Job::<init> (6 bytes)
Event: 22816.706 Thread 0x0000018de66ee350 nmethod 10331 0x0000018d91d51310 code [0x0000018d91d514c0, 0x0000018d91d515f8]
Event: 25361.082 Thread 0x0000018d8d8947a0 10332 % !   4       java.util.TimerThread::mainLoop @ 0 (232 bytes)
Event: 25361.245 Thread 0x0000018d8d8947a0 nmethod 10332% 0x0000018d98b69d90 code [0x0000018d98b69fe0, 0x0000018d98b6ab08]
Event: 25516.914 Thread 0x0000018de66ee350 10333   !   3       org.eclipse.core.internal.jobs.JobManager::findBlockingJob (179 bytes)
Event: 25516.939 Thread 0x0000018de66ee350 nmethod 10333 0x0000018d91d51690 code [0x0000018d91d519c0, 0x0000018d91d52f28]

GC Heap History (20 events):
Event: 19.474 GC heap before
{Heap before GC invocations=41 (full 3):
 PSYoungGen      total 19456K, used 18993K [0x00000000d5580000, 0x00000000d6b80000, 0x0000000100000000)
  eden space 16896K, 100% used [0x00000000d5580000,0x00000000d6600000,0x00000000d6600000)
  from space 2560K, 81% used [0x00000000d6680000,0x00000000d688c410,0x00000000d6900000)
  to   space 2560K, 0% used [0x00000000d6900000,0x00000000d6900000,0x00000000d6b80000)
 ParOldGen       total 68608K, used 50140K [0x0000000080000000, 0x0000000084300000, 0x00000000d5580000)
  object space 68608K, 73% used [0x0000000080000000,0x00000000830f71a0,0x0000000084300000)
 Metaspace       used 62326K, committed 63744K, reserved 1114112K
  class space    used 7325K, committed 7936K, reserved 1048576K
}
Event: 19.476 GC heap after
{Heap after GC invocations=41 (full 3):
 PSYoungGen      total 19456K, used 2306K [0x00000000d5580000, 0x00000000d6b80000, 0x0000000100000000)
  eden space 16896K, 0% used [0x00000000d5580000,0x00000000d5580000,0x00000000d6600000)
  from space 2560K, 90% used [0x00000000d6900000,0x00000000d6b40810,0x00000000d6b80000)
  to   space 2560K, 0% used [0x00000000d6680000,0x00000000d6680000,0x00000000d6900000)
 ParOldGen       total 68608K, used 51999K [0x0000000080000000, 0x0000000084300000, 0x00000000d5580000)
  object space 68608K, 75% used [0x0000000080000000,0x00000000832c7e80,0x0000000084300000)
 Metaspace       used 62326K, committed 63744K, reserved 1114112K
  class space    used 7325K, committed 7936K, reserved 1048576K
}
Event: 19.502 GC heap before
{Heap before GC invocations=42 (full 3):
 PSYoungGen      total 19456K, used 19202K [0x00000000d5580000, 0x00000000d6b80000, 0x0000000100000000)
  eden space 16896K, 100% used [0x00000000d5580000,0x00000000d6600000,0x00000000d6600000)
  from space 2560K, 90% used [0x00000000d6900000,0x00000000d6b40810,0x00000000d6b80000)
  to   space 2560K, 0% used [0x00000000d6680000,0x00000000d6680000,0x00000000d6900000)
 ParOldGen       total 68608K, used 51999K [0x0000000080000000, 0x0000000084300000, 0x00000000d5580000)
  object space 68608K, 75% used [0x0000000080000000,0x00000000832c7e80,0x0000000084300000)
 Metaspace       used 62335K, committed 63744K, reserved 1114112K
  class space    used 7325K, committed 7936K, reserved 1048576K
}
Event: 19.504 GC heap after
{Heap after GC invocations=42 (full 3):
 PSYoungGen      total 18944K, used 1924K [0x00000000d5580000, 0x00000000d6b00000, 0x0000000100000000)
  eden space 16896K, 0% used [0x00000000d5580000,0x00000000d5580000,0x00000000d6600000)
  from space 2048K, 93% used [0x00000000d6680000,0x00000000d6861000,0x00000000d6880000)
  to   space 2560K, 0% used [0x00000000d6880000,0x00000000d6880000,0x00000000d6b00000)
 ParOldGen       total 68608K, used 54047K [0x0000000080000000, 0x0000000084300000, 0x00000000d5580000)
  object space 68608K, 78% used [0x0000000080000000,0x00000000834c7e90,0x0000000084300000)
 Metaspace       used 62335K, committed 63744K, reserved 1114112K
  class space    used 7325K, committed 7936K, reserved 1048576K
}
Event: 19.532 GC heap before
{Heap before GC invocations=43 (full 3):
 PSYoungGen      total 18944K, used 18820K [0x00000000d5580000, 0x00000000d6b00000, 0x0000000100000000)
  eden space 16896K, 100% used [0x00000000d5580000,0x00000000d6600000,0x00000000d6600000)
  from space 2048K, 93% used [0x00000000d6680000,0x00000000d6861000,0x00000000d6880000)
  to   space 2560K, 0% used [0x00000000d6880000,0x00000000d6880000,0x00000000d6b00000)
 ParOldGen       total 68608K, used 54047K [0x0000000080000000, 0x0000000084300000, 0x00000000d5580000)
  object space 68608K, 78% used [0x0000000080000000,0x00000000834c7e90,0x0000000084300000)
 Metaspace       used 62337K, committed 63744K, reserved 1114112K
  class space    used 7325K, committed 7936K, reserved 1048576K
}
Event: 19.533 GC heap after
{Heap after GC invocations=43 (full 3):
 PSYoungGen      total 18944K, used 1824K [0x00000000d5580000, 0x00000000d6a80000, 0x0000000100000000)
  eden space 16896K, 0% used [0x00000000d5580000,0x00000000d5580000,0x00000000d6600000)
  from space 2048K, 89% used [0x00000000d6880000,0x00000000d6a48000,0x00000000d6a80000)
  to   space 2048K, 0% used [0x00000000d6680000,0x00000000d6680000,0x00000000d6880000)
 ParOldGen       total 68608K, used 55781K [0x0000000080000000, 0x0000000084300000, 0x00000000d5580000)
  object space 68608K, 81% used [0x0000000080000000,0x00000000836794b8,0x0000000084300000)
 Metaspace       used 62337K, committed 63744K, reserved 1114112K
  class space    used 7325K, committed 7936K, reserved 1048576K
}
Event: 19.563 GC heap before
{Heap before GC invocations=44 (full 3):
 PSYoungGen      total 18944K, used 18720K [0x00000000d5580000, 0x00000000d6a80000, 0x0000000100000000)
  eden space 16896K, 100% used [0x00000000d5580000,0x00000000d6600000,0x00000000d6600000)
  from space 2048K, 89% used [0x00000000d6880000,0x00000000d6a48000,0x00000000d6a80000)
  to   space 2048K, 0% used [0x00000000d6680000,0x00000000d6680000,0x00000000d6880000)
 ParOldGen       total 68608K, used 55781K [0x0000000080000000, 0x0000000084300000, 0x00000000d5580000)
  object space 68608K, 81% used [0x0000000080000000,0x00000000836794b8,0x0000000084300000)
 Metaspace       used 62368K, committed 63808K, reserved 1114112K
  class space    used 7326K, committed 7936K, reserved 1048576K
}
Event: 19.565 GC heap after
{Heap after GC invocations=44 (full 3):
 PSYoungGen      total 18944K, used 2016K [0x00000000d5580000, 0x00000000d6b00000, 0x0000000100000000)
  eden space 16896K, 0% used [0x00000000d5580000,0x00000000d5580000,0x00000000d6600000)
  from space 2048K, 98% used [0x00000000d6680000,0x00000000d6878010,0x00000000d6880000)
  to   space 2560K, 0% used [0x00000000d6880000,0x00000000d6880000,0x00000000d6b00000)
 ParOldGen       total 68608K, used 57501K [0x0000000080000000, 0x0000000084300000, 0x00000000d5580000)
  object space 68608K, 83% used [0x0000000080000000,0x00000000838274b8,0x0000000084300000)
 Metaspace       used 62368K, committed 63808K, reserved 1114112K
  class space    used 7326K, committed 7936K, reserved 1048576K
}
Event: 19.606 GC heap before
{Heap before GC invocations=45 (full 3):
 PSYoungGen      total 18944K, used 18912K [0x00000000d5580000, 0x00000000d6b00000, 0x0000000100000000)
  eden space 16896K, 100% used [0x00000000d5580000,0x00000000d6600000,0x00000000d6600000)
  from space 2048K, 98% used [0x00000000d6680000,0x00000000d6878010,0x00000000d6880000)
  to   space 2560K, 0% used [0x00000000d6880000,0x00000000d6880000,0x00000000d6b00000)
 ParOldGen       total 68608K, used 57501K [0x0000000080000000, 0x0000000084300000, 0x00000000d5580000)
  object space 68608K, 83% used [0x0000000080000000,0x00000000838274b8,0x0000000084300000)
 Metaspace       used 62535K, committed 63936K, reserved 1114112K
  class space    used 7340K, committed 7936K, reserved 1048576K
}
Event: 19.607 GC heap after
{Heap after GC invocations=45 (full 3):
 PSYoungGen      total 18944K, used 1664K [0x00000000d5580000, 0x00000000d6a80000, 0x0000000100000000)
  eden space 16896K, 0% used [0x00000000d5580000,0x00000000d5580000,0x00000000d6600000)
  from space 2048K, 81% used [0x00000000d6880000,0x00000000d6a20000,0x00000000d6a80000)
  to   space 2048K, 0% used [0x00000000d6680000,0x00000000d6680000,0x00000000d6880000)
 ParOldGen       total 68608K, used 59325K [0x0000000080000000, 0x0000000084300000, 0x00000000d5580000)
  object space 68608K, 86% used [0x0000000080000000,0x00000000839ef4c8,0x0000000084300000)
 Metaspace       used 62535K, committed 63936K, reserved 1114112K
  class space    used 7340K, committed 7936K, reserved 1048576K
}
Event: 99.081 GC heap before
{Heap before GC invocations=46 (full 3):
 PSYoungGen      total 18944K, used 18560K [0x00000000d5580000, 0x00000000d6a80000, 0x0000000100000000)
  eden space 16896K, 100% used [0x00000000d5580000,0x00000000d6600000,0x00000000d6600000)
  from space 2048K, 81% used [0x00000000d6880000,0x00000000d6a20000,0x00000000d6a80000)
  to   space 2048K, 0% used [0x00000000d6680000,0x00000000d6680000,0x00000000d6880000)
 ParOldGen       total 68608K, used 59325K [0x0000000080000000, 0x0000000084300000, 0x00000000d5580000)
  object space 68608K, 86% used [0x0000000080000000,0x00000000839ef4c8,0x0000000084300000)
 Metaspace       used 64003K, committed 65536K, reserved 1114112K
  class space    used 7499K, committed 8192K, reserved 1048576K
}
Event: 99.083 GC heap after
{Heap after GC invocations=46 (full 3):
 PSYoungGen      total 18432K, used 1081K [0x00000000d5580000, 0x00000000d6900000, 0x0000000100000000)
  eden space 16896K, 0% used [0x00000000d5580000,0x00000000d5580000,0x00000000d6600000)
  from space 1536K, 70% used [0x00000000d6680000,0x00000000d678e4d0,0x00000000d6800000)
  to   space 1024K, 0% used [0x00000000d6800000,0x00000000d6800000,0x00000000d6900000)
 ParOldGen       total 68608K, used 60874K [0x0000000080000000, 0x0000000084300000, 0x00000000d5580000)
  object space 68608K, 88% used [0x0000000080000000,0x0000000083b72a40,0x0000000084300000)
 Metaspace       used 64003K, committed 65536K, reserved 1114112K
  class space    used 7499K, committed 8192K, reserved 1048576K
}
Event: 10410.930 GC heap before
{Heap before GC invocations=47 (full 3):
 PSYoungGen      total 18432K, used 17977K [0x00000000d5580000, 0x00000000d6900000, 0x0000000100000000)
  eden space 16896K, 100% used [0x00000000d5580000,0x00000000d6600000,0x00000000d6600000)
  from space 1536K, 70% used [0x00000000d6680000,0x00000000d678e4d0,0x00000000d6800000)
  to   space 1024K, 0% used [0x00000000d6800000,0x00000000d6800000,0x00000000d6900000)
 ParOldGen       total 68608K, used 60874K [0x0000000080000000, 0x0000000084300000, 0x00000000d5580000)
  object space 68608K, 88% used [0x0000000080000000,0x0000000083b72a40,0x0000000084300000)
 Metaspace       used 64468K, committed 65920K, reserved 1114112K
  class space    used 7526K, committed 8192K, reserved 1048576K
}
Event: 10411.029 GC heap after
{Heap after GC invocations=47 (full 3):
 PSYoungGen      total 17408K, used 416K [0x00000000d5580000, 0x00000000d6880000, 0x0000000100000000)
  eden space 16896K, 0% used [0x00000000d5580000,0x00000000d5580000,0x00000000d6600000)
  from space 512K, 81% used [0x00000000d6800000,0x00000000d6868000,0x00000000d6880000)
  to   space 1024K, 0% used [0x00000000d6680000,0x00000000d6680000,0x00000000d6780000)
 ParOldGen       total 68608K, used 61817K [0x0000000080000000, 0x0000000084300000, 0x00000000d5580000)
  object space 68608K, 90% used [0x0000000080000000,0x0000000083c5e540,0x0000000084300000)
 Metaspace       used 64468K, committed 65920K, reserved 1114112K
  class space    used 7526K, committed 8192K, reserved 1048576K
}
Event: 12715.530 GC heap before
{Heap before GC invocations=48 (full 3):
 PSYoungGen      total 17408K, used 17312K [0x00000000d5580000, 0x00000000d6880000, 0x0000000100000000)
  eden space 16896K, 100% used [0x00000000d5580000,0x00000000d6600000,0x00000000d6600000)
  from space 512K, 81% used [0x00000000d6800000,0x00000000d6868000,0x00000000d6880000)
  to   space 1024K, 0% used [0x00000000d6680000,0x00000000d6680000,0x00000000d6780000)
 ParOldGen       total 68608K, used 61817K [0x0000000080000000, 0x0000000084300000, 0x00000000d5580000)
  object space 68608K, 90% used [0x0000000080000000,0x0000000083c5e540,0x0000000084300000)
 Metaspace       used 64630K, committed 66048K, reserved 1114112K
  class space    used 7526K, committed 8192K, reserved 1048576K
}
Event: 12715.571 GC heap after
{Heap after GC invocations=48 (full 3):
 PSYoungGen      total 17920K, used 416K [0x00000000d5580000, 0x00000000d6880000, 0x0000000100000000)
  eden space 16896K, 0% used [0x00000000d5580000,0x00000000d5580000,0x00000000d6600000)
  from space 1024K, 40% used [0x00000000d6680000,0x00000000d66e8000,0x00000000d6780000)
  to   space 512K, 0% used [0x00000000d6800000,0x00000000d6800000,0x00000000d6880000)
 ParOldGen       total 68608K, used 62025K [0x0000000080000000, 0x0000000084300000, 0x00000000d5580000)
  object space 68608K, 90% used [0x0000000080000000,0x0000000083c92540,0x0000000084300000)
 Metaspace       used 64630K, committed 66048K, reserved 1114112K
  class space    used 7526K, committed 8192K, reserved 1048576K
}
Event: 17632.184 GC heap before
{Heap before GC invocations=49 (full 3):
 PSYoungGen      total 17920K, used 17312K [0x00000000d5580000, 0x00000000d6880000, 0x0000000100000000)
  eden space 16896K, 100% used [0x00000000d5580000,0x00000000d6600000,0x00000000d6600000)
  from space 1024K, 40% used [0x00000000d6680000,0x00000000d66e8000,0x00000000d6780000)
  to   space 512K, 0% used [0x00000000d6800000,0x00000000d6800000,0x00000000d6880000)
 ParOldGen       total 68608K, used 62025K [0x0000000080000000, 0x0000000084300000, 0x00000000d5580000)
  object space 68608K, 90% used [0x0000000080000000,0x0000000083c92540,0x0000000084300000)
 Metaspace       used 64733K, committed 66240K, reserved 1114112K
  class space    used 7528K, committed 8192K, reserved 1048576K
}
Event: 17632.228 GC heap after
{Heap after GC invocations=49 (full 3):
 PSYoungGen      total 17408K, used 384K [0x00000000d5580000, 0x00000000d6880000, 0x0000000100000000)
  eden space 16896K, 0% used [0x00000000d5580000,0x00000000d5580000,0x00000000d6600000)
  from space 512K, 75% used [0x00000000d6800000,0x00000000d6860000,0x00000000d6880000)
  to   space 512K, 0% used [0x00000000d6780000,0x00000000d6780000,0x00000000d6800000)
 ParOldGen       total 68608K, used 62097K [0x0000000080000000, 0x0000000084300000, 0x00000000d5580000)
  object space 68608K, 90% used [0x0000000080000000,0x0000000083ca4540,0x0000000084300000)
 Metaspace       used 64733K, committed 66240K, reserved 1114112K
  class space    used 7528K, committed 8192K, reserved 1048576K
}
Event: 20507.610 GC heap before
{Heap before GC invocations=50 (full 3):
 PSYoungGen      total 17408K, used 17280K [0x00000000d5580000, 0x00000000d6880000, 0x0000000100000000)
  eden space 16896K, 100% used [0x00000000d5580000,0x00000000d6600000,0x00000000d6600000)
  from space 512K, 75% used [0x00000000d6800000,0x00000000d6860000,0x00000000d6880000)
  to   space 512K, 0% used [0x00000000d6780000,0x00000000d6780000,0x00000000d6800000)
 ParOldGen       total 68608K, used 62097K [0x0000000080000000, 0x0000000084300000, 0x00000000d5580000)
  object space 68608K, 90% used [0x0000000080000000,0x0000000083ca4540,0x0000000084300000)
 Metaspace       used 64831K, committed 66304K, reserved 1114112K
  class space    used 7530K, committed 8192K, reserved 1048576K
}
Event: 20507.660 GC heap after
{Heap after GC invocations=50 (full 3):
 PSYoungGen      total 17408K, used 416K [0x00000000d5580000, 0x00000000d6880000, 0x0000000100000000)
  eden space 16896K, 0% used [0x00000000d5580000,0x00000000d5580000,0x00000000d6600000)
  from space 512K, 81% used [0x00000000d6780000,0x00000000d67e8000,0x00000000d6800000)
  to   space 512K, 0% used [0x00000000d6800000,0x00000000d6800000,0x00000000d6880000)
 ParOldGen       total 68608K, used 62193K [0x0000000080000000, 0x0000000084300000, 0x00000000d5580000)
  object space 68608K, 90% used [0x0000000080000000,0x0000000083cbc540,0x0000000084300000)
 Metaspace       used 64831K, committed 66304K, reserved 1114112K
  class space    used 7530K, committed 8192K, reserved 1048576K
}

Dll operation events (15 events):
Event: 0.128 Loaded shared library c:\Users\Yohan\.vscode\extensions\redhat.java-1.49.0-win32-x64\jre\21.0.9-win32-x86_64\bin\java.dll
Event: 0.266 Loaded shared library c:\Users\Yohan\.vscode\extensions\redhat.java-1.49.0-win32-x64\jre\21.0.9-win32-x86_64\bin\zip.dll
Event: 0.287 Loaded shared library C:\Users\Yohan\.vscode\extensions\redhat.java-1.49.0-win32-x64\jre\21.0.9-win32-x86_64\bin\instrument.dll
Event: 0.338 Loaded shared library C:\Users\Yohan\.vscode\extensions\redhat.java-1.49.0-win32-x64\jre\21.0.9-win32-x86_64\bin\net.dll
Event: 0.393 Loaded shared library C:\Users\Yohan\.vscode\extensions\redhat.java-1.49.0-win32-x64\jre\21.0.9-win32-x86_64\bin\nio.dll
Event: 0.396 Loaded shared library C:\Users\Yohan\.vscode\extensions\redhat.java-1.49.0-win32-x64\jre\21.0.9-win32-x86_64\bin\zip.dll
Event: 0.415 Loaded shared library C:\Users\Yohan\.vscode\extensions\redhat.java-1.49.0-win32-x64\jre\21.0.9-win32-x86_64\bin\jimage.dll
Event: 0.522 Loaded shared library c:\Users\Yohan\.vscode\extensions\redhat.java-1.49.0-win32-x64\jre\21.0.9-win32-x86_64\bin\verify.dll
Event: 6.270 Loaded shared library C:\Users\Yohan\AppData\Roaming\Code\User\globalStorage\redhat.java\1.49.0\config_win\org.eclipse.equinox.launcher\org.eclipse.equinox.launcher.win32.win32.x86_64_1.2.1400.v20250801-0854\eclipse_11916.dll
Event: 14.873 Loaded shared library C:\Users\Yohan\AppData\Local\Temp\jna-85603231\jna8247869667067857784.dll
Event: 16.070 Loaded shared library C:\Users\Yohan\.vscode\extensions\redhat.java-1.49.0-win32-x64\jre\21.0.9-win32-x86_64\bin\sunmscapi.dll
Event: 16.118 Loaded shared library C:\Users\Yohan\.vscode\extensions\redhat.java-1.49.0-win32-x64\jre\21.0.9-win32-x86_64\bin\extnet.dll
Event: 18.040 Loaded shared library C:\Users\Yohan\.gradle\native\1def1411415f61bf3af743bc5b6707747c0891f09f0c88961ee8f79bc544acac\windows-amd64\native-platform.dll
Event: 18.849 Loaded shared library C:\Users\Yohan\.vscode\extensions\redhat.java-1.49.0-win32-x64\jre\21.0.9-win32-x86_64\bin\management.dll
Event: 18.851 Loaded shared library C:\Users\Yohan\.vscode\extensions\redhat.java-1.49.0-win32-x64\jre\21.0.9-win32-x86_64\bin\management_ext.dll

Deoptimization events (20 events):
Event: 8415.374 Thread 0x0000018ded2ff0b0 DEOPT PACKING pc=0x0000018d98ac378c sp=0x0000001897ffecc0
Event: 8415.374 Thread 0x0000018ded2ff0b0 DEOPT UNPACKING pc=0x0000018d97e86da2 sp=0x0000001897ffec88 mode 2
Event: 8415.375 Thread 0x0000018ded2ff0b0 Uncommon trap: trap_request=0xffffffde fr.pc=0x0000018d98ac378c relative=0x000000000000048c
Event: 8415.375 Thread 0x0000018ded2ff0b0 Uncommon trap: reason=class_check action=maybe_recompile pc=0x0000018d98ac378c method=org.eclipse.core.internal.dtree.AbstractDataTreeNode.storeStrings(Lorg/eclipse/core/internal/utils/StringPool;)V @ 31 c2
Event: 8415.375 Thread 0x0000018ded2ff0b0 DEOPT PACKING pc=0x0000018d98ac378c sp=0x0000001897ffec40
Event: 8415.375 Thread 0x0000018ded2ff0b0 DEOPT UNPACKING pc=0x0000018d97e86da2 sp=0x0000001897ffec08 mode 2
Event: 8415.375 Thread 0x0000018ded2ff0b0 Uncommon trap: trap_request=0xffffffde fr.pc=0x0000018d98ac378c relative=0x000000000000048c
Event: 8415.375 Thread 0x0000018ded2ff0b0 Uncommon trap: reason=class_check action=maybe_recompile pc=0x0000018d98ac378c method=org.eclipse.core.internal.dtree.AbstractDataTreeNode.storeStrings(Lorg/eclipse/core/internal/utils/StringPool;)V @ 31 c2
Event: 8415.375 Thread 0x0000018ded2ff0b0 DEOPT PACKING pc=0x0000018d98ac378c sp=0x0000001897ffebc0
Event: 8415.375 Thread 0x0000018ded2ff0b0 DEOPT UNPACKING pc=0x0000018d97e86da2 sp=0x0000001897ffeb88 mode 2
Event: 8415.375 Thread 0x0000018ded2ff0b0 Uncommon trap: trap_request=0xffffffde fr.pc=0x0000018d98ac378c relative=0x000000000000048c
Event: 8415.375 Thread 0x0000018ded2ff0b0 Uncommon trap: reason=class_check action=maybe_recompile pc=0x0000018d98ac378c method=org.eclipse.core.internal.dtree.AbstractDataTreeNode.storeStrings(Lorg/eclipse/core/internal/utils/StringPool;)V @ 31 c2
Event: 8415.375 Thread 0x0000018ded2ff0b0 DEOPT PACKING pc=0x0000018d98ac378c sp=0x0000001897ffeb40
Event: 8415.375 Thread 0x0000018ded2ff0b0 DEOPT UNPACKING pc=0x0000018d97e86da2 sp=0x0000001897ffeb08 mode 2
Event: 8462.643 Thread 0x0000018ded2ff0b0 Uncommon trap: trap_request=0xffffff45 fr.pc=0x0000018d98ac90ec relative=0x000000000000040c
Event: 8462.644 Thread 0x0000018ded2ff0b0 Uncommon trap: reason=unstable_if action=reinterpret pc=0x0000018d98ac90ec method=org.eclipse.core.internal.resources.SaveManager.lambda$11(Lorg/eclipse/core/internal/resources/MarkerManager;Ljava/io/DataOutputStream;[JLjava/io/DataOutputStream;Lorg/eclip
Event: 8462.644 Thread 0x0000018ded2ff0b0 DEOPT PACKING pc=0x0000018d98ac90ec sp=0x0000001897ffed50
Event: 8462.644 Thread 0x0000018ded2ff0b0 DEOPT UNPACKING pc=0x0000018d97e86da2 sp=0x0000001897ffec70 mode 2
Event: 13427.067 Thread 0x0000018ded2ff0b0 DEOPT PACKING pc=0x0000018d91b55886 sp=0x0000001897ffe6c0
Event: 13427.069 Thread 0x0000018ded2ff0b0 DEOPT UNPACKING pc=0x0000018d97e878e2 sp=0x0000001897ffdc18 mode 0

Classes loaded (20 events):
Event: 378.324 Loading class java/util/stream/Nodes$CollectorTask$OfRef
Event: 378.325 Loading class java/util/stream/Nodes$CollectorTask
Event: 378.327 Loading class java/util/stream/Nodes$CollectorTask done
Event: 378.327 Loading class java/util/stream/Nodes$CollectorTask$OfRef done
Event: 378.327 Loading class java/util/function/LongFunction
Event: 378.327 Loading class java/util/function/LongFunction done
Event: 378.328 Loading class java/util/stream/Nodes$ConcNode
Event: 378.329 Loading class java/util/stream/Nodes$AbstractConcNode
Event: 378.330 Loading class java/util/stream/Nodes$AbstractConcNode done
Event: 378.330 Loading class java/util/stream/Nodes$ConcNode done
Event: 378.356 Loading class java/util/stream/Nodes$ToArrayTask$OfRef
Event: 378.357 Loading class java/util/stream/Nodes$ToArrayTask
Event: 378.357 Loading class java/util/stream/Nodes$ToArrayTask done
Event: 378.357 Loading class java/util/stream/Nodes$ToArrayTask$OfRef done
Event: 378.361 Loading class java/io/ObjectOutputStream$BlockDataOutputStream
Event: 378.362 Loading class java/io/ObjectOutputStream$BlockDataOutputStream done
Event: 378.362 Loading class java/io/ObjectOutputStream$HandleTable
Event: 378.362 Loading class java/io/ObjectOutputStream$HandleTable done
Event: 378.362 Loading class java/io/ObjectOutputStream$ReplaceTable
Event: 378.362 Loading class java/io/ObjectOutputStream$ReplaceTable done

Classes unloaded (7 events):
Event: 15.324 Thread 0x0000018d8d882980 Unloading class 0x0000018da61a5000 'java/lang/invoke/LambdaForm$MH+0x0000018da61a5000'
Event: 15.324 Thread 0x0000018d8d882980 Unloading class 0x0000018da61a4c00 'java/lang/invoke/LambdaForm$MH+0x0000018da61a4c00'
Event: 15.324 Thread 0x0000018d8d882980 Unloading class 0x0000018da61a4800 'java/lang/invoke/LambdaForm$MH+0x0000018da61a4800'
Event: 15.324 Thread 0x0000018d8d882980 Unloading class 0x0000018da61a4400 'java/lang/invoke/LambdaForm$MH+0x0000018da61a4400'
Event: 15.324 Thread 0x0000018d8d882980 Unloading class 0x0000018da61a4000 'java/lang/invoke/LambdaForm$BMH+0x0000018da61a4000'
Event: 15.324 Thread 0x0000018d8d882980 Unloading class 0x0000018da61a3c00 'java/lang/invoke/LambdaForm$DMH+0x0000018da61a3c00'
Event: 15.324 Thread 0x0000018d8d882980 Unloading class 0x0000018da61a2800 'java/lang/invoke/LambdaForm$DMH+0x0000018da61a2800'

Classes redefined (0 events):
No events

Internal exceptions (20 events):
Event: 78.374 Thread 0x0000018ded2ff0b0 Exception <a 'java/io/FileNotFoundException'{0x00000000d621dc30}> (0x00000000d621dc30) 
thrown [s\src\hotspot\share\prims\jni.cpp, line 520]
Event: 78.374 Thread 0x0000018ded2ff0b0 Exception <a 'java/io/FileNotFoundException'{0x00000000d621ec48}> (0x00000000d621ec48) 
thrown [s\src\hotspot\share\prims\jni.cpp, line 520]
Event: 378.349 Thread 0x0000018dec225b40 Implicit null exception at 0x0000018d98a6209a to 0x0000018d98a6301c
Event: 378.351 Thread 0x0000018dec225b40 Exception <a 'sun/nio/fs/WindowsException'{0x00000000d5a7aa78}> (0x00000000d5a7aa78) 
thrown [s\src\hotspot\share\prims\jni.cpp, line 520]
Event: 378.351 Thread 0x0000018dec225b40 Exception <a 'sun/nio/fs/WindowsException'{0x00000000d5a7b400}> (0x00000000d5a7b400) 
thrown [s\src\hotspot\share\prims\jni.cpp, line 520]
Event: 378.371 Thread 0x0000018dec225b40 Exception <a 'java/lang/NoSuchMethodError'{0x00000000d5ae4b50}: 'java.lang.Object java.lang.invoke.DirectMethodHandle$Holder.newInvokeSpecial(java.lang.Object, java.lang.Object, java.lang.Object, java.lang.Object, java.lang.Object, java.lang.Object, java.lang.Object, java.lang.Object)'> (0x00000000d5ae4b50) 
thrown [s\src\hotspot\share\interpreter\linkResolver.cpp, line 773]
Event: 1215.071 Thread 0x0000018dec225b40 Implicit null exception at 0x0000018d98abfb63 to 0x0000018d98ac0558
Event: 7329.238 Thread 0x0000018defb29300 Exception <a 'java/lang/IncompatibleClassChangeError'{0x00000000d5e2e3d0}: Found class java.lang.Object, but interface was expected> (0x00000000d5e2e3d0) 
thrown [s\src\hotspot\share\interpreter\linkResolver.cpp, line 840]
Event: 8462.617 Thread 0x0000018ded2ff0b0 Exception <a 'sun/nio/fs/WindowsException'{0x00000000d6500518}> (0x00000000d6500518) 
thrown [s\src\hotspot\share\prims\jni.cpp, line 520]
Event: 8462.619 Thread 0x0000018ded2ff0b0 Exception <a 'sun/nio/fs/WindowsException'{0x00000000d6500ea0}> (0x00000000d6500ea0) 
thrown [s\src\hotspot\share\prims\jni.cpp, line 520]
Event: 11285.356 Thread 0x0000018df0a1e180 Exception <a 'sun/nio/fs/WindowsException'{0x00000000d5cd6d68}> (0x00000000d5cd6d68) 
thrown [s\src\hotspot\share\prims\jni.cpp, line 520]
Event: 11285.357 Thread 0x0000018df0a1e180 Exception <a 'sun/nio/fs/WindowsException'{0x00000000d5cd7710}> (0x00000000d5cd7710) 
thrown [s\src\hotspot\share\prims\jni.cpp, line 520]
Event: 12990.572 Thread 0x0000018ded2ff0b0 Exception <a 'sun/nio/fs/WindowsException'{0x00000000d55f2420}> (0x00000000d55f2420) 
thrown [s\src\hotspot\share\prims\jni.cpp, line 520]
Event: 12990.574 Thread 0x0000018ded2ff0b0 Exception <a 'sun/nio/fs/WindowsException'{0x00000000d55f2da8}> (0x00000000d55f2da8) 
thrown [s\src\hotspot\share\prims\jni.cpp, line 520]
Event: 13427.002 Thread 0x0000018ded2ff0b0 Exception <a 'sun/nio/fs/WindowsException'{0x00000000d5ca1308}> (0x00000000d5ca1308) 
thrown [s\src\hotspot\share\prims\jni.cpp, line 520]
Event: 13427.004 Thread 0x0000018ded2ff0b0 Exception <a 'sun/nio/fs/WindowsException'{0x00000000d5ca1c90}> (0x00000000d5ca1c90) 
thrown [s\src\hotspot\share\prims\jni.cpp, line 520]
Event: 18884.658 Thread 0x0000018ded2ff0b0 Exception <a 'sun/nio/fs/WindowsException'{0x00000000d5f610c0}> (0x00000000d5f610c0) 
thrown [s\src\hotspot\share\prims\jni.cpp, line 520]
Event: 18884.660 Thread 0x0000018ded2ff0b0 Exception <a 'sun/nio/fs/WindowsException'{0x00000000d5f61a48}> (0x00000000d5f61a48) 
thrown [s\src\hotspot\share\prims\jni.cpp, line 520]
Event: 19199.544 Thread 0x0000018ded2ff0b0 Exception <a 'sun/nio/fs/WindowsException'{0x00000000d643a938}> (0x00000000d643a938) 
thrown [s\src\hotspot\share\prims\jni.cpp, line 520]
Event: 19199.547 Thread 0x0000018ded2ff0b0 Exception <a 'sun/nio/fs/WindowsException'{0x00000000d643b2c0}> (0x00000000d643b2c0) 
thrown [s\src\hotspot\share\prims\jni.cpp, line 520]

ZGC Phase Switch (0 events):
No events

VM Operations (20 events):
Event: 25737.710 Executing VM operation: HandshakeAllThreads (HandshakeForDeflation)
Event: 25737.711 Executing VM operation: HandshakeAllThreads (HandshakeForDeflation) done
Event: 25737.711 Executing VM operation: RendezvousGCThreads
Event: 25737.711 Executing VM operation: RendezvousGCThreads done
Event: 25797.885 Executing VM operation: HandshakeAllThreads (HandshakeForDeflation)
Event: 25797.886 Executing VM operation: HandshakeAllThreads (HandshakeForDeflation) done
Event: 25797.886 Executing VM operation: RendezvousGCThreads
Event: 25797.886 Executing VM operation: RendezvousGCThreads done
Event: 26458.969 Executing VM operation: HandshakeAllThreads (HandshakeForDeflation)
Event: 26458.972 Executing VM operation: HandshakeAllThreads (HandshakeForDeflation) done
Event: 26458.972 Executing VM operation: RendezvousGCThreads
Event: 26458.972 Executing VM operation: RendezvousGCThreads done
Event: 26519.106 Executing VM operation: HandshakeAllThreads (HandshakeForDeflation)
Event: 26519.107 Executing VM operation: HandshakeAllThreads (HandshakeForDeflation) done
Event: 26519.107 Executing VM operation: RendezvousGCThreads
Event: 26519.107 Executing VM operation: RendezvousGCThreads done
Event: 26579.250 Executing VM operation: HandshakeAllThreads (HandshakeForDeflation)
Event: 26579.250 Executing VM operation: HandshakeAllThreads (HandshakeForDeflation) done
Event: 26579.250 Executing VM operation: RendezvousGCThreads
Event: 26579.250 Executing VM operation: RendezvousGCThreads done

Memory protections (0 events):
No events

Nmethod flushes (20 events):
Event: 18.779 Thread 0x0000018d8d882980 flushing  nmethod 0x0000018d912a0210
Event: 18.779 Thread 0x0000018d8d882980 flushing  nmethod 0x0000018d912a1c10
Event: 18.779 Thread 0x0000018d8d882980 flushing  nmethod 0x0000018d912a3790
Event: 18.779 Thread 0x0000018d8d882980 flushing  nmethod 0x0000018d912c2110
Event: 18.779 Thread 0x0000018d8d882980 flushing  nmethod 0x0000018d91325690
Event: 18.779 Thread 0x0000018d8d882980 flushing  nmethod 0x0000018d91326990
Event: 18.779 Thread 0x0000018d8d882980 flushing  nmethod 0x0000018d9133f610
Event: 18.779 Thread 0x0000018d8d882980 flushing  nmethod 0x0000018d9133fc10
Event: 18.779 Thread 0x0000018d8d882980 flushing  nmethod 0x0000018d91340b90
Event: 18.779 Thread 0x0000018d8d882980 flushing  nmethod 0x0000018d91341a10
Event: 18.779 Thread 0x0000018d8d882980 flushing  nmethod 0x0000018d91343210
Event: 18.779 Thread 0x0000018d8d882980 flushing  nmethod 0x0000018d91376610
Event: 18.779 Thread 0x0000018d8d882980 flushing  nmethod 0x0000018d91377c90
Event: 18.779 Thread 0x0000018d8d882980 flushing  nmethod 0x0000018d9138f190
Event: 18.779 Thread 0x0000018d8d882980 flushing  nmethod 0x0000018d913a4d90
Event: 18.779 Thread 0x0000018d8d882980 flushing  nmethod 0x0000018d913c2410
Event: 18.779 Thread 0x0000018d8d882980 flushing  nmethod 0x0000018d913d9f90
Event: 18.779 Thread 0x0000018d8d882980 flushing  nmethod 0x0000018d9142f290
Event: 18.779 Thread 0x0000018d8d882980 flushing  nmethod 0x0000018d91448990
Event: 18.779 Thread 0x0000018d8d882980 flushing  nmethod 0x0000018d91451010

Events (20 events):
Event: 13427.022 Thread 0x0000018df0a1e810 Thread added: 0x0000018df0a1eea0
Event: 13427.022 Thread 0x0000018df0a1e810 Thread exited: 0x0000018df0a1e810
Event: 13427.022 Thread 0x0000018df0a1cdd0 Thread exited: 0x0000018df0a1cdd0
Event: 13427.022 Thread 0x0000018df0a1eea0 Thread exited: 0x0000018df0a1eea0
Event: 18884.619 Thread 0x0000018ded2ff0b0 Thread added: 0x0000018df0a1cdd0
Event: 18884.629 Thread 0x0000018df0a1cdd0 Thread exited: 0x0000018df0a1cdd0
Event: 18884.669 Thread 0x0000018ded2ff0b0 Thread added: 0x0000018df0a1cdd0
Event: 18884.674 Thread 0x0000018df0a1cdd0 Thread added: 0x0000018df0a1e180
Event: 18884.675 Thread 0x0000018df0a1cdd0 Thread exited: 0x0000018df0a1cdd0
Event: 18884.675 Thread 0x0000018df0a1e180 Thread exited: 0x0000018df0a1e180
Event: 18899.425 Thread 0x0000018ded2ff0b0 Thread added: 0x0000018df0a1cdd0
Event: 18964.859 Thread 0x0000018df0a1cdd0 Thread exited: 0x0000018df0a1cdd0
Event: 19199.507 Thread 0x0000018ded2ff0b0 Thread added: 0x0000018df0a1c0b0
Event: 19199.515 Thread 0x0000018df0a1c0b0 Thread exited: 0x0000018df0a1c0b0
Event: 19199.559 Thread 0x0000018ded2ff0b0 Thread added: 0x0000018df0a1eea0
Event: 19199.560 Thread 0x0000018df0a1eea0 Thread added: 0x0000018df0a1c0b0
Event: 19199.562 Thread 0x0000018df0a1eea0 Thread added: 0x0000018df0a1cdd0
Event: 19199.563 Thread 0x0000018df0a1cdd0 Thread exited: 0x0000018df0a1cdd0
Event: 19199.563 Thread 0x0000018df0a1eea0 Thread exited: 0x0000018df0a1eea0
Event: 19199.563 Thread 0x0000018df0a1c0b0 Thread exited: 0x0000018df0a1c0b0


Dynamic libraries:
0x00007ff75d990000 - 0x00007ff75d99e000 	c:\Users\Yohan\.vscode\extensions\redhat.java-1.49.0-win32-x64\jre\21.0.9-win32-x86_64\bin\java.exe
0x00007ff9a7a20000 - 0x00007ff9a7c88000 	C:\WINDOWS\SYSTEM32\ntdll.dll
0x00007ff9a68d0000 - 0x00007ff9a6999000 	C:\WINDOWS\System32\KERNEL32.DLL
0x00007ff9a4fc0000 - 0x00007ff9a53b8000 	C:\WINDOWS\System32\KERNELBASE.dll
0x00007ff9a4d90000 - 0x00007ff9a4edb000 	C:\WINDOWS\System32\ucrtbase.dll
0x00007ff96d760000 - 0x00007ff96d778000 	c:\Users\Yohan\.vscode\extensions\redhat.java-1.49.0-win32-x64\jre\21.0.9-win32-x86_64\bin\jli.dll
0x00007ff9a6290000 - 0x00007ff9a6457000 	C:\WINDOWS\System32\USER32.dll
0x00007ff9a4ee0000 - 0x00007ff9a4f07000 	C:\WINDOWS\System32\win32u.dll
0x00007ff9a57c0000 - 0x00007ff9a57eb000 	C:\WINDOWS\System32\GDI32.dll
0x00007ff9a5510000 - 0x00007ff9a563c000 	C:\WINDOWS\System32\gdi32full.dll
0x00007ff9a4f10000 - 0x00007ff9a4fb3000 	C:\WINDOWS\System32\msvcp_win.dll
0x00007ff987720000 - 0x00007ff98773e000 	c:\Users\Yohan\.vscode\extensions\redhat.java-1.49.0-win32-x64\jre\21.0.9-win32-x86_64\bin\VCRUNTIME140.dll
0x00007ff9882e0000 - 0x00007ff988574000 	C:\WINDOWS\WinSxS\amd64_microsoft.windows.common-controls_6595b64144ccf1df_6.0.26100.7019_none_3e06ffa0e335b8a8\COMCTL32.dll
0x00007ff9a5940000 - 0x00007ff9a59e9000 	C:\WINDOWS\System32\msvcrt.dll
0x00007ff9a7180000 - 0x00007ff9a71b1000 	C:\WINDOWS\System32\IMM32.DLL
0x00007ff98d830000 - 0x00007ff98d83c000 	c:\Users\Yohan\.vscode\extensions\redhat.java-1.49.0-win32-x64\jre\21.0.9-win32-x86_64\bin\vcruntime140_1.dll
0x00007ff93d7c0000 - 0x00007ff93d84d000 	c:\Users\Yohan\.vscode\extensions\redhat.java-1.49.0-win32-x64\jre\21.0.9-win32-x86_64\bin\msvcp140.dll
0x00007ff91f420000 - 0x00007ff9201c0000 	c:\Users\Yohan\.vscode\extensions\redhat.java-1.49.0-win32-x64\jre\21.0.9-win32-x86_64\bin\server\jvm.dll
0x00007ff9a71c0000 - 0x00007ff9a7274000 	C:\WINDOWS\System32\ADVAPI32.dll
0x00007ff9a7380000 - 0x00007ff9a7426000 	C:\WINDOWS\System32\sechost.dll
0x00007ff9a7430000 - 0x00007ff9a7548000 	C:\WINDOWS\System32\RPCRT4.dll
0x00007ff9a7100000 - 0x00007ff9a7174000 	C:\WINDOWS\System32\WS2_32.dll
0x00007ff9a3b00000 - 0x00007ff9a3b5e000 	C:\WINDOWS\SYSTEM32\POWRPROF.dll
0x00007ff998b20000 - 0x00007ff998b2b000 	C:\WINDOWS\SYSTEM32\VERSION.dll
0x00007ff998f50000 - 0x00007ff998f85000 	C:\WINDOWS\SYSTEM32\WINMM.dll
0x00007ff9a39c0000 - 0x00007ff9a39d4000 	C:\WINDOWS\SYSTEM32\UMPDC.dll
0x00007ff9a39e0000 - 0x00007ff9a39fb000 	C:\WINDOWS\SYSTEM32\kernel.appcore.dll
0x00007ff98d7a0000 - 0x00007ff98d7aa000 	c:\Users\Yohan\.vscode\extensions\redhat.java-1.49.0-win32-x64\jre\21.0.9-win32-x86_64\bin\jimage.dll
0x00007ff995a30000 - 0x00007ff995c72000 	C:\WINDOWS\SYSTEM32\DBGHELP.DLL
0x00007ff9a6540000 - 0x00007ff9a68cb000 	C:\WINDOWS\System32\combase.dll
0x00007ff9a6460000 - 0x00007ff9a6537000 	C:\WINDOWS\System32\OLEAUT32.dll
0x00007ff9839a0000 - 0x00007ff9839dc000 	C:\WINDOWS\SYSTEM32\dbgcore.DLL
0x00007ff9a4b70000 - 0x00007ff9a4c15000 	C:\WINDOWS\System32\bcryptPrimitives.dll
0x00007ff98d570000 - 0x00007ff98d57f000 	c:\Users\Yohan\.vscode\extensions\redhat.java-1.49.0-win32-x64\jre\21.0.9-win32-x86_64\bin\instrument.dll
0x00007ff963320000 - 0x00007ff963340000 	c:\Users\Yohan\.vscode\extensions\redhat.java-1.49.0-win32-x64\jre\21.0.9-win32-x86_64\bin\java.dll
0x00007ff9a69a0000 - 0x00007ff9a70ef000 	C:\WINDOWS\System32\SHELL32.dll
0x00007ff9a4c20000 - 0x00007ff9a4d8b000 	C:\WINDOWS\System32\wintypes.dll
0x00007ff9a2790000 - 0x00007ff9a2fed000 	C:\WINDOWS\SYSTEM32\windows.storage.dll
0x00007ff9a7280000 - 0x00007ff9a7372000 	C:\WINDOWS\System32\SHCORE.dll
0x00007ff9a6140000 - 0x00007ff9a61a7000 	C:\WINDOWS\System32\shlwapi.dll
0x00007ff9a4a90000 - 0x00007ff9a4ab9000 	C:\WINDOWS\SYSTEM32\profapi.dll
0x00007ff963d60000 - 0x00007ff963d78000 	c:\Users\Yohan\.vscode\extensions\redhat.java-1.49.0-win32-x64\jre\21.0.9-win32-x86_64\bin\zip.dll
0x00007ff98bd80000 - 0x00007ff98bd90000 	C:\Users\Yohan\.vscode\extensions\redhat.java-1.49.0-win32-x64\jre\21.0.9-win32-x86_64\bin\net.dll
0x00007ff9990a0000 - 0x00007ff9991c8000 	C:\WINDOWS\SYSTEM32\WINHTTP.dll
0x00007ff9a3fc0000 - 0x00007ff9a402b000 	C:\WINDOWS\system32\mswsock.dll
0x00007ff962ca0000 - 0x00007ff962cb6000 	C:\Users\Yohan\.vscode\extensions\redhat.java-1.49.0-win32-x64\jre\21.0.9-win32-x86_64\bin\nio.dll
0x00007ff988c20000 - 0x00007ff988c30000 	c:\Users\Yohan\.vscode\extensions\redhat.java-1.49.0-win32-x64\jre\21.0.9-win32-x86_64\bin\verify.dll
0x00007ff93eb10000 - 0x00007ff93eb54000 	C:\Users\Yohan\AppData\Roaming\Code\User\globalStorage\redhat.java\1.49.0\config_win\org.eclipse.equinox.launcher\org.eclipse.equinox.launcher.win32.win32.x86_64_1.2.1400.v20250801-0854\eclipse_11916.dll
0x00007ff9a7610000 - 0x00007ff9a77a7000 	C:\WINDOWS\System32\ole32.dll
0x00007ff9a4280000 - 0x00007ff9a429b000 	C:\WINDOWS\SYSTEM32\CRYPTSP.dll
0x00007ff9a3920000 - 0x00007ff9a395a000 	C:\WINDOWS\system32\rsaenh.dll
0x00007ff9a4070000 - 0x00007ff9a409b000 	C:\WINDOWS\SYSTEM32\USERENV.dll
0x00007ff9a4a60000 - 0x00007ff9a4a8a000 	C:\WINDOWS\SYSTEM32\bcrypt.dll
0x00007ff9a42a0000 - 0x00007ff9a42ac000 	C:\WINDOWS\SYSTEM32\CRYPTBASE.dll
0x00007ff9a3320000 - 0x00007ff9a3354000 	C:\WINDOWS\SYSTEM32\IPHLPAPI.DLL
0x00007ff9a7580000 - 0x00007ff9a758a000 	C:\WINDOWS\System32\NSI.dll
0x00007ff93a5d0000 - 0x00007ff93a619000 	C:\Users\Yohan\AppData\Local\Temp\jna-85603231\jna8247869667067857784.dll
0x00007ff9a59f0000 - 0x00007ff9a59f8000 	C:\WINDOWS\System32\PSAPI.DLL
0x00007ff99e920000 - 0x00007ff99e93e000 	C:\WINDOWS\SYSTEM32\dhcpcsvc6.DLL
0x00007ff99e510000 - 0x00007ff99e533000 	C:\WINDOWS\SYSTEM32\dhcpcsvc.DLL
0x00007ff9867c0000 - 0x00007ff9867ce000 	C:\Users\Yohan\.vscode\extensions\redhat.java-1.49.0-win32-x64\jre\21.0.9-win32-x86_64\bin\sunmscapi.dll
0x00007ff9a5640000 - 0x00007ff9a57b7000 	C:\WINDOWS\System32\CRYPT32.dll
0x00007ff9a44a0000 - 0x00007ff9a44d0000 	C:\WINDOWS\SYSTEM32\ncrypt.dll
0x00007ff9a4450000 - 0x00007ff9a448f000 	C:\WINDOWS\SYSTEM32\NTASN1.dll
0x00007ff9a3360000 - 0x00007ff9a348c000 	C:\WINDOWS\SYSTEM32\DNSAPI.dll
0x000000005ce10000 - 0x000000005ce36000 	C:\Program Files\Bonjour\mdnsNSP.dll
0x00007ff998fa0000 - 0x00007ff998fab000 	C:\Windows\System32\rasadhlp.dll
0x00007ff99eef0000 - 0x00007ff99ef76000 	C:\WINDOWS\System32\fwpuclnt.dll
0x00007ff986390000 - 0x00007ff986399000 	C:\Users\Yohan\.vscode\extensions\redhat.java-1.49.0-win32-x64\jre\21.0.9-win32-x86_64\bin\extnet.dll
0x00007ff958d70000 - 0x00007ff958d97000 	C:\Users\Yohan\.gradle\native\1def1411415f61bf3af743bc5b6707747c0891f09f0c88961ee8f79bc544acac\windows-amd64\native-platform.dll
0x00007ff987fc0000 - 0x00007ff987fca000 	C:\Users\Yohan\.vscode\extensions\redhat.java-1.49.0-win32-x64\jre\21.0.9-win32-x86_64\bin\management.dll
0x00007ff9878c0000 - 0x00007ff9878cc000 	C:\Users\Yohan\.vscode\extensions\redhat.java-1.49.0-win32-x64\jre\21.0.9-win32-x86_64\bin\management_ext.dll

JVMTI agents:
c:\Users\Yohan\.vscode\extensions\redhat.java-1.49.0-win32-x64\lombok\lombok-1.18.39-4050.jar path:c:\Users\Yohan\.vscode\extensions\redhat.java-1.49.0-win32-x64\jre\21.0.9-win32-x86_64\bin\instrument.dll, loaded, initialized, instrumentlib options:none

dbghelp: loaded successfully - version: 4.0.5 - missing functions: none
symbol engine: initialized successfully - sym options: 0x614 - pdb path: .;c:\Users\Yohan\.vscode\extensions\redhat.java-1.49.0-win32-x64\jre\21.0.9-win32-x86_64\bin;C:\WINDOWS\SYSTEM32;C:\WINDOWS\WinSxS\amd64_microsoft.windows.common-controls_6595b64144ccf1df_6.0.26100.7019_none_3e06ffa0e335b8a8;c:\Users\Yohan\.vscode\extensions\redhat.java-1.49.0-win32-x64\jre\21.0.9-win32-x86_64\bin\server;C:\Users\Yohan\AppData\Roaming\Code\User\globalStorage\redhat.java\1.49.0\config_win\org.eclipse.equinox.launcher\org.eclipse.equinox.launcher.win32.win32.x86_64_1.2.1400.v20250801-0854;C:\Users\Yohan\AppData\Local\Temp\jna-85603231;C:\Program Files\Bonjour;C:\Users\Yohan\.gradle\native\1def1411415f61bf3af743bc5b6707747c0891f09f0c88961ee8f79bc544acac\windows-amd64

VM Arguments:
jvm_args: --add-modules=ALL-SYSTEM --add-opens=java.base/java.util=ALL-UNNAMED --add-opens=java.base/java.lang=ALL-UNNAMED --add-opens=java.base/sun.nio.fs=ALL-UNNAMED -Declipse.application=org.eclipse.jdt.ls.core.id1 -Dosgi.bundles.defaultStartLevel=4 -Declipse.product=org.eclipse.jdt.ls.core.product -Djava.import.generatesMetadataFilesAtProjectRoot=false -DDetectVMInstallationsJob.disabled=true -Dfile.encoding=utf8 -XX:+UseParallelGC -XX:GCTimeRatio=4 -XX:AdaptiveSizePolicyWeight=90 -Dsun.zip.disableMemoryMapping=true -Xmx2G -Xms100m -Xlog:disable -javaagent:c:\Users\Yohan\.vscode\extensions\redhat.java-1.49.0-win32-x64\lombok\lombok-1.18.39-4050.jar -XX:+HeapDumpOnOutOfMemoryError -XX:HeapDumpPath=c:\Users\Yohan\AppData\Roaming\Code\User\workspaceStorage\a26e054e6e5149c6cb18e9f8cb4f20ed\redhat.java -Daether.dependencyCollector.impl=bf 
java_command: c:\Users\Yohan\.vscode\extensions\redhat.java-1.49.0-win32-x64\server\plugins\org.eclipse.equinox.launcher_1.7.100.v20251111-0406.jar -configuration c:\Users\Yohan\AppData\Roaming\Code\User\globalStorage\redhat.java\1.49.0\config_win -data c:\Users\Yohan\AppData\Roaming\Code\User\workspaceStorage\a26e054e6e5149c6cb18e9f8cb4f20ed\redhat.java\jdt_ws --pipe=\\.\pipe\lsp-fb0a484450655d36a3715fce3a58564d-sock
java_class_path (initial): c:\Users\Yohan\.vscode\extensions\redhat.java-1.49.0-win32-x64\server\plugins\org.eclipse.equinox.launcher_1.7.100.v20251111-0406.jar
Launcher Type: SUN_STANDARD

[Global flags]
    uintx AdaptiveSizePolicyWeight                 = 90                                        {product} {command line}
     intx CICompilerCount                          = 12                                        {product} {ergonomic}
    uintx GCTimeRatio                              = 4                                         {product} {command line}
     bool HeapDumpOnOutOfMemoryError               = true                                   {manageable} {command line}
    ccstr HeapDumpPath                             = c:\Users\Yohan\AppData\Roaming\Code\User\workspaceStorage\a26e054e6e5149c6cb18e9f8cb4f20ed\redhat.java         {manageable} {command line}
   size_t InitialHeapSize                          = 104857600                                 {product} {command line}
   size_t MaxHeapSize                              = 2147483648                                {product} {command line}
   size_t MaxNewSize                               = 715653120                                 {product} {ergonomic}
   size_t MinHeapDeltaBytes                        = 524288                                    {product} {ergonomic}
   size_t MinHeapSize                              = 104857600                                 {product} {command line}
   size_t NewSize                                  = 34603008                                  {product} {ergonomic}
    uintx NonNMethodCodeHeapSize                   = 7602480                                {pd product} {ergonomic}
    uintx NonProfiledCodeHeapSize                  = 122027880                              {pd product} {ergonomic}
   size_t OldSize                                  = 70254592                                  {product} {ergonomic}
    uintx ProfiledCodeHeapSize                     = 122027880                              {pd product} {ergonomic}
    uintx ReservedCodeCacheSize                    = 251658240                              {pd product} {ergonomic}
     bool SegmentedCodeCache                       = true                                      {product} {ergonomic}
   size_t SoftMaxHeapSize                          = 2147483648                             {manageable} {ergonomic}
     bool UseCompressedOops                        = true                           {product lp64_product} {ergonomic}
     bool UseLargePagesIndividualAllocation        = false                                  {pd product} {ergonomic}
     bool UseParallelGC                            = true                                      {product} {command line}

Logging:
Log output configuration:
 #0: stdout all=off uptime,level,tags foldmultilines=false
 #1: stderr all=off uptime,level,tags foldmultilines=false

Release file:
JAVA_VERSION="21.0.9" 
MODULES="java.base java.compiler java.datatransfer java.xml java.prefs java.desktop java.instrument java.logging java.management java.security.sasl java.naming java.rmi java.management.rmi java.net.http java.scripting java.security.jgss java.transaction.xa java.sql java.sql.rowset java.xml.crypto java.se java.smartcardio jdk.accessibility jdk.internal.jvmstat jdk.attach jdk.charsets jdk.internal.opt jdk.zipfs jdk.compiler jdk.crypto.ec jdk.crypto.cryptoki jdk.crypto.mscapi jdk.dynalink jdk.internal.ed jdk.editpad jdk.hotspot.agent jdk.httpserver jdk.internal.le jdk.internal.vm.ci jdk.internal.vm.compiler jdk.internal.vm.compiler.management jdk.jartool jdk.javadoc jdk.jcmd jdk.management jdk.management.agent jdk.jconsole jdk.jdeps jdk.jdwp.agent jdk.jdi jdk.jfr jdk.jshell jdk.jsobject jdk.jstatd jdk.localedata jdk.management.jfr jdk.naming.dns jdk.naming.rmi jdk.net jdk.nio.mapmode jdk.random jdk.sctp jdk.security.auth jdk.security.jgss jdk.unsupported jdk.unsupported.desktop jdk.xml.dom" 

Environment Variables:
JAVA_HOME=C:\Program Files\Microsoft\jdk-17.0.14.7-hotspot\
PATH=C:\Program Files\Microsoft\jdk-17.0.14.7-hotspot\bin;C:\WINDOWS\system32;C:\WINDOWS;C:\WINDOWS\System32\Wbem;C:\WINDOWS\System32\WindowsPowerShell\v1.0\;C:\WINDOWS\System32\OpenSSH\;C:\Program Files (x86)\NVIDIA Corporation\PhysX\Common;C:\Program Files\NVIDIA Corporation\NVIDIA NvDLISR;C:\ProgramData\chocolatey\bin;C:\Program Files\Git\cmd;C:\Users\Yohan\AppData\Local\Android\Sdk;C:\Users\Yohan\AppData\Local\Android\Sdk\build-tools;C:\Users\Yohan\AppData\Local\Android\Sdk\platform-tools;C:\Users\Yohan\AppData\Local\Android\Sdk\platforms;C:\Users\Yohan\AppData\Local\Programs\Python\Python313;C:\Users\Yohan\AppData\Local\Programs\Python\Python313\Scripts;C:\Users\Yohan\AppData\Local\nvm;C:\nvm4w\nodejs;C:\Users\Yohan\AppData\Local\Pub\Cache\bin;C:\Program Files\MongoDB\Server\8.2\bin;C:\Program Files\Microsoft SQL Server\170\Tools\Binn\;C:\Program Files\Microsoft SQL Server\Client SDK\ODBC\170\Tools\Binn\;C:\Program Files\dotnet\;C:\Users\Yohan\.config\herd-lite\bin;C:\Users\Yohan\AppData\Local\Microsoft\WindowsApps;C:\Users\Yohan\AppData\Local\Programs\Microsoft VS Code\bin;C:\Users\Yohan\AppData\Roaming\npm;C:\Program Files\JetBrains\CLion 2024.3.4\bin;C:\Program Files\JetBrains\PyCharm 2023.1.3\bin;C:\Users\Yohan\AppData\Local\Android\Sdk;C:\Users\Yohan\AppData\Local\Android\Sdk\build-tools;C:\Users\Yohan\AppData\Local\Android\Sdk\platform-tools;C:\Users\Yohan\AppData\Local\Android\Sdk\platforms;C:\Users\Yohan\AppData\Local\Android\Sdk\platform-tools;C:\Users\Yohan\AppData\Local\Programs\Python\Python313;C:\Users\Yohan\AppData\Local\Programs\Python\Python313\Scripts;C:\Program Files\JetBrains\IntelliJ IDEA 2025.1.3\bin;C:\Users\Yohan\AppData\Local\GitHubDesktop\bin;C:\dev\flutter\bin;C:\Users\Yohan\AppData\Local\Programs\Swift\Runtimes\6.1.2\usr\bin\;C:\Users\Yohan\AppData\Local\Programs\Swift\Toolchains\6.1.2+Asserts\usr\bin\;C:\Program Files\JetBrains\JetBrains Rider 2025.1.4\bin;C:\Program Files\JetBrains\WebStorm 2025.1.3\bin;C:\Users\Yohan\AppData\Local\nvm;C:\nvm4w\nodejs;C:\Users\Yohan\AppData\Local\Programs\mongosh\;C:\Users\Yohan\.dotnet\tools
USERNAME=Yohan
OS=Windows_NT
PROCESSOR_IDENTIFIER=AMD64 Family 25 Model 117 Stepping 2, AuthenticAMD
TMP=C:\Users\Yohan\AppData\Local\Temp
TEMP=C:\Users\Yohan\AppData\Local\Temp




Periodic native trim disabled

---------------  S Y S T E M  ---------------

OS:
 Windows 11 , 64 bit Build 26100 (10.0.26100.7019)
OS uptime: 1 days 4:44 hours
Hyper-V role detected

CPU: total 16 (initial active 16) (16 cores per cpu, 2 threads per core) family 25 model 117 stepping 2 microcode 0xa70520a, cx8, cmov, fxsr, ht, mmx, 3dnowpref, sse, sse2, sse3, ssse3, sse4a, sse4.1, sse4.2, popcnt, lzcnt, tsc, tscinvbit, avx, avx2, aes, erms, clmul, bmi1, bmi2, adx, avx512f, avx512dq, avx512cd, avx512bw, avx512vl, sha, fma, vzeroupper, avx512_vpopcntdq, avx512_vpclmulqdq, avx512_vaes, avx512_vnni, clflush, clflushopt, avx512_vbmi2, avx512_vbmi, hv, rdtscp, rdpid, fsrm, gfni, avx512_bitalg, f16c, cet_ss, avx512_ifma
Processor Information for processor 0
  Max Mhz: 3801, Current Mhz: 3040, Mhz Limit: 3801
Processor Information for processor 1
  Max Mhz: 3801, Current Mhz: 3040, Mhz Limit: 3801
Processor Information for processor 2
  Max Mhz: 3801, Current Mhz: 3801, Mhz Limit: 3801
Processor Information for processor 3
  Max Mhz: 3801, Current Mhz: 3040, Mhz Limit: 3801
Processor Information for processor 4
  Max Mhz: 3801, Current Mhz: 3040, Mhz Limit: 3801
Processor Information for processor 5
  Max Mhz: 3801, Current Mhz: 3040, Mhz Limit: 3801
Processor Information for processor 6
  Max Mhz: 3801, Current Mhz: 3040, Mhz Limit: 3801
Processor Information for processor 7
  Max Mhz: 3801, Current Mhz: 3801, Mhz Limit: 3801
Processor Information for processor 8
  Max Mhz: 3801, Current Mhz: 3801, Mhz Limit: 3801
Processor Information for processor 9
  Max Mhz: 3801, Current Mhz: 3040, Mhz Limit: 3801
Processor Information for processor 10
  Max Mhz: 3801, Current Mhz: 3801, Mhz Limit: 3801
Processor Information for processor 11
  Max Mhz: 3801, Current Mhz: 3040, Mhz Limit: 3801
Processor Information for processor 12
  Max Mhz: 3801, Current Mhz: 3040, Mhz Limit: 3801
Processor Information for processor 13
  Max Mhz: 3801, Current Mhz: 3801, Mhz Limit: 3801
Processor Information for processor 14
  Max Mhz: 3801, Current Mhz: 3040, Mhz Limit: 3801
Processor Information for processor 15
  Max Mhz: 3801, Current Mhz: 3040, Mhz Limit: 3801

Memory: 4k page, system-wide physical 15631M (616M free)
TotalPageFile size 62735M (AvailPageFile size 2M)
current process WorkingSet (physical memory assigned to process): 18M, peak: 309M
current process commit charge ("private bytes"): 368M, peak: 402M

vm_info: OpenJDK 64-Bit Server VM (21.0.9+10-LTS) for windows-amd64 JRE (21.0.9+10-LTS), built on 2025-10-21T00:00:00Z by "admin" with unknown MS VC++:1942

END.
