#
# There is insufficient memory for the Java Runtime Environment to continue.
# Native memory allocation (malloc) failed to allocate 2067664 bytes. Error detail: Chunk::new
# Possible reasons:
#   The system is out of physical RAM or swap space
#   This process is running with CompressedOops enabled, and the Java Heap may be blocking the growth of the native heap
# Possible solutions:
#   Reduce memory load on the system
#   Increase physical memory or swap space
#   Check if swap backing store is full
#   Decrease Java heap size (-Xmx/-Xms)
#   Decrease number of Java threads
#   Decrease Java thread stack sizes (-Xss)
#   Set larger code cache with -XX:ReservedCodeCacheSize=
#   JVM is running with Unscaled Compressed Oops mode in which the Java heap is
#     placed in the first 4GB address space. The Java Heap base address is the
#     maximum limit for the native heap growth. Please use -XX:HeapBaseMinAddress
#     to set the Java Heap base and to place the Java Heap above 4GB virtual address.
# This output file may be truncated or incomplete.
#
#  Out of Memory Error (arena.cpp:168), pid=27196, tid=32684
#
# JRE version: OpenJDK Runtime Environment Temurin-21.0.9+10 (21.0.9+10) (build 21.0.9+10-LTS)
# Java VM: OpenJDK 64-Bit Server VM Temurin-21.0.9+10 (21.0.9+10-LTS, mixed mode, sharing, tiered, compressed oops, compressed class ptrs, parallel gc, windows-amd64)
# No core dump will be written. Minidumps are not enabled by default on client versions of Windows
#

---------------  S U M M A R Y ------------

Command Line: --add-modules=ALL-SYSTEM --add-opens=java.base/java.util=ALL-UNNAMED --add-opens=java.base/java.lang=ALL-UNNAMED --add-opens=java.base/sun.nio.fs=ALL-UNNAMED -Declipse.application=org.eclipse.jdt.ls.core.id1 -Dosgi.bundles.defaultStartLevel=4 -Declipse.product=org.eclipse.jdt.ls.core.product -Djava.import.generatesMetadataFilesAtProjectRoot=false -DDetectVMInstallationsJob.disabled=true -Dfile.encoding=utf8 -XX:+UseParallelGC -XX:GCTimeRatio=4 -XX:AdaptiveSizePolicyWeight=90 -Dsun.zip.disableMemoryMapping=true -Xmx2G -Xms100m -Xlog:disable -javaagent:c:\Users\Yohan\.vscode\extensions\redhat.java-1.49.0-win32-x64\lombok\lombok-1.18.39-4050.jar -XX:+HeapDumpOnOutOfMemoryError -XX:HeapDumpPath=c:\Users\Yohan\AppData\Roaming\Code\User\workspaceStorage\a26e054e6e5149c6cb18e9f8cb4f20ed\redhat.java -Daether.dependencyCollector.impl=bf c:\Users\Yohan\.vscode\extensions\redhat.java-1.49.0-win32-x64\server\plugins\org.eclipse.equinox.launcher_1.7.100.v20251111-0406.jar -configuration c:\Users\Yohan\AppData\Roaming\Code\User\globalStorage\redhat.java\1.49.0\config_win -data c:\Users\Yohan\AppData\Roaming\Code\User\workspaceStorage\a26e054e6e5149c6cb18e9f8cb4f20ed\redhat.java\jdt_ws --pipe=\\.\pipe\lsp-6f554206141617fa3f657213f05a0958-sock

Host: AMD Ryzen 7 8845HS w/ Radeon 780M Graphics, 16 cores, 15G,  Windows 11 , 64 bit Build 26100 (10.0.26100.7019)
Time: Mon Nov 24 20:43:49 2025 GMT Standard Time elapsed time: 3.572837 seconds (0d 0h 0m 3s)

---------------  T H R E A D  ---------------

Current thread (0x000002a2d18a45c0):  JavaThread "C2 CompilerThread5" daemon [_thread_in_native, id=32684, stack(0x000000afcdf00000,0x000000afce000000) (1024K)]


Current CompileTask:
C2:3572 5669   !   4       org.eclipse.osgi.internal.loader.BundleLoader::findClass0 (490 bytes)

Stack: [0x000000afcdf00000,0x000000afce000000]
Native frames: (J=compiled Java code, j=interpreted, Vv=VM code, C=native code)
V  [jvm.dll+0x6d6e29]
V  [jvm.dll+0x8b4b76]
V  [jvm.dll+0x8b712e]
V  [jvm.dll+0x8b7813]
V  [jvm.dll+0x283d86]
V  [jvm.dll+0xc66ed]
V  [jvm.dll+0xc6c31]
V  [jvm.dll+0x3be53b]
V  [jvm.dll+0x38ab92]
V  [jvm.dll+0x389fda]
V  [jvm.dll+0x24bfa0]
V  [jvm.dll+0x24b580]
V  [jvm.dll+0x1cb13e]
V  [jvm.dll+0x25b29d]
V  [jvm.dll+0x25982a]
V  [jvm.dll+0x3f7ea6]
V  [jvm.dll+0x85e9ad]
V  [jvm.dll+0x6d565d]
C  [ucrtbase.dll+0x37b0]
C  [KERNEL32.DLL+0x2e8d7]
C  [ntdll.dll+0x8c53c]


---------------  P R O C E S S  ---------------

Threads class SMR info:
_java_thread_list=0x000002a2f8f550f0, length=52, elements={
0x000002a2ef6b36d0, 0x000002a2f77ddc20, 0x000002a2ef755b50, 0x000002a2ef75edd0,
0x000002a2ef761640, 0x000002a2ef76a2e0, 0x000002a2f8cc6f80, 0x000002a2f8cccfd0,
0x000002a2f8cce680, 0x000002a2f8dc6d20, 0x000002a2f8dc7570, 0x000002a2f8ddf500,
0x000002a2f8f6e440, 0x000002a2fa5c8da0, 0x000002a2fa623290, 0x000002a2fa61f4a0,
0x000002a2ff2a6b00, 0x000002a2ff1cd330, 0x000002a2ff3f92c0, 0x000002a2ff2f8d80,
0x000002a2ff924740, 0x000002a2ff995a10, 0x000002a2ffbab910, 0x000002a2ff9b0cb0,
0x000002a2ffbac630, 0x000002a2ffbaabf0, 0x000002a2ffbabfa0, 0x000002a2ffbaccc0,
0x000002a2ffbad9e0, 0x000002a2ffbae070, 0x000002a2d1de1080, 0x000002a2d18a45c0,
0x000002a2d1de2ac0, 0x000002a2d1de3150, 0x000002a2d1de37e0, 0x000002a2d1de3e70,
0x000002a2d1de4500, 0x000002a2d1de4b90, 0x000002a2d1de1710, 0x000002a2d1de5220,
0x000002a2d1de1da0, 0x000002a2d1de2430, 0x000002a2d1de7980, 0x000002a2d1de65d0,
0x000002a2d1de8010, 0x000002a2d1de72f0, 0x000002a2d1de6c60, 0x000002a2d1de5f40,
0x000002a2d1de86a0, 0x000002a2d1de58b0, 0x000002a2d31993f0, 0x000002a2d3198d60
}

Java Threads: ( => current thread )
  0x000002a2ef6b36d0 JavaThread "main"                              [_thread_blocked, id=30468, stack(0x000000afcae00000,0x000000afcaf00000) (1024K)]
  0x000002a2f77ddc20 JavaThread "Reference Handler"          daemon [_thread_blocked, id=31072, stack(0x000000afcb200000,0x000000afcb300000) (1024K)]
  0x000002a2ef755b50 JavaThread "Finalizer"                  daemon [_thread_blocked, id=32148, stack(0x000000afcb300000,0x000000afcb400000) (1024K)]
  0x000002a2ef75edd0 JavaThread "Signal Dispatcher"          daemon [_thread_blocked, id=4256, stack(0x000000afcb400000,0x000000afcb500000) (1024K)]
  0x000002a2ef761640 JavaThread "Attach Listener"            daemon [_thread_blocked, id=31980, stack(0x000000afcb500000,0x000000afcb600000) (1024K)]
  0x000002a2ef76a2e0 JavaThread "Service Thread"             daemon [_thread_blocked, id=21820, stack(0x000000afcb600000,0x000000afcb700000) (1024K)]
  0x000002a2f8cc6f80 JavaThread "Monitor Deflation Thread"   daemon [_thread_blocked, id=31556, stack(0x000000afcb700000,0x000000afcb800000) (1024K)]
  0x000002a2f8cccfd0 JavaThread "C2 CompilerThread0"         daemon [_thread_in_native, id=31956, stack(0x000000afcb800000,0x000000afcb900000) (1024K)]
  0x000002a2f8cce680 JavaThread "C1 CompilerThread0"         daemon [_thread_blocked, id=8868, stack(0x000000afcb900000,0x000000afcba00000) (1024K)]
  0x000002a2f8dc6d20 JavaThread "C1 CompilerThread1"         daemon [_thread_blocked, id=28812, stack(0x000000afcba00000,0x000000afcbb00000) (1024K)]
  0x000002a2f8dc7570 JavaThread "C1 CompilerThread2"         daemon [_thread_blocked, id=31488, stack(0x000000afcbb00000,0x000000afcbc00000) (1024K)]
  0x000002a2f8ddf500 JavaThread "C2 CompilerThread1"         daemon [_thread_in_native, id=32424, stack(0x000000afcbc00000,0x000000afcbd00000) (1024K)]
  0x000002a2f8f6e440 JavaThread "Common-Cleaner"             daemon [_thread_blocked, id=30952, stack(0x000000afcbd00000,0x000000afcbe00000) (1024K)]
  0x000002a2fa5c8da0 JavaThread "Notification Thread"        daemon [_thread_blocked, id=28880, stack(0x000000afcbf00000,0x000000afcc000000) (1024K)]
  0x000002a2fa623290 JavaThread "C2 CompilerThread2"         daemon [_thread_in_native, id=29336, stack(0x000000afcc000000,0x000000afcc100000) (1024K)]
  0x000002a2fa61f4a0 JavaThread "C2 CompilerThread3"         daemon [_thread_in_native, id=4284, stack(0x000000afcc100000,0x000000afcc200000) (1024K)]
  0x000002a2ff2a6b00 JavaThread "Active Thread: Equinox Container: 0f403478-1547-4604-a680-4d1659b8db59"        [_thread_blocked, id=29652, stack(0x000000afcc800000,0x000000afcc900000) (1024K)]
  0x000002a2ff1cd330 JavaThread "Refresh Thread: Equinox Container: 0f403478-1547-4604-a680-4d1659b8db59" daemon [_thread_blocked, id=14420, stack(0x000000afcca00000,0x000000afccb00000) (1024K)]
  0x000002a2ff3f92c0 JavaThread "Framework Event Dispatcher: Equinox Container: 0f403478-1547-4604-a680-4d1659b8db59" daemon [_thread_blocked, id=22744, stack(0x000000afccb00000,0x000000afccc00000) (1024K)]
  0x000002a2ff2f8d80 JavaThread "Start Level: Equinox Container: 0f403478-1547-4604-a680-4d1659b8db59" daemon [_thread_blocked, id=16956, stack(0x000000afccc00000,0x000000afccd00000) (1024K)]
  0x000002a2ff924740 JavaThread "Bundle File Closer"         daemon [_thread_blocked, id=31336, stack(0x000000afcd000000,0x000000afcd100000) (1024K)]
  0x000002a2ff995a10 JavaThread "SCR Component Actor"        daemon [_thread_blocked, id=10860, stack(0x000000afcd100000,0x000000afcd200000) (1024K)]
  0x000002a2ffbab910 JavaThread "Worker-JM"                         [_thread_blocked, id=29000, stack(0x000000afcd200000,0x000000afcd300000) (1024K)]
  0x000002a2ff9b0cb0 JavaThread "C2 CompilerThread4"         daemon [_thread_in_native, id=8552, stack(0x000000afcd500000,0x000000afcd600000) (1024K)]
  0x000002a2ffbac630 JavaThread "JNA Cleaner"                daemon [_thread_blocked, id=27748, stack(0x000000afcd700000,0x000000afcd800000) (1024K)]
  0x000002a2ffbaabf0 JavaThread "Worker-0"                          [_thread_blocked, id=18064, stack(0x000000afcd800000,0x000000afcd900000) (1024K)]
  0x000002a2ffbabfa0 JavaThread "Worker-1"                          [_thread_blocked, id=28312, stack(0x000000afcd900000,0x000000afcda00000) (1024K)]
  0x000002a2ffbaccc0 JavaThread "Worker-2: Initialize After Load"        [_thread_blocked, id=30384, stack(0x000000afcda00000,0x000000afcdb00000) (1024K)]
  0x000002a2ffbad9e0 JavaThread "Java indexing"              daemon [_thread_blocked, id=2044, stack(0x000000afcd600000,0x000000afcd700000) (1024K)]
  0x000002a2ffbae070 JavaThread "Worker-3: Repository registry initialization"        [_thread_blocked, id=17380, stack(0x000000afcdd00000,0x000000afcde00000) (1024K)]
  0x000002a2d1de1080 JavaThread "Worker-4: Updating Maven Dependencies"        [_thread_in_native, id=14488, stack(0x000000afcde00000,0x000000afcdf00000) (1024K)]
=>0x000002a2d18a45c0 JavaThread "C2 CompilerThread5"         daemon [_thread_in_native, id=32684, stack(0x000000afcdf00000,0x000000afce000000) (1024K)]
  0x000002a2d1de2ac0 JavaThread "Thread-1"                   daemon [_thread_in_native, id=27820, stack(0x000000afce000000,0x000000afce100000) (1024K)]
  0x000002a2d1de3150 JavaThread "Thread-2"                   daemon [_thread_in_native, id=21036, stack(0x000000afce100000,0x000000afce200000) (1024K)]
  0x000002a2d1de37e0 JavaThread "Thread-3"                   daemon [_thread_in_native, id=30112, stack(0x000000afce200000,0x000000afce300000) (1024K)]
  0x000002a2d1de3e70 JavaThread "Thread-4"                   daemon [_thread_in_native, id=27720, stack(0x000000afce300000,0x000000afce400000) (1024K)]
  0x000002a2d1de4500 JavaThread "Thread-5"                   daemon [_thread_in_native, id=9792, stack(0x000000afce400000,0x000000afce500000) (1024K)]
  0x000002a2d1de4b90 JavaThread "Thread-6"                   daemon [_thread_in_native, id=31904, stack(0x000000afce500000,0x000000afce600000) (1024K)]
  0x000002a2d1de1710 JavaThread "Thread-7"                   daemon [_thread_in_native, id=15080, stack(0x000000afce600000,0x000000afce700000) (1024K)]
  0x000002a2d1de5220 JavaThread "Thread-8"                   daemon [_thread_in_native, id=1588, stack(0x000000afce700000,0x000000afce800000) (1024K)]
  0x000002a2d1de1da0 JavaThread "Thread-9"                   daemon [_thread_in_native, id=12736, stack(0x000000afce800000,0x000000afce900000) (1024K)]
  0x000002a2d1de2430 JavaThread "Thread-10"                  daemon [_thread_in_native, id=4492, stack(0x000000afce900000,0x000000afcea00000) (1024K)]
  0x000002a2d1de7980 JavaThread "Thread-11"                  daemon [_thread_in_native, id=14400, stack(0x000000afcea00000,0x000000afceb00000) (1024K)]
  0x000002a2d1de65d0 JavaThread "Thread-12"                  daemon [_thread_in_native, id=29324, stack(0x000000afceb00000,0x000000afcec00000) (1024K)]
  0x000002a2d1de8010 JavaThread "Thread-13"                  daemon [_thread_in_native, id=14516, stack(0x000000afcec00000,0x000000afced00000) (1024K)]
  0x000002a2d1de72f0 JavaThread "Thread-14"                  daemon [_thread_in_native, id=30928, stack(0x000000afced00000,0x000000afcee00000) (1024K)]
  0x000002a2d1de6c60 JavaThread "Thread-15"                  daemon [_thread_in_native, id=29332, stack(0x000000afcee00000,0x000000afcef00000) (1024K)]
  0x000002a2d1de5f40 JavaThread "Thread-16"                  daemon [_thread_in_native, id=14844, stack(0x000000afcef00000,0x000000afcf000000) (1024K)]
  0x000002a2d1de86a0 JavaThread "Thread-17"                  daemon [_thread_in_native, id=19128, stack(0x000000afcf000000,0x000000afcf100000) (1024K)]
  0x000002a2d1de58b0 JavaThread "pool-2-thread-1"                   [_thread_blocked, id=11796, stack(0x000000afcf100000,0x000000afcf200000) (1024K)]
  0x000002a2d31993f0 JavaThread "WorkspaceEventsHandler"            [_thread_blocked, id=29544, stack(0x000000afcf200000,0x000000afcf300000) (1024K)]
  0x000002a2d3198d60 JavaThread "pool-1-thread-1"                   [_thread_blocked, id=30792, stack(0x000000afcf300000,0x000000afcf400000) (1024K)]
Total: 52

Other Threads:
  0x000002a2ef753b30 VMThread "VM Thread"                           [id=30620, stack(0x000000afcb100000,0x000000afcb200000) (1024K)]
  0x000002a2ef724180 WatcherThread "VM Periodic Task Thread"        [id=18980, stack(0x000000afcb000000,0x000000afcb100000) (1024K)]
  0x000002a2ef6d1d50 WorkerThread "GC Thread#0"                     [id=19668, stack(0x000000afcaf00000,0x000000afcb000000) (1024K)]
  0x000002a2ff186ce0 WorkerThread "GC Thread#1"                     [id=25456, stack(0x000000afcc200000,0x000000afcc300000) (1024K)]
  0x000002a2ff187080 WorkerThread "GC Thread#2"                     [id=16404, stack(0x000000afcc300000,0x000000afcc400000) (1024K)]
  0x000002a2fad7efa0 WorkerThread "GC Thread#3"                     [id=10264, stack(0x000000afcc400000,0x000000afcc500000) (1024K)]
  0x000002a2fad7f340 WorkerThread "GC Thread#4"                     [id=32320, stack(0x000000afcc500000,0x000000afcc600000) (1024K)]
  0x000002a2fad7f6e0 WorkerThread "GC Thread#5"                     [id=29792, stack(0x000000afcc600000,0x000000afcc700000) (1024K)]
  0x000002a2fad7fa80 WorkerThread "GC Thread#6"                     [id=16820, stack(0x000000afcc700000,0x000000afcc800000) (1024K)]
  0x000002a2ff442640 WorkerThread "GC Thread#7"                     [id=5564, stack(0x000000afcc900000,0x000000afcca00000) (1024K)]
  0x000002a2ff574800 WorkerThread "GC Thread#8"                     [id=29764, stack(0x000000afccd00000,0x000000afcce00000) (1024K)]
  0x000002a2ff5735e0 WorkerThread "GC Thread#9"                     [id=14660, stack(0x000000afcce00000,0x000000afccf00000) (1024K)]
  0x000002a2ff574460 WorkerThread "GC Thread#10"                    [id=26824, stack(0x000000afccf00000,0x000000afcd000000) (1024K)]
  0x000002a2ff572ea0 WorkerThread "GC Thread#11"                    [id=29532, stack(0x000000afcd300000,0x000000afcd400000) (1024K)]
  0x000002a2ff573240 WorkerThread "GC Thread#12"                    [id=2504, stack(0x000000afcd400000,0x000000afcd500000) (1024K)]
Total: 15

Threads with active compile tasks:
C2 CompilerThread0  4591 5774   !   4       org.eclipse.osgi.internal.loader.classpath.ClasspathManager::findClassImpl (328 bytes)
C1 CompilerThread0  4591 6437       3       org.objectweb.asm.ClassReader::accept (1419 bytes)
C2 CompilerThread1  4591 5761       4       org.eclipse.osgi.internal.loader.ModuleClassLoader::toString (80 bytes)
C2 CompilerThread2  4591 5674       4       java.lang.invoke.MethodType::methodType (69 bytes)
C2 CompilerThread3  4591 6431       4       java.lang.StringConcatHelper::newString (67 bytes)
C2 CompilerThread4  4591 6119       4       java.lang.invoke.MethodType::makeImpl (109 bytes)
C2 CompilerThread5  4591 5669   !   4       org.eclipse.osgi.internal.loader.BundleLoader::findClass0 (490 bytes)
Total: 7

VM state: not at safepoint (normal execution)

VM Mutex/Monitor currently owned by a thread: None

Heap address: 0x0000000080000000, size: 2048 MB, Compressed Oops mode: 32-bit

CDS archive(s) mapped at: [0x000002a28f000000-0x000002a28fba0000-0x000002a28fba0000), size 12189696, SharedBaseAddress: 0x000002a28f000000, ArchiveRelocationMode: 1.
Compressed class space mapped at: 0x000002a290000000-0x000002a2d0000000, reserved size: 1073741824
Narrow klass base: 0x000002a28f000000, Narrow klass shift: 0, Narrow klass range: 0x100000000

GC Precious Log:
 CardTable entry size: 512
 CPUs: 16 total, 16 available
 Memory: 15631M
 Large Page Support: Disabled
 NUMA Support: Disabled
 Compressed Oops: Enabled (32-bit)
 Alignments: Space 512K, Generation 512K, Heap 2M
 Heap Min Capacity: 100M
 Heap Initial Capacity: 100M
 Heap Max Capacity: 2G
 Pre-touch: Disabled
 Parallel Workers: 13

Heap:
 PSYoungGen      total 19968K, used 15937K [0x00000000d5580000, 0x00000000d6b80000, 0x0000000100000000)
  eden space 18944K, 78% used [0x00000000d5580000,0x00000000d6418540,0x00000000d6800000)
  from space 1024K, 96% used [0x00000000d6980000,0x00000000d6a78000,0x00000000d6a80000)
  to   space 1536K, 0% used [0x00000000d6800000,0x00000000d6800000,0x00000000d6980000)
 ParOldGen       total 68608K, used 26958K [0x0000000080000000, 0x0000000084300000, 0x00000000d5580000)
  object space 68608K, 39% used [0x0000000080000000,0x0000000081a53938,0x0000000084300000)
 Metaspace       used 39404K, committed 40512K, reserved 1114112K
  class space    used 4094K, committed 4608K, reserved 1048576K

Card table byte_map: [0x000002a2f2af0000,0x000002a2f2f00000] _byte_map_base: 0x000002a2f26f0000

Marking Bits: (ParMarkBitMap*) 0x00007ff9200e2460
 Begin Bits: [0x000002a2f31b0000, 0x000002a2f51b0000)
 End Bits:   [0x000002a2f51b0000, 0x000002a2f71b0000)

Polling page: 0x000002a2ef770000

Metaspace:

Usage:
  Non-class:     34.48 MB used.
      Class:      4.00 MB used.
       Both:     38.48 MB used.

Virtual space:
  Non-class space:       64.00 MB reserved,      35.06 MB ( 55%) committed,  1 nodes.
      Class space:        1.00 GB reserved,       4.50 MB ( <1%) committed,  1 nodes.
             Both:        1.06 GB reserved,      39.56 MB (  4%) committed. 

Chunk freelists:
   Non-Class:  12.25 MB
       Class:  11.50 MB
        Both:  23.75 MB

MaxMetaspaceSize: unlimited
CompressedClassSpaceSize: 1.00 GB
Initial GC threshold: 21.00 MB
Current GC threshold: 58.38 MB
CDS: on
 - commit_granule_bytes: 65536.
 - commit_granule_words: 8192.
 - virtual_space_node_default_size: 8388608.
 - enlarge_chunks_in_place: 1.
 - use_allocation_guard: 0.


Internal statistics:

num_allocs_failed_limit: 6.
num_arena_births: 760.
num_arena_deaths: 14.
num_vsnodes_births: 2.
num_vsnodes_deaths: 0.
num_space_committed: 633.
num_space_uncommitted: 0.
num_chunks_returned_to_freelist: 20.
num_chunks_taken_from_freelist: 2449.
num_chunk_merges: 11.
num_chunk_splits: 1526.
num_chunks_enlarged: 898.
num_inconsistent_stats: 0.

CodeHeap 'non-profiled nmethods': size=119168Kb used=3295Kb max_used=3295Kb free=115873Kb
 bounds [0x000002a287ba0000, 0x000002a287f00000, 0x000002a28f000000]
CodeHeap 'profiled nmethods': size=119104Kb used=12155Kb max_used=12486Kb free=106948Kb
 bounds [0x000002a280000000, 0x000002a280c40000, 0x000002a287450000]
CodeHeap 'non-nmethods': size=7488Kb used=2499Kb max_used=3112Kb free=4988Kb
 bounds [0x000002a287450000, 0x000002a287760000, 0x000002a287ba0000]
CodeCache: size=245760Kb, used=17949Kb, max_used=18893Kb, free=227809Kb
 total_blobs=6398, nmethods=5736, adapters=566, full_count=0
Compilation: enabled, stopped_count=0, restarted_count=0

Compilation events (20 events):
Event: 3.509 Thread 0x000002a2fa623290 6232   !   4       java.nio.CharBuffer::wrap (21 bytes)
Event: 3.511 Thread 0x000002a2f8ddf500 nmethod 6233 0x000002a287c4c690 code [0x000002a287c4c820, 0x000002a287c4c9e8]
Event: 3.512 Thread 0x000002a2f8ddf500 6234   !   4       sun.nio.cs.StreamDecoder::read0 (59 bytes)
Event: 3.512 Thread 0x000002a2fa623290 nmethod 6232 0x000002a287c4bf90 code [0x000002a287c4c140, 0x000002a287c4c390]
Event: 3.512 Thread 0x000002a2f8dc7570 6394       3       org.objectweb.asm.ClassReader::readField (675 bytes)
Event: 3.512 Thread 0x000002a2f8fbcd10 6395       3       org.objectweb.asm.ClassVisitor::visitField (24 bytes)
Event: 3.512 Thread 0x000002a2f8fbcd10 nmethod 6395 0x000002a280750390 code [0x000002a280750560, 0x000002a2807508e8]
Event: 3.512 Thread 0x000002a2fa623290 6236       4       sun.nio.cs.StreamDecoder::lockedRead0 (95 bytes)
Event: 3.513 Thread 0x000002a2f8dc6d20 6396       3       org.objectweb.asm.ClassReader::getFirstAttributeOffset (136 bytes)
Event: 3.514 Thread 0x000002a2f8dc6d20 nmethod 6396 0x000002a280417410 code [0x000002a280417660, 0x000002a280417cf0]
Event: 3.514 Thread 0x000002a2f8dc7570 nmethod 6394 0x000002a280584c10 code [0x000002a280585180, 0x000002a280587340]
Event: 3.518 Thread 0x000002a2f8dc6d20 6397       3       com.google.common.cache.LocalCache::recordsAccess (5 bytes)
Event: 3.518 Thread 0x000002a2f8fbcd10 6398       3       com.google.common.cache.LocalCache::refreshes (15 bytes)
Event: 3.518 Thread 0x000002a2f8fbcd10 nmethod 6398 0x000002a2803ffe10 code [0x000002a2803fffa0, 0x000002a280400108]
Event: 3.518 Thread 0x000002a2f8dc6d20 nmethod 6397 0x000002a280584790 code [0x000002a280584940, 0x000002a280584b08]
Event: 3.521 Thread 0x000002a2fa623290 nmethod 6236 0x000002a287d37910 code [0x000002a287d37b20, 0x000002a287d38030]
Event: 3.521 Thread 0x000002a2fa623290 6240       4       org.codehaus.plexus.util.xml.pull.MXParser::isNameChar (56 bytes)
Event: 3.522 Thread 0x000002a2fa623290 nmethod 6240 0x000002a287baff10 code [0x000002a287bb00a0, 0x000002a287bb0158]
Event: 3.522 Thread 0x000002a2fa623290 6362       4       java.lang.invoke.DirectMethodHandle$Holder::newInvokeSpecial (21 bytes)
Event: 3.522 Thread 0x000002a2fa61f4a0 nmethod 6213 0x000002a287eeec90 code [0x000002a287eef280, 0x000002a287ef22e0]

GC Heap History (20 events):
Event: 2.588 GC heap before
{Heap before GC invocations=15 (full 1):
 PSYoungGen      total 20992K, used 20795K [0x00000000d5580000, 0x00000000d6c80000, 0x0000000100000000)
  eden space 19456K, 100% used [0x00000000d5580000,0x00000000d6880000,0x00000000d6880000)
  from space 1536K, 87% used [0x00000000d6980000,0x00000000d6aceda0,0x00000000d6b00000)
  to   space 1536K, 0% used [0x00000000d6b00000,0x00000000d6b00000,0x00000000d6c80000)
 ParOldGen       total 68608K, used 21726K [0x0000000080000000, 0x0000000084300000, 0x00000000d5580000)
  object space 68608K, 31% used [0x0000000080000000,0x0000000081537ac0,0x0000000084300000)
 Metaspace       used 28426K, committed 29248K, reserved 1114112K
  class space    used 2716K, committed 3072K, reserved 1048576K
}
Event: 2.588 GC heap after
{Heap after GC invocations=15 (full 1):
 PSYoungGen      total 20480K, used 576K [0x00000000d5580000, 0x00000000d6c00000, 0x0000000100000000)
  eden space 19456K, 0% used [0x00000000d5580000,0x00000000d5580000,0x00000000d6880000)
  from space 1024K, 56% used [0x00000000d6b00000,0x00000000d6b90000,0x00000000d6c00000)
  to   space 1024K, 0% used [0x00000000d6a00000,0x00000000d6a00000,0x00000000d6b00000)
 ParOldGen       total 68608K, used 22761K [0x0000000080000000, 0x0000000084300000, 0x00000000d5580000)
  object space 68608K, 33% used [0x0000000080000000,0x000000008163a7b0,0x0000000084300000)
 Metaspace       used 28426K, committed 29248K, reserved 1114112K
  class space    used 2716K, committed 3072K, reserved 1048576K
}
Event: 2.728 GC heap before
{Heap before GC invocations=16 (full 1):
 PSYoungGen      total 20480K, used 20032K [0x00000000d5580000, 0x00000000d6c00000, 0x0000000100000000)
  eden space 19456K, 100% used [0x00000000d5580000,0x00000000d6880000,0x00000000d6880000)
  from space 1024K, 56% used [0x00000000d6b00000,0x00000000d6b90000,0x00000000d6c00000)
  to   space 1024K, 0% used [0x00000000d6a00000,0x00000000d6a00000,0x00000000d6b00000)
 ParOldGen       total 68608K, used 22761K [0x0000000080000000, 0x0000000084300000, 0x00000000d5580000)
  object space 68608K, 33% used [0x0000000080000000,0x000000008163a7b0,0x0000000084300000)
 Metaspace       used 30017K, committed 30912K, reserved 1114112K
  class space    used 2882K, committed 3264K, reserved 1048576K
}
Event: 2.728 GC heap after
{Heap after GC invocations=16 (full 1):
 PSYoungGen      total 20480K, used 1000K [0x00000000d5580000, 0x00000000d6c80000, 0x0000000100000000)
  eden space 19456K, 0% used [0x00000000d5580000,0x00000000d5580000,0x00000000d6880000)
  from space 1024K, 97% used [0x00000000d6a00000,0x00000000d6afa3f0,0x00000000d6b00000)
  to   space 1536K, 0% used [0x00000000d6b00000,0x00000000d6b00000,0x00000000d6c80000)
 ParOldGen       total 68608K, used 23161K [0x0000000080000000, 0x0000000084300000, 0x00000000d5580000)
  object space 68608K, 33% used [0x0000000080000000,0x000000008169e7f0,0x0000000084300000)
 Metaspace       used 30017K, committed 30912K, reserved 1114112K
  class space    used 2882K, committed 3264K, reserved 1048576K
}
Event: 2.839 GC heap before
{Heap before GC invocations=17 (full 1):
 PSYoungGen      total 20480K, used 20456K [0x00000000d5580000, 0x00000000d6c80000, 0x0000000100000000)
  eden space 19456K, 100% used [0x00000000d5580000,0x00000000d6880000,0x00000000d6880000)
  from space 1024K, 97% used [0x00000000d6a00000,0x00000000d6afa3f0,0x00000000d6b00000)
  to   space 1536K, 0% used [0x00000000d6b00000,0x00000000d6b00000,0x00000000d6c80000)
 ParOldGen       total 68608K, used 23161K [0x0000000080000000, 0x0000000084300000, 0x00000000d5580000)
  object space 68608K, 33% used [0x0000000080000000,0x000000008169e7f0,0x0000000084300000)
 Metaspace       used 31262K, committed 32256K, reserved 1114112K
  class space    used 3013K, committed 3456K, reserved 1048576K
}
Event: 2.839 GC heap after
{Heap after GC invocations=17 (full 1):
 PSYoungGen      total 20992K, used 1399K [0x00000000d5580000, 0x00000000d6c80000, 0x0000000100000000)
  eden space 19456K, 0% used [0x00000000d5580000,0x00000000d5580000,0x00000000d6880000)
  from space 1536K, 91% used [0x00000000d6b00000,0x00000000d6c5dc68,0x00000000d6c80000)
  to   space 1536K, 0% used [0x00000000d6980000,0x00000000d6980000,0x00000000d6b00000)
 ParOldGen       total 68608K, used 24073K [0x0000000080000000, 0x0000000084300000, 0x00000000d5580000)
  object space 68608K, 35% used [0x0000000080000000,0x00000000817824e0,0x0000000084300000)
 Metaspace       used 31262K, committed 32256K, reserved 1114112K
  class space    used 3013K, committed 3456K, reserved 1048576K
}
Event: 2.887 GC heap before
{Heap before GC invocations=18 (full 1):
 PSYoungGen      total 20992K, used 20855K [0x00000000d5580000, 0x00000000d6c80000, 0x0000000100000000)
  eden space 19456K, 100% used [0x00000000d5580000,0x00000000d6880000,0x00000000d6880000)
  from space 1536K, 91% used [0x00000000d6b00000,0x00000000d6c5dc68,0x00000000d6c80000)
  to   space 1536K, 0% used [0x00000000d6980000,0x00000000d6980000,0x00000000d6b00000)
 ParOldGen       total 68608K, used 24073K [0x0000000080000000, 0x0000000084300000, 0x00000000d5580000)
  object space 68608K, 35% used [0x0000000080000000,0x00000000817824e0,0x0000000084300000)
 Metaspace       used 32466K, committed 33472K, reserved 1114112K
  class space    used 3158K, committed 3648K, reserved 1048576K
}
Event: 2.887 GC heap after
{Heap after GC invocations=18 (full 1):
 PSYoungGen      total 20480K, used 890K [0x00000000d5580000, 0x00000000d6b80000, 0x0000000100000000)
  eden space 19456K, 0% used [0x00000000d5580000,0x00000000d5580000,0x00000000d6880000)
  from space 1024K, 86% used [0x00000000d6980000,0x00000000d6a5e960,0x00000000d6a80000)
  to   space 1024K, 0% used [0x00000000d6a80000,0x00000000d6a80000,0x00000000d6b80000)
 ParOldGen       total 68608K, used 25188K [0x0000000080000000, 0x0000000084300000, 0x00000000d5580000)
  object space 68608K, 36% used [0x0000000080000000,0x0000000081899190,0x0000000084300000)
 Metaspace       used 32466K, committed 33472K, reserved 1114112K
  class space    used 3158K, committed 3648K, reserved 1048576K
}
Event: 2.967 GC heap before
{Heap before GC invocations=19 (full 1):
 PSYoungGen      total 20480K, used 20346K [0x00000000d5580000, 0x00000000d6b80000, 0x0000000100000000)
  eden space 19456K, 100% used [0x00000000d5580000,0x00000000d6880000,0x00000000d6880000)
  from space 1024K, 86% used [0x00000000d6980000,0x00000000d6a5e960,0x00000000d6a80000)
  to   space 1024K, 0% used [0x00000000d6a80000,0x00000000d6a80000,0x00000000d6b80000)
 ParOldGen       total 68608K, used 25188K [0x0000000080000000, 0x0000000084300000, 0x00000000d5580000)
  object space 68608K, 36% used [0x0000000080000000,0x0000000081899190,0x0000000084300000)
 Metaspace       used 33683K, committed 34688K, reserved 1114112K
  class space    used 3329K, committed 3776K, reserved 1048576K
}
Event: 2.968 GC heap after
{Heap after GC invocations=19 (full 1):
 PSYoungGen      total 20480K, used 1008K [0x00000000d5580000, 0x00000000d6c80000, 0x0000000100000000)
  eden space 19456K, 0% used [0x00000000d5580000,0x00000000d5580000,0x00000000d6880000)
  from space 1024K, 98% used [0x00000000d6a80000,0x00000000d6b7c010,0x00000000d6b80000)
  to   space 2048K, 0% used [0x00000000d6880000,0x00000000d6880000,0x00000000d6a80000)
 ParOldGen       total 68608K, used 25860K [0x0000000080000000, 0x0000000084300000, 0x00000000d5580000)
  object space 68608K, 37% used [0x0000000080000000,0x0000000081941190,0x0000000084300000)
 Metaspace       used 33683K, committed 34688K, reserved 1114112K
  class space    used 3329K, committed 3776K, reserved 1048576K
}
Event: 3.055 GC heap before
{Heap before GC invocations=20 (full 1):
 PSYoungGen      total 20480K, used 19335K [0x00000000d5580000, 0x00000000d6c80000, 0x0000000100000000)
  eden space 19456K, 94% used [0x00000000d5580000,0x00000000d6765de8,0x00000000d6880000)
  from space 1024K, 98% used [0x00000000d6a80000,0x00000000d6b7c010,0x00000000d6b80000)
  to   space 2048K, 0% used [0x00000000d6880000,0x00000000d6880000,0x00000000d6a80000)
 ParOldGen       total 68608K, used 25860K [0x0000000080000000, 0x0000000084300000, 0x00000000d5580000)
  object space 68608K, 37% used [0x0000000080000000,0x0000000081941190,0x0000000084300000)
 Metaspace       used 34809K, committed 35840K, reserved 1114112K
  class space    used 3473K, committed 3904K, reserved 1048576K
}
Event: 3.056 GC heap after
{Heap after GC invocations=20 (full 1):
 PSYoungGen      total 20480K, used 672K [0x00000000d5580000, 0x00000000d6b80000, 0x0000000100000000)
  eden space 19456K, 0% used [0x00000000d5580000,0x00000000d5580000,0x00000000d6880000)
  from space 1024K, 65% used [0x00000000d6880000,0x00000000d6928000,0x00000000d6980000)
  to   space 1536K, 0% used [0x00000000d6a00000,0x00000000d6a00000,0x00000000d6b80000)
 ParOldGen       total 68608K, used 26812K [0x0000000080000000, 0x0000000084300000, 0x00000000d5580000)
  object space 68608K, 39% used [0x0000000080000000,0x0000000081a2f1d0,0x0000000084300000)
 Metaspace       used 34809K, committed 35840K, reserved 1114112K
  class space    used 3473K, committed 3904K, reserved 1048576K
}
Event: 3.056 GC heap before
{Heap before GC invocations=21 (full 2):
 PSYoungGen      total 20480K, used 672K [0x00000000d5580000, 0x00000000d6b80000, 0x0000000100000000)
  eden space 19456K, 0% used [0x00000000d5580000,0x00000000d5580000,0x00000000d6880000)
  from space 1024K, 65% used [0x00000000d6880000,0x00000000d6928000,0x00000000d6980000)
  to   space 1536K, 0% used [0x00000000d6a00000,0x00000000d6a00000,0x00000000d6b80000)
 ParOldGen       total 68608K, used 26812K [0x0000000080000000, 0x0000000084300000, 0x00000000d5580000)
  object space 68608K, 39% used [0x0000000080000000,0x0000000081a2f1d0,0x0000000084300000)
 Metaspace       used 34809K, committed 35840K, reserved 1114112K
  class space    used 3473K, committed 3904K, reserved 1048576K
}
Event: 3.077 GC heap after
{Heap after GC invocations=21 (full 2):
 PSYoungGen      total 20480K, used 0K [0x00000000d5580000, 0x00000000d6b80000, 0x0000000100000000)
  eden space 19456K, 0% used [0x00000000d5580000,0x00000000d5580000,0x00000000d6880000)
  from space 1024K, 0% used [0x00000000d6880000,0x00000000d6880000,0x00000000d6980000)
  to   space 1536K, 0% used [0x00000000d6a00000,0x00000000d6a00000,0x00000000d6b80000)
 ParOldGen       total 68608K, used 26310K [0x0000000080000000, 0x0000000084300000, 0x00000000d5580000)
  object space 68608K, 38% used [0x0000000080000000,0x00000000819b1928,0x0000000084300000)
 Metaspace       used 34809K, committed 35840K, reserved 1114112K
  class space    used 3473K, committed 3904K, reserved 1048576K
}
Event: 3.155 GC heap before
{Heap before GC invocations=22 (full 2):
 PSYoungGen      total 20480K, used 19456K [0x00000000d5580000, 0x00000000d6b80000, 0x0000000100000000)
  eden space 19456K, 100% used [0x00000000d5580000,0x00000000d6880000,0x00000000d6880000)
  from space 1024K, 0% used [0x00000000d6880000,0x00000000d6880000,0x00000000d6980000)
  to   space 1536K, 0% used [0x00000000d6a00000,0x00000000d6a00000,0x00000000d6b80000)
 ParOldGen       total 68608K, used 26310K [0x0000000080000000, 0x0000000084300000, 0x00000000d5580000)
  object space 68608K, 38% used [0x0000000080000000,0x00000000819b1928,0x0000000084300000)
 Metaspace       used 35753K, committed 36864K, reserved 1114112K
  class space    used 3619K, committed 4096K, reserved 1048576K
}
Event: 3.156 GC heap after
{Heap after GC invocations=22 (full 2):
 PSYoungGen      total 20480K, used 672K [0x00000000d5580000, 0x00000000d6b00000, 0x0000000100000000)
  eden space 19456K, 0% used [0x00000000d5580000,0x00000000d5580000,0x00000000d6880000)
  from space 1024K, 65% used [0x00000000d6a00000,0x00000000d6aa8000,0x00000000d6b00000)
  to   space 1024K, 0% used [0x00000000d6880000,0x00000000d6880000,0x00000000d6980000)
 ParOldGen       total 68608K, used 26318K [0x0000000080000000, 0x0000000084300000, 0x00000000d5580000)
  object space 68608K, 38% used [0x0000000080000000,0x00000000819b3928,0x0000000084300000)
 Metaspace       used 35753K, committed 36864K, reserved 1114112K
  class space    used 3619K, committed 4096K, reserved 1048576K
}
Event: 3.233 GC heap before
{Heap before GC invocations=23 (full 2):
 PSYoungGen      total 20480K, used 20128K [0x00000000d5580000, 0x00000000d6b00000, 0x0000000100000000)
  eden space 19456K, 100% used [0x00000000d5580000,0x00000000d6880000,0x00000000d6880000)
  from space 1024K, 65% used [0x00000000d6a00000,0x00000000d6aa8000,0x00000000d6b00000)
  to   space 1024K, 0% used [0x00000000d6880000,0x00000000d6880000,0x00000000d6980000)
 ParOldGen       total 68608K, used 26318K [0x0000000080000000, 0x0000000084300000, 0x00000000d5580000)
  object space 68608K, 38% used [0x0000000080000000,0x00000000819b3928,0x0000000084300000)
 Metaspace       used 36972K, committed 38080K, reserved 1114112K
  class space    used 3762K, committed 4288K, reserved 1048576K
}
Event: 3.234 GC heap after
{Heap after GC invocations=23 (full 2):
 PSYoungGen      total 20480K, used 480K [0x00000000d5580000, 0x00000000d6a80000, 0x0000000100000000)
  eden space 19456K, 0% used [0x00000000d5580000,0x00000000d5580000,0x00000000d6880000)
  from space 1024K, 46% used [0x00000000d6880000,0x00000000d68f8000,0x00000000d6980000)
  to   space 1024K, 0% used [0x00000000d6980000,0x00000000d6980000,0x00000000d6a80000)
 ParOldGen       total 68608K, used 26718K [0x0000000080000000, 0x0000000084300000, 0x00000000d5580000)
  object space 68608K, 38% used [0x0000000080000000,0x0000000081a17928,0x0000000084300000)
 Metaspace       used 36972K, committed 38080K, reserved 1114112K
  class space    used 3762K, committed 4288K, reserved 1048576K
}
Event: 3.403 GC heap before
{Heap before GC invocations=24 (full 2):
 PSYoungGen      total 20480K, used 19936K [0x00000000d5580000, 0x00000000d6a80000, 0x0000000100000000)
  eden space 19456K, 100% used [0x00000000d5580000,0x00000000d6880000,0x00000000d6880000)
  from space 1024K, 46% used [0x00000000d6880000,0x00000000d68f8000,0x00000000d6980000)
  to   space 1024K, 0% used [0x00000000d6980000,0x00000000d6980000,0x00000000d6a80000)
 ParOldGen       total 68608K, used 26718K [0x0000000080000000, 0x0000000084300000, 0x00000000d5580000)
  object space 68608K, 38% used [0x0000000080000000,0x0000000081a17928,0x0000000084300000)
 Metaspace       used 38331K, committed 39488K, reserved 1114112K
  class space    used 3961K, committed 4480K, reserved 1048576K
}
Event: 3.404 GC heap after
{Heap after GC invocations=24 (full 2):
 PSYoungGen      total 19968K, used 992K [0x00000000d5580000, 0x00000000d6b80000, 0x0000000100000000)
  eden space 18944K, 0% used [0x00000000d5580000,0x00000000d5580000,0x00000000d6800000)
  from space 1024K, 96% used [0x00000000d6980000,0x00000000d6a78000,0x00000000d6a80000)
  to   space 1536K, 0% used [0x00000000d6800000,0x00000000d6800000,0x00000000d6980000)
 ParOldGen       total 68608K, used 26958K [0x0000000080000000, 0x0000000084300000, 0x00000000d5580000)
  object space 68608K, 39% used [0x0000000080000000,0x0000000081a53938,0x0000000084300000)
 Metaspace       used 38331K, committed 39488K, reserved 1114112K
  class space    used 3961K, committed 4480K, reserved 1048576K
}

Dll operation events (10 events):
Event: 0.008 Loaded shared library c:\Users\Yohan\.vscode\extensions\redhat.java-1.49.0-win32-x64\jre\21.0.9-win32-x86_64\bin\java.dll
Event: 0.050 Loaded shared library c:\Users\Yohan\.vscode\extensions\redhat.java-1.49.0-win32-x64\jre\21.0.9-win32-x86_64\bin\zip.dll
Event: 0.062 Loaded shared library C:\Users\Yohan\.vscode\extensions\redhat.java-1.49.0-win32-x64\jre\21.0.9-win32-x86_64\bin\instrument.dll
Event: 0.065 Loaded shared library C:\Users\Yohan\.vscode\extensions\redhat.java-1.49.0-win32-x64\jre\21.0.9-win32-x86_64\bin\net.dll
Event: 0.067 Loaded shared library C:\Users\Yohan\.vscode\extensions\redhat.java-1.49.0-win32-x64\jre\21.0.9-win32-x86_64\bin\nio.dll
Event: 0.069 Loaded shared library C:\Users\Yohan\.vscode\extensions\redhat.java-1.49.0-win32-x64\jre\21.0.9-win32-x86_64\bin\zip.dll
Event: 0.080 Loaded shared library C:\Users\Yohan\.vscode\extensions\redhat.java-1.49.0-win32-x64\jre\21.0.9-win32-x86_64\bin\jimage.dll
Event: 0.119 Loaded shared library c:\Users\Yohan\.vscode\extensions\redhat.java-1.49.0-win32-x64\jre\21.0.9-win32-x86_64\bin\verify.dll
Event: 0.721 Loaded shared library C:\Users\Yohan\AppData\Roaming\Code\User\globalStorage\redhat.java\1.49.0\config_win\org.eclipse.equinox.launcher\org.eclipse.equinox.launcher.win32.win32.x86_64_1.2.1400.v20250801-0854\eclipse_11916.dll
Event: 1.725 Loaded shared library C:\Users\Yohan\AppData\Local\Temp\jna-85603231\jna4601846712059836189.dll

Deoptimization events (20 events):
Event: 3.331 Thread 0x000002a2ffbabfa0 DEOPT PACKING pc=0x000002a287d5acd4 sp=0x000000afcd9fec40
Event: 3.331 Thread 0x000002a2ffbabfa0 DEOPT UNPACKING pc=0x000002a2874a6da2 sp=0x000000afcd9febf8 mode 2
Event: 3.331 Thread 0x000002a2ffbabfa0 Uncommon trap: trap_request=0xffffffc6 fr.pc=0x000002a287d5acd4 relative=0x0000000000000754
Event: 3.331 Thread 0x000002a2ffbabfa0 Uncommon trap: reason=bimorphic_or_optimized_type_check action=maybe_recompile pc=0x000002a287d5acd4 method=org.eclipse.core.internal.dtree.AbstractDataTreeNode.assembleWith(Lorg/eclipse/core/internal/dtree/AbstractDataTreeNode;)Lorg/eclipse/core/internal
Event: 3.332 Thread 0x000002a2ffbabfa0 DEOPT PACKING pc=0x000002a287d5acd4 sp=0x000000afcd9fec60
Event: 3.332 Thread 0x000002a2ffbabfa0 DEOPT UNPACKING pc=0x000002a2874a6da2 sp=0x000000afcd9fec18 mode 2
Event: 3.344 Thread 0x000002a2d1de1080 Uncommon trap: trap_request=0xffffff45 fr.pc=0x000002a287cdfb54 relative=0x0000000000000134
Event: 3.344 Thread 0x000002a2d1de1080 Uncommon trap: reason=unstable_if action=reinterpret pc=0x000002a287cdfb54 method=java.util.ArrayList.indexOfRange(Ljava/lang/Object;II)I @ 7 c2
Event: 3.344 Thread 0x000002a2d1de1080 DEOPT PACKING pc=0x000002a287cdfb54 sp=0x000000afcdefe0c0
Event: 3.344 Thread 0x000002a2d1de1080 DEOPT UNPACKING pc=0x000002a2874a6da2 sp=0x000000afcdefdf80 mode 2
Event: 3.351 Thread 0x000002a2d1de1080 Uncommon trap: trap_request=0xffffff45 fr.pc=0x000002a287cd21b0 relative=0x0000000000000110
Event: 3.351 Thread 0x000002a2d1de1080 Uncommon trap: reason=unstable_if action=reinterpret pc=0x000002a287cd21b0 method=java.util.ArrayList.indexOfRange(Ljava/lang/Object;II)I @ 7 c2
Event: 3.351 Thread 0x000002a2d1de1080 DEOPT PACKING pc=0x000002a287cd21b0 sp=0x000000afcdefdfe0
Event: 3.351 Thread 0x000002a2d1de1080 DEOPT UNPACKING pc=0x000002a2874a6da2 sp=0x000000afcdefdf80 mode 2
Event: 3.374 Thread 0x000002a2d1de1080 DEOPT PACKING pc=0x000002a280c159b5 sp=0x000000afcdefdaf0
Event: 3.374 Thread 0x000002a2d1de1080 DEOPT UNPACKING pc=0x000002a2874a78e2 sp=0x000000afcdefd000 mode 0
Event: 3.403 Thread 0x000002a2d1de1080 Uncommon trap: trap_request=0xffffff45 fr.pc=0x000002a287ca0c44 relative=0x00000000000022e4
Event: 3.403 Thread 0x000002a2d1de1080 Uncommon trap: reason=unstable_if action=reinterpret pc=0x000002a287ca0c44 method=sun.nio.cs.StreamDecoder.implRead([CII)I @ 186 c2
Event: 3.403 Thread 0x000002a2d1de1080 DEOPT PACKING pc=0x000002a287ca0c44 sp=0x000000afcdefde90
Event: 3.403 Thread 0x000002a2d1de1080 DEOPT UNPACKING pc=0x000002a2874a6da2 sp=0x000000afcdefdd38 mode 2

Classes loaded (20 events):
Event: 3.193 Loading class sun/reflect/annotation/TypeAnnotation
Event: 3.193 Loading class sun/reflect/annotation/TypeAnnotation done
Event: 3.193 Loading class sun/reflect/annotation/TypeAnnotation$TypeAnnotationTarget
Event: 3.193 Loading class sun/reflect/annotation/TypeAnnotation$TypeAnnotationTarget done
Event: 3.194 Loading class sun/reflect/annotation/TypeAnnotation$LocationInfo
Event: 3.194 Loading class sun/reflect/annotation/TypeAnnotation$LocationInfo done
Event: 3.194 Loading class sun/reflect/annotation/TypeAnnotation$LocationInfo$Location
Event: 3.194 Loading class sun/reflect/annotation/TypeAnnotation$LocationInfo$Location done
Event: 3.194 Loading class sun/reflect/annotation/AnnotatedTypeFactory
Event: 3.194 Loading class sun/reflect/annotation/AnnotatedTypeFactory done
Event: 3.194 Loading class sun/reflect/annotation/AnnotatedTypeFactory$AnnotatedTypeBaseImpl
Event: 3.194 Loading class sun/reflect/annotation/AnnotatedTypeFactory$AnnotatedTypeBaseImpl done
Event: 3.236 Loading class sun/nio/ch/WindowsAsynchronousFileChannelImpl$WriteTask
Event: 3.236 Loading class sun/nio/ch/WindowsAsynchronousFileChannelImpl$WriteTask done
Event: 3.282 Loading class java/lang/annotation/ElementType
Event: 3.282 Loading class java/lang/annotation/ElementType done
Event: 3.333 Loading class java/lang/annotation/IncompleteAnnotationException
Event: 3.333 Loading class java/lang/annotation/IncompleteAnnotationException done
Event: 3.352 Loading class java/lang/foreign/MemorySegment
Event: 3.353 Loading class java/lang/foreign/MemorySegment done

Classes unloaded (7 events):
Event: 2.124 Thread 0x000002a2ef753b30 Unloading class 0x000002a2901a9000 'java/lang/invoke/LambdaForm$MH+0x000002a2901a9000'
Event: 2.124 Thread 0x000002a2ef753b30 Unloading class 0x000002a2901a8c00 'java/lang/invoke/LambdaForm$MH+0x000002a2901a8c00'
Event: 2.124 Thread 0x000002a2ef753b30 Unloading class 0x000002a2901a8800 'java/lang/invoke/LambdaForm$MH+0x000002a2901a8800'
Event: 2.124 Thread 0x000002a2ef753b30 Unloading class 0x000002a2901a8400 'java/lang/invoke/LambdaForm$MH+0x000002a2901a8400'
Event: 2.124 Thread 0x000002a2ef753b30 Unloading class 0x000002a2901a8000 'java/lang/invoke/LambdaForm$BMH+0x000002a2901a8000'
Event: 2.124 Thread 0x000002a2ef753b30 Unloading class 0x000002a2901a7c00 'java/lang/invoke/LambdaForm$DMH+0x000002a2901a7c00'
Event: 2.124 Thread 0x000002a2ef753b30 Unloading class 0x000002a2901a6800 'java/lang/invoke/LambdaForm$DMH+0x000002a2901a6800'

Classes redefined (0 events):
No events

Internal exceptions (20 events):
Event: 2.990 Thread 0x000002a2d1de1080 Exception <a 'java/lang/NoSuchMethodError'{0x00000000d599f8c8}: 'java.lang.Object java.lang.invoke.DirectMethodHandle$Holder.newInvokeSpecial(java.lang.Object, java.lang.Object, java.lang.Object, java.lang.Object, java.lang.Object)'> (0x00000000d599f8c8) 
thrown [s\src\hotspot\share\interpreter\linkResolver.cpp, line 773]
Event: 2.997 Thread 0x000002a2d1de1080 Exception <a 'java/lang/NoSuchMethodError'{0x00000000d5b37c68}: 'java.lang.Object java.lang.invoke.DirectMethodHandle$Holder.invokeStaticInit(java.lang.Object, java.lang.Object, java.lang.Object, java.lang.Object, java.lang.Object, java.lang.Object, java.lang.Object)'> (0x00000000d5b37c68) 
thrown [s\src\hotspot\share\interpreter\linkResolver.cpp, line 773]
Event: 2.998 Thread 0x000002a2d1de1080 Exception <a 'java/lang/NoSuchMethodError'{0x00000000d5b49ac8}: 'java.lang.Object java.lang.invoke.Invokers$Holder.invoke_MT(java.lang.Object, java.lang.Object, java.lang.Object, java.lang.Object, java.lang.Object, java.lang.Object, java.lang.Object, java.lang.Object, java.lang.Object)'> (0x00000000d5b49ac8) 
thrown [s\src\hotspot\share\interpreter\linkResolver.cpp, line 773]
Event: 3.001 Thread 0x000002a2d1de1080 Exception <a 'java/lang/NoSuchMethodError'{0x00000000d5c346b0}: 'int java.lang.invoke.DirectMethodHandle$Holder.invokeVirtual(java.lang.Object, java.lang.Object, java.lang.Object)'> (0x00000000d5c346b0) 
thrown [s\src\hotspot\share\interpreter\linkResolver.cpp, line 773]
Event: 3.002 Thread 0x000002a2d1de1080 Exception <a 'java/lang/NoSuchMethodError'{0x00000000d5c3e600}: 'int java.lang.invoke.DirectMethodHandle$Holder.invokeStaticInit(java.lang.Object, int, int)'> (0x00000000d5c3e600) 
thrown [s\src\hotspot\share\interpreter\linkResolver.cpp, line 773]
Event: 3.002 Thread 0x000002a2d1de1080 Exception <a 'java/lang/NoSuchMethodError'{0x00000000d5c4c2e0}: 'int java.lang.invoke.DirectMethodHandle$Holder.invokeStaticInit(java.lang.Object, long, long)'> (0x00000000d5c4c2e0) 
thrown [s\src\hotspot\share\interpreter\linkResolver.cpp, line 773]
Event: 3.003 Thread 0x000002a2d1de1080 Exception <a 'java/lang/NoSuchMethodError'{0x00000000d5c60848}: 'int java.lang.invoke.DirectMethodHandle$Holder.invokeStaticInit(java.lang.Object, float, float)'> (0x00000000d5c60848) 
thrown [s\src\hotspot\share\interpreter\linkResolver.cpp, line 773]
Event: 3.003 Thread 0x000002a2d1de1080 Exception <a 'java/lang/NoSuchMethodError'{0x00000000d5c9a680}: 'int java.lang.invoke.DirectMethodHandle$Holder.invokeStaticInit(java.lang.Object, double, double)'> (0x00000000d5c9a680) 
thrown [s\src\hotspot\share\interpreter\linkResolver.cpp, line 773]
Event: 3.003 Thread 0x000002a2d1de1080 Exception <a 'java/lang/NoSuchMethodError'{0x00000000d5ca0e00}: 'int java.lang.invoke.DirectMethodHandle$Holder.invokeStatic(java.lang.Object, long)'> (0x00000000d5ca0e00) 
thrown [s\src\hotspot\share\interpreter\linkResolver.cpp, line 773]
Event: 3.006 Thread 0x000002a2d1de1080 Exception <a 'java/lang/NoSuchMethodError'{0x00000000d5d1b010}: 'int java.lang.invoke.Invokers$Holder.linkToTargetMethod(java.lang.Object, java.lang.Object)'> (0x00000000d5d1b010) 
thrown [s\src\hotspot\share\interpreter\linkResolver.cpp, line 773]
Event: 3.042 Thread 0x000002a2d1de1080 Exception <a 'java/lang/NoSuchMethodError'{0x00000000d641eda0}: 'java.lang.Object java.lang.invoke.DirectMethodHandle$Holder.invokeSpecialIFC(java.lang.Object, java.lang.Object, java.lang.Object, java.lang.Object)'> (0x00000000d641eda0) 
thrown [s\src\hotspot\share\interpreter\linkResolver.cpp, line 773]
Event: 3.136 Thread 0x000002a2ef6b36d0 Exception <a 'java/lang/NoSuchMethodError'{0x00000000d63e98a8}: 'void java.lang.invoke.DirectMethodHandle$Holder.invokeSpecial(java.lang.Object, java.lang.Object, java.lang.Object, java.lang.Object, java.lang.Object, java.lang.Object)'> (0x00000000d63e98a8) 
thrown [s\src\hotspot\share\interpreter\linkResolver.cpp, line 773]
Event: 3.137 Thread 0x000002a2ef6b36d0 Exception <a 'java/lang/IncompatibleClassChangeError'{0x00000000d643f3d8}: Found class java.lang.Object, but interface was expected> (0x00000000d643f3d8) 
thrown [s\src\hotspot\share\interpreter\linkResolver.cpp, line 840]
Event: 3.137 Thread 0x000002a2ef6b36d0 Exception <a 'java/lang/IncompatibleClassChangeError'{0x00000000d6441298}: Found class java.lang.Object, but interface was expected> (0x00000000d6441298) 
thrown [s\src\hotspot\share\interpreter\linkResolver.cpp, line 840]
Event: 3.177 Thread 0x000002a2ffbae070 Exception <a 'java/lang/NoSuchMethodError'{0x00000000d5a66568}: 'int java.lang.invoke.DirectMethodHandle$Holder.invokeSpecial(java.lang.Object, java.lang.Object, java.lang.Object, java.lang.Object)'> (0x00000000d5a66568) 
thrown [s\src\hotspot\share\interpreter\linkResolver.cpp, line 773]
Event: 3.178 Thread 0x000002a2ffbae070 Exception <a 'java/lang/NoSuchMethodError'{0x00000000d5adc3c8}: 'java.lang.Object java.lang.invoke.DirectMethodHandle$Holder.invokeStatic(java.lang.Object, int, java.lang.Object, java.lang.Object)'> (0x00000000d5adc3c8) 
thrown [s\src\hotspot\share\interpreter\linkResolver.cpp, line 773]
Event: 3.178 Thread 0x000002a2ffbae070 Exception <a 'java/lang/NoSuchMethodError'{0x00000000d5adfbc8}: 'java.lang.Object java.lang.invoke.DelegatingMethodHandle$Holder.delegate(java.lang.Object, int, java.lang.Object, java.lang.Object)'> (0x00000000d5adfbc8) 
thrown [s\src\hotspot\share\interpreter\linkResolver.cpp, line 773]
Event: 3.179 Thread 0x000002a2ffbae070 Implicit null exception at 0x000002a287ea49f6 to 0x000002a287ea4d18
Event: 3.180 Thread 0x000002a2ffbae070 Exception <a 'java/lang/NoSuchMethodError'{0x00000000d5b5cd20}: 'int java.lang.invoke.Invokers$Holder.linkToTargetMethod(java.lang.Object, java.lang.Object, java.lang.Object)'> (0x00000000d5b5cd20) 
thrown [s\src\hotspot\share\interpreter\linkResolver.cpp, line 773]
Event: 3.333 Thread 0x000002a2d1de1080 Exception <a 'java/lang/NoClassDefFoundError'{0x00000000d5dd78f0}: javax/enterprise/inject/Typed> (0x00000000d5dd78f0) 
thrown [s\src\hotspot\share\classfile\systemDictionary.cpp, line 301]

ZGC Phase Switch (0 events):
No events

VM Operations (20 events):
Event: 2.869 Executing VM operation: HandshakeAllThreads (Deoptimize)
Event: 2.869 Executing VM operation: HandshakeAllThreads (Deoptimize) done
Event: 2.882 Executing VM operation: ParallelGCFailedAllocation (Allocation Failure)
Event: 2.887 Executing VM operation: ParallelGCFailedAllocation (Allocation Failure) done
Event: 2.967 Executing VM operation: ParallelGCFailedAllocation (Allocation Failure)
Event: 2.969 Executing VM operation: ParallelGCFailedAllocation (Allocation Failure) done
Event: 3.009 Executing VM operation: HandshakeAllThreads (Deoptimize)
Event: 3.009 Executing VM operation: HandshakeAllThreads (Deoptimize) done
Event: 3.055 Executing VM operation: CollectForMetadataAllocation (Metadata GC Threshold)
Event: 3.077 Executing VM operation: CollectForMetadataAllocation (Metadata GC Threshold) done
Event: 3.155 Executing VM operation: ParallelGCFailedAllocation (Allocation Failure)
Event: 3.156 Executing VM operation: ParallelGCFailedAllocation (Allocation Failure) done
Event: 3.232 Executing VM operation: ParallelGCFailedAllocation (Allocation Failure)
Event: 3.234 Executing VM operation: ParallelGCFailedAllocation (Allocation Failure) done
Event: 3.295 Executing VM operation: HandshakeAllThreads (Deoptimize)
Event: 3.295 Executing VM operation: HandshakeAllThreads (Deoptimize) done
Event: 3.328 Executing VM operation: HandshakeAllThreads (Deoptimize)
Event: 3.328 Executing VM operation: HandshakeAllThreads (Deoptimize) done
Event: 3.403 Executing VM operation: ParallelGCFailedAllocation (Allocation Failure)
Event: 3.404 Executing VM operation: ParallelGCFailedAllocation (Allocation Failure) done

Memory protections (0 events):
No events

Nmethod flushes (20 events):
Event: 3.068 Thread 0x000002a2ef753b30 flushing  nmethod 0x000002a28076b490
Event: 3.068 Thread 0x000002a2ef753b30 flushing  nmethod 0x000002a280796f10
Event: 3.068 Thread 0x000002a2ef753b30 flushing  nmethod 0x000002a2807b2310
Event: 3.068 Thread 0x000002a2ef753b30 flushing  nmethod 0x000002a2807dd210
Event: 3.068 Thread 0x000002a2ef753b30 flushing  nmethod 0x000002a2807dec90
Event: 3.068 Thread 0x000002a2ef753b30 flushing  nmethod 0x000002a2807df590
Event: 3.068 Thread 0x000002a2ef753b30 flushing  nmethod 0x000002a2807df990
Event: 3.068 Thread 0x000002a2ef753b30 flushing  nmethod 0x000002a2807e0f90
Event: 3.068 Thread 0x000002a2ef753b30 flushing  nmethod 0x000002a2807e1710
Event: 3.068 Thread 0x000002a2ef753b30 flushing  nmethod 0x000002a2807e2090
Event: 3.068 Thread 0x000002a2ef753b30 flushing  nmethod 0x000002a2807e2590
Event: 3.068 Thread 0x000002a2ef753b30 flushing  nmethod 0x000002a2807e3a90
Event: 3.068 Thread 0x000002a2ef753b30 flushing  nmethod 0x000002a2807e4e90
Event: 3.068 Thread 0x000002a2ef753b30 flushing  nmethod 0x000002a2807e6910
Event: 3.068 Thread 0x000002a2ef753b30 flushing  nmethod 0x000002a2807e8390
Event: 3.068 Thread 0x000002a2ef753b30 flushing  nmethod 0x000002a28082a710
Event: 3.068 Thread 0x000002a2ef753b30 flushing  nmethod 0x000002a28082b210
Event: 3.068 Thread 0x000002a2ef753b30 flushing  nmethod 0x000002a280830490
Event: 3.068 Thread 0x000002a2ef753b30 flushing  nmethod 0x000002a280852b10
Event: 3.068 Thread 0x000002a2ef753b30 flushing  nmethod 0x000002a280852f10

Events (20 events):
Event: 2.901 Thread 0x000002a2ef6b36d0 Thread added: 0x000002a2d1de2ac0
Event: 2.902 Thread 0x000002a2ef6b36d0 Thread added: 0x000002a2d1de3150
Event: 2.902 Thread 0x000002a2ef6b36d0 Thread added: 0x000002a2d1de37e0
Event: 2.902 Thread 0x000002a2ef6b36d0 Thread added: 0x000002a2d1de3e70
Event: 2.902 Thread 0x000002a2ef6b36d0 Thread added: 0x000002a2d1de4500
Event: 2.903 Thread 0x000002a2ef6b36d0 Thread added: 0x000002a2d1de4b90
Event: 2.903 Thread 0x000002a2ef6b36d0 Thread added: 0x000002a2d1de1710
Event: 2.903 Thread 0x000002a2ef6b36d0 Thread added: 0x000002a2d1de5220
Event: 2.903 Thread 0x000002a2ef6b36d0 Thread added: 0x000002a2d1de1da0
Event: 2.903 Thread 0x000002a2ef6b36d0 Thread added: 0x000002a2d1de2430
Event: 2.903 Thread 0x000002a2ef6b36d0 Thread added: 0x000002a2d1de7980
Event: 2.904 Thread 0x000002a2ef6b36d0 Thread added: 0x000002a2d1de65d0
Event: 2.904 Thread 0x000002a2ef6b36d0 Thread added: 0x000002a2d1de8010
Event: 2.904 Thread 0x000002a2ef6b36d0 Thread added: 0x000002a2d1de72f0
Event: 2.904 Thread 0x000002a2ef6b36d0 Thread added: 0x000002a2d1de6c60
Event: 2.904 Thread 0x000002a2ef6b36d0 Thread added: 0x000002a2d1de5f40
Event: 2.904 Thread 0x000002a2ef6b36d0 Thread added: 0x000002a2d1de86a0
Event: 2.932 Thread 0x000002a2ef6b36d0 Thread added: 0x000002a2d1de58b0
Event: 3.161 Thread 0x000002a2ef6b36d0 Thread added: 0x000002a2d31993f0
Event: 3.161 Thread 0x000002a2ef6b36d0 Thread added: 0x000002a2d3198d60


Dynamic libraries:
0x00007ff75d990000 - 0x00007ff75d99e000 	c:\Users\Yohan\.vscode\extensions\redhat.java-1.49.0-win32-x64\jre\21.0.9-win32-x86_64\bin\java.exe
0x00007ff9a7a20000 - 0x00007ff9a7c88000 	C:\WINDOWS\SYSTEM32\ntdll.dll
0x00007ff9a68d0000 - 0x00007ff9a6999000 	C:\WINDOWS\System32\KERNEL32.DLL
0x00007ff9a4fc0000 - 0x00007ff9a53b8000 	C:\WINDOWS\System32\KERNELBASE.dll
0x00007ff9a4d90000 - 0x00007ff9a4edb000 	C:\WINDOWS\System32\ucrtbase.dll
0x00007ff987720000 - 0x00007ff98773e000 	c:\Users\Yohan\.vscode\extensions\redhat.java-1.49.0-win32-x64\jre\21.0.9-win32-x86_64\bin\VCRUNTIME140.dll
0x00007ff96d760000 - 0x00007ff96d778000 	c:\Users\Yohan\.vscode\extensions\redhat.java-1.49.0-win32-x64\jre\21.0.9-win32-x86_64\bin\jli.dll
0x00007ff9a6290000 - 0x00007ff9a6457000 	C:\WINDOWS\System32\USER32.dll
0x00007ff9882e0000 - 0x00007ff988574000 	C:\WINDOWS\WinSxS\amd64_microsoft.windows.common-controls_6595b64144ccf1df_6.0.26100.7019_none_3e06ffa0e335b8a8\COMCTL32.dll
0x00007ff9a5940000 - 0x00007ff9a59e9000 	C:\WINDOWS\System32\msvcrt.dll
0x00007ff9a4ee0000 - 0x00007ff9a4f07000 	C:\WINDOWS\System32\win32u.dll
0x00007ff9a57c0000 - 0x00007ff9a57eb000 	C:\WINDOWS\System32\GDI32.dll
0x00007ff9a5510000 - 0x00007ff9a563c000 	C:\WINDOWS\System32\gdi32full.dll
0x00007ff9a4f10000 - 0x00007ff9a4fb3000 	C:\WINDOWS\System32\msvcp_win.dll
0x00007ff9a7180000 - 0x00007ff9a71b1000 	C:\WINDOWS\System32\IMM32.DLL
0x00007ff98d830000 - 0x00007ff98d83c000 	c:\Users\Yohan\.vscode\extensions\redhat.java-1.49.0-win32-x64\jre\21.0.9-win32-x86_64\bin\vcruntime140_1.dll
0x00007ff93d7c0000 - 0x00007ff93d84d000 	c:\Users\Yohan\.vscode\extensions\redhat.java-1.49.0-win32-x64\jre\21.0.9-win32-x86_64\bin\msvcp140.dll
0x00007ff91f420000 - 0x00007ff9201c0000 	c:\Users\Yohan\.vscode\extensions\redhat.java-1.49.0-win32-x64\jre\21.0.9-win32-x86_64\bin\server\jvm.dll
0x00007ff9a71c0000 - 0x00007ff9a7274000 	C:\WINDOWS\System32\ADVAPI32.dll
0x00007ff9a7380000 - 0x00007ff9a7426000 	C:\WINDOWS\System32\sechost.dll
0x00007ff9a7430000 - 0x00007ff9a7548000 	C:\WINDOWS\System32\RPCRT4.dll
0x00007ff9a7100000 - 0x00007ff9a7174000 	C:\WINDOWS\System32\WS2_32.dll
0x00007ff9a3b00000 - 0x00007ff9a3b5e000 	C:\WINDOWS\SYSTEM32\POWRPROF.dll
0x00007ff998f50000 - 0x00007ff998f85000 	C:\WINDOWS\SYSTEM32\WINMM.dll
0x00007ff998b20000 - 0x00007ff998b2b000 	C:\WINDOWS\SYSTEM32\VERSION.dll
0x00007ff9a39c0000 - 0x00007ff9a39d4000 	C:\WINDOWS\SYSTEM32\UMPDC.dll
0x00007ff9a39e0000 - 0x00007ff9a39fb000 	C:\WINDOWS\SYSTEM32\kernel.appcore.dll
0x00007ff98d7a0000 - 0x00007ff98d7aa000 	c:\Users\Yohan\.vscode\extensions\redhat.java-1.49.0-win32-x64\jre\21.0.9-win32-x86_64\bin\jimage.dll
0x00007ff995a30000 - 0x00007ff995c72000 	C:\WINDOWS\SYSTEM32\DBGHELP.DLL
0x00007ff9a6540000 - 0x00007ff9a68cb000 	C:\WINDOWS\System32\combase.dll
0x00007ff9a6460000 - 0x00007ff9a6537000 	C:\WINDOWS\System32\OLEAUT32.dll
0x00007ff9839a0000 - 0x00007ff9839dc000 	C:\WINDOWS\SYSTEM32\dbgcore.DLL
0x00007ff9a4b70000 - 0x00007ff9a4c15000 	C:\WINDOWS\System32\bcryptPrimitives.dll
0x00007ff98d570000 - 0x00007ff98d57f000 	c:\Users\Yohan\.vscode\extensions\redhat.java-1.49.0-win32-x64\jre\21.0.9-win32-x86_64\bin\instrument.dll
0x00007ff963320000 - 0x00007ff963340000 	c:\Users\Yohan\.vscode\extensions\redhat.java-1.49.0-win32-x64\jre\21.0.9-win32-x86_64\bin\java.dll
0x00007ff9a69a0000 - 0x00007ff9a70ef000 	C:\WINDOWS\System32\SHELL32.dll
0x00007ff9a4c20000 - 0x00007ff9a4d8b000 	C:\WINDOWS\System32\wintypes.dll
0x00007ff9a2790000 - 0x00007ff9a2fed000 	C:\WINDOWS\SYSTEM32\windows.storage.dll
0x00007ff9a7280000 - 0x00007ff9a7372000 	C:\WINDOWS\System32\SHCORE.dll
0x00007ff9a6140000 - 0x00007ff9a61a7000 	C:\WINDOWS\System32\shlwapi.dll
0x00007ff9a4a90000 - 0x00007ff9a4ab9000 	C:\WINDOWS\SYSTEM32\profapi.dll
0x00007ff963d60000 - 0x00007ff963d78000 	c:\Users\Yohan\.vscode\extensions\redhat.java-1.49.0-win32-x64\jre\21.0.9-win32-x86_64\bin\zip.dll
0x00007ff98bd80000 - 0x00007ff98bd90000 	C:\Users\Yohan\.vscode\extensions\redhat.java-1.49.0-win32-x64\jre\21.0.9-win32-x86_64\bin\net.dll
0x00007ff9990a0000 - 0x00007ff9991c8000 	C:\WINDOWS\SYSTEM32\WINHTTP.dll
0x00007ff9a3fc0000 - 0x00007ff9a402b000 	C:\WINDOWS\system32\mswsock.dll
0x00007ff962ca0000 - 0x00007ff962cb6000 	C:\Users\Yohan\.vscode\extensions\redhat.java-1.49.0-win32-x64\jre\21.0.9-win32-x86_64\bin\nio.dll
0x00007ff98cda0000 - 0x00007ff98cdb0000 	c:\Users\Yohan\.vscode\extensions\redhat.java-1.49.0-win32-x64\jre\21.0.9-win32-x86_64\bin\verify.dll
0x00007ff93eb10000 - 0x00007ff93eb54000 	C:\Users\Yohan\AppData\Roaming\Code\User\globalStorage\redhat.java\1.49.0\config_win\org.eclipse.equinox.launcher\org.eclipse.equinox.launcher.win32.win32.x86_64_1.2.1400.v20250801-0854\eclipse_11916.dll
0x00007ff9a7610000 - 0x00007ff9a77a7000 	C:\WINDOWS\System32\ole32.dll
0x00007ff9a4280000 - 0x00007ff9a429b000 	C:\WINDOWS\SYSTEM32\CRYPTSP.dll
0x00007ff9a3920000 - 0x00007ff9a395a000 	C:\WINDOWS\system32\rsaenh.dll
0x00007ff9a4070000 - 0x00007ff9a409b000 	C:\WINDOWS\SYSTEM32\USERENV.dll
0x00007ff9a4a60000 - 0x00007ff9a4a8a000 	C:\WINDOWS\SYSTEM32\bcrypt.dll
0x00007ff9a42a0000 - 0x00007ff9a42ac000 	C:\WINDOWS\SYSTEM32\CRYPTBASE.dll
0x00007ff9a3320000 - 0x00007ff9a3354000 	C:\WINDOWS\SYSTEM32\IPHLPAPI.DLL
0x00007ff9a7580000 - 0x00007ff9a758a000 	C:\WINDOWS\System32\NSI.dll
0x00007ff93a5d0000 - 0x00007ff93a619000 	C:\Users\Yohan\AppData\Local\Temp\jna-85603231\jna4601846712059836189.dll
0x00007ff9a59f0000 - 0x00007ff9a59f8000 	C:\WINDOWS\System32\PSAPI.DLL
0x00007ff99e920000 - 0x00007ff99e93e000 	C:\WINDOWS\SYSTEM32\dhcpcsvc6.DLL
0x00007ff99e510000 - 0x00007ff99e533000 	C:\WINDOWS\SYSTEM32\dhcpcsvc.DLL

JVMTI agents:
c:\Users\Yohan\.vscode\extensions\redhat.java-1.49.0-win32-x64\lombok\lombok-1.18.39-4050.jar path:c:\Users\Yohan\.vscode\extensions\redhat.java-1.49.0-win32-x64\jre\21.0.9-win32-x86_64\bin\instrument.dll, loaded, initialized, instrumentlib options:none

dbghelp: loaded successfully - version: 4.0.5 - missing functions: none
symbol engine: initialized successfully - sym options: 0x614 - pdb path: .;c:\Users\Yohan\.vscode\extensions\redhat.java-1.49.0-win32-x64\jre\21.0.9-win32-x86_64\bin;C:\WINDOWS\SYSTEM32;C:\WINDOWS\WinSxS\amd64_microsoft.windows.common-controls_6595b64144ccf1df_6.0.26100.7019_none_3e06ffa0e335b8a8;c:\Users\Yohan\.vscode\extensions\redhat.java-1.49.0-win32-x64\jre\21.0.9-win32-x86_64\bin\server;C:\Users\Yohan\AppData\Roaming\Code\User\globalStorage\redhat.java\1.49.0\config_win\org.eclipse.equinox.launcher\org.eclipse.equinox.launcher.win32.win32.x86_64_1.2.1400.v20250801-0854;C:\Users\Yohan\AppData\Local\Temp\jna-85603231

VM Arguments:
jvm_args: --add-modules=ALL-SYSTEM --add-opens=java.base/java.util=ALL-UNNAMED --add-opens=java.base/java.lang=ALL-UNNAMED --add-opens=java.base/sun.nio.fs=ALL-UNNAMED -Declipse.application=org.eclipse.jdt.ls.core.id1 -Dosgi.bundles.defaultStartLevel=4 -Declipse.product=org.eclipse.jdt.ls.core.product -Djava.import.generatesMetadataFilesAtProjectRoot=false -DDetectVMInstallationsJob.disabled=true -Dfile.encoding=utf8 -XX:+UseParallelGC -XX:GCTimeRatio=4 -XX:AdaptiveSizePolicyWeight=90 -Dsun.zip.disableMemoryMapping=true -Xmx2G -Xms100m -Xlog:disable -javaagent:c:\Users\Yohan\.vscode\extensions\redhat.java-1.49.0-win32-x64\lombok\lombok-1.18.39-4050.jar -XX:+HeapDumpOnOutOfMemoryError -XX:HeapDumpPath=c:\Users\Yohan\AppData\Roaming\Code\User\workspaceStorage\a26e054e6e5149c6cb18e9f8cb4f20ed\redhat.java -Daether.dependencyCollector.impl=bf 
java_command: c:\Users\Yohan\.vscode\extensions\redhat.java-1.49.0-win32-x64\server\plugins\org.eclipse.equinox.launcher_1.7.100.v20251111-0406.jar -configuration c:\Users\Yohan\AppData\Roaming\Code\User\globalStorage\redhat.java\1.49.0\config_win -data c:\Users\Yohan\AppData\Roaming\Code\User\workspaceStorage\a26e054e6e5149c6cb18e9f8cb4f20ed\redhat.java\jdt_ws --pipe=\\.\pipe\lsp-6f554206141617fa3f657213f05a0958-sock
java_class_path (initial): c:\Users\Yohan\.vscode\extensions\redhat.java-1.49.0-win32-x64\server\plugins\org.eclipse.equinox.launcher_1.7.100.v20251111-0406.jar
Launcher Type: SUN_STANDARD

[Global flags]
    uintx AdaptiveSizePolicyWeight                 = 90                                        {product} {command line}
     intx CICompilerCount                          = 12                                        {product} {ergonomic}
    uintx GCTimeRatio                              = 4                                         {product} {command line}
     bool HeapDumpOnOutOfMemoryError               = true                                   {manageable} {command line}
    ccstr HeapDumpPath                             = c:\Users\Yohan\AppData\Roaming\Code\User\workspaceStorage\a26e054e6e5149c6cb18e9f8cb4f20ed\redhat.java         {manageable} {command line}
   size_t InitialHeapSize                          = 104857600                                 {product} {command line}
   size_t MaxHeapSize                              = 2147483648                                {product} {command line}
   size_t MaxNewSize                               = 715653120                                 {product} {ergonomic}
   size_t MinHeapDeltaBytes                        = 524288                                    {product} {ergonomic}
   size_t MinHeapSize                              = 104857600                                 {product} {command line}
   size_t NewSize                                  = 34603008                                  {product} {ergonomic}
    uintx NonNMethodCodeHeapSize                   = 7602480                                {pd product} {ergonomic}
    uintx NonProfiledCodeHeapSize                  = 122027880                              {pd product} {ergonomic}
   size_t OldSize                                  = 70254592                                  {product} {ergonomic}
    uintx ProfiledCodeHeapSize                     = 122027880                              {pd product} {ergonomic}
    uintx ReservedCodeCacheSize                    = 251658240                              {pd product} {ergonomic}
     bool SegmentedCodeCache                       = true                                      {product} {ergonomic}
   size_t SoftMaxHeapSize                          = 2147483648                             {manageable} {ergonomic}
     bool UseCompressedOops                        = true                           {product lp64_product} {ergonomic}
     bool UseLargePagesIndividualAllocation        = false                                  {pd product} {ergonomic}
     bool UseParallelGC                            = true                                      {product} {command line}

Logging:
Log output configuration:
 #0: stdout all=off uptime,level,tags foldmultilines=false
 #1: stderr all=off uptime,level,tags foldmultilines=false

Release file:
JAVA_VERSION="21.0.9" 
MODULES="java.base java.compiler java.datatransfer java.xml java.prefs java.desktop java.instrument java.logging java.management java.security.sasl java.naming java.rmi java.management.rmi java.net.http java.scripting java.security.jgss java.transaction.xa java.sql java.sql.rowset java.xml.crypto java.se java.smartcardio jdk.accessibility jdk.internal.jvmstat jdk.attach jdk.charsets jdk.internal.opt jdk.zipfs jdk.compiler jdk.crypto.ec jdk.crypto.cryptoki jdk.crypto.mscapi jdk.dynalink jdk.internal.ed jdk.editpad jdk.hotspot.agent jdk.httpserver jdk.internal.le jdk.internal.vm.ci jdk.internal.vm.compiler jdk.internal.vm.compiler.management jdk.jartool jdk.javadoc jdk.jcmd jdk.management jdk.management.agent jdk.jconsole jdk.jdeps jdk.jdwp.agent jdk.jdi jdk.jfr jdk.jshell jdk.jsobject jdk.jstatd jdk.localedata jdk.management.jfr jdk.naming.dns jdk.naming.rmi jdk.net jdk.nio.mapmode jdk.random jdk.sctp jdk.security.auth jdk.security.jgss jdk.unsupported jdk.unsupported.desktop jdk.xml.dom" 

Environment Variables:
JAVA_HOME=C:\Program Files\Microsoft\jdk-17.0.14.7-hotspot\
PATH=C:\Program Files\Microsoft\jdk-17.0.14.7-hotspot\bin;C:\WINDOWS\system32;C:\WINDOWS;C:\WINDOWS\System32\Wbem;C:\WINDOWS\System32\WindowsPowerShell\v1.0\;C:\WINDOWS\System32\OpenSSH\;C:\Program Files (x86)\NVIDIA Corporation\PhysX\Common;C:\Program Files\NVIDIA Corporation\NVIDIA NvDLISR;C:\ProgramData\chocolatey\bin;C:\Program Files\Git\cmd;C:\Users\Yohan\AppData\Local\Android\Sdk;C:\Users\Yohan\AppData\Local\Android\Sdk\build-tools;C:\Users\Yohan\AppData\Local\Android\Sdk\platform-tools;C:\Users\Yohan\AppData\Local\Android\Sdk\platforms;C:\Users\Yohan\AppData\Local\Programs\Python\Python313;C:\Users\Yohan\AppData\Local\Programs\Python\Python313\Scripts;C:\Users\Yohan\AppData\Local\nvm;C:\nvm4w\nodejs;C:\Users\Yohan\AppData\Local\Pub\Cache\bin;C:\Program Files\MongoDB\Server\8.2\bin;C:\Program Files\Microsoft SQL Server\170\Tools\Binn\;C:\Program Files\Microsoft SQL Server\Client SDK\ODBC\170\Tools\Binn\;C:\Program Files\dotnet\;C:\Users\Yohan\.config\herd-lite\bin;C:\Users\Yohan\AppData\Local\Microsoft\WindowsApps;C:\Users\Yohan\AppData\Local\Programs\Microsoft VS Code\bin;C:\Users\Yohan\AppData\Roaming\npm;C:\Program Files\JetBrains\CLion 2024.3.4\bin;C:\Program Files\JetBrains\PyCharm 2023.1.3\bin;C:\Users\Yohan\AppData\Local\Android\Sdk;C:\Users\Yohan\AppData\Local\Android\Sdk\build-tools;C:\Users\Yohan\AppData\Local\Android\Sdk\platform-tools;C:\Users\Yohan\AppData\Local\Android\Sdk\platforms;C:\Users\Yohan\AppData\Local\Android\Sdk\platform-tools;C:\Users\Yohan\AppData\Local\Programs\Python\Python313;C:\Users\Yohan\AppData\Local\Programs\Python\Python313\Scripts;C:\Program Files\JetBrains\IntelliJ IDEA 2025.1.3\bin;C:\Users\Yohan\AppData\Local\GitHubDesktop\bin;C:\dev\flutter\bin;C:\Users\Yohan\AppData\Local\Programs\Swift\Runtimes\6.1.2\usr\bin\;C:\Users\Yohan\AppData\Local\Programs\Swift\Toolchains\6.1.2+Asserts\usr\bin\;C:\Program Files\JetBrains\JetBrains Rider 2025.1.4\bin;C:\Program Files\JetBrains\WebStorm 2025.1.3\bin;C:\Users\Yohan\AppData\Local\nvm;C:\nvm4w\nodejs;C:\Users\Yohan\AppData\Local\Programs\mongosh\;C:\Users\Yohan\.dotnet\tools
USERNAME=Yohan
OS=Windows_NT
PROCESSOR_IDENTIFIER=AMD64 Family 25 Model 117 Stepping 2, AuthenticAMD
TMP=C:\Users\Yohan\AppData\Local\Temp
TEMP=C:\Users\Yohan\AppData\Local\Temp




Periodic native trim disabled

---------------  S Y S T E M  ---------------

OS:
 Windows 11 , 64 bit Build 26100 (10.0.26100.7019)
OS uptime: 1 days 4:59 hours
Hyper-V role detected

CPU: total 16 (initial active 16) (16 cores per cpu, 2 threads per core) family 25 model 117 stepping 2 microcode 0xa70520a, cx8, cmov, fxsr, ht, mmx, 3dnowpref, sse, sse2, sse3, ssse3, sse4a, sse4.1, sse4.2, popcnt, lzcnt, tsc, tscinvbit, avx, avx2, aes, erms, clmul, bmi1, bmi2, adx, avx512f, avx512dq, avx512cd, avx512bw, avx512vl, sha, fma, vzeroupper, avx512_vpopcntdq, avx512_vpclmulqdq, avx512_vaes, avx512_vnni, clflush, clflushopt, avx512_vbmi2, avx512_vbmi, hv, rdtscp, rdpid, fsrm, gfni, avx512_bitalg, f16c, cet_ss, avx512_ifma
Processor Information for processor 0
  Max Mhz: 3801, Current Mhz: 3040, Mhz Limit: 3801
Processor Information for processor 1
  Max Mhz: 3801, Current Mhz: 3801, Mhz Limit: 3801
Processor Information for processor 2
  Max Mhz: 3801, Current Mhz: 3801, Mhz Limit: 3801
Processor Information for processor 3
  Max Mhz: 3801, Current Mhz: 3801, Mhz Limit: 3801
Processor Information for processor 4
  Max Mhz: 3801, Current Mhz: 3801, Mhz Limit: 3801
Processor Information for processor 5
  Max Mhz: 3801, Current Mhz: 3801, Mhz Limit: 3801
Processor Information for processor 6
  Max Mhz: 3801, Current Mhz: 3801, Mhz Limit: 3801
Processor Information for processor 7
  Max Mhz: 3801, Current Mhz: 3801, Mhz Limit: 3801
Processor Information for processor 8
  Max Mhz: 3801, Current Mhz: 3040, Mhz Limit: 3801
Processor Information for processor 9
  Max Mhz: 3801, Current Mhz: 3801, Mhz Limit: 3801
Processor Information for processor 10
  Max Mhz: 3801, Current Mhz: 3801, Mhz Limit: 3801
Processor Information for processor 11
  Max Mhz: 3801, Current Mhz: 3801, Mhz Limit: 3801
Processor Information for processor 12
  Max Mhz: 3801, Current Mhz: 3801, Mhz Limit: 3801
Processor Information for processor 13
  Max Mhz: 3801, Current Mhz: 3801, Mhz Limit: 3801
Processor Information for processor 14
  Max Mhz: 3801, Current Mhz: 3040, Mhz Limit: 3801
Processor Information for processor 15
  Max Mhz: 3801, Current Mhz: 3801, Mhz Limit: 3801

Memory: 4k page, system-wide physical 15631M (1140M free)
TotalPageFile size 62735M (AvailPageFile size 26M)
current process WorkingSet (physical memory assigned to process): 247M, peak: 250M
current process commit charge ("private bytes"): 380M, peak: 384M

vm_info: OpenJDK 64-Bit Server VM (21.0.9+10-LTS) for windows-amd64 JRE (21.0.9+10-LTS), built on 2025-10-21T00:00:00Z by "admin" with unknown MS VC++:1942

END.
