#
# There is insufficient memory for the Java Runtime Environment to continue.
# Native memory allocation (malloc) failed to allocate 1048576 bytes. Error detail: AllocateHeap
# Possible reasons:
#   The system is out of physical RAM or swap space
#   This process is running with CompressedOops enabled, and the Java Heap may be blocking the growth of the native heap
# Possible solutions:
#   Reduce memory load on the system
#   Increase physical memory or swap space
#   Check if swap backing store is full
#   Decrease Java heap size (-Xmx/-Xms)
#   Decrease number of Java threads
#   Decrease Java thread stack sizes (-Xss)
#   Set larger code cache with -XX:ReservedCodeCacheSize=
#   JVM is running with Unscaled Compressed Oops mode in which the Java heap is
#     placed in the first 4GB address space. The Java Heap base address is the
#     maximum limit for the native heap growth. Please use -XX:HeapBaseMinAddress
#     to set the Java Heap base and to place the Java Heap above 4GB virtual address.
# This output file may be truncated or incomplete.
#
#  Out of Memory Error (allocation.cpp:44), pid=14888, tid=32652
#
# JRE version: OpenJDK Runtime Environment Temurin-21.0.9+10 (21.0.9+10) (build 21.0.9+10-LTS)
# Java VM: OpenJDK 64-Bit Server VM Temurin-21.0.9+10 (21.0.9+10-LTS, mixed mode, sharing, tiered, compressed oops, compressed class ptrs, parallel gc, windows-amd64)
# No core dump will be written. Minidumps are not enabled by default on client versions of Windows
#

---------------  S U M M A R Y ------------

Command Line: --add-modules=ALL-SYSTEM --add-opens=java.base/java.util=ALL-UNNAMED --add-opens=java.base/java.lang=ALL-UNNAMED --add-opens=java.base/sun.nio.fs=ALL-UNNAMED -Declipse.application=org.eclipse.jdt.ls.core.id1 -Dosgi.bundles.defaultStartLevel=4 -Declipse.product=org.eclipse.jdt.ls.core.product -Djava.import.generatesMetadataFilesAtProjectRoot=false -DDetectVMInstallationsJob.disabled=true -Dfile.encoding=utf8 -XX:+UseParallelGC -XX:GCTimeRatio=4 -XX:AdaptiveSizePolicyWeight=90 -Dsun.zip.disableMemoryMapping=true -Xmx2G -Xms100m -Xlog:disable -javaagent:c:\Users\Yohan\.vscode\extensions\redhat.java-1.49.0-win32-x64\lombok\lombok-1.18.39-4050.jar -XX:+HeapDumpOnOutOfMemoryError -XX:HeapDumpPath=c:\Users\Yohan\AppData\Roaming\Code\User\workspaceStorage\a26e054e6e5149c6cb18e9f8cb4f20ed\redhat.java -Daether.dependencyCollector.impl=bf c:\Users\Yohan\.vscode\extensions\redhat.java-1.49.0-win32-x64\server\plugins\org.eclipse.equinox.launcher_1.7.100.v20251111-0406.jar -configuration c:\Users\Yohan\AppData\Roaming\Code\User\globalStorage\redhat.java\1.49.0\config_win -data c:\Users\Yohan\AppData\Roaming\Code\User\workspaceStorage\a26e054e6e5149c6cb18e9f8cb4f20ed\redhat.java\jdt_ws --pipe=\\.\pipe\lsp-7ad2d25b4d4e5d43aa1488da5b9152db-sock

Host: AMD Ryzen 7 8845HS w/ Radeon 780M Graphics, 16 cores, 15G,  Windows 11 , 64 bit Build 26100 (10.0.26100.7019)
Time: Mon Nov 24 20:43:28 2025 GMT Standard Time elapsed time: 873.730613 seconds (0d 0h 14m 33s)

---------------  T H R E A D  ---------------

Current thread (0x0000014db29f9fa0):  JavaThread "Attach Listener" daemon [_thread_in_vm, id=32652, stack(0x00000006e4100000,0x00000006e4200000) (1024K)]

Stack: [0x00000006e4100000,0x00000006e4200000]
Native frames: (J=compiled Java code, j=interpreted, Vv=VM code, C=native code)
V  [jvm.dll+0x6d6e29]
V  [jvm.dll+0x8b4b76]
V  [jvm.dll+0x8b712e]
V  [jvm.dll+0x8b7813]
V  [jvm.dll+0x283d86]
V  [jvm.dll+0xc1277]
V  [jvm.dll+0x6d76d9]
V  [jvm.dll+0x133466]
V  [jvm.dll+0x3f7ea6]
V  [jvm.dll+0x85e9ad]
V  [jvm.dll+0x6d565d]
C  [ucrtbase.dll+0x37b0]
C  [KERNEL32.DLL+0x2e8d7]
C  [ntdll.dll+0x8c53c]


---------------  P R O C E S S  ---------------

Threads class SMR info:
_java_thread_list=0x0000014e0d66be60, length=43, elements={
0x0000014db2952d30, 0x0000014db29f6390, 0x0000014dc93fe930, 0x0000014db29f88b0,
0x0000014db29f9fa0, 0x0000014db29fdfd0, 0x0000014db2a02020, 0x0000014db2a0d720,
0x0000014e0b7f6ae0, 0x0000014e0ba527d0, 0x0000014e0baefdc0, 0x0000014e0b8f4dd0,
0x0000014e0b8754d0, 0x0000014e0d13a950, 0x0000014e0d1d3580, 0x0000014e12686520,
0x0000014e12114c60, 0x0000014e12190530, 0x0000014e1218f180, 0x0000014e1218d740,
0x0000014e1218ddd0, 0x0000014e14a8cc00, 0x0000014e14a8b850, 0x0000014e14a8bee0,
0x0000014e14a8ab30, 0x0000014e14a8b1c0, 0x0000014e14a8a4a0, 0x0000014e14a8c570,
0x0000014e14a89780, 0x0000014e14a8d290, 0x0000014e14a8dfb0, 0x0000014e14a89e10,
0x0000014e14a90710, 0x0000014e14a90080, 0x0000014e14a8e640, 0x0000014e14a8d920,
0x0000014e14a8f360, 0x0000014e14a8ecd0, 0x0000014e14a8f9f0, 0x0000014e15726ec0,
0x0000014e15725b10, 0x0000014e15729620, 0x0000014e1572b6f0
}

Java Threads: ( => current thread )
  0x0000014db2952d30 JavaThread "main"                              [_thread_blocked, id=15648, stack(0x00000006e3a00000,0x00000006e3b00000) (1024K)]
  0x0000014db29f6390 JavaThread "Reference Handler"          daemon [_thread_blocked, id=24760, stack(0x00000006e3e00000,0x00000006e3f00000) (1024K)]
  0x0000014dc93fe930 JavaThread "Finalizer"                  daemon [_thread_blocked, id=28012, stack(0x00000006e3f00000,0x00000006e4000000) (1024K)]
  0x0000014db29f88b0 JavaThread "Signal Dispatcher"          daemon [_thread_blocked, id=28088, stack(0x00000006e4000000,0x00000006e4100000) (1024K)]
=>0x0000014db29f9fa0 JavaThread "Attach Listener"            daemon [_thread_in_vm, id=32652, stack(0x00000006e4100000,0x00000006e4200000) (1024K)]
  0x0000014db29fdfd0 JavaThread "Service Thread"             daemon [_thread_blocked, id=22892, stack(0x00000006e4200000,0x00000006e4300000) (1024K)]
  0x0000014db2a02020 JavaThread "Monitor Deflation Thread"   daemon [_thread_blocked, id=20296, stack(0x00000006e4300000,0x00000006e4400000) (1024K)]
  0x0000014db2a0d720 JavaThread "C2 CompilerThread0"         daemon [_thread_blocked, id=31104, stack(0x00000006e4400000,0x00000006e4500000) (1024K)]
  0x0000014e0b7f6ae0 JavaThread "C1 CompilerThread0"         daemon [_thread_blocked, id=31868, stack(0x00000006e4500000,0x00000006e4600000) (1024K)]
  0x0000014e0ba527d0 JavaThread "Common-Cleaner"             daemon [_thread_blocked, id=6368, stack(0x00000006e4900000,0x00000006e4a00000) (1024K)]
  0x0000014e0baefdc0 JavaThread "Notification Thread"        daemon [_thread_blocked, id=32044, stack(0x00000006e4b00000,0x00000006e4c00000) (1024K)]
  0x0000014e0b8f4dd0 JavaThread "Active Thread: Equinox Container: d2754b6b-a9ca-4027-bf38-43d32acce71c"        [_thread_blocked, id=31184, stack(0x00000006e4700000,0x00000006e4800000) (1024K)]
  0x0000014e0b8754d0 JavaThread "Refresh Thread: Equinox Container: d2754b6b-a9ca-4027-bf38-43d32acce71c" daemon [_thread_blocked, id=30292, stack(0x00000006e4600000,0x00000006e4700000) (1024K)]
  0x0000014e0d13a950 JavaThread "Framework Event Dispatcher: Equinox Container: d2754b6b-a9ca-4027-bf38-43d32acce71c" daemon [_thread_blocked, id=27088, stack(0x00000006e4800000,0x00000006e4900000) (1024K)]
  0x0000014e0d1d3580 JavaThread "Start Level: Equinox Container: d2754b6b-a9ca-4027-bf38-43d32acce71c" daemon [_thread_blocked, id=29428, stack(0x00000006e5200000,0x00000006e5300000) (1024K)]
  0x0000014e12686520 JavaThread "Bundle File Closer"         daemon [_thread_blocked, id=27284, stack(0x00000006e5600000,0x00000006e5700000) (1024K)]
  0x0000014e12114c60 JavaThread "SCR Component Actor"        daemon [_thread_blocked, id=18252, stack(0x00000006e5700000,0x00000006e5800000) (1024K)]
  0x0000014e12190530 JavaThread "Worker-JM"                         [_thread_blocked, id=31484, stack(0x00000006e5c00000,0x00000006e5d00000) (1024K)]
  0x0000014e1218f180 JavaThread "JNA Cleaner"                daemon [_thread_blocked, id=31128, stack(0x00000006e5b00000,0x00000006e5c00000) (1024K)]
  0x0000014e1218d740 JavaThread "Worker-1"                          [_thread_blocked, id=30836, stack(0x00000006e6100000,0x00000006e6200000) (1024K)]
  0x0000014e1218ddd0 JavaThread "Java indexing"              daemon [_thread_blocked, id=32328, stack(0x00000006e6400000,0x00000006e6500000) (1024K)]
  0x0000014e14a8cc00 JavaThread "Thread-1"                   daemon [_thread_in_native, id=27108, stack(0x00000006e6a00000,0x00000006e6b00000) (1024K)]
  0x0000014e14a8b850 JavaThread "Thread-2"                   daemon [_thread_in_native, id=29384, stack(0x00000006e6b00000,0x00000006e6c00000) (1024K)]
  0x0000014e14a8bee0 JavaThread "Thread-3"                   daemon [_thread_in_native, id=29152, stack(0x00000006e6c00000,0x00000006e6d00000) (1024K)]
  0x0000014e14a8ab30 JavaThread "Thread-4"                   daemon [_thread_in_native, id=12328, stack(0x00000006e6d00000,0x00000006e6e00000) (1024K)]
  0x0000014e14a8b1c0 JavaThread "Thread-5"                   daemon [_thread_in_native, id=27504, stack(0x00000006e6e00000,0x00000006e6f00000) (1024K)]
  0x0000014e14a8a4a0 JavaThread "Thread-6"                   daemon [_thread_in_native, id=23452, stack(0x00000006e6f00000,0x00000006e7000000) (1024K)]
  0x0000014e14a8c570 JavaThread "Thread-7"                   daemon [_thread_in_native, id=31000, stack(0x00000006e7000000,0x00000006e7100000) (1024K)]
  0x0000014e14a89780 JavaThread "Thread-8"                   daemon [_thread_in_native, id=31148, stack(0x00000006e7100000,0x00000006e7200000) (1024K)]
  0x0000014e14a8d290 JavaThread "Thread-9"                   daemon [_thread_in_native, id=26360, stack(0x00000006e7200000,0x00000006e7300000) (1024K)]
  0x0000014e14a8dfb0 JavaThread "Thread-10"                  daemon [_thread_in_native, id=2836, stack(0x00000006e7300000,0x00000006e7400000) (1024K)]
  0x0000014e14a89e10 JavaThread "Thread-11"                  daemon [_thread_in_native, id=31248, stack(0x00000006e7400000,0x00000006e7500000) (1024K)]
  0x0000014e14a90710 JavaThread "Thread-12"                  daemon [_thread_in_native, id=25392, stack(0x00000006e7500000,0x00000006e7600000) (1024K)]
  0x0000014e14a90080 JavaThread "Thread-13"                  daemon [_thread_in_native, id=31200, stack(0x00000006e7600000,0x00000006e7700000) (1024K)]
  0x0000014e14a8e640 JavaThread "Thread-14"                  daemon [_thread_in_native, id=24156, stack(0x00000006e7700000,0x00000006e7800000) (1024K)]
  0x0000014e14a8d920 JavaThread "Thread-15"                  daemon [_thread_in_native, id=17244, stack(0x00000006e7800000,0x00000006e7900000) (1024K)]
  0x0000014e14a8f360 JavaThread "Thread-16"                  daemon [_thread_in_native, id=13980, stack(0x00000006e7900000,0x00000006e7a00000) (1024K)]
  0x0000014e14a8ecd0 JavaThread "Thread-17"                  daemon [_thread_in_native, id=32576, stack(0x00000006e7a00000,0x00000006e7b00000) (1024K)]
  0x0000014e14a8f9f0 JavaThread "pool-2-thread-1"                   [_thread_blocked, id=32700, stack(0x00000006e7b00000,0x00000006e7c00000) (1024K)]
  0x0000014e15726ec0 JavaThread "WorkspaceEventsHandler"            [_thread_blocked, id=32024, stack(0x00000006e7d00000,0x00000006e7e00000) (1024K)]
  0x0000014e15725b10 JavaThread "pool-1-thread-1"                   [_thread_blocked, id=7500, stack(0x00000006e7e00000,0x00000006e7f00000) (1024K)]
  0x0000014e15729620 JavaThread "Worker-7"                          [_thread_blocked, id=30008, stack(0x00000006e8200000,0x00000006e8300000) (1024K)]
  0x0000014e1572b6f0 JavaThread "Timer-0"                           [_thread_blocked, id=29728, stack(0x00000006e6800000,0x00000006e6900000) (1024K)]
Total: 43

Other Threads:
  0x0000014dc93e3700 VMThread "VM Thread"                           [id=17048, stack(0x00000006e3d00000,0x00000006e3e00000) (1024K)]
  0x0000014db29c2100 WatcherThread "VM Periodic Task Thread"        [id=9664, stack(0x00000006e3c00000,0x00000006e3d00000) (1024K)]
  0x0000014db29710e0 WorkerThread "GC Thread#0"                     [id=10360, stack(0x00000006e3b00000,0x00000006e3c00000) (1024K)]
  0x0000014e0d3eb970 WorkerThread "GC Thread#1"                     [id=30376, stack(0x00000006e4c00000,0x00000006e4d00000) (1024K)]
  0x0000014e0d3ebd10 WorkerThread "GC Thread#2"                     [id=18920, stack(0x00000006e4d00000,0x00000006e4e00000) (1024K)]
  0x0000014e12109a60 WorkerThread "GC Thread#3"                     [id=28748, stack(0x00000006e4e00000,0x00000006e4f00000) (1024K)]
  0x0000014e0d67b540 WorkerThread "GC Thread#4"                     [id=31140, stack(0x00000006e4f00000,0x00000006e5000000) (1024K)]
  0x0000014e0d4e2890 WorkerThread "GC Thread#5"                     [id=30128, stack(0x00000006e5000000,0x00000006e5100000) (1024K)]
  0x0000014e0d4e2fd0 WorkerThread "GC Thread#6"                     [id=31112, stack(0x00000006e5100000,0x00000006e5200000) (1024K)]
  0x0000014e0d4e1db0 WorkerThread "GC Thread#7"                     [id=15620, stack(0x00000006e4a00000,0x00000006e4b00000) (1024K)]
  0x0000014e0d4e1a10 WorkerThread "GC Thread#8"                     [id=32400, stack(0x00000006e5300000,0x00000006e5400000) (1024K)]
  0x0000014e0d4e2c30 WorkerThread "GC Thread#9"                     [id=32728, stack(0x00000006e5400000,0x00000006e5500000) (1024K)]
  0x0000014e0d4e2150 WorkerThread "GC Thread#10"                    [id=4068, stack(0x00000006e5500000,0x00000006e5600000) (1024K)]
  0x0000014e0d1ede50 WorkerThread "GC Thread#11"                    [id=20316, stack(0x00000006e5d00000,0x00000006e5e00000) (1024K)]
  0x0000014e0d1efb50 WorkerThread "GC Thread#12"                    [id=32276, stack(0x00000006e5e00000,0x00000006e5f00000) (1024K)]
Total: 15

Threads with active compile tasks:
Total: 0

VM state: not at safepoint (normal execution)

VM Mutex/Monitor currently owned by a thread: None

Heap address: 0x0000000080000000, size: 2048 MB, Compressed Oops mode: 32-bit

CDS archive(s) mapped at: [0x0000014dca000000-0x0000014dcaba0000-0x0000014dcaba0000), size 12189696, SharedBaseAddress: 0x0000014dca000000, ArchiveRelocationMode: 1.
Compressed class space mapped at: 0x0000014dcb000000-0x0000014e0b000000, reserved size: 1073741824
Narrow klass base: 0x0000014dca000000, Narrow klass shift: 0, Narrow klass range: 0x100000000

GC Precious Log:
 CardTable entry size: 512
 CPUs: 16 total, 16 available
 Memory: 15631M
 Large Page Support: Disabled
 NUMA Support: Disabled
 Compressed Oops: Enabled (32-bit)
 Alignments: Space 512K, Generation 512K, Heap 2M
 Heap Min Capacity: 100M
 Heap Initial Capacity: 100M
 Heap Max Capacity: 2G
 Pre-touch: Disabled
 Parallel Workers: 13

Heap:
 PSYoungGen      total 1536K, used 526K [0x00000000d5580000, 0x00000000d5880000, 0x0000000100000000)
  eden space 1024K, 13% used [0x00000000d5580000,0x00000000d55a3a20,0x00000000d5680000)
  from space 512K, 75% used [0x00000000d5780000,0x00000000d57e0000,0x00000000d5800000)
  to   space 512K, 0% used [0x00000000d5800000,0x00000000d5800000,0x00000000d5880000)
 ParOldGen       total 141824K, used 141430K [0x0000000080000000, 0x0000000088a80000, 0x00000000d5580000)
  object space 141824K, 99% used [0x0000000080000000,0x0000000088a1da98,0x0000000088a80000)
 Metaspace       used 65821K, committed 67264K, reserved 1114112K
  class space    used 7566K, committed 8192K, reserved 1048576K

Card table byte_map: [0x0000014db2320000,0x0000014db2730000] _byte_map_base: 0x0000014db1f20000

Marking Bits: (ParMarkBitMap*) 0x00007ff9200e2460
 Begin Bits: [0x0000014dc4e00000, 0x0000014dc6e00000)
 End Bits:   [0x0000014dc6e00000, 0x0000014dc8e00000)

Polling page: 0x0000014db2110000

Metaspace:

Usage:
  Non-class:     56.89 MB used.
      Class:      7.39 MB used.
       Both:     64.28 MB used.

Virtual space:
  Non-class space:       64.00 MB reserved,      57.69 MB ( 90%) committed,  1 nodes.
      Class space:        1.00 GB reserved,       8.00 MB ( <1%) committed,  1 nodes.
             Both:        1.06 GB reserved,      65.69 MB (  6%) committed. 

Chunk freelists:
   Non-Class:  5.97 MB
       Class:  8.04 MB
        Both:  14.01 MB

MaxMetaspaceSize: unlimited
CompressedClassSpaceSize: 1.00 GB
Initial GC threshold: 21.00 MB
Current GC threshold: 97.31 MB
CDS: on
 - commit_granule_bytes: 65536.
 - commit_granule_words: 8192.
 - virtual_space_node_default_size: 8388608.
 - enlarge_chunks_in_place: 1.
 - use_allocation_guard: 0.


Internal statistics:

num_allocs_failed_limit: 9.
num_arena_births: 1116.
num_arena_deaths: 14.
num_vsnodes_births: 2.
num_vsnodes_deaths: 0.
num_space_committed: 1051.
num_space_uncommitted: 0.
num_chunks_returned_to_freelist: 23.
num_chunks_taken_from_freelist: 4124.
num_chunk_merges: 10.
num_chunk_splits: 2584.
num_chunks_enlarged: 1511.
num_inconsistent_stats: 0.

CodeHeap 'non-profiled nmethods': size=119168Kb used=7927Kb max_used=7927Kb free=111240Kb
 bounds [0x0000014dbd6f0000, 0x0000014dbdeb0000, 0x0000014dc4b50000]
CodeHeap 'profiled nmethods': size=119104Kb used=19654Kb max_used=19654Kb free=99449Kb
 bounds [0x0000014db5b50000, 0x0000014db6e90000, 0x0000014dbcfa0000]
CodeHeap 'non-nmethods': size=7488Kb used=1431Kb max_used=3172Kb free=6057Kb
 bounds [0x0000014dbcfa0000, 0x0000014dbd2c0000, 0x0000014dbd6f0000]
CodeCache: size=245760Kb, used=29012Kb, max_used=30753Kb, free=216746Kb
 total_blobs=9962, nmethods=9229, adapters=639, full_count=0
Compilation: enabled, stopped_count=0, restarted_count=0

Compilation events (20 events):
Event: 322.632 Thread 0x0000014e0b7f6ae0 nmethod 10196 0x0000014dbdeaa890 code [0x0000014dbdeaaa20, 0x0000014dbdeaaae8]
Event: 322.632 Thread 0x0000014e0b7f6ae0 10199       1       org.eclipse.core.internal.dtree.DeltaDataTree::getRootNode (5 bytes)
Event: 322.632 Thread 0x0000014e0b7f6ae0 nmethod 10199 0x0000014dbdeaab90 code [0x0000014dbdeaad20, 0x0000014dbdeaade8]
Event: 322.632 Thread 0x0000014e0b7f6ae0 10197       1       com.google.gson.FormattingStyle::getIndent (5 bytes)
Event: 322.632 Thread 0x0000014e0b7f6ae0 nmethod 10197 0x0000014dbdeaae90 code [0x0000014dbdeab020, 0x0000014dbdeab0e8]
Event: 322.632 Thread 0x0000014e0b7f6ae0 10198       1       org.eclipse.lsp4j.jsonrpc.messages.Message::getJsonrpc (5 bytes)
Event: 322.632 Thread 0x0000014e0b7f6ae0 nmethod 10198 0x0000014dbdeab190 code [0x0000014dbdeab320, 0x0000014dbdeab3e8]
Event: 322.633 Thread 0x0000014db2a0d720 nmethod 10192 0x0000014dbdeab490 code [0x0000014dbdeab660, 0x0000014dbdeab9e0]
Event: 322.633 Thread 0x0000014db2a0d720 10193       4       org.eclipse.core.internal.dtree.AbstractDataTreeNode::compareWith (364 bytes)
Event: 322.640 Thread 0x0000014db2a0d720 nmethod 10193 0x0000014dbdeabc90 code [0x0000014dbdeabea0, 0x0000014dbdeac908]
Event: 342.658 Thread 0x0000014db2a0d720 10200       4       java.util.TaskQueue::getMin (7 bytes)
Event: 342.659 Thread 0x0000014db2a0d720 nmethod 10200 0x0000014dbdead010 code [0x0000014dbdead1a0, 0x0000014dbdead268]
Event: 400.969 Thread 0x0000014db2a0d720 10201       4       jdk.internal.misc.Unsafe::putReferenceOpaque (9 bytes)
Event: 400.970 Thread 0x0000014db2a0d720 nmethod 10201 0x0000014dbdead310 code [0x0000014dbdead4a0, 0x0000014dbdead550]
Event: 551.064 Thread 0x0000014e0b7f6ae0 10202       3       java.util.concurrent.ScheduledThreadPoolExecutor$ScheduledFutureTask::getDelay (16 bytes)
Event: 551.065 Thread 0x0000014e0b7f6ae0 nmethod 10202 0x0000014db6e82110 code [0x0000014db6e822c0, 0x0000014db6e82458]
Event: 680.840 Thread 0x0000014e0b7f6ae0 10203       3       java.lang.Module::getClassLoader (20 bytes)
Event: 680.841 Thread 0x0000014e0b7f6ae0 nmethod 10203 0x0000014db6e82510 code [0x0000014db6e826c0, 0x0000014db6e828b8]
Event: 694.670 Thread 0x0000014db2a0d720 10204       4       java.util.TaskQueue::isEmpty (13 bytes)
Event: 694.671 Thread 0x0000014db2a0d720 nmethod 10204 0x0000014dbdead610 code [0x0000014dbdead7a0, 0x0000014dbdead848]

GC Heap History (20 events):
Event: 27.241 GC heap before
{Heap before GC invocations=127 (full 3):
 PSYoungGen      total 2560K, used 2112K [0x00000000d5580000, 0x00000000d5a80000, 0x0000000100000000)
  eden space 1024K, 100% used [0x00000000d5580000,0x00000000d5680000,0x00000000d5680000)
  from space 1536K, 70% used [0x00000000d5680000,0x00000000d5790000,0x00000000d5800000)
  to   space 2048K, 0% used [0x00000000d5880000,0x00000000d5880000,0x00000000d5a80000)
 ParOldGen       total 138240K, used 138091K [0x0000000080000000, 0x0000000088700000, 0x00000000d5580000)
  object space 138240K, 99% used [0x0000000080000000,0x00000000886dace0,0x0000000088700000)
 Metaspace       used 65492K, committed 66944K, reserved 1114112K
  class space    used 7536K, committed 8128K, reserved 1048576K
}
Event: 27.242 GC heap after
{Heap after GC invocations=127 (full 3):
 PSYoungGen      total 2560K, used 1077K [0x00000000d5580000, 0x00000000d5a00000, 0x0000000100000000)
  eden space 1024K, 0% used [0x00000000d5580000,0x00000000d5580000,0x00000000d5680000)
  from space 1536K, 70% used [0x00000000d5880000,0x00000000d598d638,0x00000000d5a00000)
  to   space 1536K, 0% used [0x00000000d5680000,0x00000000d5680000,0x00000000d5800000)
 ParOldGen       total 139264K, used 139147K [0x0000000080000000, 0x0000000088800000, 0x00000000d5580000)
  object space 139264K, 99% used [0x0000000080000000,0x00000000887e2ce0,0x0000000088800000)
 Metaspace       used 65492K, committed 66944K, reserved 1114112K
  class space    used 7536K, committed 8128K, reserved 1048576K
}
Event: 32.049 GC heap before
{Heap before GC invocations=128 (full 3):
 PSYoungGen      total 2560K, used 2101K [0x00000000d5580000, 0x00000000d5a00000, 0x0000000100000000)
  eden space 1024K, 99% used [0x00000000d5580000,0x00000000d567ffe8,0x00000000d5680000)
  from space 1536K, 70% used [0x00000000d5880000,0x00000000d598d638,0x00000000d5a00000)
  to   space 1536K, 0% used [0x00000000d5680000,0x00000000d5680000,0x00000000d5800000)
 ParOldGen       total 139264K, used 139147K [0x0000000080000000, 0x0000000088800000, 0x00000000d5580000)
  object space 139264K, 99% used [0x0000000080000000,0x00000000887e2ce0,0x0000000088800000)
 Metaspace       used 65501K, committed 66944K, reserved 1114112K
  class space    used 7536K, committed 8128K, reserved 1048576K
}
Event: 32.050 GC heap after
{Heap after GC invocations=128 (full 3):
 PSYoungGen      total 2560K, used 379K [0x00000000d5580000, 0x00000000d5900000, 0x0000000100000000)
  eden space 1024K, 0% used [0x00000000d5580000,0x00000000d5580000,0x00000000d5680000)
  from space 1536K, 24% used [0x00000000d5680000,0x00000000d56dec08,0x00000000d5800000)
  to   space 1024K, 0% used [0x00000000d5800000,0x00000000d5800000,0x00000000d5900000)
 ParOldGen       total 140288K, used 139897K [0x0000000080000000, 0x0000000088900000, 0x00000000d5580000)
  object space 140288K, 99% used [0x0000000080000000,0x000000008889e648,0x0000000088900000)
 Metaspace       used 65501K, committed 66944K, reserved 1114112K
  class space    used 7536K, committed 8128K, reserved 1048576K
}
Event: 32.058 GC heap before
{Heap before GC invocations=129 (full 3):
 PSYoungGen      total 2560K, used 1403K [0x00000000d5580000, 0x00000000d5900000, 0x0000000100000000)
  eden space 1024K, 99% used [0x00000000d5580000,0x00000000d567fff8,0x00000000d5680000)
  from space 1536K, 24% used [0x00000000d5680000,0x00000000d56dec08,0x00000000d5800000)
  to   space 1024K, 0% used [0x00000000d5800000,0x00000000d5800000,0x00000000d5900000)
 ParOldGen       total 140288K, used 139897K [0x0000000080000000, 0x0000000088900000, 0x00000000d5580000)
  object space 140288K, 99% used [0x0000000080000000,0x000000008889e648,0x0000000088900000)
 Metaspace       used 65526K, committed 66944K, reserved 1114112K
  class space    used 7536K, committed 8128K, reserved 1048576K
}
Event: 32.058 GC heap after
{Heap after GC invocations=129 (full 3):
 PSYoungGen      total 1536K, used 448K [0x00000000d5580000, 0x00000000d5880000, 0x0000000100000000)
  eden space 1024K, 0% used [0x00000000d5580000,0x00000000d5580000,0x00000000d5680000)
  from space 512K, 87% used [0x00000000d5800000,0x00000000d5870000,0x00000000d5880000)
  to   space 512K, 0% used [0x00000000d5780000,0x00000000d5780000,0x00000000d5800000)
 ParOldGen       total 140288K, used 140078K [0x0000000080000000, 0x0000000088900000, 0x00000000d5580000)
  object space 140288K, 99% used [0x0000000080000000,0x00000000888cba68,0x0000000088900000)
 Metaspace       used 65526K, committed 66944K, reserved 1114112K
  class space    used 7536K, committed 8128K, reserved 1048576K
}
Event: 32.074 GC heap before
{Heap before GC invocations=130 (full 3):
 PSYoungGen      total 1536K, used 1472K [0x00000000d5580000, 0x00000000d5880000, 0x0000000100000000)
  eden space 1024K, 100% used [0x00000000d5580000,0x00000000d5680000,0x00000000d5680000)
  from space 512K, 87% used [0x00000000d5800000,0x00000000d5870000,0x00000000d5880000)
  to   space 512K, 0% used [0x00000000d5780000,0x00000000d5780000,0x00000000d5800000)
 ParOldGen       total 140288K, used 140078K [0x0000000080000000, 0x0000000088900000, 0x00000000d5580000)
  object space 140288K, 99% used [0x0000000080000000,0x00000000888cba68,0x0000000088900000)
 Metaspace       used 65545K, committed 67008K, reserved 1114112K
  class space    used 7536K, committed 8128K, reserved 1048576K
}
Event: 32.075 GC heap after
{Heap after GC invocations=130 (full 3):
 PSYoungGen      total 1536K, used 480K [0x00000000d5580000, 0x00000000d5880000, 0x0000000100000000)
  eden space 1024K, 0% used [0x00000000d5580000,0x00000000d5580000,0x00000000d5680000)
  from space 512K, 93% used [0x00000000d5780000,0x00000000d57f8010,0x00000000d5800000)
  to   space 512K, 0% used [0x00000000d5800000,0x00000000d5800000,0x00000000d5880000)
 ParOldGen       total 140800K, used 140462K [0x0000000080000000, 0x0000000088980000, 0x00000000d5580000)
  object space 140800K, 99% used [0x0000000080000000,0x000000008892ba88,0x0000000088980000)
 Metaspace       used 65545K, committed 67008K, reserved 1114112K
  class space    used 7536K, committed 8128K, reserved 1048576K
}
Event: 319.690 GC heap before
{Heap before GC invocations=131 (full 3):
 PSYoungGen      total 1536K, used 1504K [0x00000000d5580000, 0x00000000d5880000, 0x0000000100000000)
  eden space 1024K, 99% used [0x00000000d5580000,0x00000000d567fff8,0x00000000d5680000)
  from space 512K, 93% used [0x00000000d5780000,0x00000000d57f8010,0x00000000d5800000)
  to   space 512K, 0% used [0x00000000d5800000,0x00000000d5800000,0x00000000d5880000)
 ParOldGen       total 140800K, used 140462K [0x0000000080000000, 0x0000000088980000, 0x00000000d5580000)
  object space 140800K, 99% used [0x0000000080000000,0x000000008892ba88,0x0000000088980000)
 Metaspace       used 65599K, committed 67072K, reserved 1114112K
  class space    used 7539K, committed 8128K, reserved 1048576K
}
Event: 319.691 GC heap after
{Heap after GC invocations=131 (full 3):
 PSYoungGen      total 1536K, used 416K [0x00000000d5580000, 0x00000000d5880000, 0x0000000100000000)
  eden space 1024K, 0% used [0x00000000d5580000,0x00000000d5580000,0x00000000d5680000)
  from space 512K, 81% used [0x00000000d5800000,0x00000000d5868000,0x00000000d5880000)
  to   space 1024K, 0% used [0x00000000d5680000,0x00000000d5680000,0x00000000d5780000)
 ParOldGen       total 140800K, used 140606K [0x0000000080000000, 0x0000000088980000, 0x00000000d5580000)
  object space 140800K, 99% used [0x0000000080000000,0x000000008894fa88,0x0000000088980000)
 Metaspace       used 65599K, committed 67072K, reserved 1114112K
  class space    used 7539K, committed 8128K, reserved 1048576K
}
Event: 322.434 GC heap before
{Heap before GC invocations=132 (full 3):
 PSYoungGen      total 1536K, used 1440K [0x00000000d5580000, 0x00000000d5880000, 0x0000000100000000)
  eden space 1024K, 100% used [0x00000000d5580000,0x00000000d5680000,0x00000000d5680000)
  from space 512K, 81% used [0x00000000d5800000,0x00000000d5868000,0x00000000d5880000)
  to   space 1024K, 0% used [0x00000000d5680000,0x00000000d5680000,0x00000000d5780000)
 ParOldGen       total 140800K, used 140606K [0x0000000080000000, 0x0000000088980000, 0x00000000d5580000)
  object space 140800K, 99% used [0x0000000080000000,0x000000008894fa88,0x0000000088980000)
 Metaspace       used 65634K, committed 67136K, reserved 1114112K
  class space    used 7548K, committed 8192K, reserved 1048576K
}
Event: 322.436 GC heap after
{Heap after GC invocations=132 (full 3):
 PSYoungGen      total 2048K, used 416K [0x00000000d5580000, 0x00000000d5880000, 0x0000000100000000)
  eden space 1024K, 0% used [0x00000000d5580000,0x00000000d5580000,0x00000000d5680000)
  from space 1024K, 40% used [0x00000000d5680000,0x00000000d56e8000,0x00000000d5780000)
  to   space 512K, 0% used [0x00000000d5800000,0x00000000d5800000,0x00000000d5880000)
 ParOldGen       total 140800K, used 140726K [0x0000000080000000, 0x0000000088980000, 0x00000000d5580000)
  object space 140800K, 99% used [0x0000000080000000,0x000000008896da88,0x0000000088980000)
 Metaspace       used 65634K, committed 67136K, reserved 1114112K
  class space    used 7548K, committed 8192K, reserved 1048576K
}
Event: 322.448 GC heap before
{Heap before GC invocations=133 (full 3):
 PSYoungGen      total 2048K, used 1439K [0x00000000d5580000, 0x00000000d5880000, 0x0000000100000000)
  eden space 1024K, 99% used [0x00000000d5580000,0x00000000d567ffe0,0x00000000d5680000)
  from space 1024K, 40% used [0x00000000d5680000,0x00000000d56e8000,0x00000000d5780000)
  to   space 512K, 0% used [0x00000000d5800000,0x00000000d5800000,0x00000000d5880000)
 ParOldGen       total 140800K, used 140726K [0x0000000080000000, 0x0000000088980000, 0x00000000d5580000)
  object space 140800K, 99% used [0x0000000080000000,0x000000008896da88,0x0000000088980000)
 Metaspace       used 65787K, committed 67264K, reserved 1114112K
  class space    used 7562K, committed 8192K, reserved 1048576K
}
Event: 322.448 GC heap after
{Heap after GC invocations=133 (full 3):
 PSYoungGen      total 1536K, used 448K [0x00000000d5580000, 0x00000000d5880000, 0x0000000100000000)
  eden space 1024K, 0% used [0x00000000d5580000,0x00000000d5580000,0x00000000d5680000)
  from space 512K, 87% used [0x00000000d5800000,0x00000000d5870000,0x00000000d5880000)
  to   space 512K, 0% used [0x00000000d5780000,0x00000000d5780000,0x00000000d5800000)
 ParOldGen       total 141312K, used 140862K [0x0000000080000000, 0x0000000088a00000, 0x00000000d5580000)
  object space 141312K, 99% used [0x0000000080000000,0x000000008898fa88,0x0000000088a00000)
 Metaspace       used 65787K, committed 67264K, reserved 1114112K
  class space    used 7562K, committed 8192K, reserved 1048576K
}
Event: 322.452 GC heap before
{Heap before GC invocations=134 (full 3):
 PSYoungGen      total 1536K, used 1472K [0x00000000d5580000, 0x00000000d5880000, 0x0000000100000000)
  eden space 1024K, 100% used [0x00000000d5580000,0x00000000d5680000,0x00000000d5680000)
  from space 512K, 87% used [0x00000000d5800000,0x00000000d5870000,0x00000000d5880000)
  to   space 512K, 0% used [0x00000000d5780000,0x00000000d5780000,0x00000000d5800000)
 ParOldGen       total 141312K, used 140862K [0x0000000080000000, 0x0000000088a00000, 0x00000000d5580000)
  object space 141312K, 99% used [0x0000000080000000,0x000000008898fa88,0x0000000088a00000)
 Metaspace       used 65790K, committed 67264K, reserved 1114112K
  class space    used 7562K, committed 8192K, reserved 1048576K
}
Event: 322.452 GC heap after
{Heap after GC invocations=134 (full 3):
 PSYoungGen      total 1536K, used 384K [0x00000000d5580000, 0x00000000d5880000, 0x0000000100000000)
  eden space 1024K, 0% used [0x00000000d5580000,0x00000000d5580000,0x00000000d5680000)
  from space 512K, 75% used [0x00000000d5780000,0x00000000d57e0000,0x00000000d5800000)
  to   space 512K, 0% used [0x00000000d5800000,0x00000000d5800000,0x00000000d5880000)
 ParOldGen       total 141312K, used 140974K [0x0000000080000000, 0x0000000088a00000, 0x00000000d5580000)
  object space 141312K, 99% used [0x0000000080000000,0x00000000889aba98,0x0000000088a00000)
 Metaspace       used 65790K, committed 67264K, reserved 1114112K
  class space    used 7562K, committed 8192K, reserved 1048576K
}
Event: 322.461 GC heap before
{Heap before GC invocations=135 (full 3):
 PSYoungGen      total 1536K, used 1408K [0x00000000d5580000, 0x00000000d5880000, 0x0000000100000000)
  eden space 1024K, 100% used [0x00000000d5580000,0x00000000d5680000,0x00000000d5680000)
  from space 512K, 75% used [0x00000000d5780000,0x00000000d57e0000,0x00000000d5800000)
  to   space 512K, 0% used [0x00000000d5800000,0x00000000d5800000,0x00000000d5880000)
 ParOldGen       total 141312K, used 140974K [0x0000000080000000, 0x0000000088a00000, 0x00000000d5580000)
  object space 141312K, 99% used [0x0000000080000000,0x00000000889aba98,0x0000000088a00000)
 Metaspace       used 65796K, committed 67264K, reserved 1114112K
  class space    used 7562K, committed 8192K, reserved 1048576K
}
Event: 322.462 GC heap after
{Heap after GC invocations=135 (full 3):
 PSYoungGen      total 1536K, used 352K [0x00000000d5580000, 0x00000000d5880000, 0x0000000100000000)
  eden space 1024K, 0% used [0x00000000d5580000,0x00000000d5580000,0x00000000d5680000)
  from space 512K, 68% used [0x00000000d5800000,0x00000000d5858000,0x00000000d5880000)
  to   space 512K, 0% used [0x00000000d5780000,0x00000000d5780000,0x00000000d5800000)
 ParOldGen       total 141312K, used 141222K [0x0000000080000000, 0x0000000088a00000, 0x00000000d5580000)
  object space 141312K, 99% used [0x0000000080000000,0x00000000889e9a98,0x0000000088a00000)
 Metaspace       used 65796K, committed 67264K, reserved 1114112K
  class space    used 7562K, committed 8192K, reserved 1048576K
}
Event: 322.630 GC heap before
{Heap before GC invocations=136 (full 3):
 PSYoungGen      total 1536K, used 1376K [0x00000000d5580000, 0x00000000d5880000, 0x0000000100000000)
  eden space 1024K, 100% used [0x00000000d5580000,0x00000000d5680000,0x00000000d5680000)
  from space 512K, 68% used [0x00000000d5800000,0x00000000d5858000,0x00000000d5880000)
  to   space 512K, 0% used [0x00000000d5780000,0x00000000d5780000,0x00000000d5800000)
 ParOldGen       total 141312K, used 141222K [0x0000000080000000, 0x0000000088a00000, 0x00000000d5580000)
  object space 141312K, 99% used [0x0000000080000000,0x00000000889e9a98,0x0000000088a00000)
 Metaspace       used 65821K, committed 67264K, reserved 1114112K
  class space    used 7566K, committed 8192K, reserved 1048576K
}
Event: 322.631 GC heap after
{Heap after GC invocations=136 (full 3):
 PSYoungGen      total 1536K, used 384K [0x00000000d5580000, 0x00000000d5880000, 0x0000000100000000)
  eden space 1024K, 0% used [0x00000000d5580000,0x00000000d5580000,0x00000000d5680000)
  from space 512K, 75% used [0x00000000d5780000,0x00000000d57e0000,0x00000000d5800000)
  to   space 512K, 0% used [0x00000000d5800000,0x00000000d5800000,0x00000000d5880000)
 ParOldGen       total 141824K, used 141430K [0x0000000080000000, 0x0000000088a80000, 0x00000000d5580000)
  object space 141824K, 99% used [0x0000000080000000,0x0000000088a1da98,0x0000000088a80000)
 Metaspace       used 65821K, committed 67264K, reserved 1114112K
  class space    used 7566K, committed 8192K, reserved 1048576K
}

Dll operation events (13 events):
Event: 0.015 Loaded shared library c:\Users\Yohan\.vscode\extensions\redhat.java-1.49.0-win32-x64\jre\21.0.9-win32-x86_64\bin\java.dll
Event: 0.078 Loaded shared library c:\Users\Yohan\.vscode\extensions\redhat.java-1.49.0-win32-x64\jre\21.0.9-win32-x86_64\bin\zip.dll
Event: 0.095 Loaded shared library C:\Users\Yohan\.vscode\extensions\redhat.java-1.49.0-win32-x64\jre\21.0.9-win32-x86_64\bin\instrument.dll
Event: 0.100 Loaded shared library C:\Users\Yohan\.vscode\extensions\redhat.java-1.49.0-win32-x64\jre\21.0.9-win32-x86_64\bin\net.dll
Event: 0.103 Loaded shared library C:\Users\Yohan\.vscode\extensions\redhat.java-1.49.0-win32-x64\jre\21.0.9-win32-x86_64\bin\nio.dll
Event: 0.108 Loaded shared library C:\Users\Yohan\.vscode\extensions\redhat.java-1.49.0-win32-x64\jre\21.0.9-win32-x86_64\bin\zip.dll
Event: 0.123 Loaded shared library C:\Users\Yohan\.vscode\extensions\redhat.java-1.49.0-win32-x64\jre\21.0.9-win32-x86_64\bin\jimage.dll
Event: 0.183 Loaded shared library c:\Users\Yohan\.vscode\extensions\redhat.java-1.49.0-win32-x64\jre\21.0.9-win32-x86_64\bin\verify.dll
Event: 8.753 Loaded shared library C:\Users\Yohan\AppData\Roaming\Code\User\globalStorage\redhat.java\1.49.0\config_win\org.eclipse.equinox.launcher\org.eclipse.equinox.launcher.win32.win32.x86_64_1.2.1400.v20250801-0854\eclipse_11916.dll
Event: 19.414 Loaded shared library C:\Users\Yohan\AppData\Local\Temp\jna-85603231\jna7079393509434537467.dll
Event: 23.576 Loaded shared library C:\Users\Yohan\.gradle\native\1def1411415f61bf3af743bc5b6707747c0891f09f0c88961ee8f79bc544acac\windows-amd64\native-platform.dll
Event: 24.441 Loaded shared library C:\Users\Yohan\.vscode\extensions\redhat.java-1.49.0-win32-x64\jre\21.0.9-win32-x86_64\bin\management.dll
Event: 24.447 Loaded shared library C:\Users\Yohan\.vscode\extensions\redhat.java-1.49.0-win32-x64\jre\21.0.9-win32-x86_64\bin\management_ext.dll

Deoptimization events (20 events):
Event: 322.475 Thread 0x0000014e1218d740 Uncommon trap: trap_request=0xffffff45 fr.pc=0x0000014dbdbba534 relative=0x0000000000005274
Event: 322.475 Thread 0x0000014e1218d740 Uncommon trap: reason=unstable_if action=reinterpret pc=0x0000014dbdbba534 method=org.eclipse.core.internal.localstore.FileSystemResourceManager.getStoreRoot(Lorg/eclipse/core/resources/IResource;)Lorg/eclipse/core/internal/localstore/FileStoreRoot; @ 33 
Event: 322.475 Thread 0x0000014e1218d740 DEOPT PACKING pc=0x0000014dbdbba534 sp=0x00000006e61ff2b0
Event: 322.475 Thread 0x0000014e1218d740 DEOPT UNPACKING pc=0x0000014dbcff6da2 sp=0x00000006e61ff270 mode 2
Event: 322.475 Thread 0x0000014e1218d740 Uncommon trap: trap_request=0xffffff45 fr.pc=0x0000014dbd9ac4f0 relative=0x0000000000000630
Event: 322.475 Thread 0x0000014e1218d740 Uncommon trap: reason=unstable_if action=reinterpret pc=0x0000014dbd9ac4f0 method=org.eclipse.core.internal.localstore.FileSystemResourceManager.getStoreRoot(Lorg/eclipse/core/resources/IResource;)Lorg/eclipse/core/internal/localstore/FileStoreRoot; @ 33 
Event: 322.475 Thread 0x0000014e1218d740 DEOPT PACKING pc=0x0000014dbd9ac4f0 sp=0x00000006e61ff290
Event: 322.475 Thread 0x0000014e1218d740 DEOPT UNPACKING pc=0x0000014dbcff6da2 sp=0x00000006e61ff270 mode 2
Event: 322.476 Thread 0x0000014e1218d740 Uncommon trap: trap_request=0xffffff45 fr.pc=0x0000014dbdd2cb64 relative=0x00000000000007e4
Event: 322.476 Thread 0x0000014e1218d740 Uncommon trap: reason=unstable_if action=reinterpret pc=0x0000014dbdd2cb64 method=java.io.InputStream.read([BII)I @ 52 c2
Event: 322.476 Thread 0x0000014e1218d740 DEOPT PACKING pc=0x0000014dbdd2cb64 sp=0x00000006e61ff0f0
Event: 322.476 Thread 0x0000014e1218d740 DEOPT UNPACKING pc=0x0000014dbcff6da2 sp=0x00000006e61ff0a0 mode 2
Event: 322.477 Thread 0x0000014e1218d740 Uncommon trap: trap_request=0xffffff45 fr.pc=0x0000014dbde1dd84 relative=0x0000000000003444
Event: 322.477 Thread 0x0000014e1218d740 Uncommon trap: reason=unstable_if action=reinterpret pc=0x0000014dbde1dd84 method=org.eclipse.core.internal.events.ResourceDeltaFactory.createDelta(Lorg/eclipse/core/internal/resources/Workspace;Lorg/eclipse/core/internal/dtree/DeltaDataTree;Lorg/eclipse/
Event: 322.477 Thread 0x0000014e1218d740 DEOPT PACKING pc=0x0000014dbde1dd84 sp=0x00000006e61ff060
Event: 322.477 Thread 0x0000014e1218d740 DEOPT UNPACKING pc=0x0000014dbcff6da2 sp=0x00000006e61ff0c0 mode 2
Event: 322.630 Thread 0x0000014e1218d740 Uncommon trap: trap_request=0xffffff45 fr.pc=0x0000014dbddc1ee4 relative=0x0000000000000784
Event: 322.630 Thread 0x0000014e1218d740 Uncommon trap: reason=unstable_if action=reinterpret pc=0x0000014dbddc1ee4 method=org.eclipse.core.internal.dtree.DataTreeNode.asReverseComparisonNode(Lorg/eclipse/core/internal/dtree/IComparator;)Lorg/eclipse/core/internal/dtree/AbstractDataTreeNode; @ 9
Event: 322.630 Thread 0x0000014e1218d740 DEOPT PACKING pc=0x0000014dbddc1ee4 sp=0x00000006e61fe9b0
Event: 322.630 Thread 0x0000014e1218d740 DEOPT UNPACKING pc=0x0000014dbcff6da2 sp=0x00000006e61fe978 mode 2

Classes loaded (20 events):
Event: 322.433 Loading class java/util/stream/Nodes$CollectorTask$OfRef
Event: 322.433 Loading class java/util/stream/Nodes$CollectorTask
Event: 322.434 Loading class java/util/stream/Nodes$CollectorTask done
Event: 322.434 Loading class java/util/stream/Nodes$CollectorTask$OfRef done
Event: 322.434 Loading class java/util/function/LongFunction
Event: 322.434 Loading class java/util/function/LongFunction done
Event: 322.434 Loading class java/util/stream/Nodes$ConcNode
Event: 322.436 Loading class java/util/stream/Nodes$AbstractConcNode
Event: 322.436 Loading class java/util/stream/Nodes$AbstractConcNode done
Event: 322.436 Loading class java/util/stream/Nodes$ConcNode done
Event: 322.444 Loading class java/util/stream/Nodes$ToArrayTask$OfRef
Event: 322.444 Loading class java/util/stream/Nodes$ToArrayTask
Event: 322.444 Loading class java/util/stream/Nodes$ToArrayTask done
Event: 322.444 Loading class java/util/stream/Nodes$ToArrayTask$OfRef done
Event: 322.445 Loading class java/io/ObjectOutputStream$BlockDataOutputStream
Event: 322.445 Loading class java/io/ObjectOutputStream$BlockDataOutputStream done
Event: 322.445 Loading class java/io/ObjectOutputStream$HandleTable
Event: 322.446 Loading class java/io/ObjectOutputStream$HandleTable done
Event: 322.446 Loading class java/io/ObjectOutputStream$ReplaceTable
Event: 322.446 Loading class java/io/ObjectOutputStream$ReplaceTable done

Classes unloaded (7 events):
Event: 19.929 Thread 0x0000014dc93e3700 Unloading class 0x0000014dcb1a4800 'java/lang/invoke/LambdaForm$MH+0x0000014dcb1a4800'
Event: 19.929 Thread 0x0000014dc93e3700 Unloading class 0x0000014dcb1a4400 'java/lang/invoke/LambdaForm$MH+0x0000014dcb1a4400'
Event: 19.929 Thread 0x0000014dc93e3700 Unloading class 0x0000014dcb1a4000 'java/lang/invoke/LambdaForm$MH+0x0000014dcb1a4000'
Event: 19.929 Thread 0x0000014dc93e3700 Unloading class 0x0000014dcb1a3c00 'java/lang/invoke/LambdaForm$MH+0x0000014dcb1a3c00'
Event: 19.929 Thread 0x0000014dc93e3700 Unloading class 0x0000014dcb1a3800 'java/lang/invoke/LambdaForm$BMH+0x0000014dcb1a3800'
Event: 19.929 Thread 0x0000014dc93e3700 Unloading class 0x0000014dcb1a3400 'java/lang/invoke/LambdaForm$DMH+0x0000014dcb1a3400'
Event: 19.929 Thread 0x0000014dc93e3700 Unloading class 0x0000014dcb1a2000 'java/lang/invoke/LambdaForm$DMH+0x0000014dcb1a2000'

Classes redefined (0 events):
No events

Internal exceptions (20 events):
Event: 27.238 Thread 0x0000014e1218ddd0 Exception <a 'java/lang/NullPointerException'{0x00000000d5629210}> (0x00000000d5629210) 
thrown [s\src\hotspot\share\interpreter\linkResolver.cpp, line 1372]
Event: 27.238 Thread 0x0000014e1218ddd0 Exception <a 'java/lang/NullPointerException'{0x00000000d5629618}> (0x00000000d5629618) 
thrown [s\src\hotspot\share\interpreter\linkResolver.cpp, line 1372]
Event: 27.238 Thread 0x0000014e1218ddd0 Exception <a 'java/lang/NullPointerException'{0x00000000d562b5e0}> (0x00000000d562b5e0) 
thrown [s\src\hotspot\share\interpreter\linkResolver.cpp, line 1372]
Event: 27.239 Thread 0x0000014e1218ddd0 Exception <a 'java/lang/NullPointerException'{0x00000000d562c9a0}> (0x00000000d562c9a0) 
thrown [s\src\hotspot\share\interpreter\linkResolver.cpp, line 1372]
Event: 27.239 Thread 0x0000014e1218ddd0 Exception <a 'java/lang/NullPointerException'{0x00000000d562cdf8}> (0x00000000d562cdf8) 
thrown [s\src\hotspot\share\interpreter\linkResolver.cpp, line 1372]
Event: 27.239 Thread 0x0000014e1218ddd0 Exception <a 'java/lang/NullPointerException'{0x00000000d562d4e8}> (0x00000000d562d4e8) 
thrown [s\src\hotspot\share\interpreter\linkResolver.cpp, line 1372]
Event: 27.239 Thread 0x0000014e1218ddd0 Exception <a 'java/lang/NullPointerException'{0x00000000d562de68}> (0x00000000d562de68) 
thrown [s\src\hotspot\share\interpreter\linkResolver.cpp, line 1372]
Event: 27.239 Thread 0x0000014e1218ddd0 Exception <a 'java/lang/NullPointerException'{0x00000000d562e2f8}> (0x00000000d562e2f8) 
thrown [s\src\hotspot\share\interpreter\linkResolver.cpp, line 1372]
Event: 27.239 Thread 0x0000014e1218ddd0 Exception <a 'java/lang/NullPointerException'{0x00000000d562e788}> (0x00000000d562e788) 
thrown [s\src\hotspot\share\interpreter\linkResolver.cpp, line 1372]
Event: 27.239 Thread 0x0000014e1218ddd0 Exception <a 'java/lang/NullPointerException'{0x00000000d562f568}> (0x00000000d562f568) 
thrown [s\src\hotspot\share\interpreter\linkResolver.cpp, line 1372]
Event: 27.239 Thread 0x0000014e1218ddd0 Exception <a 'java/lang/NullPointerException'{0x00000000d56301b0}> (0x00000000d56301b0) 
thrown [s\src\hotspot\share\interpreter\linkResolver.cpp, line 1372]
Event: 27.239 Thread 0x0000014e1218ddd0 Exception <a 'java/lang/NullPointerException'{0x00000000d5630718}> (0x00000000d5630718) 
thrown [s\src\hotspot\share\interpreter\linkResolver.cpp, line 1372]
Event: 27.239 Thread 0x0000014e1218ddd0 Exception <a 'java/lang/NullPointerException'{0x00000000d5630c08}> (0x00000000d5630c08) 
thrown [s\src\hotspot\share\interpreter\linkResolver.cpp, line 1372]
Event: 27.239 Thread 0x0000014e1218ddd0 Exception <a 'java/lang/NullPointerException'{0x00000000d5631060}> (0x00000000d5631060) 
thrown [s\src\hotspot\share\interpreter\linkResolver.cpp, line 1372]
Event: 27.239 Thread 0x0000014e1218ddd0 Exception <a 'java/lang/NullPointerException'{0x00000000d5631778}> (0x00000000d5631778) 
thrown [s\src\hotspot\share\interpreter\linkResolver.cpp, line 1372]
Event: 27.241 Thread 0x0000014e1218ddd0 Implicit null exception at 0x0000014dbde1507f to 0x0000014dbde15710
Event: 322.441 Thread 0x0000014e1218d740 Exception <a 'sun/nio/fs/WindowsException'{0x00000000d56051c8}> (0x00000000d56051c8) 
thrown [s\src\hotspot\share\prims\jni.cpp, line 520]
Event: 322.441 Thread 0x0000014e1218d740 Exception <a 'sun/nio/fs/WindowsException'{0x00000000d5605b50}> (0x00000000d5605b50) 
thrown [s\src\hotspot\share\prims\jni.cpp, line 520]
Event: 322.442 Thread 0x0000014e1218d740 Implicit null exception at 0x0000014dbd74b506 to 0x0000014dbd74b6f8
Event: 322.465 Thread 0x0000014e1218d740 Exception <a 'java/lang/NoSuchMethodError'{0x00000000d55aa168}: 'java.lang.Object java.lang.invoke.DirectMethodHandle$Holder.newInvokeSpecial(java.lang.Object, java.lang.Object, java.lang.Object, java.lang.Object, java.lang.Object, java.lang.Object, java.lang.Object, java.lang.Object)'> (0x00000000d55aa168) 
thrown [s\src\hotspot\share\interpreter\linkResolver.cpp, line 773]

ZGC Phase Switch (0 events):
No events

VM Operations (20 events):
Event: 601.495 Executing VM operation: HandshakeAllThreads (HandshakeForDeflation)
Event: 601.495 Executing VM operation: HandshakeAllThreads (HandshakeForDeflation) done
Event: 601.495 Executing VM operation: RendezvousGCThreads
Event: 601.495 Executing VM operation: RendezvousGCThreads done
Event: 661.585 Executing VM operation: HandshakeAllThreads (HandshakeForDeflation)
Event: 661.586 Executing VM operation: HandshakeAllThreads (HandshakeForDeflation) done
Event: 661.586 Executing VM operation: RendezvousGCThreads
Event: 661.586 Executing VM operation: RendezvousGCThreads done
Event: 721.623 Executing VM operation: HandshakeAllThreads (HandshakeForDeflation)
Event: 721.623 Executing VM operation: HandshakeAllThreads (HandshakeForDeflation) done
Event: 721.623 Executing VM operation: RendezvousGCThreads
Event: 721.623 Executing VM operation: RendezvousGCThreads done
Event: 781.633 Executing VM operation: HandshakeAllThreads (HandshakeForDeflation)
Event: 781.633 Executing VM operation: HandshakeAllThreads (HandshakeForDeflation) done
Event: 781.633 Executing VM operation: RendezvousGCThreads
Event: 781.633 Executing VM operation: RendezvousGCThreads done
Event: 841.746 Executing VM operation: HandshakeAllThreads (HandshakeForDeflation)
Event: 841.746 Executing VM operation: HandshakeAllThreads (HandshakeForDeflation) done
Event: 841.746 Executing VM operation: RendezvousGCThreads
Event: 841.746 Executing VM operation: RendezvousGCThreads done

Memory protections (0 events):
No events

Nmethod flushes (20 events):
Event: 24.303 Thread 0x0000014dc93e3700 flushing  nmethod 0x0000014db66e5810
Event: 24.303 Thread 0x0000014dc93e3700 flushing  nmethod 0x0000014db6712210
Event: 24.303 Thread 0x0000014dc93e3700 flushing  nmethod 0x0000014db671a910
Event: 24.303 Thread 0x0000014dc93e3700 flushing  nmethod 0x0000014db6729810
Event: 24.303 Thread 0x0000014dc93e3700 flushing  nmethod 0x0000014db6747590
Event: 24.303 Thread 0x0000014dc93e3700 flushing  nmethod 0x0000014db6748310
Event: 24.303 Thread 0x0000014dc93e3700 flushing  nmethod 0x0000014db6750990
Event: 24.303 Thread 0x0000014dc93e3700 flushing  nmethod 0x0000014db6756890
Event: 24.303 Thread 0x0000014dc93e3700 flushing  nmethod 0x0000014db6765a90
Event: 24.303 Thread 0x0000014dc93e3700 flushing  nmethod 0x0000014db6766490
Event: 24.303 Thread 0x0000014dc93e3700 flushing  nmethod 0x0000014db6767d90
Event: 24.303 Thread 0x0000014dc93e3700 flushing  nmethod 0x0000014db6769890
Event: 24.303 Thread 0x0000014dc93e3700 flushing  nmethod 0x0000014db6769d10
Event: 24.303 Thread 0x0000014dc93e3700 flushing  nmethod 0x0000014db676a090
Event: 24.303 Thread 0x0000014dc93e3700 flushing  nmethod 0x0000014db6779290
Event: 24.303 Thread 0x0000014dc93e3700 flushing  nmethod 0x0000014db677a790
Event: 24.303 Thread 0x0000014dc93e3700 flushing  nmethod 0x0000014db6795a10
Event: 24.303 Thread 0x0000014dc93e3700 flushing  nmethod 0x0000014db679a190
Event: 24.303 Thread 0x0000014dc93e3700 flushing  nmethod 0x0000014db67b9f90
Event: 24.303 Thread 0x0000014dc93e3700 flushing  nmethod 0x0000014db67bb710

Events (20 events):
Event: 322.436 Thread 0x0000014e173e4ad0 Thread exited: 0x0000014e173e4ad0
Event: 322.443 Thread 0x0000014e1218d740 Thread added: 0x0000014e173e4ad0
Event: 322.444 Thread 0x0000014e173e4ad0 Thread added: 0x0000014e173e5160
Event: 322.444 Thread 0x0000014e173e4ad0 Thread exited: 0x0000014e173e4ad0
Event: 322.444 Thread 0x0000014e173e5160 Thread exited: 0x0000014e173e5160
Event: 322.454 Thread 0x0000014e0b7f6ae0 Thread added: 0x0000014e188c1640
Event: 322.454 Thread 0x0000014e0b7f6ae0 Thread added: 0x0000014e188c23e0
Event: 322.463 Thread 0x0000014e188c23e0 Thread added: 0x0000014e188c3180
Event: 322.463 Thread 0x0000014e188c23e0 Thread added: 0x0000014e188c2ab0
Event: 322.463 Thread 0x0000014e188c23e0 Thread added: 0x0000014e188c3f20
Event: 322.463 Thread 0x0000014e188c23e0 Thread added: 0x0000014e188c45f0
Event: 322.627 Thread 0x0000014e188c45f0 Thread exited: 0x0000014e188c45f0
Event: 322.627 Thread 0x0000014e188c3f20 Thread exited: 0x0000014e188c3f20
Event: 322.628 Thread 0x0000014e188c2ab0 Thread exited: 0x0000014e188c2ab0
Event: 322.628 Thread 0x0000014e188c3180 Thread exited: 0x0000014e188c3180
Event: 322.628 Thread 0x0000014e188c23e0 Thread exited: 0x0000014e188c23e0
Event: 322.628 Thread 0x0000014e188c1640 Thread exited: 0x0000014e188c1640
Event: 326.109 Thread 0x0000014e1572a9d0 Thread exited: 0x0000014e1572a9d0
Event: 326.109 Thread 0x0000014e173e3db0 Thread exited: 0x0000014e173e3db0
Event: 326.109 Thread 0x0000014e173e3720 Thread exited: 0x0000014e173e3720


Dynamic libraries:
0x00007ff75d990000 - 0x00007ff75d99e000 	c:\Users\Yohan\.vscode\extensions\redhat.java-1.49.0-win32-x64\jre\21.0.9-win32-x86_64\bin\java.exe
0x00007ff9a7a20000 - 0x00007ff9a7c88000 	C:\WINDOWS\SYSTEM32\ntdll.dll
0x00007ff9a68d0000 - 0x00007ff9a6999000 	C:\WINDOWS\System32\KERNEL32.DLL
0x00007ff9a4fc0000 - 0x00007ff9a53b8000 	C:\WINDOWS\System32\KERNELBASE.dll
0x00007ff9a4d90000 - 0x00007ff9a4edb000 	C:\WINDOWS\System32\ucrtbase.dll
0x00007ff96d760000 - 0x00007ff96d778000 	c:\Users\Yohan\.vscode\extensions\redhat.java-1.49.0-win32-x64\jre\21.0.9-win32-x86_64\bin\jli.dll
0x00007ff987720000 - 0x00007ff98773e000 	c:\Users\Yohan\.vscode\extensions\redhat.java-1.49.0-win32-x64\jre\21.0.9-win32-x86_64\bin\VCRUNTIME140.dll
0x00007ff9a6290000 - 0x00007ff9a6457000 	C:\WINDOWS\System32\USER32.dll
0x00007ff9882e0000 - 0x00007ff988574000 	C:\WINDOWS\WinSxS\amd64_microsoft.windows.common-controls_6595b64144ccf1df_6.0.26100.7019_none_3e06ffa0e335b8a8\COMCTL32.dll
0x00007ff9a4ee0000 - 0x00007ff9a4f07000 	C:\WINDOWS\System32\win32u.dll
0x00007ff9a5940000 - 0x00007ff9a59e9000 	C:\WINDOWS\System32\msvcrt.dll
0x00007ff9a57c0000 - 0x00007ff9a57eb000 	C:\WINDOWS\System32\GDI32.dll
0x00007ff9a5510000 - 0x00007ff9a563c000 	C:\WINDOWS\System32\gdi32full.dll
0x00007ff9a4f10000 - 0x00007ff9a4fb3000 	C:\WINDOWS\System32\msvcp_win.dll
0x00007ff9a7180000 - 0x00007ff9a71b1000 	C:\WINDOWS\System32\IMM32.DLL
0x00007ff98d830000 - 0x00007ff98d83c000 	c:\Users\Yohan\.vscode\extensions\redhat.java-1.49.0-win32-x64\jre\21.0.9-win32-x86_64\bin\vcruntime140_1.dll
0x00007ff93d7c0000 - 0x00007ff93d84d000 	c:\Users\Yohan\.vscode\extensions\redhat.java-1.49.0-win32-x64\jre\21.0.9-win32-x86_64\bin\msvcp140.dll
0x00007ff91f420000 - 0x00007ff9201c0000 	c:\Users\Yohan\.vscode\extensions\redhat.java-1.49.0-win32-x64\jre\21.0.9-win32-x86_64\bin\server\jvm.dll
0x00007ff9a71c0000 - 0x00007ff9a7274000 	C:\WINDOWS\System32\ADVAPI32.dll
0x00007ff9a7380000 - 0x00007ff9a7426000 	C:\WINDOWS\System32\sechost.dll
0x00007ff9a7430000 - 0x00007ff9a7548000 	C:\WINDOWS\System32\RPCRT4.dll
0x00007ff9a7100000 - 0x00007ff9a7174000 	C:\WINDOWS\System32\WS2_32.dll
0x00007ff9a3b00000 - 0x00007ff9a3b5e000 	C:\WINDOWS\SYSTEM32\POWRPROF.dll
0x00007ff998f50000 - 0x00007ff998f85000 	C:\WINDOWS\SYSTEM32\WINMM.dll
0x00007ff998b20000 - 0x00007ff998b2b000 	C:\WINDOWS\SYSTEM32\VERSION.dll
0x00007ff9a39c0000 - 0x00007ff9a39d4000 	C:\WINDOWS\SYSTEM32\UMPDC.dll
0x00007ff9a39e0000 - 0x00007ff9a39fb000 	C:\WINDOWS\SYSTEM32\kernel.appcore.dll
0x00007ff98d7a0000 - 0x00007ff98d7aa000 	c:\Users\Yohan\.vscode\extensions\redhat.java-1.49.0-win32-x64\jre\21.0.9-win32-x86_64\bin\jimage.dll
0x00007ff995a30000 - 0x00007ff995c72000 	C:\WINDOWS\SYSTEM32\DBGHELP.DLL
0x00007ff9a6540000 - 0x00007ff9a68cb000 	C:\WINDOWS\System32\combase.dll
0x00007ff9a6460000 - 0x00007ff9a6537000 	C:\WINDOWS\System32\OLEAUT32.dll
0x00007ff9839a0000 - 0x00007ff9839dc000 	C:\WINDOWS\SYSTEM32\dbgcore.DLL
0x00007ff9a4b70000 - 0x00007ff9a4c15000 	C:\WINDOWS\System32\bcryptPrimitives.dll
0x00007ff98d570000 - 0x00007ff98d57f000 	c:\Users\Yohan\.vscode\extensions\redhat.java-1.49.0-win32-x64\jre\21.0.9-win32-x86_64\bin\instrument.dll
0x00007ff963320000 - 0x00007ff963340000 	c:\Users\Yohan\.vscode\extensions\redhat.java-1.49.0-win32-x64\jre\21.0.9-win32-x86_64\bin\java.dll
0x00007ff9a69a0000 - 0x00007ff9a70ef000 	C:\WINDOWS\System32\SHELL32.dll
0x00007ff9a4c20000 - 0x00007ff9a4d8b000 	C:\WINDOWS\System32\wintypes.dll
0x00007ff9a2790000 - 0x00007ff9a2fed000 	C:\WINDOWS\SYSTEM32\windows.storage.dll
0x00007ff9a7280000 - 0x00007ff9a7372000 	C:\WINDOWS\System32\SHCORE.dll
0x00007ff9a6140000 - 0x00007ff9a61a7000 	C:\WINDOWS\System32\shlwapi.dll
0x00007ff9a4a90000 - 0x00007ff9a4ab9000 	C:\WINDOWS\SYSTEM32\profapi.dll
0x00007ff963d60000 - 0x00007ff963d78000 	c:\Users\Yohan\.vscode\extensions\redhat.java-1.49.0-win32-x64\jre\21.0.9-win32-x86_64\bin\zip.dll
0x00007ff98bd80000 - 0x00007ff98bd90000 	C:\Users\Yohan\.vscode\extensions\redhat.java-1.49.0-win32-x64\jre\21.0.9-win32-x86_64\bin\net.dll
0x00007ff9990a0000 - 0x00007ff9991c8000 	C:\WINDOWS\SYSTEM32\WINHTTP.dll
0x00007ff9a3fc0000 - 0x00007ff9a402b000 	C:\WINDOWS\system32\mswsock.dll
0x00007ff962ca0000 - 0x00007ff962cb6000 	C:\Users\Yohan\.vscode\extensions\redhat.java-1.49.0-win32-x64\jre\21.0.9-win32-x86_64\bin\nio.dll
0x00007ff98cda0000 - 0x00007ff98cdb0000 	c:\Users\Yohan\.vscode\extensions\redhat.java-1.49.0-win32-x64\jre\21.0.9-win32-x86_64\bin\verify.dll
0x00007ff93eb10000 - 0x00007ff93eb54000 	C:\Users\Yohan\AppData\Roaming\Code\User\globalStorage\redhat.java\1.49.0\config_win\org.eclipse.equinox.launcher\org.eclipse.equinox.launcher.win32.win32.x86_64_1.2.1400.v20250801-0854\eclipse_11916.dll
0x00007ff9a7610000 - 0x00007ff9a77a7000 	C:\WINDOWS\System32\ole32.dll
0x00007ff9a4280000 - 0x00007ff9a429b000 	C:\WINDOWS\SYSTEM32\CRYPTSP.dll
0x00007ff9a3920000 - 0x00007ff9a395a000 	C:\WINDOWS\system32\rsaenh.dll
0x00007ff9a4070000 - 0x00007ff9a409b000 	C:\WINDOWS\SYSTEM32\USERENV.dll
0x00007ff9a4a60000 - 0x00007ff9a4a8a000 	C:\WINDOWS\SYSTEM32\bcrypt.dll
0x00007ff9a42a0000 - 0x00007ff9a42ac000 	C:\WINDOWS\SYSTEM32\CRYPTBASE.dll
0x00007ff9a3320000 - 0x00007ff9a3354000 	C:\WINDOWS\SYSTEM32\IPHLPAPI.DLL
0x00007ff9a7580000 - 0x00007ff9a758a000 	C:\WINDOWS\System32\NSI.dll
0x00007ff93a5d0000 - 0x00007ff93a619000 	C:\Users\Yohan\AppData\Local\Temp\jna-85603231\jna7079393509434537467.dll
0x00007ff9a59f0000 - 0x00007ff9a59f8000 	C:\WINDOWS\System32\PSAPI.DLL
0x00007ff99e920000 - 0x00007ff99e93e000 	C:\WINDOWS\SYSTEM32\dhcpcsvc6.DLL
0x00007ff99e510000 - 0x00007ff99e533000 	C:\WINDOWS\SYSTEM32\dhcpcsvc.DLL
0x00007ff958d70000 - 0x00007ff958d97000 	C:\Users\Yohan\.gradle\native\1def1411415f61bf3af743bc5b6707747c0891f09f0c88961ee8f79bc544acac\windows-amd64\native-platform.dll
0x00007ff987fc0000 - 0x00007ff987fca000 	C:\Users\Yohan\.vscode\extensions\redhat.java-1.49.0-win32-x64\jre\21.0.9-win32-x86_64\bin\management.dll
0x00007ff9878c0000 - 0x00007ff9878cc000 	C:\Users\Yohan\.vscode\extensions\redhat.java-1.49.0-win32-x64\jre\21.0.9-win32-x86_64\bin\management_ext.dll

JVMTI agents:
c:\Users\Yohan\.vscode\extensions\redhat.java-1.49.0-win32-x64\lombok\lombok-1.18.39-4050.jar path:c:\Users\Yohan\.vscode\extensions\redhat.java-1.49.0-win32-x64\jre\21.0.9-win32-x86_64\bin\instrument.dll, loaded, initialized, instrumentlib options:none

dbghelp: loaded successfully - version: 4.0.5 - missing functions: none
symbol engine: initialized successfully - sym options: 0x614 - pdb path: .;c:\Users\Yohan\.vscode\extensions\redhat.java-1.49.0-win32-x64\jre\21.0.9-win32-x86_64\bin;C:\WINDOWS\SYSTEM32;C:\WINDOWS\WinSxS\amd64_microsoft.windows.common-controls_6595b64144ccf1df_6.0.26100.7019_none_3e06ffa0e335b8a8;c:\Users\Yohan\.vscode\extensions\redhat.java-1.49.0-win32-x64\jre\21.0.9-win32-x86_64\bin\server;C:\Users\Yohan\AppData\Roaming\Code\User\globalStorage\redhat.java\1.49.0\config_win\org.eclipse.equinox.launcher\org.eclipse.equinox.launcher.win32.win32.x86_64_1.2.1400.v20250801-0854;C:\Users\Yohan\AppData\Local\Temp\jna-85603231;C:\Users\Yohan\.gradle\native\1def1411415f61bf3af743bc5b6707747c0891f09f0c88961ee8f79bc544acac\windows-amd64

VM Arguments:
jvm_args: --add-modules=ALL-SYSTEM --add-opens=java.base/java.util=ALL-UNNAMED --add-opens=java.base/java.lang=ALL-UNNAMED --add-opens=java.base/sun.nio.fs=ALL-UNNAMED -Declipse.application=org.eclipse.jdt.ls.core.id1 -Dosgi.bundles.defaultStartLevel=4 -Declipse.product=org.eclipse.jdt.ls.core.product -Djava.import.generatesMetadataFilesAtProjectRoot=false -DDetectVMInstallationsJob.disabled=true -Dfile.encoding=utf8 -XX:+UseParallelGC -XX:GCTimeRatio=4 -XX:AdaptiveSizePolicyWeight=90 -Dsun.zip.disableMemoryMapping=true -Xmx2G -Xms100m -Xlog:disable -javaagent:c:\Users\Yohan\.vscode\extensions\redhat.java-1.49.0-win32-x64\lombok\lombok-1.18.39-4050.jar -XX:+HeapDumpOnOutOfMemoryError -XX:HeapDumpPath=c:\Users\Yohan\AppData\Roaming\Code\User\workspaceStorage\a26e054e6e5149c6cb18e9f8cb4f20ed\redhat.java -Daether.dependencyCollector.impl=bf 
java_command: c:\Users\Yohan\.vscode\extensions\redhat.java-1.49.0-win32-x64\server\plugins\org.eclipse.equinox.launcher_1.7.100.v20251111-0406.jar -configuration c:\Users\Yohan\AppData\Roaming\Code\User\globalStorage\redhat.java\1.49.0\config_win -data c:\Users\Yohan\AppData\Roaming\Code\User\workspaceStorage\a26e054e6e5149c6cb18e9f8cb4f20ed\redhat.java\jdt_ws --pipe=\\.\pipe\lsp-7ad2d25b4d4e5d43aa1488da5b9152db-sock
java_class_path (initial): c:\Users\Yohan\.vscode\extensions\redhat.java-1.49.0-win32-x64\server\plugins\org.eclipse.equinox.launcher_1.7.100.v20251111-0406.jar
Launcher Type: SUN_STANDARD

[Global flags]
    uintx AdaptiveSizePolicyWeight                 = 90                                        {product} {command line}
     intx CICompilerCount                          = 12                                        {product} {ergonomic}
    uintx GCTimeRatio                              = 4                                         {product} {command line}
     bool HeapDumpOnOutOfMemoryError               = true                                   {manageable} {command line}
    ccstr HeapDumpPath                             = c:\Users\Yohan\AppData\Roaming\Code\User\workspaceStorage\a26e054e6e5149c6cb18e9f8cb4f20ed\redhat.java         {manageable} {command line}
   size_t InitialHeapSize                          = 104857600                                 {product} {command line}
   size_t MaxHeapSize                              = 2147483648                                {product} {command line}
   size_t MaxNewSize                               = 715653120                                 {product} {ergonomic}
   size_t MinHeapDeltaBytes                        = 524288                                    {product} {ergonomic}
   size_t MinHeapSize                              = 104857600                                 {product} {command line}
   size_t NewSize                                  = 34603008                                  {product} {ergonomic}
    uintx NonNMethodCodeHeapSize                   = 7602480                                {pd product} {ergonomic}
    uintx NonProfiledCodeHeapSize                  = 122027880                              {pd product} {ergonomic}
   size_t OldSize                                  = 70254592                                  {product} {ergonomic}
    uintx ProfiledCodeHeapSize                     = 122027880                              {pd product} {ergonomic}
    uintx ReservedCodeCacheSize                    = 251658240                              {pd product} {ergonomic}
     bool SegmentedCodeCache                       = true                                      {product} {ergonomic}
   size_t SoftMaxHeapSize                          = 2147483648                             {manageable} {ergonomic}
     bool UseCompressedOops                        = true                           {product lp64_product} {ergonomic}
     bool UseLargePagesIndividualAllocation        = false                                  {pd product} {ergonomic}
     bool UseParallelGC                            = true                                      {product} {command line}

Logging:
Log output configuration:
 #0: stdout all=off uptime,level,tags foldmultilines=false
 #1: stderr all=off uptime,level,tags foldmultilines=false

Release file:
JAVA_VERSION="21.0.9" 
MODULES="java.base java.compiler java.datatransfer java.xml java.prefs java.desktop java.instrument java.logging java.management java.security.sasl java.naming java.rmi java.management.rmi java.net.http java.scripting java.security.jgss java.transaction.xa java.sql java.sql.rowset java.xml.crypto java.se java.smartcardio jdk.accessibility jdk.internal.jvmstat jdk.attach jdk.charsets jdk.internal.opt jdk.zipfs jdk.compiler jdk.crypto.ec jdk.crypto.cryptoki jdk.crypto.mscapi jdk.dynalink jdk.internal.ed jdk.editpad jdk.hotspot.agent jdk.httpserver jdk.internal.le jdk.internal.vm.ci jdk.internal.vm.compiler jdk.internal.vm.compiler.management jdk.jartool jdk.javadoc jdk.jcmd jdk.management jdk.management.agent jdk.jconsole jdk.jdeps jdk.jdwp.agent jdk.jdi jdk.jfr jdk.jshell jdk.jsobject jdk.jstatd jdk.localedata jdk.management.jfr jdk.naming.dns jdk.naming.rmi jdk.net jdk.nio.mapmode jdk.random jdk.sctp jdk.security.auth jdk.security.jgss jdk.unsupported jdk.unsupported.desktop jdk.xml.dom" 

Environment Variables:
JAVA_HOME=C:\Program Files\Microsoft\jdk-17.0.14.7-hotspot\
PATH=C:\Program Files\Microsoft\jdk-17.0.14.7-hotspot\bin;C:\WINDOWS\system32;C:\WINDOWS;C:\WINDOWS\System32\Wbem;C:\WINDOWS\System32\WindowsPowerShell\v1.0\;C:\WINDOWS\System32\OpenSSH\;C:\Program Files (x86)\NVIDIA Corporation\PhysX\Common;C:\Program Files\NVIDIA Corporation\NVIDIA NvDLISR;C:\ProgramData\chocolatey\bin;C:\Program Files\Git\cmd;C:\Users\Yohan\AppData\Local\Android\Sdk;C:\Users\Yohan\AppData\Local\Android\Sdk\build-tools;C:\Users\Yohan\AppData\Local\Android\Sdk\platform-tools;C:\Users\Yohan\AppData\Local\Android\Sdk\platforms;C:\Users\Yohan\AppData\Local\Programs\Python\Python313;C:\Users\Yohan\AppData\Local\Programs\Python\Python313\Scripts;C:\Users\Yohan\AppData\Local\nvm;C:\nvm4w\nodejs;C:\Users\Yohan\AppData\Local\Pub\Cache\bin;C:\Program Files\MongoDB\Server\8.2\bin;C:\Program Files\Microsoft SQL Server\170\Tools\Binn\;C:\Program Files\Microsoft SQL Server\Client SDK\ODBC\170\Tools\Binn\;C:\Program Files\dotnet\;C:\Users\Yohan\.config\herd-lite\bin;C:\Users\Yohan\AppData\Local\Microsoft\WindowsApps;C:\Users\Yohan\AppData\Local\Programs\Microsoft VS Code\bin;C:\Users\Yohan\AppData\Roaming\npm;C:\Program Files\JetBrains\CLion 2024.3.4\bin;C:\Program Files\JetBrains\PyCharm 2023.1.3\bin;C:\Users\Yohan\AppData\Local\Android\Sdk;C:\Users\Yohan\AppData\Local\Android\Sdk\build-tools;C:\Users\Yohan\AppData\Local\Android\Sdk\platform-tools;C:\Users\Yohan\AppData\Local\Android\Sdk\platforms;C:\Users\Yohan\AppData\Local\Android\Sdk\platform-tools;C:\Users\Yohan\AppData\Local\Programs\Python\Python313;C:\Users\Yohan\AppData\Local\Programs\Python\Python313\Scripts;C:\Program Files\JetBrains\IntelliJ IDEA 2025.1.3\bin;C:\Users\Yohan\AppData\Local\GitHubDesktop\bin;C:\dev\flutter\bin;C:\Users\Yohan\AppData\Local\Programs\Swift\Runtimes\6.1.2\usr\bin\;C:\Users\Yohan\AppData\Local\Programs\Swift\Toolchains\6.1.2+Asserts\usr\bin\;C:\Program Files\JetBrains\JetBrains Rider 2025.1.4\bin;C:\Program Files\JetBrains\WebStorm 2025.1.3\bin;C:\Users\Yohan\AppData\Local\nvm;C:\nvm4w\nodejs;C:\Users\Yohan\AppData\Local\Programs\mongosh\;C:\Users\Yohan\.dotnet\tools
USERNAME=Yohan
OS=Windows_NT
PROCESSOR_IDENTIFIER=AMD64 Family 25 Model 117 Stepping 2, AuthenticAMD
TMP=C:\Users\Yohan\AppData\Local\Temp
TEMP=C:\Users\Yohan\AppData\Local\Temp




Periodic native trim disabled

---------------  S Y S T E M  ---------------

OS:
 Windows 11 , 64 bit Build 26100 (10.0.26100.7019)
OS uptime: 1 days 4:58 hours
Hyper-V role detected

CPU: total 16 (initial active 16) (16 cores per cpu, 2 threads per core) family 25 model 117 stepping 2 microcode 0xa70520a, cx8, cmov, fxsr, ht, mmx, 3dnowpref, sse, sse2, sse3, ssse3, sse4a, sse4.1, sse4.2, popcnt, lzcnt, tsc, tscinvbit, avx, avx2, aes, erms, clmul, bmi1, bmi2, adx, avx512f, avx512dq, avx512cd, avx512bw, avx512vl, sha, fma, vzeroupper, avx512_vpopcntdq, avx512_vpclmulqdq, avx512_vaes, avx512_vnni, clflush, clflushopt, avx512_vbmi2, avx512_vbmi, hv, rdtscp, rdpid, fsrm, gfni, avx512_bitalg, f16c, cet_ss, avx512_ifma
Processor Information for processor 0
  Max Mhz: 3801, Current Mhz: 3040, Mhz Limit: 3801
Processor Information for processor 1
  Max Mhz: 3801, Current Mhz: 3040, Mhz Limit: 3801
Processor Information for processor 2
  Max Mhz: 3801, Current Mhz: 3040, Mhz Limit: 3801
Processor Information for processor 3
  Max Mhz: 3801, Current Mhz: 3040, Mhz Limit: 3801
Processor Information for processor 4
  Max Mhz: 3801, Current Mhz: 3040, Mhz Limit: 3801
Processor Information for processor 5
  Max Mhz: 3801, Current Mhz: 3040, Mhz Limit: 3801
Processor Information for processor 6
  Max Mhz: 3801, Current Mhz: 3040, Mhz Limit: 3801
Processor Information for processor 7
  Max Mhz: 3801, Current Mhz: 3801, Mhz Limit: 3801
Processor Information for processor 8
  Max Mhz: 3801, Current Mhz: 3040, Mhz Limit: 3801
Processor Information for processor 9
  Max Mhz: 3801, Current Mhz: 3040, Mhz Limit: 3801
Processor Information for processor 10
  Max Mhz: 3801, Current Mhz: 3040, Mhz Limit: 3801
Processor Information for processor 11
  Max Mhz: 3801, Current Mhz: 3040, Mhz Limit: 3801
Processor Information for processor 12
  Max Mhz: 3801, Current Mhz: 3040, Mhz Limit: 3801
Processor Information for processor 13
  Max Mhz: 3801, Current Mhz: 3040, Mhz Limit: 3801
Processor Information for processor 14
  Max Mhz: 3801, Current Mhz: 3040, Mhz Limit: 3801
Processor Information for processor 15
  Max Mhz: 3801, Current Mhz: 3040, Mhz Limit: 3801

Memory: 4k page, system-wide physical 15631M (972M free)
TotalPageFile size 62735M (AvailPageFile size 1M)
current process WorkingSet (physical memory assigned to process): 57M, peak: 374M
current process commit charge ("private bytes"): 428M, peak: 461M

vm_info: OpenJDK 64-Bit Server VM (21.0.9+10-LTS) for windows-amd64 JRE (21.0.9+10-LTS), built on 2025-10-21T00:00:00Z by "admin" with unknown MS VC++:1942

END.
