#
# There is insufficient memory for the Java Runtime Environment to continue.
# Native memory allocation (malloc) failed to allocate 1487568 bytes. Error detail: Chunk::new
# Possible reasons:
#   The system is out of physical RAM or swap space
#   This process is running with CompressedOops enabled, and the Java Heap may be blocking the growth of the native heap
# Possible solutions:
#   Reduce memory load on the system
#   Increase physical memory or swap space
#   Check if swap backing store is full
#   Decrease Java heap size (-Xmx/-Xms)
#   Decrease number of Java threads
#   Decrease Java thread stack sizes (-Xss)
#   Set larger code cache with -XX:ReservedCodeCacheSize=
#   JVM is running with Unscaled Compressed Oops mode in which the Java heap is
#     placed in the first 4GB address space. The Java Heap base address is the
#     maximum limit for the native heap growth. Please use -XX:HeapBaseMinAddress
#     to set the Java Heap base and to place the Java Heap above 4GB virtual address.
# This output file may be truncated or incomplete.
#
#  Out of Memory Error (arena.cpp:168), pid=30768, tid=30136
#
# JRE version: OpenJDK Runtime Environment Temurin-21.0.9+10 (21.0.9+10) (build 21.0.9+10-LTS)
# Java VM: OpenJDK 64-Bit Server VM Temurin-21.0.9+10 (21.0.9+10-LTS, mixed mode, sharing, tiered, compressed oops, compressed class ptrs, parallel gc, windows-amd64)
# No core dump will be written. Minidumps are not enabled by default on client versions of Windows
#

---------------  S U M M A R Y ------------

Command Line: --add-modules=ALL-SYSTEM --add-opens=java.base/java.util=ALL-UNNAMED --add-opens=java.base/java.lang=ALL-UNNAMED --add-opens=java.base/sun.nio.fs=ALL-UNNAMED -Declipse.application=org.eclipse.jdt.ls.core.id1 -Dosgi.bundles.defaultStartLevel=4 -Declipse.product=org.eclipse.jdt.ls.core.product -Djava.import.generatesMetadataFilesAtProjectRoot=false -DDetectVMInstallationsJob.disabled=true -Dfile.encoding=utf8 -XX:+UseParallelGC -XX:GCTimeRatio=4 -XX:AdaptiveSizePolicyWeight=90 -Dsun.zip.disableMemoryMapping=true -Xmx2G -Xms100m -Xlog:disable -javaagent:c:\Users\Yohan\.vscode\extensions\redhat.java-1.49.0-win32-x64\lombok\lombok-1.18.39-4050.jar -XX:+HeapDumpOnOutOfMemoryError -XX:HeapDumpPath=c:\Users\Yohan\AppData\Roaming\Code\User\workspaceStorage\a26e054e6e5149c6cb18e9f8cb4f20ed\redhat.java -Daether.dependencyCollector.impl=bf c:\Users\Yohan\.vscode\extensions\redhat.java-1.49.0-win32-x64\server\plugins\org.eclipse.equinox.launcher_1.7.100.v20251111-0406.jar -configuration c:\Users\Yohan\AppData\Roaming\Code\User\globalStorage\redhat.java\1.49.0\config_win -data c:\Users\Yohan\AppData\Roaming\Code\User\workspaceStorage\a26e054e6e5149c6cb18e9f8cb4f20ed\redhat.java\jdt_ws --pipe=\\.\pipe\lsp-7971e0ebbcf1e60aea64e5113e7dfdcd-sock

Host: AMD Ryzen 7 8845HS w/ Radeon 780M Graphics, 16 cores, 15G,  Windows 11 , 64 bit Build 26100 (10.0.26100.7019)
Time: Mon Nov 24 20:43:46 2025 GMT Standard Time elapsed time: 3.937372 seconds (0d 0h 0m 3s)

---------------  T H R E A D  ---------------

Current thread (0x0000020b08eb50f0):  JavaThread "C2 CompilerThread5" daemon [_thread_in_native, id=30136, stack(0x0000008d1a700000,0x0000008d1a800000) (1024K)]


Current CompileTask:
C2:3937 6070   !   4       org.eclipse.osgi.internal.loader.BundleLoader::findClass0 (490 bytes)

Stack: [0x0000008d1a700000,0x0000008d1a800000]
Native frames: (J=compiled Java code, j=interpreted, Vv=VM code, C=native code)
V  [jvm.dll+0x6d6e29]
V  [jvm.dll+0x8b4b76]
V  [jvm.dll+0x8b712e]
V  [jvm.dll+0x8b7813]
V  [jvm.dll+0x283d86]
V  [jvm.dll+0xc66ed]
V  [jvm.dll+0xc6c31]
V  [jvm.dll+0x3be53b]
V  [jvm.dll+0x1e3b52]
V  [jvm.dll+0x24c0f3]
V  [jvm.dll+0x24b580]
V  [jvm.dll+0x1cb13e]
V  [jvm.dll+0x25b29d]
V  [jvm.dll+0x25982a]
V  [jvm.dll+0x3f7ea6]
V  [jvm.dll+0x85e9ad]
V  [jvm.dll+0x6d565d]
C  [ucrtbase.dll+0x37b0]
C  [KERNEL32.DLL+0x2e8d7]
C  [ntdll.dll+0x8c53c]


---------------  P R O C E S S  ---------------

Threads class SMR info:
_java_thread_list=0x0000020b09d3aaf0, length=53, elements={
0x0000020b26aa44b0, 0x0000020b26b5e8e0, 0x0000020b26a3a7b0, 0x0000020b26a3d0b0,
0x0000020b26a3dd00, 0x0000020b26a49db0, 0x0000020b7f909260, 0x0000020b7f912ee0,
0x0000020b7f919600, 0x0000020b7f9d60c0, 0x0000020b7fa73130, 0x0000020b7f909f80,
0x0000020b7fbf12d0, 0x0000020b7fbe98b0, 0x0000020b7f90a610, 0x0000020b012d9fd0,
0x0000020b01818db0, 0x0000020b7f90aca0, 0x0000020b7f908bd0, 0x0000020b7f90b330,
0x0000020b7f90b9c0, 0x0000020b7f90c050, 0x0000020b06655970, 0x0000020b06654c50,
0x0000020b06656d20, 0x0000020b066573b0, 0x0000020b06653f30, 0x0000020b06656690,
0x0000020b06657a40, 0x0000020b083c2a30, 0x0000020b08eb50f0, 0x0000020b066545c0,
0x0000020b0665b550, 0x0000020b0665a1a0, 0x0000020b06659480, 0x0000020b06658df0,
0x0000020b06658760, 0x0000020b06659b10, 0x0000020b0665a830, 0x0000020b0665aec0,
0x0000020b066580d0, 0x0000020b09543070, 0x0000020b09544ab0, 0x0000020b09543700,
0x0000020b09543d90, 0x0000020b09541630, 0x0000020b09542350, 0x0000020b09544420,
0x0000020b095429e0, 0x0000020b09545140, 0x0000020b09541cc0, 0x0000020b09546b80,
0x0000020b09547f30
}

Java Threads: ( => current thread )
  0x0000020b26aa44b0 JavaThread "main"                              [_thread_blocked, id=31620, stack(0x0000008d17a00000,0x0000008d17b00000) (1024K)]
  0x0000020b26b5e8e0 JavaThread "Reference Handler"          daemon [_thread_blocked, id=31320, stack(0x0000008d17e00000,0x0000008d17f00000) (1024K)]
  0x0000020b26a3a7b0 JavaThread "Finalizer"                  daemon [_thread_blocked, id=32636, stack(0x0000008d17f00000,0x0000008d18000000) (1024K)]
  0x0000020b26a3d0b0 JavaThread "Signal Dispatcher"          daemon [_thread_blocked, id=31508, stack(0x0000008d18000000,0x0000008d18100000) (1024K)]
  0x0000020b26a3dd00 JavaThread "Attach Listener"            daemon [_thread_blocked, id=27764, stack(0x0000008d18100000,0x0000008d18200000) (1024K)]
  0x0000020b26a49db0 JavaThread "Service Thread"             daemon [_thread_blocked, id=28888, stack(0x0000008d18200000,0x0000008d18300000) (1024K)]
  0x0000020b7f909260 JavaThread "Monitor Deflation Thread"   daemon [_thread_blocked, id=4252, stack(0x0000008d18300000,0x0000008d18400000) (1024K)]
  0x0000020b7f912ee0 JavaThread "C2 CompilerThread0"         daemon [_thread_blocked, id=9352, stack(0x0000008d18400000,0x0000008d18500000) (1024K)]
  0x0000020b7f919600 JavaThread "C1 CompilerThread0"         daemon [_thread_blocked, id=24904, stack(0x0000008d18500000,0x0000008d18600000) (1024K)]
  0x0000020b7f9d60c0 JavaThread "C1 CompilerThread1"         daemon [_thread_blocked, id=21904, stack(0x0000008d18600000,0x0000008d18700000) (1024K)]
  0x0000020b7fa73130 JavaThread "C2 CompilerThread1"         daemon [_thread_blocked, id=14836, stack(0x0000008d18700000,0x0000008d18800000) (1024K)]
  0x0000020b7f909f80 JavaThread "Common-Cleaner"             daemon [_thread_blocked, id=29288, stack(0x0000008d18800000,0x0000008d18900000) (1024K)]
  0x0000020b7fbf12d0 JavaThread "C1 CompilerThread2"         daemon [_thread_blocked, id=15248, stack(0x0000008d18900000,0x0000008d18a00000) (1024K)]
  0x0000020b7fbe98b0 JavaThread "C1 CompilerThread3"         daemon [_thread_blocked, id=28936, stack(0x0000008d18a00000,0x0000008d18b00000) (1024K)]
  0x0000020b7f90a610 JavaThread "Notification Thread"        daemon [_thread_blocked, id=29168, stack(0x0000008d18b00000,0x0000008d18c00000) (1024K)]
  0x0000020b012d9fd0 JavaThread "C2 CompilerThread2"         daemon [_thread_blocked, id=11928, stack(0x0000008d18c00000,0x0000008d18d00000) (1024K)]
  0x0000020b01818db0 JavaThread "C2 CompilerThread3"         daemon [_thread_in_native, id=30584, stack(0x0000008d19300000,0x0000008d19400000) (1024K)]
  0x0000020b7f90aca0 JavaThread "Active Thread: Equinox Container: 451c732e-4a44-4e61-82f8-7470f644ab14"        [_thread_blocked, id=27500, stack(0x0000008d19400000,0x0000008d19500000) (1024K)]
  0x0000020b7f908bd0 JavaThread "Refresh Thread: Equinox Container: 451c732e-4a44-4e61-82f8-7470f644ab14" daemon [_thread_blocked, id=26696, stack(0x0000008d19600000,0x0000008d19700000) (1024K)]
  0x0000020b7f90b330 JavaThread "Framework Event Dispatcher: Equinox Container: 451c732e-4a44-4e61-82f8-7470f644ab14" daemon [_thread_blocked, id=26528, stack(0x0000008d19700000,0x0000008d19800000) (1024K)]
  0x0000020b7f90b9c0 JavaThread "Start Level: Equinox Container: 451c732e-4a44-4e61-82f8-7470f644ab14" daemon [_thread_blocked, id=19672, stack(0x0000008d19800000,0x0000008d19900000) (1024K)]
  0x0000020b7f90c050 JavaThread "Bundle File Closer"         daemon [_thread_blocked, id=2064, stack(0x0000008d19c00000,0x0000008d19d00000) (1024K)]
  0x0000020b06655970 JavaThread "SCR Component Actor"        daemon [_thread_blocked, id=18588, stack(0x0000008d19d00000,0x0000008d19e00000) (1024K)]
  0x0000020b06654c50 JavaThread "Worker-JM"                         [_thread_blocked, id=32508, stack(0x0000008d19e00000,0x0000008d19f00000) (1024K)]
  0x0000020b06656d20 JavaThread "JNA Cleaner"                daemon [_thread_blocked, id=11880, stack(0x0000008d1a100000,0x0000008d1a200000) (1024K)]
  0x0000020b066573b0 JavaThread "Worker-0: Repository registry initialization"        [_thread_blocked, id=29088, stack(0x0000008d1a200000,0x0000008d1a300000) (1024K)]
  0x0000020b06653f30 JavaThread "Worker-1"                          [_thread_blocked, id=4160, stack(0x0000008d1a300000,0x0000008d1a400000) (1024K)]
  0x0000020b06656690 JavaThread "Worker-2: Initialize After Load"        [_thread_blocked, id=21380, stack(0x0000008d1a400000,0x0000008d1a500000) (1024K)]
  0x0000020b06657a40 JavaThread "Java indexing"              daemon [_thread_blocked, id=25280, stack(0x0000008d1a500000,0x0000008d1a600000) (1024K)]
  0x0000020b083c2a30 JavaThread "C2 CompilerThread4"         daemon [_thread_in_native, id=26012, stack(0x0000008d1a600000,0x0000008d1a700000) (1024K)]
=>0x0000020b08eb50f0 JavaThread "C2 CompilerThread5"         daemon [_thread_in_native, id=30136, stack(0x0000008d1a700000,0x0000008d1a800000) (1024K)]
  0x0000020b066545c0 JavaThread "Worker-3"                          [_thread_blocked, id=24884, stack(0x0000008d1aa00000,0x0000008d1ab00000) (1024K)]
  0x0000020b0665b550 JavaThread "Worker-4: Updating Maven Dependencies"        [_thread_in_native, id=10504, stack(0x0000008d1ab00000,0x0000008d1ac00000) (1024K)]
  0x0000020b0665a1a0 JavaThread "Thread-1"                   daemon [_thread_in_native, id=9888, stack(0x0000008d1ac00000,0x0000008d1ad00000) (1024K)]
  0x0000020b06659480 JavaThread "Thread-2"                   daemon [_thread_in_native, id=26980, stack(0x0000008d1ad00000,0x0000008d1ae00000) (1024K)]
  0x0000020b06658df0 JavaThread "Thread-3"                   daemon [_thread_in_native, id=32580, stack(0x0000008d1ae00000,0x0000008d1af00000) (1024K)]
  0x0000020b06658760 JavaThread "Thread-4"                   daemon [_thread_in_native, id=26852, stack(0x0000008d1af00000,0x0000008d1b000000) (1024K)]
  0x0000020b06659b10 JavaThread "Thread-5"                   daemon [_thread_in_native, id=12404, stack(0x0000008d1b000000,0x0000008d1b100000) (1024K)]
  0x0000020b0665a830 JavaThread "Thread-6"                   daemon [_thread_in_native, id=7508, stack(0x0000008d1b100000,0x0000008d1b200000) (1024K)]
  0x0000020b0665aec0 JavaThread "Thread-7"                   daemon [_thread_in_native, id=32660, stack(0x0000008d1b200000,0x0000008d1b300000) (1024K)]
  0x0000020b066580d0 JavaThread "Thread-8"                   daemon [_thread_in_native, id=12472, stack(0x0000008d1b300000,0x0000008d1b400000) (1024K)]
  0x0000020b09543070 JavaThread "Thread-9"                   daemon [_thread_in_native, id=31400, stack(0x0000008d1b400000,0x0000008d1b500000) (1024K)]
  0x0000020b09544ab0 JavaThread "Thread-10"                  daemon [_thread_in_native, id=4168, stack(0x0000008d1b500000,0x0000008d1b600000) (1024K)]
  0x0000020b09543700 JavaThread "Thread-11"                  daemon [_thread_in_native, id=17976, stack(0x0000008d1b600000,0x0000008d1b700000) (1024K)]
  0x0000020b09543d90 JavaThread "Thread-12"                  daemon [_thread_in_native, id=5528, stack(0x0000008d1b700000,0x0000008d1b800000) (1024K)]
  0x0000020b09541630 JavaThread "Thread-13"                  daemon [_thread_in_native, id=30024, stack(0x0000008d1b800000,0x0000008d1b900000) (1024K)]
  0x0000020b09542350 JavaThread "Thread-14"                  daemon [_thread_in_native, id=31728, stack(0x0000008d1b900000,0x0000008d1ba00000) (1024K)]
  0x0000020b09544420 JavaThread "Thread-15"                  daemon [_thread_in_native, id=23516, stack(0x0000008d1ba00000,0x0000008d1bb00000) (1024K)]
  0x0000020b095429e0 JavaThread "Thread-16"                  daemon [_thread_in_native, id=9608, stack(0x0000008d1bb00000,0x0000008d1bc00000) (1024K)]
  0x0000020b09545140 JavaThread "Thread-17"                  daemon [_thread_in_native, id=17736, stack(0x0000008d1bc00000,0x0000008d1bd00000) (1024K)]
  0x0000020b09541cc0 JavaThread "pool-2-thread-1"                   [_thread_blocked, id=28836, stack(0x0000008d1bd00000,0x0000008d1be00000) (1024K)]
  0x0000020b09546b80 JavaThread "WorkspaceEventsHandler"            [_thread_blocked, id=28644, stack(0x0000008d1be00000,0x0000008d1bf00000) (1024K)]
  0x0000020b09547f30 JavaThread "pool-1-thread-1"                   [_thread_blocked, id=3180, stack(0x0000008d1bf00000,0x0000008d1c000000) (1024K)]
Total: 53

Other Threads:
  0x0000020b26b45a30 VMThread "VM Thread"                           [id=31920, stack(0x0000008d17d00000,0x0000008d17e00000) (1024K)]
  0x0000020b26b146b0 WatcherThread "VM Periodic Task Thread"        [id=17504, stack(0x0000008d17c00000,0x0000008d17d00000) (1024K)]
  0x0000020b26ac2800 WorkerThread "GC Thread#0"                     [id=29084, stack(0x0000008d17b00000,0x0000008d17c00000) (1024K)]
  0x0000020b017172a0 WorkerThread "GC Thread#1"                     [id=30232, stack(0x0000008d18d00000,0x0000008d18e00000) (1024K)]
  0x0000020b01717640 WorkerThread "GC Thread#2"                     [id=17308, stack(0x0000008d18e00000,0x0000008d18f00000) (1024K)]
  0x0000020b0171bb00 WorkerThread "GC Thread#3"                     [id=14164, stack(0x0000008d18f00000,0x0000008d19000000) (1024K)]
  0x0000020b0171bea0 WorkerThread "GC Thread#4"                     [id=30312, stack(0x0000008d19000000,0x0000008d19100000) (1024K)]
  0x0000020b0171c240 WorkerThread "GC Thread#5"                     [id=31236, stack(0x0000008d19100000,0x0000008d19200000) (1024K)]
  0x0000020b012b1320 WorkerThread "GC Thread#6"                     [id=12692, stack(0x0000008d19200000,0x0000008d19300000) (1024K)]
  0x0000020b06590530 WorkerThread "GC Thread#7"                     [id=6324, stack(0x0000008d19500000,0x0000008d19600000) (1024K)]
  0x0000020b0658fdf0 WorkerThread "GC Thread#8"                     [id=31360, stack(0x0000008d19900000,0x0000008d19a00000) (1024K)]
  0x0000020b06590c70 WorkerThread "GC Thread#9"                     [id=30148, stack(0x0000008d19a00000,0x0000008d19b00000) (1024K)]
  0x0000020b06591010 WorkerThread "GC Thread#10"                    [id=31256, stack(0x0000008d19b00000,0x0000008d19c00000) (1024K)]
  0x0000020b0658fa50 WorkerThread "GC Thread#11"                    [id=21292, stack(0x0000008d19f00000,0x0000008d1a000000) (1024K)]
  0x0000020b06590190 WorkerThread "GC Thread#12"                    [id=4968, stack(0x0000008d1a000000,0x0000008d1a100000) (1024K)]
Total: 15

Threads with active compile tasks:
C2 CompilerThread3  3953 5760   !   4       org.eclipse.osgi.internal.loader.classpath.ClasspathManager::findClassImpl (328 bytes)
C2 CompilerThread4  3953 6118       4       java.lang.invoke.MethodType::makeImpl (109 bytes)
C2 CompilerThread5  3953 6070   !   4       org.eclipse.osgi.internal.loader.BundleLoader::findClass0 (490 bytes)
Total: 3

VM state: not at safepoint (normal execution)

VM Mutex/Monitor currently owned by a thread: None

Heap address: 0x0000000080000000, size: 2048 MB, Compressed Oops mode: 32-bit

CDS archive(s) mapped at: [0x0000020b3e000000-0x0000020b3eba0000-0x0000020b3eba0000), size 12189696, SharedBaseAddress: 0x0000020b3e000000, ArchiveRelocationMode: 1.
Compressed class space mapped at: 0x0000020b3f000000-0x0000020b7f000000, reserved size: 1073741824
Narrow klass base: 0x0000020b3e000000, Narrow klass shift: 0, Narrow klass range: 0x100000000

GC Precious Log:
 CardTable entry size: 512
 CPUs: 16 total, 16 available
 Memory: 15631M
 Large Page Support: Disabled
 NUMA Support: Disabled
 Compressed Oops: Enabled (32-bit)
 Alignments: Space 512K, Generation 512K, Heap 2M
 Heap Min Capacity: 100M
 Heap Initial Capacity: 100M
 Heap Max Capacity: 2G
 Pre-touch: Disabled
 Parallel Workers: 13

Heap:
 PSYoungGen      total 20480K, used 14916K [0x00000000d5580000, 0x00000000d6b00000, 0x0000000100000000)
  eden space 19456K, 73% used [0x00000000d5580000,0x00000000d6371258,0x00000000d6880000)
  from space 1024K, 62% used [0x00000000d6900000,0x00000000d69a0000,0x00000000d6a00000)
  to   space 1024K, 0% used [0x00000000d6a00000,0x00000000d6a00000,0x00000000d6b00000)
 ParOldGen       total 68608K, used 27678K [0x0000000080000000, 0x0000000084300000, 0x00000000d5580000)
  object space 68608K, 40% used [0x0000000080000000,0x0000000081b07890,0x0000000084300000)
 Metaspace       used 41267K, committed 42432K, reserved 1114112K
  class space    used 4340K, committed 4864K, reserved 1048576K

Card table byte_map: [0x0000020b26440000,0x0000020b26850000] _byte_map_base: 0x0000020b26040000

Marking Bits: (ParMarkBitMap*) 0x00007ff9200e2460
 Begin Bits: [0x0000020b38f50000, 0x0000020b3af50000)
 End Bits:   [0x0000020b3af50000, 0x0000020b3cf50000)

Polling page: 0x0000020b248d0000

Metaspace:

Usage:
  Non-class:     36.06 MB used.
      Class:      4.24 MB used.
       Both:     40.30 MB used.

Virtual space:
  Non-class space:       64.00 MB reserved,      36.69 MB ( 57%) committed,  1 nodes.
      Class space:        1.00 GB reserved,       4.75 MB ( <1%) committed,  1 nodes.
             Both:        1.06 GB reserved,      41.44 MB (  4%) committed. 

Chunk freelists:
   Non-Class:  10.62 MB
       Class:  11.27 MB
        Both:  21.89 MB

MaxMetaspaceSize: unlimited
CompressedClassSpaceSize: 1.00 GB
Initial GC threshold: 21.00 MB
Current GC threshold: 58.38 MB
CDS: on
 - commit_granule_bytes: 65536.
 - commit_granule_words: 8192.
 - virtual_space_node_default_size: 8388608.
 - enlarge_chunks_in_place: 1.
 - use_allocation_guard: 0.


Internal statistics:

num_allocs_failed_limit: 8.
num_arena_births: 760.
num_arena_deaths: 14.
num_vsnodes_births: 2.
num_vsnodes_deaths: 0.
num_space_committed: 663.
num_space_uncommitted: 0.
num_chunks_returned_to_freelist: 22.
num_chunks_taken_from_freelist: 2545.
num_chunk_merges: 13.
num_chunk_splits: 1591.
num_chunks_enlarged: 946.
num_inconsistent_stats: 0.

CodeHeap 'non-profiled nmethods': size=119168Kb used=3523Kb max_used=3523Kb free=115644Kb
 bounds [0x0000020b31840000, 0x0000020b31bc0000, 0x0000020b38ca0000]
CodeHeap 'profiled nmethods': size=119104Kb used=12544Kb max_used=12544Kb free=106559Kb
 bounds [0x0000020b29ca0000, 0x0000020b2a8f0000, 0x0000020b310f0000]
CodeHeap 'non-nmethods': size=7488Kb used=3064Kb max_used=3128Kb free=4423Kb
 bounds [0x0000020b310f0000, 0x0000020b31410000, 0x0000020b31840000]
CodeCache: size=245760Kb, used=19131Kb, max_used=19195Kb, free=226626Kb
 total_blobs=6535, nmethods=5871, adapters=567, full_count=0
Compilation: enabled, stopped_count=0, restarted_count=0

Compilation events (20 events):
Event: 3.873 Thread 0x0000020b7fa73130 6538       4       java.util.LinkedHashMap$Entry::<init> (10 bytes)
Event: 3.873 Thread 0x0000020b7fa73130 nmethod 6538 0x0000020b31ba9510 code [0x0000020b31ba96a0, 0x0000020b31ba9758]
Event: 3.874 Thread 0x0000020b7fa73130 6539       4       java.util.LinkedHashMap::afterNodeInsertion (40 bytes)
Event: 3.874 Thread 0x0000020b7fa73130 nmethod 6539 0x0000020b31ba9810 code [0x0000020b31ba99a0, 0x0000020b31ba9a48]
Event: 3.875 Thread 0x0000020b012d9fd0 nmethod 6537 0x0000020b31ba9b10 code [0x0000020b31ba9ca0, 0x0000020b31ba9e60]
Event: 3.875 Thread 0x0000020b7f912ee0 nmethod 6521 0x0000020b31ba9f90 code [0x0000020b31baaee0, 0x0000020b31bac608]
Event: 3.884 Thread 0x0000020b7fbf12d0 6540       3       sun.reflect.annotation.AnnotatedTypeFactory::isArray (32 bytes)
Event: 3.884 Thread 0x0000020b7fbf12d0 nmethod 6540 0x0000020b2a232510 code [0x0000020b2a2326e0, 0x0000020b2a232be8]
Event: 3.884 Thread 0x0000020b7fbe98b0 6541       1       java.lang.reflect.Constructor::getSignature (5 bytes)
Event: 3.884 Thread 0x0000020b7fbe98b0 nmethod 6541 0x0000020b31bae710 code [0x0000020b31bae8a0, 0x0000020b31bae968]
Event: 3.886 Thread 0x0000020b012d9fd0 6542       4       java.lang.ClassLoader::getDefinedPackage (36 bytes)
Event: 3.888 Thread 0x0000020b7fbe98b0 6543       3       com.google.inject.internal.Errors::<init> (22 bytes)
Event: 3.888 Thread 0x0000020b7fbe98b0 nmethod 6543 0x0000020b2a232110 code [0x0000020b2a2322c0, 0x0000020b2a232470]
Event: 3.889 Thread 0x0000020b7f9d60c0 6544       3       sun.reflect.annotation.TypeAnnotationParser::parseTypeAnnotations (91 bytes)
Event: 3.890 Thread 0x0000020b7f9d60c0 nmethod 6544 0x0000020b2a231010 code [0x0000020b2a231260, 0x0000020b2a231cd0]
Event: 3.891 Thread 0x0000020b7fbe98b0 6546       3       com.google.inject.spi.InjectionPoint::hierarchyFor (44 bytes)
Event: 3.891 Thread 0x0000020b7f9d60c0 6545       3       com.google.inject.spi.InjectionPoint::forInstanceMethodsAndFields (40 bytes)
Event: 3.891 Thread 0x0000020b7f9d60c0 nmethod 6545 0x0000020b2a230390 code [0x0000020b2a2305c0, 0x0000020b2a230cd0]
Event: 3.891 Thread 0x0000020b7fbe98b0 nmethod 6546 0x0000020b2a22f110 code [0x0000020b2a22f3a0, 0x0000020b2a22fe88]
Event: 3.896 Thread 0x0000020b7fa73130 6547       4       java.util.regex.Matcher::matches (10 bytes)

GC Heap History (20 events):
Event: 2.929 GC heap before
{Heap before GC invocations=16 (full 1):
 PSYoungGen      total 20992K, used 20796K [0x00000000d5580000, 0x00000000d6d00000, 0x0000000100000000)
  eden space 19968K, 100% used [0x00000000d5580000,0x00000000d6900000,0x00000000d6900000)
  from space 1024K, 80% used [0x00000000d6c00000,0x00000000d6ccf0c8,0x00000000d6d00000)
  to   space 1536K, 0% used [0x00000000d6a00000,0x00000000d6a00000,0x00000000d6b80000)
 ParOldGen       total 68608K, used 23565K [0x0000000080000000, 0x0000000084300000, 0x00000000d5580000)
  object space 68608K, 34% used [0x0000000080000000,0x00000000817036c0,0x0000000084300000)
 Metaspace       used 30326K, committed 31296K, reserved 1114112K
  class space    used 2922K, committed 3328K, reserved 1048576K
}
Event: 2.929 GC heap after
{Heap after GC invocations=16 (full 1):
 PSYoungGen      total 21504K, used 940K [0x00000000d5580000, 0x00000000d6c80000, 0x0000000100000000)
  eden space 19968K, 0% used [0x00000000d5580000,0x00000000d5580000,0x00000000d6900000)
  from space 1536K, 61% used [0x00000000d6a00000,0x00000000d6aeb328,0x00000000d6b80000)
  to   space 1024K, 0% used [0x00000000d6b80000,0x00000000d6b80000,0x00000000d6c80000)
 ParOldGen       total 68608K, used 24254K [0x0000000080000000, 0x0000000084300000, 0x00000000d5580000)
  object space 68608K, 35% used [0x0000000080000000,0x00000000817afb30,0x0000000084300000)
 Metaspace       used 30326K, committed 31296K, reserved 1114112K
  class space    used 2922K, committed 3328K, reserved 1048576K
}
Event: 3.022 GC heap before
{Heap before GC invocations=17 (full 1):
 PSYoungGen      total 21504K, used 20908K [0x00000000d5580000, 0x00000000d6c80000, 0x0000000100000000)
  eden space 19968K, 99% used [0x00000000d5580000,0x00000000d68ffff8,0x00000000d6900000)
  from space 1536K, 61% used [0x00000000d6a00000,0x00000000d6aeb328,0x00000000d6b80000)
  to   space 1024K, 0% used [0x00000000d6b80000,0x00000000d6b80000,0x00000000d6c80000)
 ParOldGen       total 68608K, used 24255K [0x0000000080000000, 0x0000000084300000, 0x00000000d5580000)
  object space 68608K, 35% used [0x0000000080000000,0x00000000817afc28,0x0000000084300000)
 Metaspace       used 31796K, committed 32832K, reserved 1114112K
  class space    used 3084K, committed 3584K, reserved 1048576K
}
Event: 3.023 GC heap after
{Heap after GC invocations=17 (full 1):
 PSYoungGen      total 20480K, used 1023K [0x00000000d5580000, 0x00000000d6f00000, 0x0000000100000000)
  eden space 19456K, 0% used [0x00000000d5580000,0x00000000d5580000,0x00000000d6880000)
  from space 1024K, 99% used [0x00000000d6b80000,0x00000000d6c7ffd0,0x00000000d6c80000)
  to   space 3072K, 0% used [0x00000000d6880000,0x00000000d6880000,0x00000000d6b80000)
 ParOldGen       total 68608K, used 25601K [0x0000000080000000, 0x0000000084300000, 0x00000000d5580000)
  object space 68608K, 37% used [0x0000000080000000,0x00000000819007e8,0x0000000084300000)
 Metaspace       used 31796K, committed 32832K, reserved 1114112K
  class space    used 3084K, committed 3584K, reserved 1048576K
}
Event: 3.075 GC heap before
{Heap before GC invocations=18 (full 1):
 PSYoungGen      total 20480K, used 20479K [0x00000000d5580000, 0x00000000d6f00000, 0x0000000100000000)
  eden space 19456K, 100% used [0x00000000d5580000,0x00000000d6880000,0x00000000d6880000)
  from space 1024K, 99% used [0x00000000d6b80000,0x00000000d6c7ffd0,0x00000000d6c80000)
  to   space 3072K, 0% used [0x00000000d6880000,0x00000000d6880000,0x00000000d6b80000)
 ParOldGen       total 68608K, used 25660K [0x0000000080000000, 0x0000000084300000, 0x00000000d5580000)
  object space 68608K, 37% used [0x0000000080000000,0x000000008190f198,0x0000000084300000)
 Metaspace       used 33071K, committed 34176K, reserved 1114112K
  class space    used 3235K, committed 3712K, reserved 1048576K
}
Event: 3.077 GC heap after
{Heap after GC invocations=18 (full 1):
 PSYoungGen      total 19968K, used 480K [0x00000000d5580000, 0x00000000d6c00000, 0x0000000100000000)
  eden space 19456K, 0% used [0x00000000d5580000,0x00000000d5580000,0x00000000d6880000)
  from space 512K, 93% used [0x00000000d6880000,0x00000000d68f8000,0x00000000d6900000)
  to   space 1536K, 0% used [0x00000000d6a80000,0x00000000d6a80000,0x00000000d6c00000)
 ParOldGen       total 68608K, used 26639K [0x0000000080000000, 0x0000000084300000, 0x00000000d5580000)
  object space 68608K, 38% used [0x0000000080000000,0x0000000081a03f00,0x0000000084300000)
 Metaspace       used 33071K, committed 34176K, reserved 1114112K
  class space    used 3235K, committed 3712K, reserved 1048576K
}
Event: 3.160 GC heap before
{Heap before GC invocations=19 (full 1):
 PSYoungGen      total 19968K, used 19936K [0x00000000d5580000, 0x00000000d6c00000, 0x0000000100000000)
  eden space 19456K, 100% used [0x00000000d5580000,0x00000000d6880000,0x00000000d6880000)
  from space 512K, 93% used [0x00000000d6880000,0x00000000d68f8000,0x00000000d6900000)
  to   space 1536K, 0% used [0x00000000d6a80000,0x00000000d6a80000,0x00000000d6c00000)
 ParOldGen       total 68608K, used 26639K [0x0000000080000000, 0x0000000084300000, 0x00000000d5580000)
  object space 68608K, 38% used [0x0000000080000000,0x0000000081a03f00,0x0000000084300000)
 Metaspace       used 34187K, committed 35328K, reserved 1114112K
  class space    used 3398K, committed 3904K, reserved 1048576K
}
Event: 3.161 GC heap after
{Heap after GC invocations=19 (full 1):
 PSYoungGen      total 20992K, used 1520K [0x00000000d5580000, 0x00000000d6c80000, 0x0000000100000000)
  eden space 19456K, 0% used [0x00000000d5580000,0x00000000d5580000,0x00000000d6880000)
  from space 1536K, 98% used [0x00000000d6a80000,0x00000000d6bfc010,0x00000000d6c00000)
  to   space 2048K, 0% used [0x00000000d6880000,0x00000000d6880000,0x00000000d6a80000)
 ParOldGen       total 68608K, used 26855K [0x0000000080000000, 0x0000000084300000, 0x00000000d5580000)
  object space 68608K, 39% used [0x0000000080000000,0x0000000081a39f00,0x0000000084300000)
 Metaspace       used 34187K, committed 35328K, reserved 1114112K
  class space    used 3398K, committed 3904K, reserved 1048576K
}
Event: 3.220 GC heap before
{Heap before GC invocations=20 (full 1):
 PSYoungGen      total 20992K, used 12903K [0x00000000d5580000, 0x00000000d6c80000, 0x0000000100000000)
  eden space 19456K, 58% used [0x00000000d5580000,0x00000000d609dd38,0x00000000d6880000)
  from space 1536K, 98% used [0x00000000d6a80000,0x00000000d6bfc010,0x00000000d6c00000)
  to   space 2048K, 0% used [0x00000000d6880000,0x00000000d6880000,0x00000000d6a80000)
 ParOldGen       total 68608K, used 26855K [0x0000000080000000, 0x0000000084300000, 0x00000000d5580000)
  object space 68608K, 39% used [0x0000000080000000,0x0000000081a39f00,0x0000000084300000)
 Metaspace       used 34788K, committed 35840K, reserved 1114112K
  class space    used 3473K, committed 3904K, reserved 1048576K
}
Event: 3.221 GC heap after
{Heap after GC invocations=20 (full 1):
 PSYoungGen      total 19968K, used 480K [0x00000000d5580000, 0x00000000d6b00000, 0x0000000100000000)
  eden space 19456K, 0% used [0x00000000d5580000,0x00000000d5580000,0x00000000d6880000)
  from space 512K, 93% used [0x00000000d6880000,0x00000000d68f8000,0x00000000d6900000)
  to   space 1024K, 0% used [0x00000000d6a00000,0x00000000d6a00000,0x00000000d6b00000)
 ParOldGen       total 68608K, used 28309K [0x0000000080000000, 0x0000000084300000, 0x00000000d5580000)
  object space 68608K, 41% used [0x0000000080000000,0x0000000081ba57d8,0x0000000084300000)
 Metaspace       used 34788K, committed 35840K, reserved 1114112K
  class space    used 3473K, committed 3904K, reserved 1048576K
}
Event: 3.221 GC heap before
{Heap before GC invocations=21 (full 2):
 PSYoungGen      total 19968K, used 480K [0x00000000d5580000, 0x00000000d6b00000, 0x0000000100000000)
  eden space 19456K, 0% used [0x00000000d5580000,0x00000000d5580000,0x00000000d6880000)
  from space 512K, 93% used [0x00000000d6880000,0x00000000d68f8000,0x00000000d6900000)
  to   space 1024K, 0% used [0x00000000d6a00000,0x00000000d6a00000,0x00000000d6b00000)
 ParOldGen       total 68608K, used 28309K [0x0000000080000000, 0x0000000084300000, 0x00000000d5580000)
  object space 68608K, 41% used [0x0000000080000000,0x0000000081ba57d8,0x0000000084300000)
 Metaspace       used 34788K, committed 35840K, reserved 1114112K
  class space    used 3473K, committed 3904K, reserved 1048576K
}
Event: 3.243 GC heap after
{Heap after GC invocations=21 (full 2):
 PSYoungGen      total 19968K, used 0K [0x00000000d5580000, 0x00000000d6b00000, 0x0000000100000000)
  eden space 19456K, 0% used [0x00000000d5580000,0x00000000d5580000,0x00000000d6880000)
  from space 512K, 0% used [0x00000000d6880000,0x00000000d6880000,0x00000000d6900000)
  to   space 1024K, 0% used [0x00000000d6a00000,0x00000000d6a00000,0x00000000d6b00000)
 ParOldGen       total 68608K, used 26286K [0x0000000080000000, 0x0000000084300000, 0x00000000d5580000)
  object space 68608K, 38% used [0x0000000080000000,0x00000000819ab880,0x0000000084300000)
 Metaspace       used 34788K, committed 35840K, reserved 1114112K
  class space    used 3473K, committed 3904K, reserved 1048576K
}
Event: 3.324 GC heap before
{Heap before GC invocations=22 (full 2):
 PSYoungGen      total 19968K, used 19456K [0x00000000d5580000, 0x00000000d6b00000, 0x0000000100000000)
  eden space 19456K, 100% used [0x00000000d5580000,0x00000000d6880000,0x00000000d6880000)
  from space 512K, 0% used [0x00000000d6880000,0x00000000d6880000,0x00000000d6900000)
  to   space 1024K, 0% used [0x00000000d6a00000,0x00000000d6a00000,0x00000000d6b00000)
 ParOldGen       total 68608K, used 26286K [0x0000000080000000, 0x0000000084300000, 0x00000000d5580000)
  object space 68608K, 38% used [0x0000000080000000,0x00000000819ab880,0x0000000084300000)
 Metaspace       used 35647K, committed 36800K, reserved 1114112K
  class space    used 3611K, committed 4096K, reserved 1048576K
}
Event: 3.324 GC heap after
{Heap after GC invocations=22 (full 2):
 PSYoungGen      total 20480K, used 736K [0x00000000d5580000, 0x00000000d6b00000, 0x0000000100000000)
  eden space 19456K, 0% used [0x00000000d5580000,0x00000000d5580000,0x00000000d6880000)
  from space 1024K, 71% used [0x00000000d6a00000,0x00000000d6ab8000,0x00000000d6b00000)
  to   space 1024K, 0% used [0x00000000d6900000,0x00000000d6900000,0x00000000d6a00000)
 ParOldGen       total 68608K, used 26294K [0x0000000080000000, 0x0000000084300000, 0x00000000d5580000)
  object space 68608K, 38% used [0x0000000080000000,0x00000000819ad880,0x0000000084300000)
 Metaspace       used 35647K, committed 36800K, reserved 1114112K
  class space    used 3611K, committed 4096K, reserved 1048576K
}
Event: 3.406 GC heap before
{Heap before GC invocations=23 (full 2):
 PSYoungGen      total 20480K, used 20192K [0x00000000d5580000, 0x00000000d6b00000, 0x0000000100000000)
  eden space 19456K, 100% used [0x00000000d5580000,0x00000000d6880000,0x00000000d6880000)
  from space 1024K, 71% used [0x00000000d6a00000,0x00000000d6ab8000,0x00000000d6b00000)
  to   space 1024K, 0% used [0x00000000d6900000,0x00000000d6900000,0x00000000d6a00000)
 ParOldGen       total 68608K, used 26294K [0x0000000080000000, 0x0000000084300000, 0x00000000d5580000)
  object space 68608K, 38% used [0x0000000080000000,0x00000000819ad880,0x0000000084300000)
 Metaspace       used 36873K, committed 38016K, reserved 1114112K
  class space    used 3746K, committed 4288K, reserved 1048576K
}
Event: 3.406 GC heap after
{Heap after GC invocations=23 (full 2):
 PSYoungGen      total 20480K, used 1024K [0x00000000d5580000, 0x00000000d6c80000, 0x0000000100000000)
  eden space 19456K, 0% used [0x00000000d5580000,0x00000000d5580000,0x00000000d6880000)
  from space 1024K, 100% used [0x00000000d6900000,0x00000000d6a00000,0x00000000d6a00000)
  to   space 2048K, 0% used [0x00000000d6a80000,0x00000000d6a80000,0x00000000d6c80000)
 ParOldGen       total 68608K, used 26702K [0x0000000080000000, 0x0000000084300000, 0x00000000d5580000)
  object space 68608K, 38% used [0x0000000080000000,0x0000000081a13880,0x0000000084300000)
 Metaspace       used 36873K, committed 38016K, reserved 1114112K
  class space    used 3746K, committed 4288K, reserved 1048576K
}
Event: 3.583 GC heap before
{Heap before GC invocations=24 (full 2):
 PSYoungGen      total 20480K, used 20480K [0x00000000d5580000, 0x00000000d6c80000, 0x0000000100000000)
  eden space 19456K, 100% used [0x00000000d5580000,0x00000000d6880000,0x00000000d6880000)
  from space 1024K, 100% used [0x00000000d6900000,0x00000000d6a00000,0x00000000d6a00000)
  to   space 2048K, 0% used [0x00000000d6a80000,0x00000000d6a80000,0x00000000d6c80000)
 ParOldGen       total 68608K, used 26702K [0x0000000080000000, 0x0000000084300000, 0x00000000d5580000)
  object space 68608K, 38% used [0x0000000080000000,0x0000000081a13880,0x0000000084300000)
 Metaspace       used 38210K, committed 39360K, reserved 1114112K
  class space    used 3952K, committed 4480K, reserved 1048576K
}
Event: 3.584 GC heap after
{Heap after GC invocations=24 (full 2):
 PSYoungGen      total 20992K, used 1101K [0x00000000d5580000, 0x00000000d6c00000, 0x0000000100000000)
  eden space 19456K, 0% used [0x00000000d5580000,0x00000000d5580000,0x00000000d6880000)
  from space 1536K, 71% used [0x00000000d6a80000,0x00000000d6b93610,0x00000000d6c00000)
  to   space 1536K, 0% used [0x00000000d6900000,0x00000000d6900000,0x00000000d6a80000)
 ParOldGen       total 68608K, used 26958K [0x0000000080000000, 0x0000000084300000, 0x00000000d5580000)
  object space 68608K, 39% used [0x0000000080000000,0x0000000081a53890,0x0000000084300000)
 Metaspace       used 38210K, committed 39360K, reserved 1114112K
  class space    used 3952K, committed 4480K, reserved 1048576K
}
Event: 3.776 GC heap before
{Heap before GC invocations=25 (full 2):
 PSYoungGen      total 20992K, used 20557K [0x00000000d5580000, 0x00000000d6c00000, 0x0000000100000000)
  eden space 19456K, 100% used [0x00000000d5580000,0x00000000d6880000,0x00000000d6880000)
  from space 1536K, 71% used [0x00000000d6a80000,0x00000000d6b93610,0x00000000d6c00000)
  to   space 1536K, 0% used [0x00000000d6900000,0x00000000d6900000,0x00000000d6a80000)
 ParOldGen       total 68608K, used 26958K [0x0000000080000000, 0x0000000084300000, 0x00000000d5580000)
  object space 68608K, 39% used [0x0000000080000000,0x0000000081a53890,0x0000000084300000)
 Metaspace       used 39645K, committed 40832K, reserved 1114112K
  class space    used 4136K, committed 4672K, reserved 1048576K
}
Event: 3.777 GC heap after
{Heap after GC invocations=25 (full 2):
 PSYoungGen      total 20480K, used 640K [0x00000000d5580000, 0x00000000d6b00000, 0x0000000100000000)
  eden space 19456K, 0% used [0x00000000d5580000,0x00000000d5580000,0x00000000d6880000)
  from space 1024K, 62% used [0x00000000d6900000,0x00000000d69a0000,0x00000000d6a00000)
  to   space 1024K, 0% used [0x00000000d6a00000,0x00000000d6a00000,0x00000000d6b00000)
 ParOldGen       total 68608K, used 27678K [0x0000000080000000, 0x0000000084300000, 0x00000000d5580000)
  object space 68608K, 40% used [0x0000000080000000,0x0000000081b07890,0x0000000084300000)
 Metaspace       used 39645K, committed 40832K, reserved 1114112K
  class space    used 4136K, committed 4672K, reserved 1048576K
}

Dll operation events (10 events):
Event: 0.009 Loaded shared library c:\Users\Yohan\.vscode\extensions\redhat.java-1.49.0-win32-x64\jre\21.0.9-win32-x86_64\bin\java.dll
Event: 0.067 Loaded shared library c:\Users\Yohan\.vscode\extensions\redhat.java-1.49.0-win32-x64\jre\21.0.9-win32-x86_64\bin\zip.dll
Event: 0.079 Loaded shared library C:\Users\Yohan\.vscode\extensions\redhat.java-1.49.0-win32-x64\jre\21.0.9-win32-x86_64\bin\instrument.dll
Event: 0.083 Loaded shared library C:\Users\Yohan\.vscode\extensions\redhat.java-1.49.0-win32-x64\jre\21.0.9-win32-x86_64\bin\net.dll
Event: 0.084 Loaded shared library C:\Users\Yohan\.vscode\extensions\redhat.java-1.49.0-win32-x64\jre\21.0.9-win32-x86_64\bin\nio.dll
Event: 0.086 Loaded shared library C:\Users\Yohan\.vscode\extensions\redhat.java-1.49.0-win32-x64\jre\21.0.9-win32-x86_64\bin\zip.dll
Event: 0.098 Loaded shared library C:\Users\Yohan\.vscode\extensions\redhat.java-1.49.0-win32-x64\jre\21.0.9-win32-x86_64\bin\jimage.dll
Event: 0.143 Loaded shared library c:\Users\Yohan\.vscode\extensions\redhat.java-1.49.0-win32-x64\jre\21.0.9-win32-x86_64\bin\verify.dll
Event: 0.782 Loaded shared library C:\Users\Yohan\AppData\Roaming\Code\User\globalStorage\redhat.java\1.49.0\config_win\org.eclipse.equinox.launcher\org.eclipse.equinox.launcher.win32.win32.x86_64_1.2.1400.v20250801-0854\eclipse_11916.dll
Event: 1.827 Loaded shared library C:\Users\Yohan\AppData\Local\Temp\jna-85603231\jna1005219968250640060.dll

Deoptimization events (20 events):
Event: 3.587 Thread 0x0000020b0665b550 Uncommon trap: trap_request=0xffffff45 fr.pc=0x0000020b31b76358 relative=0x0000000000001678
Event: 3.587 Thread 0x0000020b0665b550 Uncommon trap: reason=unstable_if action=reinterpret pc=0x0000020b31b76358 method=sun.nio.cs.StreamDecoder.lockedRead0()I @ 30 c2
Event: 3.587 Thread 0x0000020b0665b550 DEOPT PACKING pc=0x0000020b31b76358 sp=0x0000008d1abfe1c0
Event: 3.587 Thread 0x0000020b0665b550 DEOPT UNPACKING pc=0x0000020b31146da2 sp=0x0000008d1abfe008 mode 2
Event: 3.770 Thread 0x0000020b0665b550 Uncommon trap: trap_request=0xffffffde fr.pc=0x0000020b318ad138 relative=0x0000000000000498
Event: 3.770 Thread 0x0000020b0665b550 Uncommon trap: reason=class_check action=maybe_recompile pc=0x0000020b318ad138 method=java.lang.reflect.Executable.declaredAnnotations()Ljava/util/Map; @ 23 c2
Event: 3.770 Thread 0x0000020b0665b550 DEOPT PACKING pc=0x0000020b318ad138 sp=0x0000008d1abfe190
Event: 3.770 Thread 0x0000020b0665b550 DEOPT UNPACKING pc=0x0000020b31146da2 sp=0x0000008d1abfe158 mode 2
Event: 3.770 Thread 0x0000020b0665b550 Uncommon trap: trap_request=0xffffffde fr.pc=0x0000020b318ad138 relative=0x0000000000000498
Event: 3.770 Thread 0x0000020b0665b550 Uncommon trap: reason=class_check action=maybe_recompile pc=0x0000020b318ad138 method=java.lang.reflect.Executable.declaredAnnotations()Ljava/util/Map; @ 23 c2
Event: 3.770 Thread 0x0000020b0665b550 DEOPT PACKING pc=0x0000020b318ad138 sp=0x0000008d1abfe0f0
Event: 3.770 Thread 0x0000020b0665b550 DEOPT UNPACKING pc=0x0000020b31146da2 sp=0x0000008d1abfe0c0 mode 2
Event: 3.770 Thread 0x0000020b0665b550 Uncommon trap: trap_request=0xffffffde fr.pc=0x0000020b318ad138 relative=0x0000000000000498
Event: 3.770 Thread 0x0000020b0665b550 Uncommon trap: reason=class_check action=maybe_recompile pc=0x0000020b318ad138 method=java.lang.reflect.Executable.declaredAnnotations()Ljava/util/Map; @ 23 c2
Event: 3.770 Thread 0x0000020b0665b550 DEOPT PACKING pc=0x0000020b318ad138 sp=0x0000008d1abfe190
Event: 3.770 Thread 0x0000020b0665b550 DEOPT UNPACKING pc=0x0000020b31146da2 sp=0x0000008d1abfe158 mode 2
Event: 3.770 Thread 0x0000020b0665b550 Uncommon trap: trap_request=0xffffffde fr.pc=0x0000020b318ad138 relative=0x0000000000000498
Event: 3.770 Thread 0x0000020b0665b550 Uncommon trap: reason=class_check action=maybe_recompile pc=0x0000020b318ad138 method=java.lang.reflect.Executable.declaredAnnotations()Ljava/util/Map; @ 23 c2
Event: 3.770 Thread 0x0000020b0665b550 DEOPT PACKING pc=0x0000020b318ad138 sp=0x0000008d1abfe0f0
Event: 3.770 Thread 0x0000020b0665b550 DEOPT UNPACKING pc=0x0000020b31146da2 sp=0x0000008d1abfe0c0 mode 2

Classes loaded (20 events):
Event: 3.377 Loading class sun/reflect/annotation/AnnotatedTypeFactory$AnnotatedTypeBaseImpl
Event: 3.377 Loading class sun/reflect/annotation/AnnotatedTypeFactory$AnnotatedTypeBaseImpl done
Event: 3.420 Loading class sun/nio/ch/WindowsAsynchronousFileChannelImpl$WriteTask
Event: 3.420 Loading class sun/nio/ch/WindowsAsynchronousFileChannelImpl$WriteTask done
Event: 3.465 Loading class java/lang/annotation/ElementType
Event: 3.465 Loading class java/lang/annotation/ElementType done
Event: 3.528 Loading class java/lang/annotation/IncompleteAnnotationException
Event: 3.528 Loading class java/lang/annotation/IncompleteAnnotationException done
Event: 3.547 Loading class java/lang/foreign/MemorySegment
Event: 3.547 Loading class java/lang/foreign/MemorySegment done
Event: 3.763 Loading class sun/reflect/annotation/AnnotatedTypeFactory$AnnotatedParameterizedTypeImpl
Event: 3.763 Loading class java/lang/reflect/AnnotatedParameterizedType
Event: 3.763 Loading class java/lang/reflect/AnnotatedParameterizedType done
Event: 3.763 Loading class sun/reflect/annotation/AnnotatedTypeFactory$AnnotatedParameterizedTypeImpl done
Event: 3.819 Loading class sun/reflect/generics/scope/ConstructorScope
Event: 3.819 Loading class sun/reflect/generics/scope/ConstructorScope done
Event: 3.819 Loading class sun/reflect/generics/tree/VoidDescriptor
Event: 3.819 Loading class sun/reflect/generics/tree/VoidDescriptor done
Event: 3.870 Loading class java/util/concurrent/CompletionService
Event: 3.870 Loading class java/util/concurrent/CompletionService done

Classes unloaded (7 events):
Event: 2.227 Thread 0x0000020b26b45a30 Unloading class 0x0000020b3f1b4800 'java/lang/invoke/LambdaForm$MH+0x0000020b3f1b4800'
Event: 2.227 Thread 0x0000020b26b45a30 Unloading class 0x0000020b3f1b4400 'java/lang/invoke/LambdaForm$MH+0x0000020b3f1b4400'
Event: 2.227 Thread 0x0000020b26b45a30 Unloading class 0x0000020b3f1b4000 'java/lang/invoke/LambdaForm$MH+0x0000020b3f1b4000'
Event: 2.227 Thread 0x0000020b26b45a30 Unloading class 0x0000020b3f1b3c00 'java/lang/invoke/LambdaForm$MH+0x0000020b3f1b3c00'
Event: 2.227 Thread 0x0000020b26b45a30 Unloading class 0x0000020b3f1b3800 'java/lang/invoke/LambdaForm$BMH+0x0000020b3f1b3800'
Event: 2.227 Thread 0x0000020b26b45a30 Unloading class 0x0000020b3f1b3400 'java/lang/invoke/LambdaForm$DMH+0x0000020b3f1b3400'
Event: 2.227 Thread 0x0000020b26b45a30 Unloading class 0x0000020b3f1b2000 'java/lang/invoke/LambdaForm$DMH+0x0000020b3f1b2000'

Classes redefined (0 events):
No events

Internal exceptions (20 events):
Event: 3.136 Thread 0x0000020b0665b550 Exception <a 'java/lang/NoSuchMethodError'{0x00000000d63c6778}: 'java.lang.Object java.lang.invoke.DirectMethodHandle$Holder.newInvokeSpecial(java.lang.Object, java.lang.Object, java.lang.Object, java.lang.Object, java.lang.Object)'> (0x00000000d63c6778) 
thrown [s\src\hotspot\share\interpreter\linkResolver.cpp, line 773]
Event: 3.145 Thread 0x0000020b0665b550 Exception <a 'java/lang/NoSuchMethodError'{0x00000000d655cbf8}: 'java.lang.Object java.lang.invoke.DirectMethodHandle$Holder.invokeStaticInit(java.lang.Object, java.lang.Object, java.lang.Object, java.lang.Object, java.lang.Object, java.lang.Object, java.lang.Object)'> (0x00000000d655cbf8) 
thrown [s\src\hotspot\share\interpreter\linkResolver.cpp, line 773]
Event: 3.146 Thread 0x0000020b0665b550 Exception <a 'java/lang/NoSuchMethodError'{0x00000000d658d2a8}: 'java.lang.Object java.lang.invoke.Invokers$Holder.invoke_MT(java.lang.Object, java.lang.Object, java.lang.Object, java.lang.Object, java.lang.Object, java.lang.Object, java.lang.Object, java.lang.Object, java.lang.Object)'> (0x00000000d658d2a8) 
thrown [s\src\hotspot\share\interpreter\linkResolver.cpp, line 773]
Event: 3.152 Thread 0x0000020b0665b550 Exception <a 'java/lang/NoSuchMethodError'{0x00000000d66c7bd8}: 'int java.lang.invoke.DirectMethodHandle$Holder.invokeVirtual(java.lang.Object, java.lang.Object, java.lang.Object)'> (0x00000000d66c7bd8) 
thrown [s\src\hotspot\share\interpreter\linkResolver.cpp, line 773]
Event: 3.152 Thread 0x0000020b0665b550 Exception <a 'java/lang/NoSuchMethodError'{0x00000000d66d08e0}: 'int java.lang.invoke.DirectMethodHandle$Holder.invokeStaticInit(java.lang.Object, int, int)'> (0x00000000d66d08e0) 
thrown [s\src\hotspot\share\interpreter\linkResolver.cpp, line 773]
Event: 3.153 Thread 0x0000020b0665b550 Exception <a 'java/lang/NoSuchMethodError'{0x00000000d66fe358}: 'int java.lang.invoke.DirectMethodHandle$Holder.invokeStaticInit(java.lang.Object, long, long)'> (0x00000000d66fe358) 
thrown [s\src\hotspot\share\interpreter\linkResolver.cpp, line 773]
Event: 3.153 Thread 0x0000020b0665b550 Exception <a 'java/lang/NoSuchMethodError'{0x00000000d670f190}: 'int java.lang.invoke.DirectMethodHandle$Holder.invokeStaticInit(java.lang.Object, float, float)'> (0x00000000d670f190) 
thrown [s\src\hotspot\share\interpreter\linkResolver.cpp, line 773]
Event: 3.153 Thread 0x0000020b0665b550 Exception <a 'java/lang/NoSuchMethodError'{0x00000000d67377d0}: 'int java.lang.invoke.DirectMethodHandle$Holder.invokeStaticInit(java.lang.Object, double, double)'> (0x00000000d67377d0) 
thrown [s\src\hotspot\share\interpreter\linkResolver.cpp, line 773]
Event: 3.154 Thread 0x0000020b0665b550 Exception <a 'java/lang/NoSuchMethodError'{0x00000000d67409c8}: 'int java.lang.invoke.DirectMethodHandle$Holder.invokeStatic(java.lang.Object, long)'> (0x00000000d67409c8) 
thrown [s\src\hotspot\share\interpreter\linkResolver.cpp, line 773]
Event: 3.157 Thread 0x0000020b0665b550 Exception <a 'java/lang/NoSuchMethodError'{0x00000000d67bdc48}: 'int java.lang.invoke.Invokers$Holder.linkToTargetMethod(java.lang.Object, java.lang.Object)'> (0x00000000d67bdc48) 
thrown [s\src\hotspot\share\interpreter\linkResolver.cpp, line 773]
Event: 3.196 Thread 0x0000020b0665b550 Exception <a 'java/lang/NoSuchMethodError'{0x00000000d5c24290}: 'java.lang.Object java.lang.invoke.DirectMethodHandle$Holder.invokeSpecialIFC(java.lang.Object, java.lang.Object, java.lang.Object, java.lang.Object)'> (0x00000000d5c24290) 
thrown [s\src\hotspot\share\interpreter\linkResolver.cpp, line 773]
Event: 3.314 Thread 0x0000020b26aa44b0 Exception <a 'java/lang/NoSuchMethodError'{0x00000000d666cb30}: 'void java.lang.invoke.DirectMethodHandle$Holder.invokeSpecial(java.lang.Object, java.lang.Object, java.lang.Object, java.lang.Object, java.lang.Object, java.lang.Object)'> (0x00000000d666cb30) 
thrown [s\src\hotspot\share\interpreter\linkResolver.cpp, line 773]
Event: 3.315 Thread 0x0000020b26aa44b0 Exception <a 'java/lang/IncompatibleClassChangeError'{0x00000000d66af808}: Found class java.lang.Object, but interface was expected> (0x00000000d66af808) 
thrown [s\src\hotspot\share\interpreter\linkResolver.cpp, line 840]
Event: 3.316 Thread 0x0000020b26aa44b0 Exception <a 'java/lang/IncompatibleClassChangeError'{0x00000000d66b16c8}: Found class java.lang.Object, but interface was expected> (0x00000000d66b16c8) 
thrown [s\src\hotspot\share\interpreter\linkResolver.cpp, line 840]
Event: 3.343 Thread 0x0000020b066573b0 Exception <a 'java/lang/NoSuchMethodError'{0x00000000d5938870}: 'int java.lang.invoke.DirectMethodHandle$Holder.invokeSpecial(java.lang.Object, java.lang.Object, java.lang.Object, java.lang.Object)'> (0x00000000d5938870) 
thrown [s\src\hotspot\share\interpreter\linkResolver.cpp, line 773]
Event: 3.344 Thread 0x0000020b066573b0 Exception <a 'java/lang/NoSuchMethodError'{0x00000000d5989458}: 'java.lang.Object java.lang.invoke.DirectMethodHandle$Holder.invokeStatic(java.lang.Object, int, java.lang.Object, java.lang.Object)'> (0x00000000d5989458) 
thrown [s\src\hotspot\share\interpreter\linkResolver.cpp, line 773]
Event: 3.345 Thread 0x0000020b066573b0 Exception <a 'java/lang/NoSuchMethodError'{0x00000000d59df010}: 'java.lang.Object java.lang.invoke.DelegatingMethodHandle$Holder.delegate(java.lang.Object, int, java.lang.Object, java.lang.Object)'> (0x00000000d59df010) 
thrown [s\src\hotspot\share\interpreter\linkResolver.cpp, line 773]
Event: 3.346 Thread 0x0000020b066573b0 Implicit null exception at 0x0000020b31aba8f6 to 0x0000020b31abac18
Event: 3.347 Thread 0x0000020b066573b0 Exception <a 'java/lang/NoSuchMethodError'{0x00000000d5a4a2c8}: 'int java.lang.invoke.Invokers$Holder.linkToTargetMethod(java.lang.Object, java.lang.Object, java.lang.Object)'> (0x00000000d5a4a2c8) 
thrown [s\src\hotspot\share\interpreter\linkResolver.cpp, line 773]
Event: 3.528 Thread 0x0000020b0665b550 Exception <a 'java/lang/NoClassDefFoundError'{0x00000000d5fb1dd0}: javax/enterprise/inject/Typed> (0x00000000d5fb1dd0) 
thrown [s\src\hotspot\share\classfile\systemDictionary.cpp, line 301]

ZGC Phase Switch (0 events):
No events

VM Operations (20 events):
Event: 3.164 Executing VM operation: HandshakeAllThreads (Deoptimize)
Event: 3.164 Executing VM operation: HandshakeAllThreads (Deoptimize) done
Event: 3.220 Executing VM operation: CollectForMetadataAllocation (Metadata GC Threshold)
Event: 3.243 Executing VM operation: CollectForMetadataAllocation (Metadata GC Threshold) done
Event: 3.243 Executing VM operation: CollectForMetadataAllocation (Metadata GC Threshold)
Event: 3.243 Executing VM operation: CollectForMetadataAllocation (Metadata GC Threshold) done
Event: 3.324 Executing VM operation: ParallelGCFailedAllocation (Allocation Failure)
Event: 3.324 Executing VM operation: ParallelGCFailedAllocation (Allocation Failure) done
Event: 3.405 Executing VM operation: ParallelGCFailedAllocation (Allocation Failure)
Event: 3.406 Executing VM operation: ParallelGCFailedAllocation (Allocation Failure) done
Event: 3.486 Executing VM operation: HandshakeAllThreads (Deoptimize)
Event: 3.486 Executing VM operation: HandshakeAllThreads (Deoptimize) done
Event: 3.523 Executing VM operation: HandshakeAllThreads (Deoptimize)
Event: 3.523 Executing VM operation: HandshakeAllThreads (Deoptimize) done
Event: 3.583 Executing VM operation: ParallelGCFailedAllocation (Allocation Failure)
Event: 3.584 Executing VM operation: ParallelGCFailedAllocation (Allocation Failure) done
Event: 3.776 Executing VM operation: ParallelGCFailedAllocation (Allocation Failure)
Event: 3.777 Executing VM operation: ParallelGCFailedAllocation (Allocation Failure) done
Event: 3.797 Executing VM operation: HandshakeAllThreads (Deoptimize)
Event: 3.797 Executing VM operation: HandshakeAllThreads (Deoptimize) done

Memory protections (0 events):
No events

Nmethod flushes (20 events):
Event: 3.233 Thread 0x0000020b26b45a30 flushing  nmethod 0x0000020b2a40a310
Event: 3.233 Thread 0x0000020b26b45a30 flushing  nmethod 0x0000020b2a437210
Event: 3.233 Thread 0x0000020b26b45a30 flushing  nmethod 0x0000020b2a44eb10
Event: 3.233 Thread 0x0000020b26b45a30 flushing  nmethod 0x0000020b2a47b990
Event: 3.233 Thread 0x0000020b26b45a30 flushing  nmethod 0x0000020b2a47d410
Event: 3.233 Thread 0x0000020b26b45a30 flushing  nmethod 0x0000020b2a47dd10
Event: 3.233 Thread 0x0000020b26b45a30 flushing  nmethod 0x0000020b2a47ef10
Event: 3.233 Thread 0x0000020b26b45a30 flushing  nmethod 0x0000020b2a47f710
Event: 3.233 Thread 0x0000020b26b45a30 flushing  nmethod 0x0000020b2a47fe90
Event: 3.233 Thread 0x0000020b26b45a30 flushing  nmethod 0x0000020b2a481410
Event: 3.233 Thread 0x0000020b26b45a30 flushing  nmethod 0x0000020b2a481910
Event: 3.233 Thread 0x0000020b26b45a30 flushing  nmethod 0x0000020b2a482210
Event: 3.233 Thread 0x0000020b26b45a30 flushing  nmethod 0x0000020b2a483610
Event: 3.233 Thread 0x0000020b26b45a30 flushing  nmethod 0x0000020b2a484b10
Event: 3.233 Thread 0x0000020b26b45a30 flushing  nmethod 0x0000020b2a486b10
Event: 3.233 Thread 0x0000020b26b45a30 flushing  nmethod 0x0000020b2a4ca610
Event: 3.233 Thread 0x0000020b26b45a30 flushing  nmethod 0x0000020b2a4cb110
Event: 3.233 Thread 0x0000020b26b45a30 flushing  nmethod 0x0000020b2a4d0390
Event: 3.233 Thread 0x0000020b26b45a30 flushing  nmethod 0x0000020b2a4f2a10
Event: 3.233 Thread 0x0000020b26b45a30 flushing  nmethod 0x0000020b2a4f2e10

Events (20 events):
Event: 3.053 Thread 0x0000020b26aa44b0 Thread added: 0x0000020b0665a1a0
Event: 3.053 Thread 0x0000020b26aa44b0 Thread added: 0x0000020b06659480
Event: 3.054 Thread 0x0000020b26aa44b0 Thread added: 0x0000020b06658df0
Event: 3.054 Thread 0x0000020b26aa44b0 Thread added: 0x0000020b06658760
Event: 3.054 Thread 0x0000020b26aa44b0 Thread added: 0x0000020b06659b10
Event: 3.054 Thread 0x0000020b26aa44b0 Thread added: 0x0000020b0665a830
Event: 3.054 Thread 0x0000020b26aa44b0 Thread added: 0x0000020b0665aec0
Event: 3.054 Thread 0x0000020b26aa44b0 Thread added: 0x0000020b066580d0
Event: 3.055 Thread 0x0000020b26aa44b0 Thread added: 0x0000020b09543070
Event: 3.055 Thread 0x0000020b26aa44b0 Thread added: 0x0000020b09544ab0
Event: 3.055 Thread 0x0000020b26aa44b0 Thread added: 0x0000020b09543700
Event: 3.055 Thread 0x0000020b26aa44b0 Thread added: 0x0000020b09543d90
Event: 3.055 Thread 0x0000020b26aa44b0 Thread added: 0x0000020b09541630
Event: 3.056 Thread 0x0000020b26aa44b0 Thread added: 0x0000020b09542350
Event: 3.056 Thread 0x0000020b26aa44b0 Thread added: 0x0000020b09544420
Event: 3.056 Thread 0x0000020b26aa44b0 Thread added: 0x0000020b095429e0
Event: 3.056 Thread 0x0000020b26aa44b0 Thread added: 0x0000020b09545140
Event: 3.084 Thread 0x0000020b26aa44b0 Thread added: 0x0000020b09541cc0
Event: 3.344 Thread 0x0000020b26aa44b0 Thread added: 0x0000020b09546b80
Event: 3.344 Thread 0x0000020b26aa44b0 Thread added: 0x0000020b09547f30


Dynamic libraries:
0x00007ff75d990000 - 0x00007ff75d99e000 	c:\Users\Yohan\.vscode\extensions\redhat.java-1.49.0-win32-x64\jre\21.0.9-win32-x86_64\bin\java.exe
0x00007ff9a7a20000 - 0x00007ff9a7c88000 	C:\WINDOWS\SYSTEM32\ntdll.dll
0x00007ff9a68d0000 - 0x00007ff9a6999000 	C:\WINDOWS\System32\KERNEL32.DLL
0x00007ff9a4fc0000 - 0x00007ff9a53b8000 	C:\WINDOWS\System32\KERNELBASE.dll
0x00007ff9a4d90000 - 0x00007ff9a4edb000 	C:\WINDOWS\System32\ucrtbase.dll
0x00007ff987720000 - 0x00007ff98773e000 	c:\Users\Yohan\.vscode\extensions\redhat.java-1.49.0-win32-x64\jre\21.0.9-win32-x86_64\bin\VCRUNTIME140.dll
0x00007ff96d760000 - 0x00007ff96d778000 	c:\Users\Yohan\.vscode\extensions\redhat.java-1.49.0-win32-x64\jre\21.0.9-win32-x86_64\bin\jli.dll
0x00007ff9a6290000 - 0x00007ff9a6457000 	C:\WINDOWS\System32\USER32.dll
0x00007ff9882e0000 - 0x00007ff988574000 	C:\WINDOWS\WinSxS\amd64_microsoft.windows.common-controls_6595b64144ccf1df_6.0.26100.7019_none_3e06ffa0e335b8a8\COMCTL32.dll
0x00007ff9a4ee0000 - 0x00007ff9a4f07000 	C:\WINDOWS\System32\win32u.dll
0x00007ff9a57c0000 - 0x00007ff9a57eb000 	C:\WINDOWS\System32\GDI32.dll
0x00007ff9a5940000 - 0x00007ff9a59e9000 	C:\WINDOWS\System32\msvcrt.dll
0x00007ff9a5510000 - 0x00007ff9a563c000 	C:\WINDOWS\System32\gdi32full.dll
0x00007ff9a4f10000 - 0x00007ff9a4fb3000 	C:\WINDOWS\System32\msvcp_win.dll
0x00007ff9a7180000 - 0x00007ff9a71b1000 	C:\WINDOWS\System32\IMM32.DLL
0x00007ff98d830000 - 0x00007ff98d83c000 	c:\Users\Yohan\.vscode\extensions\redhat.java-1.49.0-win32-x64\jre\21.0.9-win32-x86_64\bin\vcruntime140_1.dll
0x00007ff93d7c0000 - 0x00007ff93d84d000 	c:\Users\Yohan\.vscode\extensions\redhat.java-1.49.0-win32-x64\jre\21.0.9-win32-x86_64\bin\msvcp140.dll
0x00007ff91f420000 - 0x00007ff9201c0000 	c:\Users\Yohan\.vscode\extensions\redhat.java-1.49.0-win32-x64\jre\21.0.9-win32-x86_64\bin\server\jvm.dll
0x00007ff9a71c0000 - 0x00007ff9a7274000 	C:\WINDOWS\System32\ADVAPI32.dll
0x00007ff9a7380000 - 0x00007ff9a7426000 	C:\WINDOWS\System32\sechost.dll
0x00007ff9a7430000 - 0x00007ff9a7548000 	C:\WINDOWS\System32\RPCRT4.dll
0x00007ff9a7100000 - 0x00007ff9a7174000 	C:\WINDOWS\System32\WS2_32.dll
0x00007ff9a3b00000 - 0x00007ff9a3b5e000 	C:\WINDOWS\SYSTEM32\POWRPROF.dll
0x00007ff998b20000 - 0x00007ff998b2b000 	C:\WINDOWS\SYSTEM32\VERSION.dll
0x00007ff998f50000 - 0x00007ff998f85000 	C:\WINDOWS\SYSTEM32\WINMM.dll
0x00007ff9a39c0000 - 0x00007ff9a39d4000 	C:\WINDOWS\SYSTEM32\UMPDC.dll
0x00007ff9a39e0000 - 0x00007ff9a39fb000 	C:\WINDOWS\SYSTEM32\kernel.appcore.dll
0x00007ff98d7a0000 - 0x00007ff98d7aa000 	c:\Users\Yohan\.vscode\extensions\redhat.java-1.49.0-win32-x64\jre\21.0.9-win32-x86_64\bin\jimage.dll
0x00007ff995a30000 - 0x00007ff995c72000 	C:\WINDOWS\SYSTEM32\DBGHELP.DLL
0x00007ff9a6540000 - 0x00007ff9a68cb000 	C:\WINDOWS\System32\combase.dll
0x00007ff9a6460000 - 0x00007ff9a6537000 	C:\WINDOWS\System32\OLEAUT32.dll
0x00007ff9839a0000 - 0x00007ff9839dc000 	C:\WINDOWS\SYSTEM32\dbgcore.DLL
0x00007ff9a4b70000 - 0x00007ff9a4c15000 	C:\WINDOWS\System32\bcryptPrimitives.dll
0x00007ff98d570000 - 0x00007ff98d57f000 	c:\Users\Yohan\.vscode\extensions\redhat.java-1.49.0-win32-x64\jre\21.0.9-win32-x86_64\bin\instrument.dll
0x00007ff963320000 - 0x00007ff963340000 	c:\Users\Yohan\.vscode\extensions\redhat.java-1.49.0-win32-x64\jre\21.0.9-win32-x86_64\bin\java.dll
0x00007ff9a69a0000 - 0x00007ff9a70ef000 	C:\WINDOWS\System32\SHELL32.dll
0x00007ff9a4c20000 - 0x00007ff9a4d8b000 	C:\WINDOWS\System32\wintypes.dll
0x00007ff9a2790000 - 0x00007ff9a2fed000 	C:\WINDOWS\SYSTEM32\windows.storage.dll
0x00007ff9a7280000 - 0x00007ff9a7372000 	C:\WINDOWS\System32\SHCORE.dll
0x00007ff9a6140000 - 0x00007ff9a61a7000 	C:\WINDOWS\System32\shlwapi.dll
0x00007ff9a4a90000 - 0x00007ff9a4ab9000 	C:\WINDOWS\SYSTEM32\profapi.dll
0x00007ff963d60000 - 0x00007ff963d78000 	c:\Users\Yohan\.vscode\extensions\redhat.java-1.49.0-win32-x64\jre\21.0.9-win32-x86_64\bin\zip.dll
0x00007ff98bd80000 - 0x00007ff98bd90000 	C:\Users\Yohan\.vscode\extensions\redhat.java-1.49.0-win32-x64\jre\21.0.9-win32-x86_64\bin\net.dll
0x00007ff9990a0000 - 0x00007ff9991c8000 	C:\WINDOWS\SYSTEM32\WINHTTP.dll
0x00007ff9a3fc0000 - 0x00007ff9a402b000 	C:\WINDOWS\system32\mswsock.dll
0x00007ff962ca0000 - 0x00007ff962cb6000 	C:\Users\Yohan\.vscode\extensions\redhat.java-1.49.0-win32-x64\jre\21.0.9-win32-x86_64\bin\nio.dll
0x00007ff98cda0000 - 0x00007ff98cdb0000 	c:\Users\Yohan\.vscode\extensions\redhat.java-1.49.0-win32-x64\jre\21.0.9-win32-x86_64\bin\verify.dll
0x00007ff93eb10000 - 0x00007ff93eb54000 	C:\Users\Yohan\AppData\Roaming\Code\User\globalStorage\redhat.java\1.49.0\config_win\org.eclipse.equinox.launcher\org.eclipse.equinox.launcher.win32.win32.x86_64_1.2.1400.v20250801-0854\eclipse_11916.dll
0x00007ff9a7610000 - 0x00007ff9a77a7000 	C:\WINDOWS\System32\ole32.dll
0x00007ff9a4280000 - 0x00007ff9a429b000 	C:\WINDOWS\SYSTEM32\CRYPTSP.dll
0x00007ff9a3920000 - 0x00007ff9a395a000 	C:\WINDOWS\system32\rsaenh.dll
0x00007ff9a4070000 - 0x00007ff9a409b000 	C:\WINDOWS\SYSTEM32\USERENV.dll
0x00007ff9a4a60000 - 0x00007ff9a4a8a000 	C:\WINDOWS\SYSTEM32\bcrypt.dll
0x00007ff9a42a0000 - 0x00007ff9a42ac000 	C:\WINDOWS\SYSTEM32\CRYPTBASE.dll
0x00007ff9a3320000 - 0x00007ff9a3354000 	C:\WINDOWS\SYSTEM32\IPHLPAPI.DLL
0x00007ff9a7580000 - 0x00007ff9a758a000 	C:\WINDOWS\System32\NSI.dll
0x00007ff93a5d0000 - 0x00007ff93a619000 	C:\Users\Yohan\AppData\Local\Temp\jna-85603231\jna1005219968250640060.dll
0x00007ff9a59f0000 - 0x00007ff9a59f8000 	C:\WINDOWS\System32\PSAPI.DLL
0x00007ff99e920000 - 0x00007ff99e93e000 	C:\WINDOWS\SYSTEM32\dhcpcsvc6.DLL
0x00007ff99e510000 - 0x00007ff99e533000 	C:\WINDOWS\SYSTEM32\dhcpcsvc.DLL

JVMTI agents:
c:\Users\Yohan\.vscode\extensions\redhat.java-1.49.0-win32-x64\lombok\lombok-1.18.39-4050.jar path:c:\Users\Yohan\.vscode\extensions\redhat.java-1.49.0-win32-x64\jre\21.0.9-win32-x86_64\bin\instrument.dll, loaded, initialized, instrumentlib options:none

dbghelp: loaded successfully - version: 4.0.5 - missing functions: none
symbol engine: initialized successfully - sym options: 0x614 - pdb path: .;c:\Users\Yohan\.vscode\extensions\redhat.java-1.49.0-win32-x64\jre\21.0.9-win32-x86_64\bin;C:\WINDOWS\SYSTEM32;C:\WINDOWS\WinSxS\amd64_microsoft.windows.common-controls_6595b64144ccf1df_6.0.26100.7019_none_3e06ffa0e335b8a8;c:\Users\Yohan\.vscode\extensions\redhat.java-1.49.0-win32-x64\jre\21.0.9-win32-x86_64\bin\server;C:\Users\Yohan\AppData\Roaming\Code\User\globalStorage\redhat.java\1.49.0\config_win\org.eclipse.equinox.launcher\org.eclipse.equinox.launcher.win32.win32.x86_64_1.2.1400.v20250801-0854;C:\Users\Yohan\AppData\Local\Temp\jna-85603231

VM Arguments:
jvm_args: --add-modules=ALL-SYSTEM --add-opens=java.base/java.util=ALL-UNNAMED --add-opens=java.base/java.lang=ALL-UNNAMED --add-opens=java.base/sun.nio.fs=ALL-UNNAMED -Declipse.application=org.eclipse.jdt.ls.core.id1 -Dosgi.bundles.defaultStartLevel=4 -Declipse.product=org.eclipse.jdt.ls.core.product -Djava.import.generatesMetadataFilesAtProjectRoot=false -DDetectVMInstallationsJob.disabled=true -Dfile.encoding=utf8 -XX:+UseParallelGC -XX:GCTimeRatio=4 -XX:AdaptiveSizePolicyWeight=90 -Dsun.zip.disableMemoryMapping=true -Xmx2G -Xms100m -Xlog:disable -javaagent:c:\Users\Yohan\.vscode\extensions\redhat.java-1.49.0-win32-x64\lombok\lombok-1.18.39-4050.jar -XX:+HeapDumpOnOutOfMemoryError -XX:HeapDumpPath=c:\Users\Yohan\AppData\Roaming\Code\User\workspaceStorage\a26e054e6e5149c6cb18e9f8cb4f20ed\redhat.java -Daether.dependencyCollector.impl=bf 
java_command: c:\Users\Yohan\.vscode\extensions\redhat.java-1.49.0-win32-x64\server\plugins\org.eclipse.equinox.launcher_1.7.100.v20251111-0406.jar -configuration c:\Users\Yohan\AppData\Roaming\Code\User\globalStorage\redhat.java\1.49.0\config_win -data c:\Users\Yohan\AppData\Roaming\Code\User\workspaceStorage\a26e054e6e5149c6cb18e9f8cb4f20ed\redhat.java\jdt_ws --pipe=\\.\pipe\lsp-7971e0ebbcf1e60aea64e5113e7dfdcd-sock
java_class_path (initial): c:\Users\Yohan\.vscode\extensions\redhat.java-1.49.0-win32-x64\server\plugins\org.eclipse.equinox.launcher_1.7.100.v20251111-0406.jar
Launcher Type: SUN_STANDARD

[Global flags]
    uintx AdaptiveSizePolicyWeight                 = 90                                        {product} {command line}
     intx CICompilerCount                          = 12                                        {product} {ergonomic}
    uintx GCTimeRatio                              = 4                                         {product} {command line}
     bool HeapDumpOnOutOfMemoryError               = true                                   {manageable} {command line}
    ccstr HeapDumpPath                             = c:\Users\Yohan\AppData\Roaming\Code\User\workspaceStorage\a26e054e6e5149c6cb18e9f8cb4f20ed\redhat.java         {manageable} {command line}
   size_t InitialHeapSize                          = 104857600                                 {product} {command line}
   size_t MaxHeapSize                              = 2147483648                                {product} {command line}
   size_t MaxNewSize                               = 715653120                                 {product} {ergonomic}
   size_t MinHeapDeltaBytes                        = 524288                                    {product} {ergonomic}
   size_t MinHeapSize                              = 104857600                                 {product} {command line}
   size_t NewSize                                  = 34603008                                  {product} {ergonomic}
    uintx NonNMethodCodeHeapSize                   = 7602480                                {pd product} {ergonomic}
    uintx NonProfiledCodeHeapSize                  = 122027880                              {pd product} {ergonomic}
   size_t OldSize                                  = 70254592                                  {product} {ergonomic}
    uintx ProfiledCodeHeapSize                     = 122027880                              {pd product} {ergonomic}
    uintx ReservedCodeCacheSize                    = 251658240                              {pd product} {ergonomic}
     bool SegmentedCodeCache                       = true                                      {product} {ergonomic}
   size_t SoftMaxHeapSize                          = 2147483648                             {manageable} {ergonomic}
     bool UseCompressedOops                        = true                           {product lp64_product} {ergonomic}
     bool UseLargePagesIndividualAllocation        = false                                  {pd product} {ergonomic}
     bool UseParallelGC                            = true                                      {product} {command line}

Logging:
Log output configuration:
 #0: stdout all=off uptime,level,tags foldmultilines=false
 #1: stderr all=off uptime,level,tags foldmultilines=false

Release file:
JAVA_VERSION="21.0.9" 
MODULES="java.base java.compiler java.datatransfer java.xml java.prefs java.desktop java.instrument java.logging java.management java.security.sasl java.naming java.rmi java.management.rmi java.net.http java.scripting java.security.jgss java.transaction.xa java.sql java.sql.rowset java.xml.crypto java.se java.smartcardio jdk.accessibility jdk.internal.jvmstat jdk.attach jdk.charsets jdk.internal.opt jdk.zipfs jdk.compiler jdk.crypto.ec jdk.crypto.cryptoki jdk.crypto.mscapi jdk.dynalink jdk.internal.ed jdk.editpad jdk.hotspot.agent jdk.httpserver jdk.internal.le jdk.internal.vm.ci jdk.internal.vm.compiler jdk.internal.vm.compiler.management jdk.jartool jdk.javadoc jdk.jcmd jdk.management jdk.management.agent jdk.jconsole jdk.jdeps jdk.jdwp.agent jdk.jdi jdk.jfr jdk.jshell jdk.jsobject jdk.jstatd jdk.localedata jdk.management.jfr jdk.naming.dns jdk.naming.rmi jdk.net jdk.nio.mapmode jdk.random jdk.sctp jdk.security.auth jdk.security.jgss jdk.unsupported jdk.unsupported.desktop jdk.xml.dom" 

Environment Variables:
JAVA_HOME=C:\Program Files\Microsoft\jdk-17.0.14.7-hotspot\
PATH=C:\Program Files\Microsoft\jdk-17.0.14.7-hotspot\bin;C:\WINDOWS\system32;C:\WINDOWS;C:\WINDOWS\System32\Wbem;C:\WINDOWS\System32\WindowsPowerShell\v1.0\;C:\WINDOWS\System32\OpenSSH\;C:\Program Files (x86)\NVIDIA Corporation\PhysX\Common;C:\Program Files\NVIDIA Corporation\NVIDIA NvDLISR;C:\ProgramData\chocolatey\bin;C:\Program Files\Git\cmd;C:\Users\Yohan\AppData\Local\Android\Sdk;C:\Users\Yohan\AppData\Local\Android\Sdk\build-tools;C:\Users\Yohan\AppData\Local\Android\Sdk\platform-tools;C:\Users\Yohan\AppData\Local\Android\Sdk\platforms;C:\Users\Yohan\AppData\Local\Programs\Python\Python313;C:\Users\Yohan\AppData\Local\Programs\Python\Python313\Scripts;C:\Users\Yohan\AppData\Local\nvm;C:\nvm4w\nodejs;C:\Users\Yohan\AppData\Local\Pub\Cache\bin;C:\Program Files\MongoDB\Server\8.2\bin;C:\Program Files\Microsoft SQL Server\170\Tools\Binn\;C:\Program Files\Microsoft SQL Server\Client SDK\ODBC\170\Tools\Binn\;C:\Program Files\dotnet\;C:\Users\Yohan\.config\herd-lite\bin;C:\Users\Yohan\AppData\Local\Microsoft\WindowsApps;C:\Users\Yohan\AppData\Local\Programs\Microsoft VS Code\bin;C:\Users\Yohan\AppData\Roaming\npm;C:\Program Files\JetBrains\CLion 2024.3.4\bin;C:\Program Files\JetBrains\PyCharm 2023.1.3\bin;C:\Users\Yohan\AppData\Local\Android\Sdk;C:\Users\Yohan\AppData\Local\Android\Sdk\build-tools;C:\Users\Yohan\AppData\Local\Android\Sdk\platform-tools;C:\Users\Yohan\AppData\Local\Android\Sdk\platforms;C:\Users\Yohan\AppData\Local\Android\Sdk\platform-tools;C:\Users\Yohan\AppData\Local\Programs\Python\Python313;C:\Users\Yohan\AppData\Local\Programs\Python\Python313\Scripts;C:\Program Files\JetBrains\IntelliJ IDEA 2025.1.3\bin;C:\Users\Yohan\AppData\Local\GitHubDesktop\bin;C:\dev\flutter\bin;C:\Users\Yohan\AppData\Local\Programs\Swift\Runtimes\6.1.2\usr\bin\;C:\Users\Yohan\AppData\Local\Programs\Swift\Toolchains\6.1.2+Asserts\usr\bin\;C:\Program Files\JetBrains\JetBrains Rider 2025.1.4\bin;C:\Program Files\JetBrains\WebStorm 2025.1.3\bin;C:\Users\Yohan\AppData\Local\nvm;C:\nvm4w\nodejs;C:\Users\Yohan\AppData\Local\Programs\mongosh\;C:\Users\Yohan\.dotnet\tools
USERNAME=Yohan
OS=Windows_NT
PROCESSOR_IDENTIFIER=AMD64 Family 25 Model 117 Stepping 2, AuthenticAMD
TMP=C:\Users\Yohan\AppData\Local\Temp
TEMP=C:\Users\Yohan\AppData\Local\Temp




Periodic native trim disabled

---------------  S Y S T E M  ---------------

OS:
 Windows 11 , 64 bit Build 26100 (10.0.26100.7019)
OS uptime: 1 days 4:59 hours
Hyper-V role detected

CPU: total 16 (initial active 16) (16 cores per cpu, 2 threads per core) family 25 model 117 stepping 2 microcode 0xa70520a, cx8, cmov, fxsr, ht, mmx, 3dnowpref, sse, sse2, sse3, ssse3, sse4a, sse4.1, sse4.2, popcnt, lzcnt, tsc, tscinvbit, avx, avx2, aes, erms, clmul, bmi1, bmi2, adx, avx512f, avx512dq, avx512cd, avx512bw, avx512vl, sha, fma, vzeroupper, avx512_vpopcntdq, avx512_vpclmulqdq, avx512_vaes, avx512_vnni, clflush, clflushopt, avx512_vbmi2, avx512_vbmi, hv, rdtscp, rdpid, fsrm, gfni, avx512_bitalg, f16c, cet_ss, avx512_ifma
Processor Information for processor 0
  Max Mhz: 3801, Current Mhz: 3040, Mhz Limit: 3801
Processor Information for processor 1
  Max Mhz: 3801, Current Mhz: 3801, Mhz Limit: 3801
Processor Information for processor 2
  Max Mhz: 3801, Current Mhz: 3801, Mhz Limit: 3801
Processor Information for processor 3
  Max Mhz: 3801, Current Mhz: 3801, Mhz Limit: 3801
Processor Information for processor 4
  Max Mhz: 3801, Current Mhz: 3801, Mhz Limit: 3801
Processor Information for processor 5
  Max Mhz: 3801, Current Mhz: 3801, Mhz Limit: 3801
Processor Information for processor 6
  Max Mhz: 3801, Current Mhz: 3801, Mhz Limit: 3801
Processor Information for processor 7
  Max Mhz: 3801, Current Mhz: 3801, Mhz Limit: 3801
Processor Information for processor 8
  Max Mhz: 3801, Current Mhz: 3040, Mhz Limit: 3801
Processor Information for processor 9
  Max Mhz: 3801, Current Mhz: 3040, Mhz Limit: 3801
Processor Information for processor 10
  Max Mhz: 3801, Current Mhz: 3801, Mhz Limit: 3801
Processor Information for processor 11
  Max Mhz: 3801, Current Mhz: 3040, Mhz Limit: 3801
Processor Information for processor 12
  Max Mhz: 3801, Current Mhz: 3801, Mhz Limit: 3801
Processor Information for processor 13
  Max Mhz: 3801, Current Mhz: 3040, Mhz Limit: 3801
Processor Information for processor 14
  Max Mhz: 3801, Current Mhz: 3040, Mhz Limit: 3801
Processor Information for processor 15
  Max Mhz: 3801, Current Mhz: 3801, Mhz Limit: 3801

Memory: 4k page, system-wide physical 15631M (1168M free)
TotalPageFile size 62735M (AvailPageFile size 5M)
current process WorkingSet (physical memory assigned to process): 262M, peak: 264M
current process commit charge ("private bytes"): 392M, peak: 393M

vm_info: OpenJDK 64-Bit Server VM (21.0.9+10-LTS) for windows-amd64 JRE (21.0.9+10-LTS), built on 2025-10-21T00:00:00Z by "admin" with unknown MS VC++:1942

END.
