#
# There is insufficient memory for the Java Runtime Environment to continue.
# Native memory allocation (malloc) failed to allocate 1204032 bytes. Error detail: Chunk::new
# Possible reasons:
#   The system is out of physical RAM or swap space
#   This process is running with CompressedOops enabled, and the Java Heap may be blocking the growth of the native heap
# Possible solutions:
#   Reduce memory load on the system
#   Increase physical memory or swap space
#   Check if swap backing store is full
#   Decrease Java heap size (-Xmx/-Xms)
#   Decrease number of Java threads
#   Decrease Java thread stack sizes (-Xss)
#   Set larger code cache with -XX:ReservedCodeCacheSize=
#   JVM is running with Unscaled Compressed Oops mode in which the Java heap is
#     placed in the first 4GB address space. The Java Heap base address is the
#     maximum limit for the native heap growth. Please use -XX:HeapBaseMinAddress
#     to set the Java Heap base and to place the Java Heap above 4GB virtual address.
# This output file may be truncated or incomplete.
#
#  Out of Memory Error (arena.cpp:168), pid=23788, tid=30896
#
# JRE version: OpenJDK Runtime Environment Temurin-21.0.9+10 (21.0.9+10) (build 21.0.9+10-LTS)
# Java VM: OpenJDK 64-Bit Server VM Temurin-21.0.9+10 (21.0.9+10-LTS, mixed mode, sharing, tiered, compressed oops, compressed class ptrs, parallel gc, windows-amd64)
# No core dump will be written. Minidumps are not enabled by default on client versions of Windows
#

---------------  S U M M A R Y ------------

Command Line: --add-modules=ALL-SYSTEM --add-opens=java.base/java.util=ALL-UNNAMED --add-opens=java.base/java.lang=ALL-UNNAMED --add-opens=java.base/sun.nio.fs=ALL-UNNAMED -Declipse.application=org.eclipse.jdt.ls.core.id1 -Dosgi.bundles.defaultStartLevel=4 -Declipse.product=org.eclipse.jdt.ls.core.product -Djava.import.generatesMetadataFilesAtProjectRoot=false -DDetectVMInstallationsJob.disabled=true -Dfile.encoding=utf8 -XX:+UseParallelGC -XX:GCTimeRatio=4 -XX:AdaptiveSizePolicyWeight=90 -Dsun.zip.disableMemoryMapping=true -Xmx2G -Xms100m -Xlog:disable -javaagent:c:\Users\Yohan\.vscode\extensions\redhat.java-1.49.0-win32-x64\lombok\lombok-1.18.39-4050.jar -XX:+HeapDumpOnOutOfMemoryError -XX:HeapDumpPath=c:\Users\Yohan\AppData\Roaming\Code\User\workspaceStorage\a26e054e6e5149c6cb18e9f8cb4f20ed\redhat.java -Daether.dependencyCollector.impl=bf c:\Users\Yohan\.vscode\extensions\redhat.java-1.49.0-win32-x64\server\plugins\org.eclipse.equinox.launcher_1.7.100.v20251111-0406.jar -configuration c:\Users\Yohan\AppData\Roaming\Code\User\globalStorage\redhat.java\1.49.0\config_win -data c:\Users\Yohan\AppData\Roaming\Code\User\workspaceStorage\a26e054e6e5149c6cb18e9f8cb4f20ed\redhat.java\jdt_ws --pipe=\\.\pipe\lsp-9d85b9671519f1ef8969c1e7340272c7-sock

Host: AMD Ryzen 7 8845HS w/ Radeon 780M Graphics, 16 cores, 15G,  Windows 11 , 64 bit Build 26100 (10.0.26100.7019)
Time: Mon Nov 24 20:43:36 2025 GMT Standard Time elapsed time: 8.450773 seconds (0d 0h 0m 8s)

---------------  T H R E A D  ---------------

Current thread (0x000001187dcd3010):  JavaThread "C2 CompilerThread0" daemon [_thread_in_native, id=30896, stack(0x0000000513600000,0x0000000513700000) (1024K)]


Current CompileTask:
C2:8450 8293   !   4       org.eclipse.osgi.internal.loader.classpath.ClasspathManager::defineClass (636 bytes)

Stack: [0x0000000513600000,0x0000000513700000]
Native frames: (J=compiled Java code, j=interpreted, Vv=VM code, C=native code)
V  [jvm.dll+0x6d6e29]
V  [jvm.dll+0x8b4b76]
V  [jvm.dll+0x8b712e]
V  [jvm.dll+0x8b7813]
V  [jvm.dll+0x283d86]
V  [jvm.dll+0xc66ed]
V  [jvm.dll+0xc6c31]
V  [jvm.dll+0x3be53b]
V  [jvm.dll+0x1e3d59]
V  [jvm.dll+0x24c0f3]
V  [jvm.dll+0x24b580]
V  [jvm.dll+0x1cb13e]
V  [jvm.dll+0x25b29d]
V  [jvm.dll+0x25982a]
V  [jvm.dll+0x3f7ea6]
V  [jvm.dll+0x85e9ad]
V  [jvm.dll+0x6d565d]
C  [ucrtbase.dll+0x37b0]
C  [KERNEL32.DLL+0x2e8d7]
C  [ntdll.dll+0x8c53c]


---------------  P R O C E S S  ---------------

Threads class SMR info:
_java_thread_list=0x000001185b25f620, length=53, elements={
0x0000011878721e00, 0x000001187c7fe370, 0x00000118787c41b0, 0x00000118787caec0,
0x00000118787cbd90, 0x00000118787ce050, 0x00000118787d5070, 0x000001187dcd3010,
0x000001187dcd6970, 0x00000118787d77d0, 0x00000118787d5d90, 0x000001187fbace20,
0x00000118787d7140, 0x00000118787d5700, 0x00000118787d6ab0, 0x00000118787d4350,
0x00000118787d49e0, 0x0000011858a8cf50, 0x0000011858a8d5e0, 0x0000011858a8dc70,
0x0000011858a8bba0, 0x0000011858a8b510, 0x0000011858a8c230, 0x0000011858a8e300,
0x0000011858a8f020, 0x0000011858a903d0, 0x0000011858a8f6b0, 0x0000011858a8e990,
0x0000011858a924a0, 0x0000011858a8fd40, 0x0000011858a90a60, 0x0000011858a910f0,
0x0000011858a91780, 0x0000011858a91e10, 0x000001185aa9cc80, 0x000001185aa9bf60,
0x000001185aa9e030, 0x000001185aa9d9a0, 0x000001185aa9e6c0, 0x000001185aa9b240,
0x000001185aa9c5f0, 0x000001185aa9d310, 0x000001185aa9b8d0, 0x000001185affab50,
0x000001185affb1e0, 0x000001185aff83f0, 0x000001185aff9110, 0x000001185aff8a80,
0x000001185aff9e30, 0x000001185affbf00, 0x000001185affd2b0, 0x000001185affb870,
0x000001185affc590
}

Java Threads: ( => current thread )
  0x0000011878721e00 JavaThread "main"                              [_thread_blocked, id=2292, stack(0x0000000512c00000,0x0000000512d00000) (1024K)]
  0x000001187c7fe370 JavaThread "Reference Handler"          daemon [_thread_blocked, id=32204, stack(0x0000000513000000,0x0000000513100000) (1024K)]
  0x00000118787c41b0 JavaThread "Finalizer"                  daemon [_thread_blocked, id=14088, stack(0x0000000513100000,0x0000000513200000) (1024K)]
  0x00000118787caec0 JavaThread "Signal Dispatcher"          daemon [_thread_blocked, id=32168, stack(0x0000000513200000,0x0000000513300000) (1024K)]
  0x00000118787cbd90 JavaThread "Attach Listener"            daemon [_thread_blocked, id=26976, stack(0x0000000513300000,0x0000000513400000) (1024K)]
  0x00000118787ce050 JavaThread "Service Thread"             daemon [_thread_blocked, id=31688, stack(0x0000000513400000,0x0000000513500000) (1024K)]
  0x00000118787d5070 JavaThread "Monitor Deflation Thread"   daemon [_thread_blocked, id=14080, stack(0x0000000513500000,0x0000000513600000) (1024K)]
=>0x000001187dcd3010 JavaThread "C2 CompilerThread0"         daemon [_thread_in_native, id=30896, stack(0x0000000513600000,0x0000000513700000) (1024K)]
  0x000001187dcd6970 JavaThread "C1 CompilerThread0"         daemon [_thread_blocked, id=31992, stack(0x0000000513700000,0x0000000513800000) (1024K)]
  0x00000118787d77d0 JavaThread "Common-Cleaner"             daemon [_thread_blocked, id=28388, stack(0x0000000513a00000,0x0000000513b00000) (1024K)]
  0x00000118787d5d90 JavaThread "Notification Thread"        daemon [_thread_blocked, id=10008, stack(0x0000000513d00000,0x0000000513e00000) (1024K)]
  0x000001187fbace20 JavaThread "C2 CompilerThread1"         daemon [_thread_blocked, id=22976, stack(0x0000000513900000,0x0000000513a00000) (1024K)]
  0x00000118787d7140 JavaThread "Active Thread: Equinox Container: 9500849b-1893-4529-ba8b-6e9381282a1a"        [_thread_blocked, id=8556, stack(0x0000000514600000,0x0000000514700000) (1024K)]
  0x00000118787d5700 JavaThread "Refresh Thread: Equinox Container: 9500849b-1893-4529-ba8b-6e9381282a1a" daemon [_thread_blocked, id=31284, stack(0x0000000514800000,0x0000000514900000) (1024K)]
  0x00000118787d6ab0 JavaThread "Framework Event Dispatcher: Equinox Container: 9500849b-1893-4529-ba8b-6e9381282a1a" daemon [_thread_blocked, id=27900, stack(0x0000000514900000,0x0000000514a00000) (1024K)]
  0x00000118787d4350 JavaThread "Start Level: Equinox Container: 9500849b-1893-4529-ba8b-6e9381282a1a" daemon [_thread_blocked, id=23864, stack(0x0000000514a00000,0x0000000514b00000) (1024K)]
  0x00000118787d49e0 JavaThread "Bundle File Closer"         daemon [_thread_blocked, id=2196, stack(0x0000000514e00000,0x0000000514f00000) (1024K)]
  0x0000011858a8cf50 JavaThread "SCR Component Actor"        daemon [_thread_blocked, id=26132, stack(0x0000000514f00000,0x0000000515000000) (1024K)]
  0x0000011858a8d5e0 JavaThread "Worker-JM"                         [_thread_blocked, id=31404, stack(0x0000000515000000,0x0000000515100000) (1024K)]
  0x0000011858a8dc70 JavaThread "JNA Cleaner"                daemon [_thread_blocked, id=29376, stack(0x0000000514500000,0x0000000514600000) (1024K)]
  0x0000011858a8bba0 JavaThread "Worker-0"                          [_thread_blocked, id=1880, stack(0x0000000515300000,0x0000000515400000) (1024K)]
  0x0000011858a8b510 JavaThread "Worker-1"                          [_thread_blocked, id=31664, stack(0x0000000515400000,0x0000000515500000) (1024K)]
  0x0000011858a8c230 JavaThread "Worker-2"                          [_thread_blocked, id=22172, stack(0x0000000515500000,0x0000000515600000) (1024K)]
  0x0000011858a8e300 JavaThread "Worker-3"                          [_thread_blocked, id=13628, stack(0x0000000515600000,0x0000000515700000) (1024K)]
  0x0000011858a8f020 JavaThread "Java indexing"              daemon [_thread_blocked, id=31628, stack(0x0000000515700000,0x0000000515800000) (1024K)]
  0x0000011858a903d0 JavaThread "Worker-4: Initialize workspace"        [_thread_blocked, id=30704, stack(0x0000000515a00000,0x0000000515b00000) (1024K)]
  0x0000011858a8f6b0 JavaThread "Worker-5"                          [_thread_blocked, id=31588, stack(0x0000000515b00000,0x0000000515c00000) (1024K)]
  0x0000011858a8e990 JavaThread "Thread-1"                   daemon [_thread_in_native, id=31340, stack(0x0000000515c00000,0x0000000515d00000) (1024K)]
  0x0000011858a924a0 JavaThread "Thread-2"                   daemon [_thread_in_native, id=27616, stack(0x0000000515d00000,0x0000000515e00000) (1024K)]
  0x0000011858a8fd40 JavaThread "Thread-3"                   daemon [_thread_in_native, id=22080, stack(0x0000000515e00000,0x0000000515f00000) (1024K)]
  0x0000011858a90a60 JavaThread "Thread-4"                   daemon [_thread_in_native, id=29496, stack(0x0000000515f00000,0x0000000516000000) (1024K)]
  0x0000011858a910f0 JavaThread "Thread-5"                   daemon [_thread_in_native, id=32712, stack(0x0000000516000000,0x0000000516100000) (1024K)]
  0x0000011858a91780 JavaThread "Thread-6"                   daemon [_thread_in_native, id=29028, stack(0x0000000516100000,0x0000000516200000) (1024K)]
  0x0000011858a91e10 JavaThread "Thread-7"                   daemon [_thread_in_native, id=27560, stack(0x0000000516200000,0x0000000516300000) (1024K)]
  0x000001185aa9cc80 JavaThread "Thread-8"                   daemon [_thread_in_native, id=27320, stack(0x0000000516300000,0x0000000516400000) (1024K)]
  0x000001185aa9bf60 JavaThread "Thread-9"                   daemon [_thread_in_native, id=28940, stack(0x0000000516400000,0x0000000516500000) (1024K)]
  0x000001185aa9e030 JavaThread "Thread-10"                  daemon [_thread_in_native, id=5712, stack(0x0000000516500000,0x0000000516600000) (1024K)]
  0x000001185aa9d9a0 JavaThread "Thread-11"                  daemon [_thread_in_native, id=31004, stack(0x0000000516600000,0x0000000516700000) (1024K)]
  0x000001185aa9e6c0 JavaThread "Thread-12"                  daemon [_thread_in_native, id=30220, stack(0x0000000516700000,0x0000000516800000) (1024K)]
  0x000001185aa9b240 JavaThread "Thread-13"                  daemon [_thread_in_native, id=31640, stack(0x0000000516800000,0x0000000516900000) (1024K)]
  0x000001185aa9c5f0 JavaThread "Thread-14"                  daemon [_thread_in_native, id=29688, stack(0x0000000516900000,0x0000000516a00000) (1024K)]
  0x000001185aa9d310 JavaThread "Thread-15"                  daemon [_thread_in_native, id=32280, stack(0x0000000516a00000,0x0000000516b00000) (1024K)]
  0x000001185aa9b8d0 JavaThread "Thread-16"                  daemon [_thread_in_native, id=10048, stack(0x0000000516b00000,0x0000000516c00000) (1024K)]
  0x000001185affab50 JavaThread "Thread-17"                  daemon [_thread_in_native, id=32260, stack(0x0000000516c00000,0x0000000516d00000) (1024K)]
  0x000001185affb1e0 JavaThread "pool-2-thread-1"                   [_thread_blocked, id=19712, stack(0x0000000516d00000,0x0000000516e00000) (1024K)]
  0x000001185aff83f0 JavaThread "WorkspaceEventsHandler"            [_thread_blocked, id=4816, stack(0x0000000516e00000,0x0000000516f00000) (1024K)]
  0x000001185aff9110 JavaThread "pool-1-thread-1"                   [_thread_blocked, id=29208, stack(0x0000000516f00000,0x0000000517000000) (1024K)]
  0x000001185aff8a80 JavaThread "Timer-0"                           [_thread_blocked, id=30512, stack(0x0000000517000000,0x0000000517100000) (1024K)]
  0x000001185aff9e30 JavaThread "ForkJoinPool.commonPool-worker-1" daemon [_thread_blocked, id=28468, stack(0x0000000513e00000,0x0000000513f00000) (1024K)]
  0x000001185affbf00 JavaThread "ForkJoinPool.commonPool-worker-2" daemon [_thread_blocked, id=24116, stack(0x0000000517100000,0x0000000517200000) (1024K)]
  0x000001185affd2b0 JavaThread "ForkJoinPool.commonPool-worker-3" daemon [_thread_blocked, id=32240, stack(0x0000000517200000,0x0000000517300000) (1024K)]
  0x000001185affb870 JavaThread "ForkJoinPool.commonPool-worker-4" daemon [_thread_blocked, id=31120, stack(0x0000000517300000,0x0000000517400000) (1024K)]
  0x000001185affc590 JavaThread "ForkJoinPool.commonPool-worker-5" daemon [_thread_blocked, id=31648, stack(0x0000000517400000,0x0000000517500000) (1024K)]
Total: 53

Other Threads:
  0x00000118787c3bb0 VMThread "VM Thread"                           [id=30976, stack(0x0000000512f00000,0x0000000513000000) (1024K)]
  0x00000118787901d0 WatcherThread "VM Periodic Task Thread"        [id=31252, stack(0x0000000512e00000,0x0000000512f00000) (1024K)]
  0x0000011878740280 WorkerThread "GC Thread#0"                     [id=11304, stack(0x0000000512d00000,0x0000000512e00000) (1024K)]
  0x000001187f9082e0 WorkerThread "GC Thread#1"                     [id=24380, stack(0x0000000513f00000,0x0000000514000000) (1024K)]
  0x000001187f908680 WorkerThread "GC Thread#2"                     [id=29072, stack(0x0000000514000000,0x0000000514100000) (1024K)]
  0x000001187f908a20 WorkerThread "GC Thread#3"                     [id=16572, stack(0x0000000514100000,0x0000000514200000) (1024K)]
  0x000001187f908dc0 WorkerThread "GC Thread#4"                     [id=9688, stack(0x0000000514200000,0x0000000514300000) (1024K)]
  0x000001187f88ef30 WorkerThread "GC Thread#5"                     [id=20704, stack(0x0000000514300000,0x0000000514400000) (1024K)]
  0x000001187fd8b6e0 WorkerThread "GC Thread#6"                     [id=24952, stack(0x0000000514400000,0x0000000514500000) (1024K)]
  0x00000118580d9bd0 WorkerThread "GC Thread#7"                     [id=16052, stack(0x0000000514700000,0x0000000514800000) (1024K)]
  0x0000011858963100 WorkerThread "GC Thread#8"                     [id=31964, stack(0x0000000514b00000,0x0000000514c00000) (1024K)]
  0x00000118588a77b0 WorkerThread "GC Thread#9"                     [id=30520, stack(0x0000000514c00000,0x0000000514d00000) (1024K)]
  0x00000118588a6930 WorkerThread "GC Thread#10"                    [id=25024, stack(0x0000000514d00000,0x0000000514e00000) (1024K)]
  0x00000118588a6590 WorkerThread "GC Thread#11"                    [id=9704, stack(0x0000000515100000,0x0000000515200000) (1024K)]
  0x00000118588a7410 WorkerThread "GC Thread#12"                    [id=29276, stack(0x0000000515200000,0x0000000515300000) (1024K)]
Total: 15

Threads with active compile tasks:
C2 CompilerThread0  8468 8293   !   4       org.eclipse.osgi.internal.loader.classpath.ClasspathManager::defineClass (636 bytes)
Total: 1

VM state: at safepoint (normal execution)

VM Mutex/Monitor currently owned by a thread:  ([mutex/lock_event])
[0x00007ff9200dd570] Threads_lock - owner thread: 0x00000118787c3bb0
[0x00007ff9200dd670] Heap_lock - owner thread: 0x0000011858a903d0

Heap address: 0x0000000080000000, size: 2048 MB, Compressed Oops mode: 32-bit

CDS archive(s) mapped at: [0x0000011813000000-0x0000011813ba0000-0x0000011813ba0000), size 12189696, SharedBaseAddress: 0x0000011813000000, ArchiveRelocationMode: 1.
Compressed class space mapped at: 0x0000011814000000-0x0000011854000000, reserved size: 1073741824
Narrow klass base: 0x0000011813000000, Narrow klass shift: 0, Narrow klass range: 0x100000000

GC Precious Log:
 CardTable entry size: 512
 CPUs: 16 total, 16 available
 Memory: 15631M
 Large Page Support: Disabled
 NUMA Support: Disabled
 Compressed Oops: Enabled (32-bit)
 Alignments: Space 512K, Generation 512K, Heap 2M
 Heap Min Capacity: 100M
 Heap Initial Capacity: 100M
 Heap Max Capacity: 2G
 Pre-touch: Disabled
 Parallel Workers: 13

Heap:
 PSYoungGen      total 18432K, used 992K [0x00000000d5580000, 0x00000000d6e80000, 0x0000000100000000)
  eden space 17408K, 0% used [0x00000000d5580000,0x00000000d5580000,0x00000000d6680000)
  from space 1024K, 96% used [0x00000000d6c80000,0x00000000d6d78318,0x00000000d6d80000)
  to   space 512K, 0% used [0x00000000d6e00000,0x00000000d6e00000,0x00000000d6e80000)
 ParOldGen       total 68608K, used 52137K [0x0000000080000000, 0x0000000084300000, 0x00000000d5580000)
  object space 68608K, 75% used [0x0000000080000000,0x00000000832ea678,0x0000000084300000)
 Metaspace       used 58432K, committed 59776K, reserved 1114112K
  class space    used 6820K, committed 7424K, reserved 1048576K

Card table byte_map: [0x000001187bb10000,0x000001187bf20000] _byte_map_base: 0x000001187b710000

Marking Bits: (ParMarkBitMap*) 0x00007ff9200e2460
 Begin Bits: [0x000001180f000000, 0x0000011811000000)
 End Bits:   [0x0000011811000000, 0x0000011813000000)

Polling page: 0x0000011876ee0000

Metaspace:

Usage:
  Non-class:     50.40 MB used.
      Class:      6.66 MB used.
       Both:     57.06 MB used.

Virtual space:
  Non-class space:       64.00 MB reserved,      51.12 MB ( 80%) committed,  1 nodes.
      Class space:        1.00 GB reserved,       7.25 MB ( <1%) committed,  1 nodes.
             Both:        1.06 GB reserved,      58.38 MB (  5%) committed. 

Chunk freelists:
   Non-Class:  12.22 MB
       Class:  8.74 MB
        Both:  20.96 MB

MaxMetaspaceSize: unlimited
CompressedClassSpaceSize: 1.00 GB
Initial GC threshold: 21.00 MB
Current GC threshold: 58.38 MB
CDS: on
 - commit_granule_bytes: 65536.
 - commit_granule_words: 8192.
 - virtual_space_node_default_size: 8388608.
 - enlarge_chunks_in_place: 1.
 - use_allocation_guard: 0.


Internal statistics:

num_allocs_failed_limit: 11.
num_arena_births: 1012.
num_arena_deaths: 14.
num_vsnodes_births: 2.
num_vsnodes_deaths: 0.
num_space_committed: 934.
num_space_uncommitted: 0.
num_chunks_returned_to_freelist: 25.
num_chunks_taken_from_freelist: 3724.
num_chunk_merges: 4.
num_chunk_splits: 2267.
num_chunks_enlarged: 1276.
num_inconsistent_stats: 0.

CodeHeap 'non-profiled nmethods': size=119168Kb used=4725Kb max_used=4725Kb free=114443Kb
 bounds [0x0000011807ba0000, 0x0000011808040000, 0x000001180f000000]
CodeHeap 'profiled nmethods': size=119104Kb used=16027Kb max_used=16027Kb free=103076Kb
 bounds [0x0000011800000000, 0x0000011800fb0000, 0x0000011807450000]
CodeHeap 'non-nmethods': size=7488Kb used=1403Kb max_used=3137Kb free=6084Kb
 bounds [0x0000011807450000, 0x0000011807770000, 0x0000011807ba0000]
CodeCache: size=245760Kb, used=22155Kb, max_used=23889Kb, free=223603Kb
 total_blobs=8371, nmethods=7675, adapters=602, full_count=0
Compilation: enabled, stopped_count=0, restarted_count=0

Compilation events (20 events):
Event: 7.409 Thread 0x000001187fbace20 8338       4       jdk.internal.util.ArraysSupport::hashCode (33 bytes)
Event: 7.411 Thread 0x000001187fbace20 nmethod 8338 0x0000011808038d10 code [0x0000011808038ea0, 0x0000011808039020]
Event: 7.411 Thread 0x000001187fbace20 8346       4       org.eclipse.jdt.internal.compiler.util.HashtableOfObject::putUnsafely (78 bytes)
Event: 7.413 Thread 0x000001187fbace20 nmethod 8346 0x0000011808039110 code [0x0000011808039300, 0x00000118080397d8]
Event: 7.413 Thread 0x000001187fbace20 8354       4       org.eclipse.core.internal.registry.ReferenceMap::get (54 bytes)
Event: 7.415 Thread 0x000001187fbace20 nmethod 8354 0x0000011808039a10 code [0x0000011808039ba0, 0x0000011808039d50]
Event: 7.415 Thread 0x000001187fbace20 8356       4       java.lang.StringConcatHelper::stringOf (20 bytes)
Event: 7.415 Thread 0x000001187fbace20 nmethod 8356 0x0000011808039f10 code [0x000001180803a0a0, 0x000001180803a160]
Event: 7.416 Thread 0x000001187fbace20 8343       4       org.eclipse.jdt.internal.core.index.DiskIndex::readStreamInt (117 bytes)
Event: 7.416 Thread 0x000001187fbace20 nmethod 8343 0x000001180803a210 code [0x000001180803a3a0, 0x000001180803a530]
Event: 7.417 Thread 0x000001187fbace20 8345       4       java.util.Arrays::hashCode (59 bytes)
Event: 7.417 Thread 0x000001187fbace20 nmethod 8345 0x000001180803a690 code [0x000001180803a840, 0x000001180803aac8]
Event: 7.417 Thread 0x000001187fbace20 8331       4       java.lang.ref.ReferenceQueue::enqueue0 (98 bytes)
Event: 7.419 Thread 0x000001187fbace20 nmethod 8331 0x000001180803ab90 code [0x000001180803ad80, 0x000001180803b088]
Event: 7.419 Thread 0x000001187fbace20 8327       4       java.lang.invoke.BoundMethodHandle$SpeciesData::extendWith (64 bytes)
Event: 7.422 Thread 0x000001187fbace20 nmethod 8327 0x000001180803b310 code [0x000001180803b500, 0x000001180803b940]
Event: 7.426 Thread 0x0000011859c2eaf0 8367       3       java.lang.Class::protectionDomain (15 bytes)
Event: 7.426 Thread 0x0000011859c2eaf0 nmethod 8367 0x0000011800fa6210 code [0x0000011800fa63e0, 0x0000011800fa6628]
Event: 7.426 Thread 0x0000011859c2eaf0 8368       3       jdk.internal.loader.ClassLoaders$AppClassLoader::loadClass (40 bytes)
Event: 7.427 Thread 0x0000011859c2eaf0 nmethod 8368 0x0000011800fa6710 code [0x0000011800fa68e0, 0x0000011800fa6cd0]

GC Heap History (20 events):
Event: 6.130 GC heap before
{Heap before GC invocations=33 (full 2):
 PSYoungGen      total 18432K, used 18430K [0x00000000d5580000, 0x00000000d6b00000, 0x0000000100000000)
  eden space 17408K, 100% used [0x00000000d5580000,0x00000000d6680000,0x00000000d6680000)
  from space 1024K, 99% used [0x00000000d6880000,0x00000000d697f9f0,0x00000000d6980000)
  to   space 2048K, 0% used [0x00000000d6680000,0x00000000d6680000,0x00000000d6880000)
 ParOldGen       total 68608K, used 33606K [0x0000000080000000, 0x0000000084300000, 0x00000000d5580000)
  object space 68608K, 48% used [0x0000000080000000,0x00000000820d1898,0x0000000084300000)
 Metaspace       used 51689K, committed 52864K, reserved 1114112K
  class space    used 5735K, committed 6272K, reserved 1048576K
}
Event: 6.131 GC heap after
{Heap after GC invocations=33 (full 2):
 PSYoungGen      total 19456K, used 2035K [0x00000000d5580000, 0x00000000d7980000, 0x0000000100000000)
  eden space 17408K, 0% used [0x00000000d5580000,0x00000000d5580000,0x00000000d6680000)
  from space 2048K, 99% used [0x00000000d6680000,0x00000000d687cd30,0x00000000d6880000)
  to   space 9728K, 0% used [0x00000000d7000000,0x00000000d7000000,0x00000000d7980000)
 ParOldGen       total 68608K, used 39714K [0x0000000080000000, 0x0000000084300000, 0x00000000d5580000)
  object space 68608K, 57% used [0x0000000080000000,0x00000000826c88c8,0x0000000084300000)
 Metaspace       used 51689K, committed 52864K, reserved 1114112K
  class space    used 5735K, committed 6272K, reserved 1048576K
}
Event: 6.279 GC heap before
{Heap before GC invocations=34 (full 2):
 PSYoungGen      total 19456K, used 19443K [0x00000000d5580000, 0x00000000d7980000, 0x0000000100000000)
  eden space 17408K, 100% used [0x00000000d5580000,0x00000000d6680000,0x00000000d6680000)
  from space 2048K, 99% used [0x00000000d6680000,0x00000000d687cd30,0x00000000d6880000)
  to   space 9728K, 0% used [0x00000000d7000000,0x00000000d7000000,0x00000000d7980000)
 ParOldGen       total 68608K, used 39714K [0x0000000080000000, 0x0000000084300000, 0x00000000d5580000)
  object space 68608K, 57% used [0x0000000080000000,0x00000000826c88c8,0x0000000084300000)
 Metaspace       used 52957K, committed 54080K, reserved 1114112K
  class space    used 5962K, committed 6464K, reserved 1048576K
}
Event: 6.280 GC heap after
{Heap after GC invocations=34 (full 2):
 PSYoungGen      total 18432K, used 832K [0x00000000d5580000, 0x00000000d7100000, 0x0000000100000000)
  eden space 17408K, 0% used [0x00000000d5580000,0x00000000d5580000,0x00000000d6680000)
  from space 1024K, 81% used [0x00000000d7000000,0x00000000d70d0000,0x00000000d7100000)
  to   space 3584K, 0% used [0x00000000d6a00000,0x00000000d6a00000,0x00000000d6d80000)
 ParOldGen       total 68608K, used 41671K [0x0000000080000000, 0x0000000084300000, 0x00000000d5580000)
  object space 68608K, 60% used [0x0000000080000000,0x00000000828b1f50,0x0000000084300000)
 Metaspace       used 52957K, committed 54080K, reserved 1114112K
  class space    used 5962K, committed 6464K, reserved 1048576K
}
Event: 6.353 GC heap before
{Heap before GC invocations=35 (full 2):
 PSYoungGen      total 18432K, used 18240K [0x00000000d5580000, 0x00000000d7100000, 0x0000000100000000)
  eden space 17408K, 100% used [0x00000000d5580000,0x00000000d6680000,0x00000000d6680000)
  from space 1024K, 81% used [0x00000000d7000000,0x00000000d70d0000,0x00000000d7100000)
  to   space 3584K, 0% used [0x00000000d6a00000,0x00000000d6a00000,0x00000000d6d80000)
 ParOldGen       total 68608K, used 41671K [0x0000000080000000, 0x0000000084300000, 0x00000000d5580000)
  object space 68608K, 60% used [0x0000000080000000,0x00000000828b1f50,0x0000000084300000)
 Metaspace       used 53087K, committed 54208K, reserved 1114112K
  class space    used 5976K, committed 6464K, reserved 1048576K
}
Event: 6.354 GC heap after
{Heap after GC invocations=35 (full 2):
 PSYoungGen      total 20992K, used 672K [0x00000000d5580000, 0x00000000d7080000, 0x0000000100000000)
  eden space 17408K, 0% used [0x00000000d5580000,0x00000000d5580000,0x00000000d6680000)
  from space 3584K, 18% used [0x00000000d6a00000,0x00000000d6aa8000,0x00000000d6d80000)
  to   space 1536K, 0% used [0x00000000d6f00000,0x00000000d6f00000,0x00000000d7080000)
 ParOldGen       total 68608K, used 42335K [0x0000000080000000, 0x0000000084300000, 0x00000000d5580000)
  object space 68608K, 61% used [0x0000000080000000,0x0000000082957f60,0x0000000084300000)
 Metaspace       used 53087K, committed 54208K, reserved 1114112K
  class space    used 5976K, committed 6464K, reserved 1048576K
}
Event: 6.488 GC heap before
{Heap before GC invocations=36 (full 2):
 PSYoungGen      total 20992K, used 18079K [0x00000000d5580000, 0x00000000d7080000, 0x0000000100000000)
  eden space 17408K, 99% used [0x00000000d5580000,0x00000000d667fff0,0x00000000d6680000)
  from space 3584K, 18% used [0x00000000d6a00000,0x00000000d6aa8000,0x00000000d6d80000)
  to   space 1536K, 0% used [0x00000000d6f00000,0x00000000d6f00000,0x00000000d7080000)
 ParOldGen       total 68608K, used 42335K [0x0000000080000000, 0x0000000084300000, 0x00000000d5580000)
  object space 68608K, 61% used [0x0000000080000000,0x0000000082957f60,0x0000000084300000)
 Metaspace       used 53091K, committed 54208K, reserved 1114112K
  class space    used 5976K, committed 6464K, reserved 1048576K
}
Event: 6.489 GC heap after
{Heap after GC invocations=36 (full 2):
 PSYoungGen      total 18432K, used 704K [0x00000000d5580000, 0x00000000d7000000, 0x0000000100000000)
  eden space 17408K, 0% used [0x00000000d5580000,0x00000000d5580000,0x00000000d6680000)
  from space 1024K, 68% used [0x00000000d6f00000,0x00000000d6fb0000,0x00000000d7000000)
  to   space 1024K, 0% used [0x00000000d6e00000,0x00000000d6e00000,0x00000000d6f00000)
 ParOldGen       total 68608K, used 42753K [0x0000000080000000, 0x0000000084300000, 0x00000000d5580000)
  object space 68608K, 62% used [0x0000000080000000,0x00000000829c04e8,0x0000000084300000)
 Metaspace       used 53091K, committed 54208K, reserved 1114112K
  class space    used 5976K, committed 6464K, reserved 1048576K
}
Event: 6.605 GC heap before
{Heap before GC invocations=37 (full 2):
 PSYoungGen      total 18432K, used 18112K [0x00000000d5580000, 0x00000000d7000000, 0x0000000100000000)
  eden space 17408K, 100% used [0x00000000d5580000,0x00000000d6680000,0x00000000d6680000)
  from space 1024K, 68% used [0x00000000d6f00000,0x00000000d6fb0000,0x00000000d7000000)
  to   space 1024K, 0% used [0x00000000d6e00000,0x00000000d6e00000,0x00000000d6f00000)
 ParOldGen       total 68608K, used 42753K [0x0000000080000000, 0x0000000084300000, 0x00000000d5580000)
  object space 68608K, 62% used [0x0000000080000000,0x00000000829c04e8,0x0000000084300000)
 Metaspace       used 53107K, committed 54272K, reserved 1114112K
  class space    used 5976K, committed 6464K, reserved 1048576K
}
Event: 6.606 GC heap after
{Heap after GC invocations=37 (full 2):
 PSYoungGen      total 18432K, used 1018K [0x00000000d5580000, 0x00000000d7080000, 0x0000000100000000)
  eden space 17408K, 0% used [0x00000000d5580000,0x00000000d5580000,0x00000000d6680000)
  from space 1024K, 99% used [0x00000000d6e00000,0x00000000d6efe8e0,0x00000000d6f00000)
  to   space 1536K, 0% used [0x00000000d6f00000,0x00000000d6f00000,0x00000000d7080000)
 ParOldGen       total 68608K, used 46187K [0x0000000080000000, 0x0000000084300000, 0x00000000d5580000)
  object space 68608K, 67% used [0x0000000080000000,0x0000000082d1ace8,0x0000000084300000)
 Metaspace       used 53107K, committed 54272K, reserved 1114112K
  class space    used 5976K, committed 6464K, reserved 1048576K
}
Event: 6.713 GC heap before
{Heap before GC invocations=38 (full 2):
 PSYoungGen      total 18432K, used 18426K [0x00000000d5580000, 0x00000000d7080000, 0x0000000100000000)
  eden space 17408K, 100% used [0x00000000d5580000,0x00000000d6680000,0x00000000d6680000)
  from space 1024K, 99% used [0x00000000d6e00000,0x00000000d6efe8e0,0x00000000d6f00000)
  to   space 1536K, 0% used [0x00000000d6f00000,0x00000000d6f00000,0x00000000d7080000)
 ParOldGen       total 68608K, used 46187K [0x0000000080000000, 0x0000000084300000, 0x00000000d5580000)
  object space 68608K, 67% used [0x0000000080000000,0x0000000082d1ace8,0x0000000084300000)
 Metaspace       used 53739K, committed 54912K, reserved 1114112K
  class space    used 6119K, committed 6656K, reserved 1048576K
}
Event: 6.714 GC heap after
{Heap after GC invocations=38 (full 2):
 PSYoungGen      total 18944K, used 1070K [0x00000000d5580000, 0x00000000d7080000, 0x0000000100000000)
  eden space 17408K, 0% used [0x00000000d5580000,0x00000000d5580000,0x00000000d6680000)
  from space 1536K, 69% used [0x00000000d6f00000,0x00000000d700b9b8,0x00000000d7080000)
  to   space 2560K, 0% used [0x00000000d6b80000,0x00000000d6b80000,0x00000000d6e00000)
 ParOldGen       total 68608K, used 47197K [0x0000000080000000, 0x0000000084300000, 0x00000000d5580000)
  object space 68608K, 68% used [0x0000000080000000,0x0000000082e17598,0x0000000084300000)
 Metaspace       used 53739K, committed 54912K, reserved 1114112K
  class space    used 6119K, committed 6656K, reserved 1048576K
}
Event: 6.838 GC heap before
{Heap before GC invocations=39 (full 2):
 PSYoungGen      total 18944K, used 18478K [0x00000000d5580000, 0x00000000d7080000, 0x0000000100000000)
  eden space 17408K, 100% used [0x00000000d5580000,0x00000000d6680000,0x00000000d6680000)
  from space 1536K, 69% used [0x00000000d6f00000,0x00000000d700b9b8,0x00000000d7080000)
  to   space 2560K, 0% used [0x00000000d6b80000,0x00000000d6b80000,0x00000000d6e00000)
 ParOldGen       total 68608K, used 47197K [0x0000000080000000, 0x0000000084300000, 0x00000000d5580000)
  object space 68608K, 68% used [0x0000000080000000,0x0000000082e17598,0x0000000084300000)
 Metaspace       used 55715K, committed 56960K, reserved 1114112K
  class space    used 6440K, committed 7040K, reserved 1048576K
}
Event: 6.839 GC heap after
{Heap after GC invocations=39 (full 2):
 PSYoungGen      total 19968K, used 752K [0x00000000d5580000, 0x00000000d6f80000, 0x0000000100000000)
  eden space 17408K, 0% used [0x00000000d5580000,0x00000000d5580000,0x00000000d6680000)
  from space 2560K, 29% used [0x00000000d6b80000,0x00000000d6c3c020,0x00000000d6e00000)
  to   space 1536K, 0% used [0x00000000d6e00000,0x00000000d6e00000,0x00000000d6f80000)
 ParOldGen       total 68608K, used 48118K [0x0000000080000000, 0x0000000084300000, 0x00000000d5580000)
  object space 68608K, 70% used [0x0000000080000000,0x0000000082efda60,0x0000000084300000)
 Metaspace       used 55715K, committed 56960K, reserved 1114112K
  class space    used 6440K, committed 7040K, reserved 1048576K
}
Event: 6.994 GC heap before
{Heap before GC invocations=40 (full 2):
 PSYoungGen      total 19968K, used 18160K [0x00000000d5580000, 0x00000000d6f80000, 0x0000000100000000)
  eden space 17408K, 100% used [0x00000000d5580000,0x00000000d6680000,0x00000000d6680000)
  from space 2560K, 29% used [0x00000000d6b80000,0x00000000d6c3c020,0x00000000d6e00000)
  to   space 1536K, 0% used [0x00000000d6e00000,0x00000000d6e00000,0x00000000d6f80000)
 ParOldGen       total 68608K, used 48118K [0x0000000080000000, 0x0000000084300000, 0x00000000d5580000)
  object space 68608K, 70% used [0x0000000080000000,0x0000000082efda60,0x0000000084300000)
 Metaspace       used 57047K, committed 58368K, reserved 1114112K
  class space    used 6670K, committed 7232K, reserved 1048576K
}
Event: 6.995 GC heap after
{Heap after GC invocations=40 (full 2):
 PSYoungGen      total 18432K, used 544K [0x00000000d5580000, 0x00000000d6f00000, 0x0000000100000000)
  eden space 17408K, 0% used [0x00000000d5580000,0x00000000d5580000,0x00000000d6680000)
  from space 1024K, 53% used [0x00000000d6e00000,0x00000000d6e88000,0x00000000d6f00000)
  to   space 1024K, 0% used [0x00000000d6d00000,0x00000000d6d00000,0x00000000d6e00000)
 ParOldGen       total 68608K, used 48678K [0x0000000080000000, 0x0000000084300000, 0x00000000d5580000)
  object space 68608K, 70% used [0x0000000080000000,0x0000000082f89a90,0x0000000084300000)
 Metaspace       used 57047K, committed 58368K, reserved 1114112K
  class space    used 6670K, committed 7232K, reserved 1048576K
}
Event: 7.147 GC heap before
{Heap before GC invocations=41 (full 2):
 PSYoungGen      total 18432K, used 17952K [0x00000000d5580000, 0x00000000d6f00000, 0x0000000100000000)
  eden space 17408K, 100% used [0x00000000d5580000,0x00000000d6680000,0x00000000d6680000)
  from space 1024K, 53% used [0x00000000d6e00000,0x00000000d6e88000,0x00000000d6f00000)
  to   space 1024K, 0% used [0x00000000d6d00000,0x00000000d6d00000,0x00000000d6e00000)
 ParOldGen       total 68608K, used 48678K [0x0000000080000000, 0x0000000084300000, 0x00000000d5580000)
  object space 68608K, 70% used [0x0000000080000000,0x0000000082f89a90,0x0000000084300000)
 Metaspace       used 57049K, committed 58368K, reserved 1114112K
  class space    used 6670K, committed 7232K, reserved 1048576K
}
Event: 7.148 GC heap after
{Heap after GC invocations=41 (full 2):
 PSYoungGen      total 18432K, used 288K [0x00000000d5580000, 0x00000000d6e80000, 0x0000000100000000)
  eden space 17408K, 0% used [0x00000000d5580000,0x00000000d5580000,0x00000000d6680000)
  from space 1024K, 28% used [0x00000000d6d00000,0x00000000d6d48000,0x00000000d6e00000)
  to   space 512K, 0% used [0x00000000d6e00000,0x00000000d6e00000,0x00000000d6e80000)
 ParOldGen       total 68608K, used 49110K [0x0000000080000000, 0x0000000084300000, 0x00000000d5580000)
  object space 68608K, 71% used [0x0000000080000000,0x0000000082ff5aa0,0x0000000084300000)
 Metaspace       used 57049K, committed 58368K, reserved 1114112K
  class space    used 6670K, committed 7232K, reserved 1048576K
}
Event: 7.381 GC heap before
{Heap before GC invocations=42 (full 2):
 PSYoungGen      total 18432K, used 17686K [0x00000000d5580000, 0x00000000d6e80000, 0x0000000100000000)
  eden space 17408K, 99% used [0x00000000d5580000,0x00000000d667da80,0x00000000d6680000)
  from space 1024K, 28% used [0x00000000d6d00000,0x00000000d6d48000,0x00000000d6e00000)
  to   space 512K, 0% used [0x00000000d6e00000,0x00000000d6e00000,0x00000000d6e80000)
 ParOldGen       total 68608K, used 49110K [0x0000000080000000, 0x0000000084300000, 0x00000000d5580000)
  object space 68608K, 71% used [0x0000000080000000,0x0000000082ff5aa0,0x0000000084300000)
 Metaspace       used 57582K, committed 58880K, reserved 1114112K
  class space    used 6735K, committed 7296K, reserved 1048576K
}
Event: 7.382 GC heap after
{Heap after GC invocations=42 (full 2):
 PSYoungGen      total 17920K, used 504K [0x00000000d5580000, 0x00000000d6e80000, 0x0000000100000000)
  eden space 17408K, 0% used [0x00000000d5580000,0x00000000d5580000,0x00000000d6680000)
  from space 512K, 98% used [0x00000000d6e00000,0x00000000d6e7e1a8,0x00000000d6e80000)
  to   space 1024K, 0% used [0x00000000d6c80000,0x00000000d6c80000,0x00000000d6d80000)
 ParOldGen       total 68608K, used 49319K [0x0000000080000000, 0x0000000084300000, 0x00000000d5580000)
  object space 68608K, 71% used [0x0000000080000000,0x0000000083029db8,0x0000000084300000)
 Metaspace       used 57582K, committed 58880K, reserved 1114112K
  class space    used 6735K, committed 7296K, reserved 1048576K
}

Dll operation events (13 events):
Event: 0.008 Loaded shared library c:\Users\Yohan\.vscode\extensions\redhat.java-1.49.0-win32-x64\jre\21.0.9-win32-x86_64\bin\java.dll
Event: 0.047 Loaded shared library c:\Users\Yohan\.vscode\extensions\redhat.java-1.49.0-win32-x64\jre\21.0.9-win32-x86_64\bin\zip.dll
Event: 0.060 Loaded shared library C:\Users\Yohan\.vscode\extensions\redhat.java-1.49.0-win32-x64\jre\21.0.9-win32-x86_64\bin\instrument.dll
Event: 0.063 Loaded shared library C:\Users\Yohan\.vscode\extensions\redhat.java-1.49.0-win32-x64\jre\21.0.9-win32-x86_64\bin\net.dll
Event: 0.065 Loaded shared library C:\Users\Yohan\.vscode\extensions\redhat.java-1.49.0-win32-x64\jre\21.0.9-win32-x86_64\bin\nio.dll
Event: 0.067 Loaded shared library C:\Users\Yohan\.vscode\extensions\redhat.java-1.49.0-win32-x64\jre\21.0.9-win32-x86_64\bin\zip.dll
Event: 0.077 Loaded shared library C:\Users\Yohan\.vscode\extensions\redhat.java-1.49.0-win32-x64\jre\21.0.9-win32-x86_64\bin\jimage.dll
Event: 0.119 Loaded shared library c:\Users\Yohan\.vscode\extensions\redhat.java-1.49.0-win32-x64\jre\21.0.9-win32-x86_64\bin\verify.dll
Event: 0.882 Loaded shared library C:\Users\Yohan\AppData\Roaming\Code\User\globalStorage\redhat.java\1.49.0\config_win\org.eclipse.equinox.launcher\org.eclipse.equinox.launcher.win32.win32.x86_64_1.2.1400.v20250801-0854\eclipse_11916.dll
Event: 2.288 Loaded shared library C:\Users\Yohan\AppData\Local\Temp\jna-85603231\jna16930949856888370433.dll
Event: 6.137 Loaded shared library C:\Users\Yohan\.gradle\native\1def1411415f61bf3af743bc5b6707747c0891f09f0c88961ee8f79bc544acac\windows-amd64\native-platform.dll
Event: 6.874 Loaded shared library C:\Users\Yohan\.vscode\extensions\redhat.java-1.49.0-win32-x64\jre\21.0.9-win32-x86_64\bin\management.dll
Event: 6.878 Loaded shared library C:\Users\Yohan\.vscode\extensions\redhat.java-1.49.0-win32-x64\jre\21.0.9-win32-x86_64\bin\management_ext.dll

Deoptimization events (20 events):
Event: 7.397 Thread 0x000001185affbf00 Uncommon trap: trap_request=0xffffff45 fr.pc=0x0000011807d7d7ec relative=0x000000000000022c
Event: 7.397 Thread 0x000001185affbf00 Uncommon trap: reason=unstable_if action=reinterpret pc=0x0000011807d7d7ec method=java.net.URI.quote(Ljava/lang/String;JJ)Ljava/lang/String; @ 56 c2
Event: 7.397 Thread 0x000001185affbf00 DEOPT PACKING pc=0x0000011807d7d7ec sp=0x00000005171fdcc0
Event: 7.397 Thread 0x000001185affbf00 DEOPT UNPACKING pc=0x00000118074a6da2 sp=0x00000005171fdc30 mode 2
Event: 7.397 Thread 0x000001185affbf00 Uncommon trap: trap_request=0xffffff45 fr.pc=0x0000011807dce908 relative=0x00000000000001e8
Event: 7.397 Thread 0x000001185affbf00 Uncommon trap: reason=unstable_if action=reinterpret pc=0x0000011807dce908 method=org.eclipse.core.runtime.Path.computeLength()I @ 92 c2
Event: 7.397 Thread 0x000001185affbf00 DEOPT PACKING pc=0x0000011807dce908 sp=0x00000005171fe4c0
Event: 7.398 Thread 0x000001185affbf00 DEOPT UNPACKING pc=0x00000118074a6da2 sp=0x00000005171fe448 mode 2
Event: 7.398 Thread 0x000001185affbf00 Uncommon trap: trap_request=0xffffff45 fr.pc=0x0000011807c6b0b0 relative=0x0000000000000a30
Event: 7.398 Thread 0x000001185affbf00 Uncommon trap: reason=unstable_if action=reinterpret pc=0x0000011807c6b0b0 method=org.eclipse.core.runtime.Path.append(Lorg/eclipse/core/runtime/IPath;)Lorg/eclipse/core/runtime/IPath; @ 10 c2
Event: 7.398 Thread 0x000001185affbf00 DEOPT PACKING pc=0x0000011807c6b0b0 sp=0x00000005171fe2b0
Event: 7.398 Thread 0x000001185affbf00 DEOPT UNPACKING pc=0x00000118074a6da2 sp=0x00000005171fe278 mode 2
Event: 7.398 Thread 0x000001185affbf00 Uncommon trap: trap_request=0xffffff45 fr.pc=0x0000011807cf3ffc relative=0x0000000000000fbc
Event: 7.398 Thread 0x000001185affbf00 Uncommon trap: reason=unstable_if action=reinterpret pc=0x0000011807cf3ffc method=org.eclipse.core.internal.resources.Workspace.newResource(Lorg/eclipse/core/runtime/IPath;I)Lorg/eclipse/core/internal/resources/Resource; @ 1 c2
Event: 7.398 Thread 0x000001185affbf00 DEOPT PACKING pc=0x0000011807cf3ffc sp=0x00000005171fe2e0
Event: 7.398 Thread 0x000001185affbf00 DEOPT UNPACKING pc=0x00000118074a6da2 sp=0x00000005171fe290 mode 2
Event: 7.398 Thread 0x000001185affbf00 Uncommon trap: trap_request=0xffffff45 fr.pc=0x0000011807e979fc relative=0x00000000000000dc
Event: 7.398 Thread 0x000001185affbf00 Uncommon trap: reason=unstable_if action=reinterpret pc=0x0000011807e979fc method=org.eclipse.core.internal.resources.Resource.getPathVariableManager()Lorg/eclipse/core/resources/IPathVariableManager; @ 4 c2
Event: 7.398 Thread 0x000001185affbf00 DEOPT PACKING pc=0x0000011807e979fc sp=0x00000005171fe3f0
Event: 7.398 Thread 0x000001185affbf00 DEOPT UNPACKING pc=0x00000118074a6da2 sp=0x00000005171fe390 mode 2

Classes loaded (20 events):
Event: 7.412 Loading class java/nio/file/ProviderMismatchException
Event: 7.412 Loading class java/nio/file/ProviderMismatchException done
Event: 7.414 Loading class jdk/internal/jrtfs/JrtFileSystemProvider
Event: 7.414 Loading class jdk/internal/jrtfs/JrtFileSystemProvider done
Event: 7.416 Loading class jdk/internal/jrtfs/JrtFileSystemProvider$1
Event: 7.416 Loading class jdk/internal/jrtfs/JrtFileSystemProvider$1 done
Event: 7.416 Loading class jdk/internal/jrtfs/JrtFileSystemProvider$JrtFsLoader
Event: 7.416 Loading class jdk/internal/jrtfs/JrtFileSystemProvider$JrtFsLoader done
Event: 7.420 Loading class java/nio/file/ClosedFileSystemException
Event: 7.420 Loading class java/nio/file/ClosedFileSystemException done
Event: 7.420 Loading class java/nio/file/ReadOnlyFileSystemException
Event: 7.420 Loading class java/nio/file/ReadOnlyFileSystemException done
Event: 7.420 Loading class java/nio/file/NotDirectoryException
Event: 7.420 Loading class java/nio/file/NotDirectoryException done
Event: 7.425 Loading class java/io/IOError
Event: 7.425 Loading class java/io/IOError done
Event: 7.429 Loading class java/nio/channels/FileChannel$MapMode
Event: 7.429 Loading class java/nio/channels/FileChannel$MapMode done
Event: 7.430 Loading class jdk/internal/misc/ExtendedMapMode
Event: 7.430 Loading class jdk/internal/misc/ExtendedMapMode done

Classes unloaded (7 events):
Event: 2.740 Thread 0x00000118787c3bb0 Unloading class 0x00000118141ad000 'java/lang/invoke/LambdaForm$MH+0x00000118141ad000'
Event: 2.740 Thread 0x00000118787c3bb0 Unloading class 0x00000118141acc00 'java/lang/invoke/LambdaForm$MH+0x00000118141acc00'
Event: 2.740 Thread 0x00000118787c3bb0 Unloading class 0x00000118141ac800 'java/lang/invoke/LambdaForm$MH+0x00000118141ac800'
Event: 2.740 Thread 0x00000118787c3bb0 Unloading class 0x00000118141ac400 'java/lang/invoke/LambdaForm$MH+0x00000118141ac400'
Event: 2.740 Thread 0x00000118787c3bb0 Unloading class 0x00000118141ac000 'java/lang/invoke/LambdaForm$BMH+0x00000118141ac000'
Event: 2.740 Thread 0x00000118787c3bb0 Unloading class 0x00000118141abc00 'java/lang/invoke/LambdaForm$DMH+0x00000118141abc00'
Event: 2.740 Thread 0x00000118787c3bb0 Unloading class 0x00000118141aa800 'java/lang/invoke/LambdaForm$DMH+0x00000118141aa800'

Classes redefined (0 events):
No events

Internal exceptions (20 events):
Event: 7.261 Thread 0x0000011858a8e300 Exception <a 'sun/nio/fs/WindowsException'{0x00000000d61178c0}> (0x00000000d61178c0) 
thrown [s\src\hotspot\share\prims\jni.cpp, line 520]
Event: 7.261 Thread 0x0000011858a8e300 Exception <a 'sun/nio/fs/WindowsException'{0x00000000d611b728}> (0x00000000d611b728) 
thrown [s\src\hotspot\share\prims\jni.cpp, line 520]
Event: 7.261 Thread 0x0000011858a8e300 Exception <a 'sun/nio/fs/WindowsException'{0x00000000d611f4a0}> (0x00000000d611f4a0) 
thrown [s\src\hotspot\share\prims\jni.cpp, line 520]
Event: 7.261 Thread 0x0000011858a8e300 Exception <a 'sun/nio/fs/WindowsException'{0x00000000d6123f60}> (0x00000000d6123f60) 
thrown [s\src\hotspot\share\prims\jni.cpp, line 520]
Event: 7.261 Thread 0x0000011858a8e300 Exception <a 'sun/nio/fs/WindowsException'{0x00000000d6127a48}> (0x00000000d6127a48) 
thrown [s\src\hotspot\share\prims\jni.cpp, line 520]
Event: 7.287 Thread 0x000001185aff9110 Implicit null exception at 0x0000011807fa0d00 to 0x0000011807fa1104
Event: 7.287 Thread 0x000001185aff9110 Exception <a 'sun/nio/fs/WindowsException'{0x00000000d62579c0}> (0x00000000d62579c0) 
thrown [s\src\hotspot\share\prims\jni.cpp, line 520]
Event: 7.287 Thread 0x000001185aff9110 Exception <a 'sun/nio/fs/WindowsException'{0x00000000d6258308}> (0x00000000d6258308) 
thrown [s\src\hotspot\share\prims\jni.cpp, line 520]
Event: 7.287 Thread 0x000001185aff9110 Exception <a 'sun/nio/fs/WindowsException'{0x00000000d626ad88}> (0x00000000d626ad88) 
thrown [s\src\hotspot\share\prims\jni.cpp, line 520]
Event: 7.287 Thread 0x000001185aff9110 Exception <a 'sun/nio/fs/WindowsException'{0x00000000d626b460}> (0x00000000d626b460) 
thrown [s\src\hotspot\share\prims\jni.cpp, line 520]
Event: 7.367 Thread 0x000001185aff9110 Exception <a 'java/lang/IncompatibleClassChangeError'{0x00000000d6553ba0}: Found class java.lang.Object, but interface was expected> (0x00000000d6553ba0) 
thrown [s\src\hotspot\share\interpreter\linkResolver.cpp, line 840]
Event: 7.370 Thread 0x0000011858a8bba0 Exception <a 'java/io/FileNotFoundException'{0x00000000d65b6de8}> (0x00000000d65b6de8) 
thrown [s\src\hotspot\share\prims\jni.cpp, line 520]
Event: 7.370 Thread 0x0000011858a8bba0 Exception <a 'java/io/FileNotFoundException'{0x00000000d65b7b30}> (0x00000000d65b7b30) 
thrown [s\src\hotspot\share\prims\jni.cpp, line 520]
Event: 7.390 Thread 0x0000011858a903d0 Exception <a 'java/io/FileNotFoundException'{0x00000000d5812920}> (0x00000000d5812920) 
thrown [s\src\hotspot\share\prims\jni.cpp, line 520]
Event: 7.390 Thread 0x0000011858a903d0 Exception <a 'java/io/FileNotFoundException'{0x00000000d5813920}> (0x00000000d5813920) 
thrown [s\src\hotspot\share\prims\jni.cpp, line 520]
Event: 7.390 Thread 0x0000011858a903d0 Exception <a 'java/io/FileNotFoundException'{0x00000000d5814678}> (0x00000000d5814678) 
thrown [s\src\hotspot\share\prims\jni.cpp, line 520]
Event: 7.400 Thread 0x0000011858a903d0 Exception <a 'sun/nio/fs/WindowsException'{0x00000000d5b7a058}> (0x00000000d5b7a058) 
thrown [s\src\hotspot\share\prims\jni.cpp, line 520]
Event: 7.400 Thread 0x0000011858a903d0 Exception <a 'sun/nio/fs/WindowsException'{0x00000000d5b7a730}> (0x00000000d5b7a730) 
thrown [s\src\hotspot\share\prims\jni.cpp, line 520]
Event: 7.401 Thread 0x0000011858a903d0 Exception <a 'sun/nio/fs/WindowsException'{0x00000000d5b9c000}> (0x00000000d5b9c000) 
thrown [s\src\hotspot\share\prims\jni.cpp, line 520]
Event: 7.401 Thread 0x0000011858a903d0 Exception <a 'sun/nio/fs/WindowsException'{0x00000000d5b9c6d8}> (0x00000000d5b9c6d8) 
thrown [s\src\hotspot\share\prims\jni.cpp, line 520]

ZGC Phase Switch (0 events):
No events

VM Operations (20 events):
Event: 6.938 Executing VM operation: HandshakeAllThreads (Deoptimize) done
Event: 6.994 Executing VM operation: ParallelGCFailedAllocation (Allocation Failure)
Event: 6.995 Executing VM operation: ParallelGCFailedAllocation (Allocation Failure) done
Event: 7.147 Executing VM operation: ParallelGCFailedAllocation (Allocation Failure)
Event: 7.148 Executing VM operation: ParallelGCFailedAllocation (Allocation Failure) done
Event: 7.303 Executing VM operation: HandshakeAllThreads (Deoptimize)
Event: 7.303 Executing VM operation: HandshakeAllThreads (Deoptimize) done
Event: 7.304 Executing VM operation: HandshakeAllThreads (Deoptimize)
Event: 7.304 Executing VM operation: HandshakeAllThreads (Deoptimize) done
Event: 7.380 Executing VM operation: ParallelGCFailedAllocation (Allocation Failure)
Event: 7.382 Executing VM operation: ParallelGCFailedAllocation (Allocation Failure) done
Event: 7.411 Executing VM operation: HandshakeAllThreads (Deoptimize)
Event: 7.412 Executing VM operation: HandshakeAllThreads (Deoptimize) done
Event: 7.413 Executing VM operation: HandshakeAllThreads (Deoptimize)
Event: 7.413 Executing VM operation: HandshakeAllThreads (Deoptimize) done
Event: 7.422 Executing VM operation: HandshakeAllThreads (Deoptimize)
Event: 7.422 Executing VM operation: HandshakeAllThreads (Deoptimize) done
Event: 7.424 Executing VM operation: HandshakeAllThreads (Deoptimize)
Event: 7.424 Executing VM operation: HandshakeAllThreads (Deoptimize) done
Event: 8.430 Executing VM operation: Cleanup

Memory protections (0 events):
No events

Nmethod flushes (20 events):
Event: 4.401 Thread 0x00000118787c3bb0 flushing  nmethod 0x00000118007bb890
Event: 4.401 Thread 0x00000118787c3bb0 flushing  nmethod 0x00000118007e6c10
Event: 4.401 Thread 0x00000118787c3bb0 flushing  nmethod 0x00000118007e8690
Event: 4.401 Thread 0x00000118787c3bb0 flushing  nmethod 0x00000118007e9390
Event: 4.401 Thread 0x00000118787c3bb0 flushing  nmethod 0x00000118007ea990
Event: 4.401 Thread 0x00000118787c3bb0 flushing  nmethod 0x00000118007eae90
Event: 4.401 Thread 0x00000118787c3bb0 flushing  nmethod 0x00000118007ec690
Event: 4.401 Thread 0x00000118787c3bb0 flushing  nmethod 0x00000118007ecb90
Event: 4.401 Thread 0x00000118787c3bb0 flushing  nmethod 0x00000118007ed490
Event: 4.401 Thread 0x00000118787c3bb0 flushing  nmethod 0x00000118007ee890
Event: 4.401 Thread 0x00000118787c3bb0 flushing  nmethod 0x00000118007f0310
Event: 4.401 Thread 0x00000118787c3bb0 flushing  nmethod 0x00000118007f1d90
Event: 4.401 Thread 0x00000118787c3bb0 flushing  nmethod 0x0000011800834590
Event: 4.401 Thread 0x00000118787c3bb0 flushing  nmethod 0x0000011800835090
Event: 4.401 Thread 0x00000118787c3bb0 flushing  nmethod 0x000001180083a310
Event: 4.401 Thread 0x00000118787c3bb0 flushing  nmethod 0x000001180085bb10
Event: 4.401 Thread 0x00000118787c3bb0 flushing  nmethod 0x000001180085cb90
Event: 4.401 Thread 0x00000118787c3bb0 flushing  nmethod 0x00000118008b6910
Event: 4.401 Thread 0x00000118787c3bb0 flushing  nmethod 0x00000118008bb910
Event: 4.401 Thread 0x00000118787c3bb0 flushing  nmethod 0x00000118008f3310

Events (20 events):
Event: 4.576 Thread 0x0000011878721e00 Thread added: 0x000001185aa9e030
Event: 4.576 Thread 0x0000011878721e00 Thread added: 0x000001185aa9d9a0
Event: 4.576 Thread 0x0000011878721e00 Thread added: 0x000001185aa9e6c0
Event: 4.576 Thread 0x0000011878721e00 Thread added: 0x000001185aa9b240
Event: 4.576 Thread 0x0000011878721e00 Thread added: 0x000001185aa9c5f0
Event: 4.576 Thread 0x0000011878721e00 Thread added: 0x000001185aa9d310
Event: 4.577 Thread 0x0000011878721e00 Thread added: 0x000001185aa9b8d0
Event: 4.577 Thread 0x0000011878721e00 Thread added: 0x000001185affab50
Event: 4.607 Thread 0x0000011878721e00 Thread added: 0x000001185affb1e0
Event: 4.735 Thread 0x0000011878721e00 Thread added: 0x000001185aff83f0
Event: 4.735 Thread 0x0000011878721e00 Thread added: 0x000001185aff9110
Event: 5.732 Thread 0x0000011858a8e300 Thread added: 0x000001185aff8a80
Event: 5.808 Thread 0x0000011858a8e300 Thread added: 0x000001185affb870
Event: 6.549 Thread 0x000001187fbadce0 Thread exited: 0x000001187fbadce0
Event: 6.930 Thread 0x000001185affb870 Thread exited: 0x000001185affb870
Event: 7.371 Thread 0x000001185aff9110 Thread added: 0x000001185aff9e30
Event: 7.372 Thread 0x000001185aff9110 Thread added: 0x000001185affbf00
Event: 7.373 Thread 0x0000011858a8bba0 Thread added: 0x000001185affd2b0
Event: 7.373 Thread 0x000001185affd2b0 Thread added: 0x000001185affb870
Event: 7.373 Thread 0x000001185affb870 Thread added: 0x000001185affc590


Dynamic libraries:
0x00007ff75d990000 - 0x00007ff75d99e000 	c:\Users\Yohan\.vscode\extensions\redhat.java-1.49.0-win32-x64\jre\21.0.9-win32-x86_64\bin\java.exe
0x00007ff9a7a20000 - 0x00007ff9a7c88000 	C:\WINDOWS\SYSTEM32\ntdll.dll
0x00007ff9a68d0000 - 0x00007ff9a6999000 	C:\WINDOWS\System32\KERNEL32.DLL
0x00007ff9a4fc0000 - 0x00007ff9a53b8000 	C:\WINDOWS\System32\KERNELBASE.dll
0x00007ff9a4d90000 - 0x00007ff9a4edb000 	C:\WINDOWS\System32\ucrtbase.dll
0x00007ff987720000 - 0x00007ff98773e000 	c:\Users\Yohan\.vscode\extensions\redhat.java-1.49.0-win32-x64\jre\21.0.9-win32-x86_64\bin\VCRUNTIME140.dll
0x00007ff96d760000 - 0x00007ff96d778000 	c:\Users\Yohan\.vscode\extensions\redhat.java-1.49.0-win32-x64\jre\21.0.9-win32-x86_64\bin\jli.dll
0x00007ff9a6290000 - 0x00007ff9a6457000 	C:\WINDOWS\System32\USER32.dll
0x00007ff9882e0000 - 0x00007ff988574000 	C:\WINDOWS\WinSxS\amd64_microsoft.windows.common-controls_6595b64144ccf1df_6.0.26100.7019_none_3e06ffa0e335b8a8\COMCTL32.dll
0x00007ff9a4ee0000 - 0x00007ff9a4f07000 	C:\WINDOWS\System32\win32u.dll
0x00007ff9a5940000 - 0x00007ff9a59e9000 	C:\WINDOWS\System32\msvcrt.dll
0x00007ff9a57c0000 - 0x00007ff9a57eb000 	C:\WINDOWS\System32\GDI32.dll
0x00007ff9a5510000 - 0x00007ff9a563c000 	C:\WINDOWS\System32\gdi32full.dll
0x00007ff9a4f10000 - 0x00007ff9a4fb3000 	C:\WINDOWS\System32\msvcp_win.dll
0x00007ff9a7180000 - 0x00007ff9a71b1000 	C:\WINDOWS\System32\IMM32.DLL
0x00007ff98d830000 - 0x00007ff98d83c000 	c:\Users\Yohan\.vscode\extensions\redhat.java-1.49.0-win32-x64\jre\21.0.9-win32-x86_64\bin\vcruntime140_1.dll
0x00007ff93d7c0000 - 0x00007ff93d84d000 	c:\Users\Yohan\.vscode\extensions\redhat.java-1.49.0-win32-x64\jre\21.0.9-win32-x86_64\bin\msvcp140.dll
0x00007ff91f420000 - 0x00007ff9201c0000 	c:\Users\Yohan\.vscode\extensions\redhat.java-1.49.0-win32-x64\jre\21.0.9-win32-x86_64\bin\server\jvm.dll
0x00007ff9a71c0000 - 0x00007ff9a7274000 	C:\WINDOWS\System32\ADVAPI32.dll
0x00007ff9a7380000 - 0x00007ff9a7426000 	C:\WINDOWS\System32\sechost.dll
0x00007ff9a7430000 - 0x00007ff9a7548000 	C:\WINDOWS\System32\RPCRT4.dll
0x00007ff9a7100000 - 0x00007ff9a7174000 	C:\WINDOWS\System32\WS2_32.dll
0x00007ff9a3b00000 - 0x00007ff9a3b5e000 	C:\WINDOWS\SYSTEM32\POWRPROF.dll
0x00007ff998f50000 - 0x00007ff998f85000 	C:\WINDOWS\SYSTEM32\WINMM.dll
0x00007ff998b20000 - 0x00007ff998b2b000 	C:\WINDOWS\SYSTEM32\VERSION.dll
0x00007ff9a39c0000 - 0x00007ff9a39d4000 	C:\WINDOWS\SYSTEM32\UMPDC.dll
0x00007ff9a39e0000 - 0x00007ff9a39fb000 	C:\WINDOWS\SYSTEM32\kernel.appcore.dll
0x00007ff98d7a0000 - 0x00007ff98d7aa000 	c:\Users\Yohan\.vscode\extensions\redhat.java-1.49.0-win32-x64\jre\21.0.9-win32-x86_64\bin\jimage.dll
0x00007ff995a30000 - 0x00007ff995c72000 	C:\WINDOWS\SYSTEM32\DBGHELP.DLL
0x00007ff9a6540000 - 0x00007ff9a68cb000 	C:\WINDOWS\System32\combase.dll
0x00007ff9a6460000 - 0x00007ff9a6537000 	C:\WINDOWS\System32\OLEAUT32.dll
0x00007ff9839a0000 - 0x00007ff9839dc000 	C:\WINDOWS\SYSTEM32\dbgcore.DLL
0x00007ff9a4b70000 - 0x00007ff9a4c15000 	C:\WINDOWS\System32\bcryptPrimitives.dll
0x00007ff98d570000 - 0x00007ff98d57f000 	c:\Users\Yohan\.vscode\extensions\redhat.java-1.49.0-win32-x64\jre\21.0.9-win32-x86_64\bin\instrument.dll
0x00007ff963320000 - 0x00007ff963340000 	c:\Users\Yohan\.vscode\extensions\redhat.java-1.49.0-win32-x64\jre\21.0.9-win32-x86_64\bin\java.dll
0x00007ff9a69a0000 - 0x00007ff9a70ef000 	C:\WINDOWS\System32\SHELL32.dll
0x00007ff9a4c20000 - 0x00007ff9a4d8b000 	C:\WINDOWS\System32\wintypes.dll
0x00007ff9a2790000 - 0x00007ff9a2fed000 	C:\WINDOWS\SYSTEM32\windows.storage.dll
0x00007ff9a7280000 - 0x00007ff9a7372000 	C:\WINDOWS\System32\SHCORE.dll
0x00007ff9a6140000 - 0x00007ff9a61a7000 	C:\WINDOWS\System32\shlwapi.dll
0x00007ff9a4a90000 - 0x00007ff9a4ab9000 	C:\WINDOWS\SYSTEM32\profapi.dll
0x00007ff963d60000 - 0x00007ff963d78000 	c:\Users\Yohan\.vscode\extensions\redhat.java-1.49.0-win32-x64\jre\21.0.9-win32-x86_64\bin\zip.dll
0x00007ff98bd80000 - 0x00007ff98bd90000 	C:\Users\Yohan\.vscode\extensions\redhat.java-1.49.0-win32-x64\jre\21.0.9-win32-x86_64\bin\net.dll
0x00007ff9990a0000 - 0x00007ff9991c8000 	C:\WINDOWS\SYSTEM32\WINHTTP.dll
0x00007ff9a3fc0000 - 0x00007ff9a402b000 	C:\WINDOWS\system32\mswsock.dll
0x00007ff962ca0000 - 0x00007ff962cb6000 	C:\Users\Yohan\.vscode\extensions\redhat.java-1.49.0-win32-x64\jre\21.0.9-win32-x86_64\bin\nio.dll
0x00007ff98cda0000 - 0x00007ff98cdb0000 	c:\Users\Yohan\.vscode\extensions\redhat.java-1.49.0-win32-x64\jre\21.0.9-win32-x86_64\bin\verify.dll
0x00007ff93eb10000 - 0x00007ff93eb54000 	C:\Users\Yohan\AppData\Roaming\Code\User\globalStorage\redhat.java\1.49.0\config_win\org.eclipse.equinox.launcher\org.eclipse.equinox.launcher.win32.win32.x86_64_1.2.1400.v20250801-0854\eclipse_11916.dll
0x00007ff9a7610000 - 0x00007ff9a77a7000 	C:\WINDOWS\System32\ole32.dll
0x00007ff9a4280000 - 0x00007ff9a429b000 	C:\WINDOWS\SYSTEM32\CRYPTSP.dll
0x00007ff9a3920000 - 0x00007ff9a395a000 	C:\WINDOWS\system32\rsaenh.dll
0x00007ff9a4070000 - 0x00007ff9a409b000 	C:\WINDOWS\SYSTEM32\USERENV.dll
0x00007ff9a4a60000 - 0x00007ff9a4a8a000 	C:\WINDOWS\SYSTEM32\bcrypt.dll
0x00007ff9a42a0000 - 0x00007ff9a42ac000 	C:\WINDOWS\SYSTEM32\CRYPTBASE.dll
0x00007ff9a3320000 - 0x00007ff9a3354000 	C:\WINDOWS\SYSTEM32\IPHLPAPI.DLL
0x00007ff9a7580000 - 0x00007ff9a758a000 	C:\WINDOWS\System32\NSI.dll
0x00007ff93a5d0000 - 0x00007ff93a619000 	C:\Users\Yohan\AppData\Local\Temp\jna-85603231\jna16930949856888370433.dll
0x00007ff9a59f0000 - 0x00007ff9a59f8000 	C:\WINDOWS\System32\PSAPI.DLL
0x00007ff99e920000 - 0x00007ff99e93e000 	C:\WINDOWS\SYSTEM32\dhcpcsvc6.DLL
0x00007ff99e510000 - 0x00007ff99e533000 	C:\WINDOWS\SYSTEM32\dhcpcsvc.DLL
0x00007ff958d70000 - 0x00007ff958d97000 	C:\Users\Yohan\.gradle\native\1def1411415f61bf3af743bc5b6707747c0891f09f0c88961ee8f79bc544acac\windows-amd64\native-platform.dll
0x00007ff987fc0000 - 0x00007ff987fca000 	C:\Users\Yohan\.vscode\extensions\redhat.java-1.49.0-win32-x64\jre\21.0.9-win32-x86_64\bin\management.dll
0x00007ff9878c0000 - 0x00007ff9878cc000 	C:\Users\Yohan\.vscode\extensions\redhat.java-1.49.0-win32-x64\jre\21.0.9-win32-x86_64\bin\management_ext.dll

JVMTI agents:
c:\Users\Yohan\.vscode\extensions\redhat.java-1.49.0-win32-x64\lombok\lombok-1.18.39-4050.jar path:c:\Users\Yohan\.vscode\extensions\redhat.java-1.49.0-win32-x64\jre\21.0.9-win32-x86_64\bin\instrument.dll, loaded, initialized, instrumentlib options:none

dbghelp: loaded successfully - version: 4.0.5 - missing functions: none
symbol engine: initialized successfully - sym options: 0x614 - pdb path: .;c:\Users\Yohan\.vscode\extensions\redhat.java-1.49.0-win32-x64\jre\21.0.9-win32-x86_64\bin;C:\WINDOWS\SYSTEM32;C:\WINDOWS\WinSxS\amd64_microsoft.windows.common-controls_6595b64144ccf1df_6.0.26100.7019_none_3e06ffa0e335b8a8;c:\Users\Yohan\.vscode\extensions\redhat.java-1.49.0-win32-x64\jre\21.0.9-win32-x86_64\bin\server;C:\Users\Yohan\AppData\Roaming\Code\User\globalStorage\redhat.java\1.49.0\config_win\org.eclipse.equinox.launcher\org.eclipse.equinox.launcher.win32.win32.x86_64_1.2.1400.v20250801-0854;C:\Users\Yohan\AppData\Local\Temp\jna-85603231;C:\Users\Yohan\.gradle\native\1def1411415f61bf3af743bc5b6707747c0891f09f0c88961ee8f79bc544acac\windows-amd64

VM Arguments:
jvm_args: --add-modules=ALL-SYSTEM --add-opens=java.base/java.util=ALL-UNNAMED --add-opens=java.base/java.lang=ALL-UNNAMED --add-opens=java.base/sun.nio.fs=ALL-UNNAMED -Declipse.application=org.eclipse.jdt.ls.core.id1 -Dosgi.bundles.defaultStartLevel=4 -Declipse.product=org.eclipse.jdt.ls.core.product -Djava.import.generatesMetadataFilesAtProjectRoot=false -DDetectVMInstallationsJob.disabled=true -Dfile.encoding=utf8 -XX:+UseParallelGC -XX:GCTimeRatio=4 -XX:AdaptiveSizePolicyWeight=90 -Dsun.zip.disableMemoryMapping=true -Xmx2G -Xms100m -Xlog:disable -javaagent:c:\Users\Yohan\.vscode\extensions\redhat.java-1.49.0-win32-x64\lombok\lombok-1.18.39-4050.jar -XX:+HeapDumpOnOutOfMemoryError -XX:HeapDumpPath=c:\Users\Yohan\AppData\Roaming\Code\User\workspaceStorage\a26e054e6e5149c6cb18e9f8cb4f20ed\redhat.java -Daether.dependencyCollector.impl=bf 
java_command: c:\Users\Yohan\.vscode\extensions\redhat.java-1.49.0-win32-x64\server\plugins\org.eclipse.equinox.launcher_1.7.100.v20251111-0406.jar -configuration c:\Users\Yohan\AppData\Roaming\Code\User\globalStorage\redhat.java\1.49.0\config_win -data c:\Users\Yohan\AppData\Roaming\Code\User\workspaceStorage\a26e054e6e5149c6cb18e9f8cb4f20ed\redhat.java\jdt_ws --pipe=\\.\pipe\lsp-9d85b9671519f1ef8969c1e7340272c7-sock
java_class_path (initial): c:\Users\Yohan\.vscode\extensions\redhat.java-1.49.0-win32-x64\server\plugins\org.eclipse.equinox.launcher_1.7.100.v20251111-0406.jar
Launcher Type: SUN_STANDARD

[Global flags]
    uintx AdaptiveSizePolicyWeight                 = 90                                        {product} {command line}
     intx CICompilerCount                          = 12                                        {product} {ergonomic}
    uintx GCTimeRatio                              = 4                                         {product} {command line}
     bool HeapDumpOnOutOfMemoryError               = true                                   {manageable} {command line}
    ccstr HeapDumpPath                             = c:\Users\Yohan\AppData\Roaming\Code\User\workspaceStorage\a26e054e6e5149c6cb18e9f8cb4f20ed\redhat.java         {manageable} {command line}
   size_t InitialHeapSize                          = 104857600                                 {product} {command line}
   size_t MaxHeapSize                              = 2147483648                                {product} {command line}
   size_t MaxNewSize                               = 715653120                                 {product} {ergonomic}
   size_t MinHeapDeltaBytes                        = 524288                                    {product} {ergonomic}
   size_t MinHeapSize                              = 104857600                                 {product} {command line}
   size_t NewSize                                  = 34603008                                  {product} {ergonomic}
    uintx NonNMethodCodeHeapSize                   = 7602480                                {pd product} {ergonomic}
    uintx NonProfiledCodeHeapSize                  = 122027880                              {pd product} {ergonomic}
   size_t OldSize                                  = 70254592                                  {product} {ergonomic}
    uintx ProfiledCodeHeapSize                     = 122027880                              {pd product} {ergonomic}
    uintx ReservedCodeCacheSize                    = 251658240                              {pd product} {ergonomic}
     bool SegmentedCodeCache                       = true                                      {product} {ergonomic}
   size_t SoftMaxHeapSize                          = 2147483648                             {manageable} {ergonomic}
     bool UseCompressedOops                        = true                           {product lp64_product} {ergonomic}
     bool UseLargePagesIndividualAllocation        = false                                  {pd product} {ergonomic}
     bool UseParallelGC                            = true                                      {product} {command line}

Logging:
Log output configuration:
 #0: stdout all=off uptime,level,tags foldmultilines=false
 #1: stderr all=off uptime,level,tags foldmultilines=false

Release file:
JAVA_VERSION="21.0.9" 
MODULES="java.base java.compiler java.datatransfer java.xml java.prefs java.desktop java.instrument java.logging java.management java.security.sasl java.naming java.rmi java.management.rmi java.net.http java.scripting java.security.jgss java.transaction.xa java.sql java.sql.rowset java.xml.crypto java.se java.smartcardio jdk.accessibility jdk.internal.jvmstat jdk.attach jdk.charsets jdk.internal.opt jdk.zipfs jdk.compiler jdk.crypto.ec jdk.crypto.cryptoki jdk.crypto.mscapi jdk.dynalink jdk.internal.ed jdk.editpad jdk.hotspot.agent jdk.httpserver jdk.internal.le jdk.internal.vm.ci jdk.internal.vm.compiler jdk.internal.vm.compiler.management jdk.jartool jdk.javadoc jdk.jcmd jdk.management jdk.management.agent jdk.jconsole jdk.jdeps jdk.jdwp.agent jdk.jdi jdk.jfr jdk.jshell jdk.jsobject jdk.jstatd jdk.localedata jdk.management.jfr jdk.naming.dns jdk.naming.rmi jdk.net jdk.nio.mapmode jdk.random jdk.sctp jdk.security.auth jdk.security.jgss jdk.unsupported jdk.unsupported.desktop jdk.xml.dom" 

Environment Variables:
JAVA_HOME=C:\Program Files\Microsoft\jdk-17.0.14.7-hotspot\
PATH=C:\Program Files\Microsoft\jdk-17.0.14.7-hotspot\bin;C:\WINDOWS\system32;C:\WINDOWS;C:\WINDOWS\System32\Wbem;C:\WINDOWS\System32\WindowsPowerShell\v1.0\;C:\WINDOWS\System32\OpenSSH\;C:\Program Files (x86)\NVIDIA Corporation\PhysX\Common;C:\Program Files\NVIDIA Corporation\NVIDIA NvDLISR;C:\ProgramData\chocolatey\bin;C:\Program Files\Git\cmd;C:\Users\Yohan\AppData\Local\Android\Sdk;C:\Users\Yohan\AppData\Local\Android\Sdk\build-tools;C:\Users\Yohan\AppData\Local\Android\Sdk\platform-tools;C:\Users\Yohan\AppData\Local\Android\Sdk\platforms;C:\Users\Yohan\AppData\Local\Programs\Python\Python313;C:\Users\Yohan\AppData\Local\Programs\Python\Python313\Scripts;C:\Users\Yohan\AppData\Local\nvm;C:\nvm4w\nodejs;C:\Users\Yohan\AppData\Local\Pub\Cache\bin;C:\Program Files\MongoDB\Server\8.2\bin;C:\Program Files\Microsoft SQL Server\170\Tools\Binn\;C:\Program Files\Microsoft SQL Server\Client SDK\ODBC\170\Tools\Binn\;C:\Program Files\dotnet\;C:\Users\Yohan\.config\herd-lite\bin;C:\Users\Yohan\AppData\Local\Microsoft\WindowsApps;C:\Users\Yohan\AppData\Local\Programs\Microsoft VS Code\bin;C:\Users\Yohan\AppData\Roaming\npm;C:\Program Files\JetBrains\CLion 2024.3.4\bin;C:\Program Files\JetBrains\PyCharm 2023.1.3\bin;C:\Users\Yohan\AppData\Local\Android\Sdk;C:\Users\Yohan\AppData\Local\Android\Sdk\build-tools;C:\Users\Yohan\AppData\Local\Android\Sdk\platform-tools;C:\Users\Yohan\AppData\Local\Android\Sdk\platforms;C:\Users\Yohan\AppData\Local\Android\Sdk\platform-tools;C:\Users\Yohan\AppData\Local\Programs\Python\Python313;C:\Users\Yohan\AppData\Local\Programs\Python\Python313\Scripts;C:\Program Files\JetBrains\IntelliJ IDEA 2025.1.3\bin;C:\Users\Yohan\AppData\Local\GitHubDesktop\bin;C:\dev\flutter\bin;C:\Users\Yohan\AppData\Local\Programs\Swift\Runtimes\6.1.2\usr\bin\;C:\Users\Yohan\AppData\Local\Programs\Swift\Toolchains\6.1.2+Asserts\usr\bin\;C:\Program Files\JetBrains\JetBrains Rider 2025.1.4\bin;C:\Program Files\JetBrains\WebStorm 2025.1.3\bin;C:\Users\Yohan\AppData\Local\nvm;C:\nvm4w\nodejs;C:\Users\Yohan\AppData\Local\Programs\mongosh\;C:\Users\Yohan\.dotnet\tools
USERNAME=Yohan
OS=Windows_NT
PROCESSOR_IDENTIFIER=AMD64 Family 25 Model 117 Stepping 2, AuthenticAMD
TMP=C:\Users\Yohan\AppData\Local\Temp
TEMP=C:\Users\Yohan\AppData\Local\Temp




Periodic native trim disabled

---------------  S Y S T E M  ---------------

OS:
 Windows 11 , 64 bit Build 26100 (10.0.26100.7019)
OS uptime: 1 days 4:59 hours
Hyper-V role detected

CPU: total 16 (initial active 16) (16 cores per cpu, 2 threads per core) family 25 model 117 stepping 2 microcode 0xa70520a, cx8, cmov, fxsr, ht, mmx, 3dnowpref, sse, sse2, sse3, ssse3, sse4a, sse4.1, sse4.2, popcnt, lzcnt, tsc, tscinvbit, avx, avx2, aes, erms, clmul, bmi1, bmi2, adx, avx512f, avx512dq, avx512cd, avx512bw, avx512vl, sha, fma, vzeroupper, avx512_vpopcntdq, avx512_vpclmulqdq, avx512_vaes, avx512_vnni, clflush, clflushopt, avx512_vbmi2, avx512_vbmi, hv, rdtscp, rdpid, fsrm, gfni, avx512_bitalg, f16c, cet_ss, avx512_ifma
Processor Information for processor 0
  Max Mhz: 3801, Current Mhz: 3040, Mhz Limit: 3801
Processor Information for processor 1
  Max Mhz: 3801, Current Mhz: 3040, Mhz Limit: 3801
Processor Information for processor 2
  Max Mhz: 3801, Current Mhz: 3040, Mhz Limit: 3801
Processor Information for processor 3
  Max Mhz: 3801, Current Mhz: 3801, Mhz Limit: 3801
Processor Information for processor 4
  Max Mhz: 3801, Current Mhz: 3040, Mhz Limit: 3801
Processor Information for processor 5
  Max Mhz: 3801, Current Mhz: 3040, Mhz Limit: 3801
Processor Information for processor 6
  Max Mhz: 3801, Current Mhz: 3040, Mhz Limit: 3801
Processor Information for processor 7
  Max Mhz: 3801, Current Mhz: 3040, Mhz Limit: 3801
Processor Information for processor 8
  Max Mhz: 3801, Current Mhz: 3040, Mhz Limit: 3801
Processor Information for processor 9
  Max Mhz: 3801, Current Mhz: 3040, Mhz Limit: 3801
Processor Information for processor 10
  Max Mhz: 3801, Current Mhz: 3040, Mhz Limit: 3801
Processor Information for processor 11
  Max Mhz: 3801, Current Mhz: 3040, Mhz Limit: 3801
Processor Information for processor 12
  Max Mhz: 3801, Current Mhz: 3040, Mhz Limit: 3801
Processor Information for processor 13
  Max Mhz: 3801, Current Mhz: 3040, Mhz Limit: 3801
Processor Information for processor 14
  Max Mhz: 3801, Current Mhz: 3040, Mhz Limit: 3801
Processor Information for processor 15
  Max Mhz: 3801, Current Mhz: 3040, Mhz Limit: 3801

Memory: 4k page, system-wide physical 15631M (1176M free)
TotalPageFile size 62735M (AvailPageFile size 0M)
current process WorkingSet (physical memory assigned to process): 292M, peak: 292M
current process commit charge ("private bytes"): 404M, peak: 404M

vm_info: OpenJDK 64-Bit Server VM (21.0.9+10-LTS) for windows-amd64 JRE (21.0.9+10-LTS), built on 2025-10-21T00:00:00Z by "admin" with unknown MS VC++:1942

END.
